[0.181s] Invoking command in '/home/vboxuser/workspaces/ros2_py_ws/build/sabry_hardware': CMAKE_PREFIX_PATH=${CMAKE_PREFIX_PATH}:/home/vboxuser/workspaces/ros2_py_ws/install/publisher:/opt/ros/humble /usr/bin/cmake --build /home/vboxuser/workspaces/ros2_py_ws/build/sabry_hardware -- -j5 -l5
[0.772s] [  2%] Built target sabry_hardware__cpp
[0.816s] [ 12%] Built target sabry_hardware__rosidl_generator_c
[0.929s] [ 12%] Built target ament_cmake_python_copy_sabry_hardware
[1.087s] [ 23%] Built target sabry_hardware__rosidl_typesupport_fastrtps_cpp
[1.088s] [ 35%] Built target sabry_hardware__rosidl_typesupport_introspection_cpp
[1.089s] [ 35%] Built target ament_cmake_python_copy_scripts
[1.090s] [ 46%] Built target sabry_hardware__rosidl_typesupport_cpp
[1.090s] [ 53%] Built target sabry_hardware__rosidl_typesupport_fastrtps_c
[1.228s] [ 64%] Built target sabry_hardware__rosidl_typesupport_introspection_c
[1.319s] [ 74%] Built target sabry_hardware__rosidl_typesupport_c
[1.756s] [ 74%] Built target sabry_hardware
[1.875s] [ 76%] Built target sabry_hardware__py
[2.165s] [ 84%] Built target sabry_hardware__rosidl_generator_py
[2.393s] running egg_info
[2.396s] writing sabry_hardware.egg-info/PKG-INFO
[2.396s] writing dependency_links to sabry_hardware.egg-info/dependency_links.txt
[2.396s] writing top-level names to sabry_hardware.egg-info/top_level.txt
[2.396s] reading manifest file 'sabry_hardware.egg-info/SOURCES.txt'
[2.396s] writing manifest file 'sabry_hardware.egg-info/SOURCES.txt'
[2.398s] [ 89%] Built target sabry_hardware__rosidl_typesupport_introspection_c__pyext
[2.436s] running egg_info
[2.436s] writing scripts.egg-info/PKG-INFO
[2.436s] writing dependency_links to scripts.egg-info/dependency_links.txt
[2.437s] writing top-level names to scripts.egg-info/top_level.txt
[2.438s] reading manifest file 'scripts.egg-info/SOURCES.txt'
[2.438s] writing manifest file 'scripts.egg-info/SOURCES.txt'
[2.491s] [ 94%] Built target sabry_hardware__rosidl_typesupport_c__pyext
[2.491s] [100%] Built target sabry_hardware__rosidl_typesupport_fastrtps_c__pyext
[2.581s] [100%] Built target ament_cmake_python_build_scripts_egg
[2.613s] [100%] Built target ament_cmake_python_build_sabry_hardware_egg
[2.700s] Invoked command in '/home/vboxuser/workspaces/ros2_py_ws/build/sabry_hardware' returned '0': CMAKE_PREFIX_PATH=${CMAKE_PREFIX_PATH}:/home/vboxuser/workspaces/ros2_py_ws/install/publisher:/opt/ros/humble /usr/bin/cmake --build /home/vboxuser/workspaces/ros2_py_ws/build/sabry_hardware -- -j5 -l5
[2.701s] Invoking command in '/home/vboxuser/workspaces/ros2_py_ws/build/sabry_hardware': CMAKE_PREFIX_PATH=${CMAKE_PREFIX_PATH}:/home/vboxuser/workspaces/ros2_py_ws/install/publisher:/opt/ros/humble /usr/bin/cmake --install /home/vboxuser/workspaces/ros2_py_ws/build/sabry_hardware
[2.724s] -- Install configuration: ""
[2.738s] -- Up-to-date: /home/vboxuser/workspaces/ros2_py_ws/install/sabry_hardware/share/ament_index/resource_index/rosidl_interfaces/sabry_hardware
[2.740s] -- Up-to-date: /home/vboxuser/workspaces/ros2_py_ws/install/sabry_hardware/include/sabry_hardware/sabry_hardware
[2.750s] -- Up-to-date: /home/vboxuser/workspaces/ros2_py_ws/install/sabry_hardware/include/sabry_hardware/sabry_hardware/msg
[2.751s] -- Up-to-date: /home/vboxuser/workspaces/ros2_py_ws/install/sabry_hardware/include/sabry_hardware/sabry_hardware/msg/rosidl_generator_c__visibility_control.h
[2.751s] -- Up-to-date: /home/vboxuser/workspaces/ros2_py_ws/install/sabry_hardware/include/sabry_hardware/sabry_hardware/srv
[2.751s] -- Up-to-date: /home/vboxuser/workspaces/ros2_py_ws/install/sabry_hardware/include/sabry_hardware/sabry_hardware/srv/detail
[2.751s] -- Up-to-date: /home/vboxuser/workspaces/ros2_py_ws/install/sabry_hardware/include/sabry_hardware/sabry_hardware/srv/detail/change_tool__functions.h
[2.751s] -- Up-to-date: /home/vboxuser/workspaces/ros2_py_ws/install/sabry_hardware/include/sabry_hardware/sabry_hardware/srv/detail/change_tool__type_support.h
[2.751s] -- Up-to-date: /home/vboxuser/workspaces/ros2_py_ws/install/sabry_hardware/include/sabry_hardware/sabry_hardware/srv/detail/change_tool__functions.c
[2.751s] -- Up-to-date: /home/vboxuser/workspaces/ros2_py_ws/install/sabry_hardware/include/sabry_hardware/sabry_hardware/srv/detail/change_tool__struct.h
[2.751s] -- Up-to-date: /home/vboxuser/workspaces/ros2_py_ws/install/sabry_hardware/include/sabry_hardware/sabry_hardware/srv/detail/linear_motor__struct.h
[2.751s] -- Up-to-date: /home/vboxuser/workspaces/ros2_py_ws/install/sabry_hardware/include/sabry_hardware/sabry_hardware/srv/detail/linear_motor__functions.c
[2.752s] -- Up-to-date: /home/vboxuser/workspaces/ros2_py_ws/install/sabry_hardware/include/sabry_hardware/sabry_hardware/srv/detail/linear_motor__functions.h
[2.752s] -- Up-to-date: /home/vboxuser/workspaces/ros2_py_ws/install/sabry_hardware/include/sabry_hardware/sabry_hardware/srv/detail/linear_motor__type_support.h
[2.752s] -- Up-to-date: /home/vboxuser/workspaces/ros2_py_ws/install/sabry_hardware/include/sabry_hardware/sabry_hardware/srv/linear_motor.h
[2.752s] -- Up-to-date: /home/vboxuser/workspaces/ros2_py_ws/install/sabry_hardware/include/sabry_hardware/sabry_hardware/srv/change_tool.h
[2.752s] -- Up-to-date: /home/vboxuser/workspaces/ros2_py_ws/install/sabry_hardware/share/sabry_hardware/environment/library_path.sh
[2.752s] -- Up-to-date: /home/vboxuser/workspaces/ros2_py_ws/install/sabry_hardware/share/sabry_hardware/environment/library_path.dsv
[2.752s] -- Up-to-date: /home/vboxuser/workspaces/ros2_py_ws/install/sabry_hardware/lib/libsabry_hardware__rosidl_generator_c.so
[2.752s] -- Up-to-date: /home/vboxuser/workspaces/ros2_py_ws/install/sabry_hardware/include/sabry_hardware/sabry_hardware
[2.752s] -- Up-to-date: /home/vboxuser/workspaces/ros2_py_ws/install/sabry_hardware/include/sabry_hardware/sabry_hardware/msg
[2.752s] -- Up-to-date: /home/vboxuser/workspaces/ros2_py_ws/install/sabry_hardware/include/sabry_hardware/sabry_hardware/msg/rosidl_typesupport_fastrtps_c__visibility_control.h
[2.752s] -- Up-to-date: /home/vboxuser/workspaces/ros2_py_ws/install/sabry_hardware/include/sabry_hardware/sabry_hardware/srv
[2.753s] -- Up-to-date: /home/vboxuser/workspaces/ros2_py_ws/install/sabry_hardware/include/sabry_hardware/sabry_hardware/srv/detail
[2.753s] -- Up-to-date: /home/vboxuser/workspaces/ros2_py_ws/install/sabry_hardware/include/sabry_hardware/sabry_hardware/srv/detail/linear_motor__rosidl_typesupport_fastrtps_c.h
[2.753s] -- Up-to-date: /home/vboxuser/workspaces/ros2_py_ws/install/sabry_hardware/include/sabry_hardware/sabry_hardware/srv/detail/change_tool__rosidl_typesupport_fastrtps_c.h
[2.753s] -- Up-to-date: /home/vboxuser/workspaces/ros2_py_ws/install/sabry_hardware/lib/libsabry_hardware__rosidl_typesupport_fastrtps_c.so
[2.753s] -- Up-to-date: /home/vboxuser/workspaces/ros2_py_ws/install/sabry_hardware/include/sabry_hardware/sabry_hardware
[2.753s] -- Up-to-date: /home/vboxuser/workspaces/ros2_py_ws/install/sabry_hardware/include/sabry_hardware/sabry_hardware/msg
[2.753s] -- Up-to-date: /home/vboxuser/workspaces/ros2_py_ws/install/sabry_hardware/include/sabry_hardware/sabry_hardware/msg/rosidl_typesupport_introspection_c__visibility_control.h
[2.753s] -- Up-to-date: /home/vboxuser/workspaces/ros2_py_ws/install/sabry_hardware/include/sabry_hardware/sabry_hardware/srv
[2.753s] -- Up-to-date: /home/vboxuser/workspaces/ros2_py_ws/install/sabry_hardware/include/sabry_hardware/sabry_hardware/srv/detail
[2.753s] -- Up-to-date: /home/vboxuser/workspaces/ros2_py_ws/install/sabry_hardware/include/sabry_hardware/sabry_hardware/srv/detail/change_tool__rosidl_typesupport_introspection_c.h
[2.754s] -- Up-to-date: /home/vboxuser/workspaces/ros2_py_ws/install/sabry_hardware/include/sabry_hardware/sabry_hardware/srv/detail/change_tool__type_support.c
[2.754s] -- Up-to-date: /home/vboxuser/workspaces/ros2_py_ws/install/sabry_hardware/include/sabry_hardware/sabry_hardware/srv/detail/linear_motor__type_support.c
[2.754s] -- Up-to-date: /home/vboxuser/workspaces/ros2_py_ws/install/sabry_hardware/include/sabry_hardware/sabry_hardware/srv/detail/linear_motor__rosidl_typesupport_introspection_c.h
[2.754s] -- Up-to-date: /home/vboxuser/workspaces/ros2_py_ws/install/sabry_hardware/lib/libsabry_hardware__rosidl_typesupport_introspection_c.so
[2.754s] -- Up-to-date: /home/vboxuser/workspaces/ros2_py_ws/install/sabry_hardware/lib/libsabry_hardware__rosidl_typesupport_c.so
[2.754s] -- Up-to-date: /home/vboxuser/workspaces/ros2_py_ws/install/sabry_hardware/include/sabry_hardware/sabry_hardware
[2.754s] -- Up-to-date: /home/vboxuser/workspaces/ros2_py_ws/install/sabry_hardware/include/sabry_hardware/sabry_hardware/msg
[2.754s] -- Up-to-date: /home/vboxuser/workspaces/ros2_py_ws/install/sabry_hardware/include/sabry_hardware/sabry_hardware/msg/rosidl_generator_cpp__visibility_control.hpp
[2.754s] -- Up-to-date: /home/vboxuser/workspaces/ros2_py_ws/install/sabry_hardware/include/sabry_hardware/sabry_hardware/srv
[2.755s] -- Up-to-date: /home/vboxuser/workspaces/ros2_py_ws/install/sabry_hardware/include/sabry_hardware/sabry_hardware/srv/detail
[2.755s] -- Up-to-date: /home/vboxuser/workspaces/ros2_py_ws/install/sabry_hardware/include/sabry_hardware/sabry_hardware/srv/detail/change_tool__builder.hpp
[2.755s] -- Up-to-date: /home/vboxuser/workspaces/ros2_py_ws/install/sabry_hardware/include/sabry_hardware/sabry_hardware/srv/detail/change_tool__traits.hpp
[2.755s] -- Up-to-date: /home/vboxuser/workspaces/ros2_py_ws/install/sabry_hardware/include/sabry_hardware/sabry_hardware/srv/detail/linear_motor__traits.hpp
[2.755s] -- Up-to-date: /home/vboxuser/workspaces/ros2_py_ws/install/sabry_hardware/include/sabry_hardware/sabry_hardware/srv/detail/linear_motor__type_support.hpp
[2.755s] -- Up-to-date: /home/vboxuser/workspaces/ros2_py_ws/install/sabry_hardware/include/sabry_hardware/sabry_hardware/srv/detail/linear_motor__struct.hpp
[2.755s] -- Up-to-date: /home/vboxuser/workspaces/ros2_py_ws/install/sabry_hardware/include/sabry_hardware/sabry_hardware/srv/detail/change_tool__type_support.hpp
[2.755s] -- Up-to-date: /home/vboxuser/workspaces/ros2_py_ws/install/sabry_hardware/include/sabry_hardware/sabry_hardware/srv/detail/change_tool__struct.hpp
[2.755s] -- Up-to-date: /home/vboxuser/workspaces/ros2_py_ws/install/sabry_hardware/include/sabry_hardware/sabry_hardware/srv/detail/linear_motor__builder.hpp
[2.755s] -- Up-to-date: /home/vboxuser/workspaces/ros2_py_ws/install/sabry_hardware/include/sabry_hardware/sabry_hardware/srv/change_tool.hpp
[2.755s] -- Up-to-date: /home/vboxuser/workspaces/ros2_py_ws/install/sabry_hardware/include/sabry_hardware/sabry_hardware/srv/linear_motor.hpp
[2.756s] -- Up-to-date: /home/vboxuser/workspaces/ros2_py_ws/install/sabry_hardware/include/sabry_hardware/sabry_hardware
[2.756s] -- Up-to-date: /home/vboxuser/workspaces/ros2_py_ws/install/sabry_hardware/include/sabry_hardware/sabry_hardware/msg
[2.756s] -- Up-to-date: /home/vboxuser/workspaces/ros2_py_ws/install/sabry_hardware/include/sabry_hardware/sabry_hardware/msg/rosidl_typesupport_fastrtps_cpp__visibility_control.h
[2.756s] -- Up-to-date: /home/vboxuser/workspaces/ros2_py_ws/install/sabry_hardware/include/sabry_hardware/sabry_hardware/srv
[2.756s] -- Up-to-date: /home/vboxuser/workspaces/ros2_py_ws/install/sabry_hardware/include/sabry_hardware/sabry_hardware/srv/detail
[2.756s] -- Up-to-date: /home/vboxuser/workspaces/ros2_py_ws/install/sabry_hardware/include/sabry_hardware/sabry_hardware/srv/detail/dds_fastrtps
[2.756s] -- Up-to-date: /home/vboxuser/workspaces/ros2_py_ws/install/sabry_hardware/include/sabry_hardware/sabry_hardware/srv/detail/change_tool__rosidl_typesupport_fastrtps_cpp.hpp
[2.756s] -- Up-to-date: /home/vboxuser/workspaces/ros2_py_ws/install/sabry_hardware/include/sabry_hardware/sabry_hardware/srv/detail/linear_motor__rosidl_typesupport_fastrtps_cpp.hpp
[2.803s] -- Up-to-date: /home/vboxuser/workspaces/ros2_py_ws/install/sabry_hardware/lib/libsabry_hardware__rosidl_typesupport_fastrtps_cpp.so
[2.809s] -- Up-to-date: /home/vboxuser/workspaces/ros2_py_ws/install/sabry_hardware/include/sabry_hardware/sabry_hardware
[2.810s] -- Up-to-date: /home/vboxuser/workspaces/ros2_py_ws/install/sabry_hardware/include/sabry_hardware/sabry_hardware/srv
[2.810s] -- Up-to-date: /home/vboxuser/workspaces/ros2_py_ws/install/sabry_hardware/include/sabry_hardware/sabry_hardware/srv/detail
[2.811s] -- Up-to-date: /home/vboxuser/workspaces/ros2_py_ws/install/sabry_hardware/include/sabry_hardware/sabry_hardware/srv/detail/change_tool__rosidl_typesupport_introspection_cpp.hpp
[2.811s] -- Up-to-date: /home/vboxuser/workspaces/ros2_py_ws/install/sabry_hardware/include/sabry_hardware/sabry_hardware/srv/detail/linear_motor__type_support.cpp
[2.812s] -- Up-to-date: /home/vboxuser/workspaces/ros2_py_ws/install/sabry_hardware/include/sabry_hardware/sabry_hardware/srv/detail/change_tool__type_support.cpp
[2.812s] -- Up-to-date: /home/vboxuser/workspaces/ros2_py_ws/install/sabry_hardware/include/sabry_hardware/sabry_hardware/srv/detail/linear_motor__rosidl_typesupport_introspection_cpp.hpp
[2.813s] -- Up-to-date: /home/vboxuser/workspaces/ros2_py_ws/install/sabry_hardware/lib/libsabry_hardware__rosidl_typesupport_introspection_cpp.so
[2.814s] -- Up-to-date: /home/vboxuser/workspaces/ros2_py_ws/install/sabry_hardware/lib/libsabry_hardware__rosidl_typesupport_cpp.so
[2.815s] -- Up-to-date: /home/vboxuser/workspaces/ros2_py_ws/install/sabry_hardware/share/sabry_hardware/environment/pythonpath.sh
[2.815s] -- Up-to-date: /home/vboxuser/workspaces/ros2_py_ws/install/sabry_hardware/share/sabry_hardware/environment/pythonpath.dsv
[2.816s] -- Up-to-date: /home/vboxuser/workspaces/ros2_py_ws/install/sabry_hardware/local/lib/python3.10/dist-packages/sabry_hardware-0.0.0-py3.10.egg-info
[2.816s] -- Installing: /home/vboxuser/workspaces/ros2_py_ws/install/sabry_hardware/local/lib/python3.10/dist-packages/sabry_hardware-0.0.0-py3.10.egg-info/top_level.txt
[2.817s] -- Installing: /home/vboxuser/workspaces/ros2_py_ws/install/sabry_hardware/local/lib/python3.10/dist-packages/sabry_hardware-0.0.0-py3.10.egg-info/SOURCES.txt
[2.817s] -- Installing: /home/vboxuser/workspaces/ros2_py_ws/install/sabry_hardware/local/lib/python3.10/dist-packages/sabry_hardware-0.0.0-py3.10.egg-info/PKG-INFO
[2.818s] -- Installing: /home/vboxuser/workspaces/ros2_py_ws/install/sabry_hardware/local/lib/python3.10/dist-packages/sabry_hardware-0.0.0-py3.10.egg-info/dependency_links.txt
[2.819s] -- Up-to-date: /home/vboxuser/workspaces/ros2_py_ws/install/sabry_hardware/local/lib/python3.10/dist-packages/sabry_hardware
[2.819s] -- Up-to-date: /home/vboxuser/workspaces/ros2_py_ws/install/sabry_hardware/local/lib/python3.10/dist-packages/sabry_hardware/libsabry_hardware__rosidl_generator_py.so
[2.820s] -- Up-to-date: /home/vboxuser/workspaces/ros2_py_ws/install/sabry_hardware/local/lib/python3.10/dist-packages/sabry_hardware/srv
[2.820s] -- Up-to-date: /home/vboxuser/workspaces/ros2_py_ws/install/sabry_hardware/local/lib/python3.10/dist-packages/sabry_hardware/srv/_linear_motor_s.c
[2.820s] -- Up-to-date: /home/vboxuser/workspaces/ros2_py_ws/install/sabry_hardware/local/lib/python3.10/dist-packages/sabry_hardware/srv/__init__.py
[2.821s] -- Up-to-date: /home/vboxuser/workspaces/ros2_py_ws/install/sabry_hardware/local/lib/python3.10/dist-packages/sabry_hardware/srv/_change_tool.py
[2.821s] -- Up-to-date: /home/vboxuser/workspaces/ros2_py_ws/install/sabry_hardware/local/lib/python3.10/dist-packages/sabry_hardware/srv/_change_tool_s.c
[2.821s] -- Up-to-date: /home/vboxuser/workspaces/ros2_py_ws/install/sabry_hardware/local/lib/python3.10/dist-packages/sabry_hardware/srv/_linear_motor.py
[2.822s] -- Up-to-date: /home/vboxuser/workspaces/ros2_py_ws/install/sabry_hardware/local/lib/python3.10/dist-packages/sabry_hardware/sabry_hardware_s__rosidl_typesupport_fastrtps_c.cpython-310-x86_64-linux-gnu.so
[2.822s] -- Up-to-date: /home/vboxuser/workspaces/ros2_py_ws/install/sabry_hardware/local/lib/python3.10/dist-packages/sabry_hardware/_sabry_hardware_s.ep.rosidl_typesupport_fastrtps_c.c
[2.822s] -- Up-to-date: /home/vboxuser/workspaces/ros2_py_ws/install/sabry_hardware/local/lib/python3.10/dist-packages/sabry_hardware/sabry_hardware_s__rosidl_typesupport_introspection_c.cpython-310-x86_64-linux-gnu.so
[2.823s] -- Up-to-date: /home/vboxuser/workspaces/ros2_py_ws/install/sabry_hardware/local/lib/python3.10/dist-packages/sabry_hardware/__init__.py
[2.823s] -- Up-to-date: /home/vboxuser/workspaces/ros2_py_ws/install/sabry_hardware/local/lib/python3.10/dist-packages/sabry_hardware/sabry_hardware_s__rosidl_typesupport_c.cpython-310-x86_64-linux-gnu.so
[2.823s] -- Up-to-date: /home/vboxuser/workspaces/ros2_py_ws/install/sabry_hardware/local/lib/python3.10/dist-packages/sabry_hardware/_sabry_hardware_s.ep.rosidl_typesupport_c.c
[2.823s] -- Up-to-date: /home/vboxuser/workspaces/ros2_py_ws/install/sabry_hardware/local/lib/python3.10/dist-packages/sabry_hardware/_sabry_hardware_s.ep.rosidl_typesupport_introspection_c.c
[2.891s] Listing '/home/vboxuser/workspaces/ros2_py_ws/install/sabry_hardware/local/lib/python3.10/dist-packages/sabry_hardware'...
[2.892s] Listing '/home/vboxuser/workspaces/ros2_py_ws/install/sabry_hardware/local/lib/python3.10/dist-packages/sabry_hardware/srv'...
[2.903s] -- Up-to-date: /home/vboxuser/workspaces/ros2_py_ws/install/sabry_hardware/local/lib/python3.10/dist-packages/sabry_hardware/sabry_hardware_s__rosidl_typesupport_fastrtps_c.cpython-310-x86_64-linux-gnu.so
[2.905s] -- Up-to-date: /home/vboxuser/workspaces/ros2_py_ws/install/sabry_hardware/local/lib/python3.10/dist-packages/sabry_hardware/sabry_hardware_s__rosidl_typesupport_introspection_c.cpython-310-x86_64-linux-gnu.so
[2.906s] -- Up-to-date: /home/vboxuser/workspaces/ros2_py_ws/install/sabry_hardware/local/lib/python3.10/dist-packages/sabry_hardware/sabry_hardware_s__rosidl_typesupport_c.cpython-310-x86_64-linux-gnu.so
[2.908s] -- Up-to-date: /home/vboxuser/workspaces/ros2_py_ws/install/sabry_hardware/lib/libsabry_hardware__rosidl_generator_py.so
[2.908s] -- Up-to-date: /home/vboxuser/workspaces/ros2_py_ws/install/sabry_hardware/share/sabry_hardware/srv/LinearMotor.idl
[2.908s] -- Up-to-date: /home/vboxuser/workspaces/ros2_py_ws/install/sabry_hardware/share/sabry_hardware/srv/ChangeTool.idl
[2.909s] -- Up-to-date: /home/vboxuser/workspaces/ros2_py_ws/install/sabry_hardware/share/sabry_hardware/srv/LinearMotor.srv
[2.909s] -- Up-to-date: /home/vboxuser/workspaces/ros2_py_ws/install/sabry_hardware/share/sabry_hardware/srv/LinearMotor_Request.msg
[2.909s] -- Up-to-date: /home/vboxuser/workspaces/ros2_py_ws/install/sabry_hardware/share/sabry_hardware/srv/LinearMotor_Response.msg
[2.909s] -- Up-to-date: /home/vboxuser/workspaces/ros2_py_ws/install/sabry_hardware/share/sabry_hardware/srv/ChangeTool.srv
[2.909s] -- Up-to-date: /home/vboxuser/workspaces/ros2_py_ws/install/sabry_hardware/share/sabry_hardware/srv/ChangeTool_Request.msg
[2.909s] -- Up-to-date: /home/vboxuser/workspaces/ros2_py_ws/install/sabry_hardware/share/sabry_hardware/srv/ChangeTool_Response.msg
[2.909s] -- Up-to-date: /home/vboxuser/workspaces/ros2_py_ws/install/sabry_hardware/local/lib/python3.10/dist-packages/scripts-0.0.0-py3.10.egg-info
[2.909s] -- Installing: /home/vboxuser/workspaces/ros2_py_ws/install/sabry_hardware/local/lib/python3.10/dist-packages/scripts-0.0.0-py3.10.egg-info/top_level.txt
[2.909s] -- Installing: /home/vboxuser/workspaces/ros2_py_ws/install/sabry_hardware/local/lib/python3.10/dist-packages/scripts-0.0.0-py3.10.egg-info/SOURCES.txt
[2.910s] -- Installing: /home/vboxuser/workspaces/ros2_py_ws/install/sabry_hardware/local/lib/python3.10/dist-packages/scripts-0.0.0-py3.10.egg-info/PKG-INFO
[2.911s] -- Installing: /home/vboxuser/workspaces/ros2_py_ws/install/sabry_hardware/local/lib/python3.10/dist-packages/scripts-0.0.0-py3.10.egg-info/dependency_links.txt
[2.911s] -- Up-to-date: /home/vboxuser/workspaces/ros2_py_ws/install/sabry_hardware/local/lib/python3.10/dist-packages/scripts
[2.911s] -- Up-to-date: /home/vboxuser/workspaces/ros2_py_ws/install/sabry_hardware/local/lib/python3.10/dist-packages/scripts/add_two_ints_server.py
[2.911s] -- Up-to-date: /home/vboxuser/workspaces/ros2_py_ws/install/sabry_hardware/local/lib/python3.10/dist-packages/scripts/tool_change_manager.py
[2.911s] -- Up-to-date: /home/vboxuser/workspaces/ros2_py_ws/install/sabry_hardware/local/lib/python3.10/dist-packages/scripts/templete.py
[2.912s] -- Up-to-date: /home/vboxuser/workspaces/ros2_py_ws/install/sabry_hardware/local/lib/python3.10/dist-packages/scripts/__init__.py
[2.912s] -- Up-to-date: /home/vboxuser/workspaces/ros2_py_ws/install/sabry_hardware/local/lib/python3.10/dist-packages/scripts/linear_motor_node.py
[2.971s] Listing '/home/vboxuser/workspaces/ros2_py_ws/install/sabry_hardware/local/lib/python3.10/dist-packages/scripts'...
[2.977s] -- Up-to-date: /home/vboxuser/workspaces/ros2_py_ws/install/sabry_hardware/lib/sabry_hardware/linear_motor_node.py
[2.978s] -- Up-to-date: /home/vboxuser/workspaces/ros2_py_ws/install/sabry_hardware/lib/sabry_hardware/add_two_ints_server.py
[2.978s] -- Up-to-date: /home/vboxuser/workspaces/ros2_py_ws/install/sabry_hardware/lib/sabry_hardware/tool_change_manager.py
[2.978s] -- Up-to-date: /home/vboxuser/workspaces/ros2_py_ws/install/sabry_hardware/share/ament_index/resource_index/package_run_dependencies/sabry_hardware
[2.978s] -- Up-to-date: /home/vboxuser/workspaces/ros2_py_ws/install/sabry_hardware/share/ament_index/resource_index/parent_prefix_path/sabry_hardware
[2.978s] -- Up-to-date: /home/vboxuser/workspaces/ros2_py_ws/install/sabry_hardware/share/sabry_hardware/environment/ament_prefix_path.sh
[2.979s] -- Up-to-date: /home/vboxuser/workspaces/ros2_py_ws/install/sabry_hardware/share/sabry_hardware/environment/ament_prefix_path.dsv
[2.996s] -- Up-to-date: /home/vboxuser/workspaces/ros2_py_ws/install/sabry_hardware/share/sabry_hardware/environment/path.sh
[3.006s] -- Up-to-date: /home/vboxuser/workspaces/ros2_py_ws/install/sabry_hardware/share/sabry_hardware/environment/path.dsv
[3.007s] -- Up-to-date: /home/vboxuser/workspaces/ros2_py_ws/install/sabry_hardware/share/sabry_hardware/local_setup.bash
[3.011s] -- Up-to-date: /home/vboxuser/workspaces/ros2_py_ws/install/sabry_hardware/share/sabry_hardware/local_setup.sh
[3.013s] -- Up-to-date: /home/vboxuser/workspaces/ros2_py_ws/install/sabry_hardware/share/sabry_hardware/local_setup.zsh
[3.020s] -- Up-to-date: /home/vboxuser/workspaces/ros2_py_ws/install/sabry_hardware/share/sabry_hardware/local_setup.dsv
[3.022s] -- Installing: /home/vboxuser/workspaces/ros2_py_ws/install/sabry_hardware/share/sabry_hardware/package.dsv
[3.022s] -- Up-to-date: /home/vboxuser/workspaces/ros2_py_ws/install/sabry_hardware/share/ament_index/resource_index/packages/sabry_hardware
[3.022s] -- Up-to-date: /home/vboxuser/workspaces/ros2_py_ws/install/sabry_hardware/share/sabry_hardware/cmake/export_sabry_hardware__rosidl_generator_cExport.cmake
[3.022s] -- Up-to-date: /home/vboxuser/workspaces/ros2_py_ws/install/sabry_hardware/share/sabry_hardware/cmake/export_sabry_hardware__rosidl_generator_cExport-noconfig.cmake
[3.022s] -- Up-to-date: /home/vboxuser/workspaces/ros2_py_ws/install/sabry_hardware/share/sabry_hardware/cmake/export_sabry_hardware__rosidl_typesupport_fastrtps_cExport.cmake
[3.023s] -- Up-to-date: /home/vboxuser/workspaces/ros2_py_ws/install/sabry_hardware/share/sabry_hardware/cmake/export_sabry_hardware__rosidl_typesupport_fastrtps_cExport-noconfig.cmake
[3.023s] -- Up-to-date: /home/vboxuser/workspaces/ros2_py_ws/install/sabry_hardware/share/sabry_hardware/cmake/sabry_hardware__rosidl_typesupport_introspection_cExport.cmake
[3.023s] -- Up-to-date: /home/vboxuser/workspaces/ros2_py_ws/install/sabry_hardware/share/sabry_hardware/cmake/sabry_hardware__rosidl_typesupport_introspection_cExport-noconfig.cmake
[3.023s] -- Up-to-date: /home/vboxuser/workspaces/ros2_py_ws/install/sabry_hardware/share/sabry_hardware/cmake/sabry_hardware__rosidl_typesupport_cExport.cmake
[3.023s] -- Up-to-date: /home/vboxuser/workspaces/ros2_py_ws/install/sabry_hardware/share/sabry_hardware/cmake/sabry_hardware__rosidl_typesupport_cExport-noconfig.cmake
[3.023s] -- Up-to-date: /home/vboxuser/workspaces/ros2_py_ws/install/sabry_hardware/share/sabry_hardware/cmake/export_sabry_hardware__rosidl_generator_cppExport.cmake
[3.024s] -- Up-to-date: /home/vboxuser/workspaces/ros2_py_ws/install/sabry_hardware/share/sabry_hardware/cmake/export_sabry_hardware__rosidl_typesupport_fastrtps_cppExport.cmake
[3.024s] -- Up-to-date: /home/vboxuser/workspaces/ros2_py_ws/install/sabry_hardware/share/sabry_hardware/cmake/export_sabry_hardware__rosidl_typesupport_fastrtps_cppExport-noconfig.cmake
[3.024s] -- Up-to-date: /home/vboxuser/workspaces/ros2_py_ws/install/sabry_hardware/share/sabry_hardware/cmake/sabry_hardware__rosidl_typesupport_introspection_cppExport.cmake
[3.024s] -- Up-to-date: /home/vboxuser/workspaces/ros2_py_ws/install/sabry_hardware/share/sabry_hardware/cmake/sabry_hardware__rosidl_typesupport_introspection_cppExport-noconfig.cmake
[3.024s] -- Up-to-date: /home/vboxuser/workspaces/ros2_py_ws/install/sabry_hardware/share/sabry_hardware/cmake/sabry_hardware__rosidl_typesupport_cppExport.cmake
[3.025s] -- Up-to-date: /home/vboxuser/workspaces/ros2_py_ws/install/sabry_hardware/share/sabry_hardware/cmake/sabry_hardware__rosidl_typesupport_cppExport-noconfig.cmake
[3.025s] -- Up-to-date: /home/vboxuser/workspaces/ros2_py_ws/install/sabry_hardware/share/sabry_hardware/cmake/export_sabry_hardware__rosidl_generator_pyExport.cmake
[3.025s] -- Up-to-date: /home/vboxuser/workspaces/ros2_py_ws/install/sabry_hardware/share/sabry_hardware/cmake/export_sabry_hardware__rosidl_generator_pyExport-noconfig.cmake
[3.025s] -- Up-to-date: /home/vboxuser/workspaces/ros2_py_ws/install/sabry_hardware/share/sabry_hardware/cmake/rosidl_cmake-extras.cmake
[3.025s] -- Up-to-date: /home/vboxuser/workspaces/ros2_py_ws/install/sabry_hardware/share/sabry_hardware/cmake/ament_cmake_export_include_directories-extras.cmake
[3.025s] -- Up-to-date: /home/vboxuser/workspaces/ros2_py_ws/install/sabry_hardware/share/sabry_hardware/cmake/ament_cmake_export_libraries-extras.cmake
[3.026s] -- Up-to-date: /home/vboxuser/workspaces/ros2_py_ws/install/sabry_hardware/share/sabry_hardware/cmake/ament_cmake_export_targets-extras.cmake
[3.026s] -- Up-to-date: /home/vboxuser/workspaces/ros2_py_ws/install/sabry_hardware/share/sabry_hardware/cmake/rosidl_cmake_export_typesupport_targets-extras.cmake
[3.026s] -- Up-to-date: /home/vboxuser/workspaces/ros2_py_ws/install/sabry_hardware/share/sabry_hardware/cmake/ament_cmake_export_dependencies-extras.cmake
[3.037s] -- Up-to-date: /home/vboxuser/workspaces/ros2_py_ws/install/sabry_hardware/share/sabry_hardware/cmake/rosidl_cmake_export_typesupport_libraries-extras.cmake
[3.040s] -- Up-to-date: /home/vboxuser/workspaces/ros2_py_ws/install/sabry_hardware/share/sabry_hardware/cmake/sabry_hardwareConfig.cmake
[3.048s] -- Up-to-date: /home/vboxuser/workspaces/ros2_py_ws/install/sabry_hardware/share/sabry_hardware/cmake/sabry_hardwareConfig-version.cmake
[3.049s] -- Up-to-date: /home/vboxuser/workspaces/ros2_py_ws/install/sabry_hardware/share/sabry_hardware/package.xml
[3.052s] Invoked command in '/home/vboxuser/workspaces/ros2_py_ws/build/sabry_hardware' returned '0': CMAKE_PREFIX_PATH=${CMAKE_PREFIX_PATH}:/home/vboxuser/workspaces/ros2_py_ws/install/publisher:/opt/ros/humble /usr/bin/cmake --install /home/vboxuser/workspaces/ros2_py_ws/build/sabry_hardware
