[0.104s] Invoking command in '/home/vboxuser/workspaces/ros2_py_ws/build/sabry': CMAKE_PREFIX_PATH=${CMAKE_PREFIX_PATH}:/home/vboxuser/workspaces/ros2_py_ws/install/publisher:/opt/ros/humble /usr/bin/cmake --build /home/vboxuser/workspaces/ros2_py_ws/build/sabry -- -j5 -l5
[0.633s] Invoked command in '/home/vboxuser/workspaces/ros2_py_ws/build/sabry' returned '0': CMAKE_PREFIX_PATH=${CMAKE_PREFIX_PATH}:/home/vboxuser/workspaces/ros2_py_ws/install/publisher:/opt/ros/humble /usr/bin/cmake --build /home/vboxuser/workspaces/ros2_py_ws/build/sabry -- -j5 -l5
[0.634s] Invoking command in '/home/vboxuser/workspaces/ros2_py_ws/build/sabry': CMAKE_PREFIX_PATH=${CMAKE_PREFIX_PATH}:/home/vboxuser/workspaces/ros2_py_ws/install/publisher:/opt/ros/humble /usr/bin/cmake --install /home/vboxuser/workspaces/ros2_py_ws/build/sabry
[0.714s] -- Install configuration: ""
[0.714s] -- Up-to-date: /home/vboxuser/workspaces/ros2_py_ws/install/sabry/share/sabry/config
[0.714s] -- Up-to-date: /home/vboxuser/workspaces/ros2_py_ws/install/sabry/share/sabry/config/joint_names_sabry.yaml
[0.715s] -- Up-to-date: /home/vboxuser/workspaces/ros2_py_ws/install/sabry/share/sabry/launch
[0.715s] -- Up-to-date: /home/vboxuser/workspaces/ros2_py_ws/install/sabry/share/sabry/launch/gazebo.launch.py
[0.715s] -- Up-to-date: /home/vboxuser/workspaces/ros2_py_ws/install/sabry/share/sabry/launch/display.launch
[0.715s] -- Up-to-date: /home/vboxuser/workspaces/ros2_py_ws/install/sabry/share/sabry/launch/gazebo_tool.launch.py
[0.715s] -- Up-to-date: /home/vboxuser/workspaces/ros2_py_ws/install/sabry/share/sabry/launch/gazebo.launch
[0.715s] -- Up-to-date: /home/vboxuser/workspaces/ros2_py_ws/install/sabry/share/sabry/launch/display.launch.py
[0.715s] -- Up-to-date: /home/vboxuser/workspaces/ros2_py_ws/install/sabry/share/sabry/meshes
[0.715s] -- Up-to-date: /home/vboxuser/workspaces/ros2_py_ws/install/sabry/share/sabry/meshes/wrist_pitch_Link.STL
[0.715s] -- Up-to-date: /home/vboxuser/workspaces/ros2_py_ws/install/sabry/share/sabry/meshes/lowerarm_Link.STL
[0.716s] -- Up-to-date: /home/vboxuser/workspaces/ros2_py_ws/install/sabry/share/sabry/meshes/waist_Link.STL
[0.721s] -- Up-to-date: /home/vboxuser/workspaces/ros2_py_ws/install/sabry/share/sabry/meshes/upperarm_Link.STL
[0.721s] -- Up-to-date: /home/vboxuser/workspaces/ros2_py_ws/install/sabry/share/sabry/meshes/wrist_yaw_Link.STL
[0.721s] -- Up-to-date: /home/vboxuser/workspaces/ros2_py_ws/install/sabry/share/sabry/meshes/base_link.STL
[0.721s] -- Up-to-date: /home/vboxuser/workspaces/ros2_py_ws/install/sabry/share/sabry/urdf
[0.722s] -- Up-to-date: /home/vboxuser/workspaces/ros2_py_ws/install/sabry/share/sabry/urdf/sabry.csv
[0.722s] -- Up-to-date: /home/vboxuser/workspaces/ros2_py_ws/install/sabry/share/sabry/urdf/sabry.urdf.xacro
[0.722s] -- Up-to-date: /home/vboxuser/workspaces/ros2_py_ws/install/sabry/share/sabry/urdf/sabry_controllers.xacro
[0.722s] -- Up-to-date: /home/vboxuser/workspaces/ros2_py_ws/install/sabry/share/sabry/urdf/sabry_gazebo.xacro
[0.722s] -- Up-to-date: /home/vboxuser/workspaces/ros2_py_ws/install/sabry/share/sabry/urdf/tools_station.xacro
[0.722s] -- Up-to-date: /home/vboxuser/workspaces/ros2_py_ws/install/sabry/share/sabry/urdf/tools.xacro
[0.722s] -- Up-to-date: /home/vboxuser/workspaces/ros2_py_ws/install/sabry/share/sabry/worlds
[0.722s] -- Up-to-date: /home/vboxuser/workspaces/ros2_py_ws/install/sabry/share/sabry/worlds/install
[0.722s] -- Up-to-date: /home/vboxuser/workspaces/ros2_py_ws/install/sabry/share/sabry/worlds/install/local_setup.bash
[0.722s] -- Up-to-date: /home/vboxuser/workspaces/ros2_py_ws/install/sabry/share/sabry/worlds/install/COLCON_IGNORE
[0.722s] -- Up-to-date: /home/vboxuser/workspaces/ros2_py_ws/install/sabry/share/sabry/worlds/install/local_setup.zsh
[0.723s] -- Up-to-date: /home/vboxuser/workspaces/ros2_py_ws/install/sabry/share/sabry/worlds/install/setup.sh
[0.726s] -- Up-to-date: /home/vboxuser/workspaces/ros2_py_ws/install/sabry/share/sabry/worlds/install/.colcon_install_layout
[0.726s] -- Up-to-date: /home/vboxuser/workspaces/ros2_py_ws/install/sabry/share/sabry/worlds/install/local_setup.sh
[0.727s] -- Up-to-date: /home/vboxuser/workspaces/ros2_py_ws/install/sabry/share/sabry/worlds/install/setup.ps1
[0.727s] -- Up-to-date: /home/vboxuser/workspaces/ros2_py_ws/install/sabry/share/sabry/worlds/install/setup.bash
[0.727s] -- Up-to-date: /home/vboxuser/workspaces/ros2_py_ws/install/sabry/share/sabry/worlds/install/_local_setup_util_ps1.py
[0.727s] -- Up-to-date: /home/vboxuser/workspaces/ros2_py_ws/install/sabry/share/sabry/worlds/install/_local_setup_util_sh.py
[0.727s] -- Up-to-date: /home/vboxuser/workspaces/ros2_py_ws/install/sabry/share/sabry/worlds/install/local_setup.ps1
[0.727s] -- Up-to-date: /home/vboxuser/workspaces/ros2_py_ws/install/sabry/share/sabry/worlds/install/setup.zsh
[0.727s] -- Up-to-date: /home/vboxuser/workspaces/ros2_py_ws/install/sabry/share/sabry/worlds/log
[0.727s] -- Up-to-date: /home/vboxuser/workspaces/ros2_py_ws/install/sabry/share/sabry/worlds/log/build_2026-02-10_21-14-57
[0.727s] -- Up-to-date: /home/vboxuser/workspaces/ros2_py_ws/install/sabry/share/sabry/worlds/log/build_2026-02-10_21-14-57/events.log
[0.727s] -- Up-to-date: /home/vboxuser/workspaces/ros2_py_ws/install/sabry/share/sabry/worlds/log/build_2026-02-10_21-14-57/logger_all.log
[0.728s] -- Up-to-date: /home/vboxuser/workspaces/ros2_py_ws/install/sabry/share/sabry/worlds/log/COLCON_IGNORE
[0.728s] -- Up-to-date: /home/vboxuser/workspaces/ros2_py_ws/install/sabry/share/sabry/worlds/log/build_2026-02-10_21-14-52
[0.728s] -- Up-to-date: /home/vboxuser/workspaces/ros2_py_ws/install/sabry/share/sabry/worlds/log/build_2026-02-10_21-14-52/events.log
[0.728s] -- Up-to-date: /home/vboxuser/workspaces/ros2_py_ws/install/sabry/share/sabry/worlds/log/build_2026-02-10_21-14-52/logger_all.log
[0.728s] -- Up-to-date: /home/vboxuser/workspaces/ros2_py_ws/install/sabry/share/sabry/worlds/log/latest
[0.728s] -- Up-to-date: /home/vboxuser/workspaces/ros2_py_ws/install/sabry/share/sabry/worlds/log/latest_build
[0.728s] -- Up-to-date: /home/vboxuser/workspaces/ros2_py_ws/install/sabry/share/sabry/worlds/tool_changer.sdf
[0.728s] -- Up-to-date: /home/vboxuser/workspaces/ros2_py_ws/install/sabry/share/sabry/worlds/build
[0.728s] -- Up-to-date: /home/vboxuser/workspaces/ros2_py_ws/install/sabry/share/sabry/worlds/build/COLCON_IGNORE
[0.728s] -- Up-to-date: /home/vboxuser/workspaces/ros2_py_ws/install/sabry/share/sabry/worlds/build/.built_by
[0.728s] -- Up-to-date: /home/vboxuser/workspaces/ros2_py_ws/install/sabry/share/ament_index/resource_index/package_run_dependencies/sabry
[0.729s] -- Up-to-date: /home/vboxuser/workspaces/ros2_py_ws/install/sabry/share/ament_index/resource_index/parent_prefix_path/sabry
[0.729s] -- Up-to-date: /home/vboxuser/workspaces/ros2_py_ws/install/sabry/share/sabry/environment/ament_prefix_path.sh
[0.729s] -- Up-to-date: /home/vboxuser/workspaces/ros2_py_ws/install/sabry/share/sabry/environment/ament_prefix_path.dsv
[0.729s] -- Up-to-date: /home/vboxuser/workspaces/ros2_py_ws/install/sabry/share/sabry/environment/path.sh
[0.729s] -- Up-to-date: /home/vboxuser/workspaces/ros2_py_ws/install/sabry/share/sabry/environment/path.dsv
[0.729s] -- Up-to-date: /home/vboxuser/workspaces/ros2_py_ws/install/sabry/share/sabry/local_setup.bash
[0.729s] -- Up-to-date: /home/vboxuser/workspaces/ros2_py_ws/install/sabry/share/sabry/local_setup.sh
[0.729s] -- Up-to-date: /home/vboxuser/workspaces/ros2_py_ws/install/sabry/share/sabry/local_setup.zsh
[0.729s] -- Up-to-date: /home/vboxuser/workspaces/ros2_py_ws/install/sabry/share/sabry/local_setup.dsv
[0.733s] -- Installing: /home/vboxuser/workspaces/ros2_py_ws/install/sabry/share/sabry/package.dsv
[0.733s] -- Up-to-date: /home/vboxuser/workspaces/ros2_py_ws/install/sabry/share/ament_index/resource_index/packages/sabry
[0.733s] -- Up-to-date: /home/vboxuser/workspaces/ros2_py_ws/install/sabry/share/sabry/cmake/sabryConfig.cmake
[0.733s] -- Up-to-date: /home/vboxuser/workspaces/ros2_py_ws/install/sabry/share/sabry/cmake/sabryConfig-version.cmake
[0.733s] -- Up-to-date: /home/vboxuser/workspaces/ros2_py_ws/install/sabry/share/sabry/package.xml
[0.777s] Invoked command in '/home/vboxuser/workspaces/ros2_py_ws/build/sabry' returned '0': CMAKE_PREFIX_PATH=${CMAKE_PREFIX_PATH}:/home/vboxuser/workspaces/ros2_py_ws/install/publisher:/opt/ros/humble /usr/bin/cmake --install /home/vboxuser/workspaces/ros2_py_ws/build/sabry
