[0.027s] Invoking command in '/home/vboxuser/workspaces/ros2_py_ws/build/sabry_hardware': CMAKE_PREFIX_PATH=${CMAKE_PREFIX_PATH}:/home/vboxuser/workspaces/ros2_py_ws/install/publisher:/opt/ros/humble /usr/bin/cmake --build /home/vboxuser/workspaces/ros2_py_ws/build/sabry_hardware -- -j5 -l5
[0.386s] [ 10%] Built target sabry_hardware__rosidl_generator_c
[0.468s] [ 10%] Built target ament_cmake_python_copy_sabry_hardware
[0.472s] [ 12%] Built target sabry_hardware__cpp
[0.540s] [ 12%] Built target ament_cmake_python_copy_scripts
[0.541s] [ 23%] Built target sabry_hardware__rosidl_typesupport_introspection_c
[0.563s] [ 33%] Built target sabry_hardware__rosidl_typesupport_fastrtps_c
[0.564s] [ 43%] Built target sabry_hardware__rosidl_typesupport_c
[0.635s] [ 53%] Built target sabry_hardware__rosidl_typesupport_introspection_cpp
[0.652s] [ 64%] Built target sabry_hardware__rosidl_typesupport_fastrtps_cpp
[0.724s] [ 74%] Built target sabry_hardware__rosidl_typesupport_cpp
[0.884s] [ 74%] Built target sabry_hardware
[1.157s] [ 76%] Built target sabry_hardware__py
[1.292s] [ 84%] Built target sabry_hardware__rosidl_generator_py
[1.330s] running egg_info
[1.330s] writing scripts.egg-info/PKG-INFO
[1.330s] writing dependency_links to scripts.egg-info/dependency_links.txt
[1.330s] writing top-level names to scripts.egg-info/top_level.txt
[1.339s] reading manifest file 'scripts.egg-info/SOURCES.txt'
[1.339s] writing manifest file 'scripts.egg-info/SOURCES.txt'
[1.481s] running egg_info
[1.481s] writing sabry_hardware.egg-info/PKG-INFO
[1.484s] writing dependency_links to sabry_hardware.egg-info/dependency_links.txt
[1.488s] writing top-level names to sabry_hardware.egg-info/top_level.txt
[1.490s] reading manifest file 'sabry_hardware.egg-info/SOURCES.txt'
[1.492s] writing manifest file 'sabry_hardware.egg-info/SOURCES.txt'
[1.509s] [ 84%] Built target ament_cmake_python_build_scripts_egg
[1.521s] [ 89%] Built target sabry_hardware__rosidl_typesupport_c__pyext
[1.523s] [ 94%] Built target sabry_hardware__rosidl_typesupport_fastrtps_c__pyext
[1.531s] [100%] Built target sabry_hardware__rosidl_typesupport_introspection_c__pyext
[1.567s] [100%] Built target ament_cmake_python_build_sabry_hardware_egg
[1.660s] Invoked command in '/home/vboxuser/workspaces/ros2_py_ws/build/sabry_hardware' returned '0': CMAKE_PREFIX_PATH=${CMAKE_PREFIX_PATH}:/home/vboxuser/workspaces/ros2_py_ws/install/publisher:/opt/ros/humble /usr/bin/cmake --build /home/vboxuser/workspaces/ros2_py_ws/build/sabry_hardware -- -j5 -l5
[1.673s] Invoking command in '/home/vboxuser/workspaces/ros2_py_ws/build/sabry_hardware': CMAKE_PREFIX_PATH=${CMAKE_PREFIX_PATH}:/home/vboxuser/workspaces/ros2_py_ws/install/publisher:/opt/ros/humble /usr/bin/cmake --install /home/vboxuser/workspaces/ros2_py_ws/build/sabry_hardware
[1.695s] -- Install configuration: ""
[1.701s] -- Up-to-date: /home/vboxuser/workspaces/ros2_py_ws/install/sabry_hardware/share/ament_index/resource_index/rosidl_interfaces/sabry_hardware
[1.701s] -- Up-to-date: /home/vboxuser/workspaces/ros2_py_ws/install/sabry_hardware/include/sabry_hardware/sabry_hardware
[1.701s] -- Up-to-date: /home/vboxuser/workspaces/ros2_py_ws/install/sabry_hardware/include/sabry_hardware/sabry_hardware/msg
[1.701s] -- Up-to-date: /home/vboxuser/workspaces/ros2_py_ws/install/sabry_hardware/include/sabry_hardware/sabry_hardware/msg/rosidl_generator_c__visibility_control.h
[1.701s] -- Up-to-date: /home/vboxuser/workspaces/ros2_py_ws/install/sabry_hardware/include/sabry_hardware/sabry_hardware/srv
[1.701s] -- Up-to-date: /home/vboxuser/workspaces/ros2_py_ws/install/sabry_hardware/include/sabry_hardware/sabry_hardware/srv/detail
[1.703s] -- Up-to-date: /home/vboxuser/workspaces/ros2_py_ws/install/sabry_hardware/include/sabry_hardware/sabry_hardware/srv/detail/change_tool__functions.h
[1.703s] -- Up-to-date: /home/vboxuser/workspaces/ros2_py_ws/install/sabry_hardware/include/sabry_hardware/sabry_hardware/srv/detail/change_tool__type_support.h
[1.703s] -- Up-to-date: /home/vboxuser/workspaces/ros2_py_ws/install/sabry_hardware/include/sabry_hardware/sabry_hardware/srv/detail/change_tool__functions.c
[1.703s] -- Up-to-date: /home/vboxuser/workspaces/ros2_py_ws/install/sabry_hardware/include/sabry_hardware/sabry_hardware/srv/detail/change_tool__struct.h
[1.703s] -- Up-to-date: /home/vboxuser/workspaces/ros2_py_ws/install/sabry_hardware/include/sabry_hardware/sabry_hardware/srv/detail/linear_motor__struct.h
[1.703s] -- Up-to-date: /home/vboxuser/workspaces/ros2_py_ws/install/sabry_hardware/include/sabry_hardware/sabry_hardware/srv/detail/linear_motor__functions.c
[1.703s] -- Up-to-date: /home/vboxuser/workspaces/ros2_py_ws/install/sabry_hardware/include/sabry_hardware/sabry_hardware/srv/detail/linear_motor__functions.h
[1.704s] -- Up-to-date: /home/vboxuser/workspaces/ros2_py_ws/install/sabry_hardware/include/sabry_hardware/sabry_hardware/srv/detail/linear_motor__type_support.h
[1.704s] -- Up-to-date: /home/vboxuser/workspaces/ros2_py_ws/install/sabry_hardware/include/sabry_hardware/sabry_hardware/srv/linear_motor.h
[1.704s] -- Up-to-date: /home/vboxuser/workspaces/ros2_py_ws/install/sabry_hardware/include/sabry_hardware/sabry_hardware/srv/change_tool.h
[1.704s] -- Up-to-date: /home/vboxuser/workspaces/ros2_py_ws/install/sabry_hardware/share/sabry_hardware/environment/library_path.sh
[1.704s] -- Up-to-date: /home/vboxuser/workspaces/ros2_py_ws/install/sabry_hardware/share/sabry_hardware/environment/library_path.dsv
[1.704s] -- Up-to-date: /home/vboxuser/workspaces/ros2_py_ws/install/sabry_hardware/lib/libsabry_hardware__rosidl_generator_c.so
[1.704s] -- Up-to-date: /home/vboxuser/workspaces/ros2_py_ws/install/sabry_hardware/include/sabry_hardware/sabry_hardware
[1.704s] -- Up-to-date: /home/vboxuser/workspaces/ros2_py_ws/install/sabry_hardware/include/sabry_hardware/sabry_hardware/msg
[1.704s] -- Up-to-date: /home/vboxuser/workspaces/ros2_py_ws/install/sabry_hardware/include/sabry_hardware/sabry_hardware/msg/rosidl_typesupport_fastrtps_c__visibility_control.h
[1.704s] -- Up-to-date: /home/vboxuser/workspaces/ros2_py_ws/install/sabry_hardware/include/sabry_hardware/sabry_hardware/srv
[1.704s] -- Up-to-date: /home/vboxuser/workspaces/ros2_py_ws/install/sabry_hardware/include/sabry_hardware/sabry_hardware/srv/detail
[1.704s] -- Up-to-date: /home/vboxuser/workspaces/ros2_py_ws/install/sabry_hardware/include/sabry_hardware/sabry_hardware/srv/detail/linear_motor__rosidl_typesupport_fastrtps_c.h
[1.704s] -- Up-to-date: /home/vboxuser/workspaces/ros2_py_ws/install/sabry_hardware/include/sabry_hardware/sabry_hardware/srv/detail/change_tool__rosidl_typesupport_fastrtps_c.h
[1.704s] -- Up-to-date: /home/vboxuser/workspaces/ros2_py_ws/install/sabry_hardware/lib/libsabry_hardware__rosidl_typesupport_fastrtps_c.so
[1.704s] -- Up-to-date: /home/vboxuser/workspaces/ros2_py_ws/install/sabry_hardware/include/sabry_hardware/sabry_hardware
[1.704s] -- Up-to-date: /home/vboxuser/workspaces/ros2_py_ws/install/sabry_hardware/include/sabry_hardware/sabry_hardware/msg
[1.704s] -- Up-to-date: /home/vboxuser/workspaces/ros2_py_ws/install/sabry_hardware/include/sabry_hardware/sabry_hardware/msg/rosidl_typesupport_introspection_c__visibility_control.h
[1.704s] -- Up-to-date: /home/vboxuser/workspaces/ros2_py_ws/install/sabry_hardware/include/sabry_hardware/sabry_hardware/srv
[1.704s] -- Up-to-date: /home/vboxuser/workspaces/ros2_py_ws/install/sabry_hardware/include/sabry_hardware/sabry_hardware/srv/detail
[1.705s] -- Up-to-date: /home/vboxuser/workspaces/ros2_py_ws/install/sabry_hardware/include/sabry_hardware/sabry_hardware/srv/detail/change_tool__rosidl_typesupport_introspection_c.h
[1.705s] -- Up-to-date: /home/vboxuser/workspaces/ros2_py_ws/install/sabry_hardware/include/sabry_hardware/sabry_hardware/srv/detail/change_tool__type_support.c
[1.705s] -- Up-to-date: /home/vboxuser/workspaces/ros2_py_ws/install/sabry_hardware/include/sabry_hardware/sabry_hardware/srv/detail/linear_motor__type_support.c
[1.705s] -- Up-to-date: /home/vboxuser/workspaces/ros2_py_ws/install/sabry_hardware/include/sabry_hardware/sabry_hardware/srv/detail/linear_motor__rosidl_typesupport_introspection_c.h
[1.705s] -- Up-to-date: /home/vboxuser/workspaces/ros2_py_ws/install/sabry_hardware/lib/libsabry_hardware__rosidl_typesupport_introspection_c.so
[1.705s] -- Up-to-date: /home/vboxuser/workspaces/ros2_py_ws/install/sabry_hardware/lib/libsabry_hardware__rosidl_typesupport_c.so
[1.705s] -- Up-to-date: /home/vboxuser/workspaces/ros2_py_ws/install/sabry_hardware/include/sabry_hardware/sabry_hardware
[1.705s] -- Up-to-date: /home/vboxuser/workspaces/ros2_py_ws/install/sabry_hardware/include/sabry_hardware/sabry_hardware/msg
[1.705s] -- Up-to-date: /home/vboxuser/workspaces/ros2_py_ws/install/sabry_hardware/include/sabry_hardware/sabry_hardware/msg/rosidl_generator_cpp__visibility_control.hpp
[1.705s] -- Up-to-date: /home/vboxuser/workspaces/ros2_py_ws/install/sabry_hardware/include/sabry_hardware/sabry_hardware/srv
[1.707s] -- Up-to-date: /home/vboxuser/workspaces/ros2_py_ws/install/sabry_hardware/include/sabry_hardware/sabry_hardware/srv/detail
[1.708s] -- Up-to-date: /home/vboxuser/workspaces/ros2_py_ws/install/sabry_hardware/include/sabry_hardware/sabry_hardware/srv/detail/change_tool__builder.hpp
[1.708s] -- Up-to-date: /home/vboxuser/workspaces/ros2_py_ws/install/sabry_hardware/include/sabry_hardware/sabry_hardware/srv/detail/change_tool__traits.hpp
[1.708s] -- Up-to-date: /home/vboxuser/workspaces/ros2_py_ws/install/sabry_hardware/include/sabry_hardware/sabry_hardware/srv/detail/linear_motor__traits.hpp
[1.708s] -- Up-to-date: /home/vboxuser/workspaces/ros2_py_ws/install/sabry_hardware/include/sabry_hardware/sabry_hardware/srv/detail/linear_motor__type_support.hpp
[1.708s] -- Up-to-date: /home/vboxuser/workspaces/ros2_py_ws/install/sabry_hardware/include/sabry_hardware/sabry_hardware/srv/detail/linear_motor__struct.hpp
[1.708s] -- Up-to-date: /home/vboxuser/workspaces/ros2_py_ws/install/sabry_hardware/include/sabry_hardware/sabry_hardware/srv/detail/change_tool__type_support.hpp
[1.709s] -- Up-to-date: /home/vboxuser/workspaces/ros2_py_ws/install/sabry_hardware/include/sabry_hardware/sabry_hardware/srv/detail/change_tool__struct.hpp
[1.709s] -- Up-to-date: /home/vboxuser/workspaces/ros2_py_ws/install/sabry_hardware/include/sabry_hardware/sabry_hardware/srv/detail/linear_motor__builder.hpp
[1.709s] -- Up-to-date: /home/vboxuser/workspaces/ros2_py_ws/install/sabry_hardware/include/sabry_hardware/sabry_hardware/srv/change_tool.hpp
[1.709s] -- Up-to-date: /home/vboxuser/workspaces/ros2_py_ws/install/sabry_hardware/include/sabry_hardware/sabry_hardware/srv/linear_motor.hpp
[1.709s] -- Up-to-date: /home/vboxuser/workspaces/ros2_py_ws/install/sabry_hardware/include/sabry_hardware/sabry_hardware
[1.709s] -- Up-to-date: /home/vboxuser/workspaces/ros2_py_ws/install/sabry_hardware/include/sabry_hardware/sabry_hardware/msg
[1.709s] -- Up-to-date: /home/vboxuser/workspaces/ros2_py_ws/install/sabry_hardware/include/sabry_hardware/sabry_hardware/msg/rosidl_typesupport_fastrtps_cpp__visibility_control.h
[1.709s] -- Up-to-date: /home/vboxuser/workspaces/ros2_py_ws/install/sabry_hardware/include/sabry_hardware/sabry_hardware/srv
[1.709s] -- Up-to-date: /home/vboxuser/workspaces/ros2_py_ws/install/sabry_hardware/include/sabry_hardware/sabry_hardware/srv/detail
[1.709s] -- Up-to-date: /home/vboxuser/workspaces/ros2_py_ws/install/sabry_hardware/include/sabry_hardware/sabry_hardware/srv/detail/dds_fastrtps
[1.710s] -- Up-to-date: /home/vboxuser/workspaces/ros2_py_ws/install/sabry_hardware/include/sabry_hardware/sabry_hardware/srv/detail/change_tool__rosidl_typesupport_fastrtps_cpp.hpp
[1.710s] -- Up-to-date: /home/vboxuser/workspaces/ros2_py_ws/install/sabry_hardware/include/sabry_hardware/sabry_hardware/srv/detail/linear_motor__rosidl_typesupport_fastrtps_cpp.hpp
[1.710s] -- Up-to-date: /home/vboxuser/workspaces/ros2_py_ws/install/sabry_hardware/lib/libsabry_hardware__rosidl_typesupport_fastrtps_cpp.so
[1.710s] -- Up-to-date: /home/vboxuser/workspaces/ros2_py_ws/install/sabry_hardware/include/sabry_hardware/sabry_hardware
[1.710s] -- Up-to-date: /home/vboxuser/workspaces/ros2_py_ws/install/sabry_hardware/include/sabry_hardware/sabry_hardware/srv
[1.710s] -- Up-to-date: /home/vboxuser/workspaces/ros2_py_ws/install/sabry_hardware/include/sabry_hardware/sabry_hardware/srv/detail
[1.710s] -- Up-to-date: /home/vboxuser/workspaces/ros2_py_ws/install/sabry_hardware/include/sabry_hardware/sabry_hardware/srv/detail/change_tool__rosidl_typesupport_introspection_cpp.hpp
[1.710s] -- Up-to-date: /home/vboxuser/workspaces/ros2_py_ws/install/sabry_hardware/include/sabry_hardware/sabry_hardware/srv/detail/linear_motor__type_support.cpp
[1.710s] -- Up-to-date: /home/vboxuser/workspaces/ros2_py_ws/install/sabry_hardware/include/sabry_hardware/sabry_hardware/srv/detail/change_tool__type_support.cpp
[1.710s] -- Up-to-date: /home/vboxuser/workspaces/ros2_py_ws/install/sabry_hardware/include/sabry_hardware/sabry_hardware/srv/detail/linear_motor__rosidl_typesupport_introspection_cpp.hpp
[1.710s] -- Up-to-date: /home/vboxuser/workspaces/ros2_py_ws/install/sabry_hardware/lib/libsabry_hardware__rosidl_typesupport_introspection_cpp.so
[1.713s] -- Up-to-date: /home/vboxuser/workspaces/ros2_py_ws/install/sabry_hardware/lib/libsabry_hardware__rosidl_typesupport_cpp.so
[1.717s] -- Up-to-date: /home/vboxuser/workspaces/ros2_py_ws/install/sabry_hardware/share/sabry_hardware/environment/pythonpath.sh
[1.718s] -- Up-to-date: /home/vboxuser/workspaces/ros2_py_ws/install/sabry_hardware/share/sabry_hardware/environment/pythonpath.dsv
[1.718s] -- Up-to-date: /home/vboxuser/workspaces/ros2_py_ws/install/sabry_hardware/local/lib/python3.10/dist-packages/sabry_hardware-0.0.0-py3.10.egg-info
[1.718s] -- Installing: /home/vboxuser/workspaces/ros2_py_ws/install/sabry_hardware/local/lib/python3.10/dist-packages/sabry_hardware-0.0.0-py3.10.egg-info/top_level.txt
[1.718s] -- Installing: /home/vboxuser/workspaces/ros2_py_ws/install/sabry_hardware/local/lib/python3.10/dist-packages/sabry_hardware-0.0.0-py3.10.egg-info/SOURCES.txt
[1.718s] -- Installing: /home/vboxuser/workspaces/ros2_py_ws/install/sabry_hardware/local/lib/python3.10/dist-packages/sabry_hardware-0.0.0-py3.10.egg-info/PKG-INFO
[1.718s] -- Installing: /home/vboxuser/workspaces/ros2_py_ws/install/sabry_hardware/local/lib/python3.10/dist-packages/sabry_hardware-0.0.0-py3.10.egg-info/dependency_links.txt
[1.718s] -- Up-to-date: /home/vboxuser/workspaces/ros2_py_ws/install/sabry_hardware/local/lib/python3.10/dist-packages/sabry_hardware
[1.718s] -- Up-to-date: /home/vboxuser/workspaces/ros2_py_ws/install/sabry_hardware/local/lib/python3.10/dist-packages/sabry_hardware/libsabry_hardware__rosidl_generator_py.so
[1.718s] -- Up-to-date: /home/vboxuser/workspaces/ros2_py_ws/install/sabry_hardware/local/lib/python3.10/dist-packages/sabry_hardware/srv
[1.718s] -- Up-to-date: /home/vboxuser/workspaces/ros2_py_ws/install/sabry_hardware/local/lib/python3.10/dist-packages/sabry_hardware/srv/_linear_motor_s.c
[1.718s] -- Up-to-date: /home/vboxuser/workspaces/ros2_py_ws/install/sabry_hardware/local/lib/python3.10/dist-packages/sabry_hardware/srv/__init__.py
[1.718s] -- Up-to-date: /home/vboxuser/workspaces/ros2_py_ws/install/sabry_hardware/local/lib/python3.10/dist-packages/sabry_hardware/srv/_change_tool.py
[1.718s] -- Up-to-date: /home/vboxuser/workspaces/ros2_py_ws/install/sabry_hardware/local/lib/python3.10/dist-packages/sabry_hardware/srv/_change_tool_s.c
[1.718s] -- Up-to-date: /home/vboxuser/workspaces/ros2_py_ws/install/sabry_hardware/local/lib/python3.10/dist-packages/sabry_hardware/srv/_linear_motor.py
[1.718s] -- Up-to-date: /home/vboxuser/workspaces/ros2_py_ws/install/sabry_hardware/local/lib/python3.10/dist-packages/sabry_hardware/sabry_hardware_s__rosidl_typesupport_fastrtps_c.cpython-310-x86_64-linux-gnu.so
[1.718s] -- Up-to-date: /home/vboxuser/workspaces/ros2_py_ws/install/sabry_hardware/local/lib/python3.10/dist-packages/sabry_hardware/_sabry_hardware_s.ep.rosidl_typesupport_fastrtps_c.c
[1.718s] -- Up-to-date: /home/vboxuser/workspaces/ros2_py_ws/install/sabry_hardware/local/lib/python3.10/dist-packages/sabry_hardware/sabry_hardware_s__rosidl_typesupport_introspection_c.cpython-310-x86_64-linux-gnu.so
[1.719s] -- Up-to-date: /home/vboxuser/workspaces/ros2_py_ws/install/sabry_hardware/local/lib/python3.10/dist-packages/sabry_hardware/__init__.py
[1.719s] -- Up-to-date: /home/vboxuser/workspaces/ros2_py_ws/install/sabry_hardware/local/lib/python3.10/dist-packages/sabry_hardware/sabry_hardware_s__rosidl_typesupport_c.cpython-310-x86_64-linux-gnu.so
[1.719s] -- Up-to-date: /home/vboxuser/workspaces/ros2_py_ws/install/sabry_hardware/local/lib/python3.10/dist-packages/sabry_hardware/_sabry_hardware_s.ep.rosidl_typesupport_c.c
[1.719s] -- Up-to-date: /home/vboxuser/workspaces/ros2_py_ws/install/sabry_hardware/local/lib/python3.10/dist-packages/sabry_hardware/_sabry_hardware_s.ep.rosidl_typesupport_introspection_c.c
[1.792s] Listing '/home/vboxuser/workspaces/ros2_py_ws/install/sabry_hardware/local/lib/python3.10/dist-packages/sabry_hardware'...
[1.793s] Listing '/home/vboxuser/workspaces/ros2_py_ws/install/sabry_hardware/local/lib/python3.10/dist-packages/sabry_hardware/srv'...
[1.826s] -- Up-to-date: /home/vboxuser/workspaces/ros2_py_ws/install/sabry_hardware/local/lib/python3.10/dist-packages/sabry_hardware/sabry_hardware_s__rosidl_typesupport_fastrtps_c.cpython-310-x86_64-linux-gnu.so
[1.826s] -- Up-to-date: /home/vboxuser/workspaces/ros2_py_ws/install/sabry_hardware/local/lib/python3.10/dist-packages/sabry_hardware/sabry_hardware_s__rosidl_typesupport_introspection_c.cpython-310-x86_64-linux-gnu.so
[1.826s] -- Up-to-date: /home/vboxuser/workspaces/ros2_py_ws/install/sabry_hardware/local/lib/python3.10/dist-packages/sabry_hardware/sabry_hardware_s__rosidl_typesupport_c.cpython-310-x86_64-linux-gnu.so
[1.826s] -- Up-to-date: /home/vboxuser/workspaces/ros2_py_ws/install/sabry_hardware/lib/libsabry_hardware__rosidl_generator_py.so
[1.826s] -- Up-to-date: /home/vboxuser/workspaces/ros2_py_ws/install/sabry_hardware/share/sabry_hardware/srv/LinearMotor.idl
[1.826s] -- Up-to-date: /home/vboxuser/workspaces/ros2_py_ws/install/sabry_hardware/share/sabry_hardware/srv/ChangeTool.idl
[1.826s] -- Up-to-date: /home/vboxuser/workspaces/ros2_py_ws/install/sabry_hardware/share/sabry_hardware/srv/LinearMotor.srv
[1.826s] -- Up-to-date: /home/vboxuser/workspaces/ros2_py_ws/install/sabry_hardware/share/sabry_hardware/srv/LinearMotor_Request.msg
[1.827s] -- Up-to-date: /home/vboxuser/workspaces/ros2_py_ws/install/sabry_hardware/share/sabry_hardware/srv/LinearMotor_Response.msg
[1.827s] -- Up-to-date: /home/vboxuser/workspaces/ros2_py_ws/install/sabry_hardware/share/sabry_hardware/srv/ChangeTool.srv
[1.827s] -- Up-to-date: /home/vboxuser/workspaces/ros2_py_ws/install/sabry_hardware/share/sabry_hardware/srv/ChangeTool_Request.msg
[1.827s] -- Up-to-date: /home/vboxuser/workspaces/ros2_py_ws/install/sabry_hardware/share/sabry_hardware/srv/ChangeTool_Response.msg
[1.827s] -- Up-to-date: /home/vboxuser/workspaces/ros2_py_ws/install/sabry_hardware/local/lib/python3.10/dist-packages/scripts-0.0.0-py3.10.egg-info
[1.827s] -- Installing: /home/vboxuser/workspaces/ros2_py_ws/install/sabry_hardware/local/lib/python3.10/dist-packages/scripts-0.0.0-py3.10.egg-info/top_level.txt
[1.827s] -- Installing: /home/vboxuser/workspaces/ros2_py_ws/install/sabry_hardware/local/lib/python3.10/dist-packages/scripts-0.0.0-py3.10.egg-info/SOURCES.txt
[1.827s] -- Installing: /home/vboxuser/workspaces/ros2_py_ws/install/sabry_hardware/local/lib/python3.10/dist-packages/scripts-0.0.0-py3.10.egg-info/PKG-INFO
[1.827s] -- Installing: /home/vboxuser/workspaces/ros2_py_ws/install/sabry_hardware/local/lib/python3.10/dist-packages/scripts-0.0.0-py3.10.egg-info/dependency_links.txt
[1.827s] -- Up-to-date: /home/vboxuser/workspaces/ros2_py_ws/install/sabry_hardware/local/lib/python3.10/dist-packages/scripts
[1.827s] -- Up-to-date: /home/vboxuser/workspaces/ros2_py_ws/install/sabry_hardware/local/lib/python3.10/dist-packages/scripts/add_two_ints_server.py
[1.827s] -- Installing: /home/vboxuser/workspaces/ros2_py_ws/install/sabry_hardware/local/lib/python3.10/dist-packages/scripts/tool_change_manager.py
[1.827s] -- Up-to-date: /home/vboxuser/workspaces/ros2_py_ws/install/sabry_hardware/local/lib/python3.10/dist-packages/scripts/templete.py
[1.827s] -- Up-to-date: /home/vboxuser/workspaces/ros2_py_ws/install/sabry_hardware/local/lib/python3.10/dist-packages/scripts/__init__.py
[1.827s] -- Up-to-date: /home/vboxuser/workspaces/ros2_py_ws/install/sabry_hardware/local/lib/python3.10/dist-packages/scripts/linear_motor_node.py
[1.867s] Listing '/home/vboxuser/workspaces/ros2_py_ws/install/sabry_hardware/local/lib/python3.10/dist-packages/scripts'...
[1.867s] Compiling '/home/vboxuser/workspaces/ros2_py_ws/install/sabry_hardware/local/lib/python3.10/dist-packages/scripts/tool_change_manager.py'...
[1.876s] -- Up-to-date: /home/vboxuser/workspaces/ros2_py_ws/install/sabry_hardware/lib/sabry_hardware/linear_motor_node.py
[1.877s] -- Up-to-date: /home/vboxuser/workspaces/ros2_py_ws/install/sabry_hardware/lib/sabry_hardware/add_two_ints_server.py
[1.877s] -- Installing: /home/vboxuser/workspaces/ros2_py_ws/install/sabry_hardware/lib/sabry_hardware/tool_change_manager.py
[1.881s] -- Up-to-date: /home/vboxuser/workspaces/ros2_py_ws/install/sabry_hardware/share/ament_index/resource_index/package_run_dependencies/sabry_hardware
[1.881s] -- Up-to-date: /home/vboxuser/workspaces/ros2_py_ws/install/sabry_hardware/share/ament_index/resource_index/parent_prefix_path/sabry_hardware
[1.883s] -- Up-to-date: /home/vboxuser/workspaces/ros2_py_ws/install/sabry_hardware/share/sabry_hardware/environment/ament_prefix_path.sh
[1.884s] -- Up-to-date: /home/vboxuser/workspaces/ros2_py_ws/install/sabry_hardware/share/sabry_hardware/environment/ament_prefix_path.dsv
[1.884s] -- Up-to-date: /home/vboxuser/workspaces/ros2_py_ws/install/sabry_hardware/share/sabry_hardware/environment/path.sh
[1.884s] -- Up-to-date: /home/vboxuser/workspaces/ros2_py_ws/install/sabry_hardware/share/sabry_hardware/environment/path.dsv
[1.884s] -- Up-to-date: /home/vboxuser/workspaces/ros2_py_ws/install/sabry_hardware/share/sabry_hardware/local_setup.bash
[1.884s] -- Up-to-date: /home/vboxuser/workspaces/ros2_py_ws/install/sabry_hardware/share/sabry_hardware/local_setup.sh
[1.884s] -- Up-to-date: /home/vboxuser/workspaces/ros2_py_ws/install/sabry_hardware/share/sabry_hardware/local_setup.zsh
[1.884s] -- Up-to-date: /home/vboxuser/workspaces/ros2_py_ws/install/sabry_hardware/share/sabry_hardware/local_setup.dsv
[1.884s] -- Installing: /home/vboxuser/workspaces/ros2_py_ws/install/sabry_hardware/share/sabry_hardware/package.dsv
[1.884s] -- Up-to-date: /home/vboxuser/workspaces/ros2_py_ws/install/sabry_hardware/share/ament_index/resource_index/packages/sabry_hardware
[1.884s] -- Up-to-date: /home/vboxuser/workspaces/ros2_py_ws/install/sabry_hardware/share/sabry_hardware/cmake/export_sabry_hardware__rosidl_generator_cExport.cmake
[1.886s] -- Up-to-date: /home/vboxuser/workspaces/ros2_py_ws/install/sabry_hardware/share/sabry_hardware/cmake/export_sabry_hardware__rosidl_generator_cExport-noconfig.cmake
[1.886s] -- Up-to-date: /home/vboxuser/workspaces/ros2_py_ws/install/sabry_hardware/share/sabry_hardware/cmake/export_sabry_hardware__rosidl_typesupport_fastrtps_cExport.cmake
[1.886s] -- Up-to-date: /home/vboxuser/workspaces/ros2_py_ws/install/sabry_hardware/share/sabry_hardware/cmake/export_sabry_hardware__rosidl_typesupport_fastrtps_cExport-noconfig.cmake
[1.886s] -- Up-to-date: /home/vboxuser/workspaces/ros2_py_ws/install/sabry_hardware/share/sabry_hardware/cmake/sabry_hardware__rosidl_typesupport_introspection_cExport.cmake
[1.887s] -- Up-to-date: /home/vboxuser/workspaces/ros2_py_ws/install/sabry_hardware/share/sabry_hardware/cmake/sabry_hardware__rosidl_typesupport_introspection_cExport-noconfig.cmake
[1.887s] -- Up-to-date: /home/vboxuser/workspaces/ros2_py_ws/install/sabry_hardware/share/sabry_hardware/cmake/sabry_hardware__rosidl_typesupport_cExport.cmake
[1.887s] -- Up-to-date: /home/vboxuser/workspaces/ros2_py_ws/install/sabry_hardware/share/sabry_hardware/cmake/sabry_hardware__rosidl_typesupport_cExport-noconfig.cmake
[1.887s] -- Up-to-date: /home/vboxuser/workspaces/ros2_py_ws/install/sabry_hardware/share/sabry_hardware/cmake/export_sabry_hardware__rosidl_generator_cppExport.cmake
[1.887s] -- Up-to-date: /home/vboxuser/workspaces/ros2_py_ws/install/sabry_hardware/share/sabry_hardware/cmake/export_sabry_hardware__rosidl_typesupport_fastrtps_cppExport.cmake
[1.887s] -- Up-to-date: /home/vboxuser/workspaces/ros2_py_ws/install/sabry_hardware/share/sabry_hardware/cmake/export_sabry_hardware__rosidl_typesupport_fastrtps_cppExport-noconfig.cmake
[1.887s] -- Up-to-date: /home/vboxuser/workspaces/ros2_py_ws/install/sabry_hardware/share/sabry_hardware/cmake/sabry_hardware__rosidl_typesupport_introspection_cppExport.cmake
[1.887s] -- Up-to-date: /home/vboxuser/workspaces/ros2_py_ws/install/sabry_hardware/share/sabry_hardware/cmake/sabry_hardware__rosidl_typesupport_introspection_cppExport-noconfig.cmake
[1.887s] -- Up-to-date: /home/vboxuser/workspaces/ros2_py_ws/install/sabry_hardware/share/sabry_hardware/cmake/sabry_hardware__rosidl_typesupport_cppExport.cmake
[1.887s] -- Up-to-date: /home/vboxuser/workspaces/ros2_py_ws/install/sabry_hardware/share/sabry_hardware/cmake/sabry_hardware__rosidl_typesupport_cppExport-noconfig.cmake
[1.887s] -- Up-to-date: /home/vboxuser/workspaces/ros2_py_ws/install/sabry_hardware/share/sabry_hardware/cmake/export_sabry_hardware__rosidl_generator_pyExport.cmake
[1.887s] -- Up-to-date: /home/vboxuser/workspaces/ros2_py_ws/install/sabry_hardware/share/sabry_hardware/cmake/export_sabry_hardware__rosidl_generator_pyExport-noconfig.cmake
[1.887s] -- Up-to-date: /home/vboxuser/workspaces/ros2_py_ws/install/sabry_hardware/share/sabry_hardware/cmake/rosidl_cmake-extras.cmake
[1.887s] -- Up-to-date: /home/vboxuser/workspaces/ros2_py_ws/install/sabry_hardware/share/sabry_hardware/cmake/ament_cmake_export_include_directories-extras.cmake
[1.887s] -- Up-to-date: /home/vboxuser/workspaces/ros2_py_ws/install/sabry_hardware/share/sabry_hardware/cmake/ament_cmake_export_libraries-extras.cmake
[1.887s] -- Up-to-date: /home/vboxuser/workspaces/ros2_py_ws/install/sabry_hardware/share/sabry_hardware/cmake/ament_cmake_export_targets-extras.cmake
[1.887s] -- Up-to-date: /home/vboxuser/workspaces/ros2_py_ws/install/sabry_hardware/share/sabry_hardware/cmake/rosidl_cmake_export_typesupport_targets-extras.cmake
[1.888s] -- Up-to-date: /home/vboxuser/workspaces/ros2_py_ws/install/sabry_hardware/share/sabry_hardware/cmake/ament_cmake_export_dependencies-extras.cmake
[1.888s] -- Up-to-date: /home/vboxuser/workspaces/ros2_py_ws/install/sabry_hardware/share/sabry_hardware/cmake/rosidl_cmake_export_typesupport_libraries-extras.cmake
[1.888s] -- Up-to-date: /home/vboxuser/workspaces/ros2_py_ws/install/sabry_hardware/share/sabry_hardware/cmake/sabry_hardwareConfig.cmake
[1.888s] -- Up-to-date: /home/vboxuser/workspaces/ros2_py_ws/install/sabry_hardware/share/sabry_hardware/cmake/sabry_hardwareConfig-version.cmake
[1.888s] -- Up-to-date: /home/vboxuser/workspaces/ros2_py_ws/install/sabry_hardware/share/sabry_hardware/package.xml
[1.903s] Invoked command in '/home/vboxuser/workspaces/ros2_py_ws/build/sabry_hardware' returned '0': CMAKE_PREFIX_PATH=${CMAKE_PREFIX_PATH}:/home/vboxuser/workspaces/ros2_py_ws/install/publisher:/opt/ros/humble /usr/bin/cmake --install /home/vboxuser/workspaces/ros2_py_ws/build/sabry_hardware
