[0.115s] Invoking command in '/home/vboxuser/workspaces/ros2_py_ws/build/micro_ros_msgs': CMAKE_PREFIX_PATH=${CMAKE_PREFIX_PATH}:/home/vboxuser/workspaces/ros2_py_ws/install/publisher:/opt/ros/humble /usr/bin/cmake --build /home/vboxuser/workspaces/ros2_py_ws/build/micro_ros_msgs -- -j5 -l5
[0.665s] [  2%] Built target micro_ros_msgs__cpp
[0.665s] [  2%] Built target ament_cmake_python_copy_micro_ros_msgs
[0.665s] [ 12%] Built target micro_ros_msgs__rosidl_typesupport_introspection_cpp
[1.050s] running egg_info
[1.052s] writing micro_ros_msgs.egg-info/PKG-INFO
[1.059s] writing dependency_links to micro_ros_msgs.egg-info/dependency_links.txt
[1.059s] writing top-level names to micro_ros_msgs.egg-info/top_level.txt
[1.059s] reading manifest file 'micro_ros_msgs.egg-info/SOURCES.txt'
[1.064s] writing manifest file 'micro_ros_msgs.egg-info/SOURCES.txt'
[1.126s] [ 12%] Built target ament_cmake_python_build_micro_ros_msgs_egg
[1.168s] [ 23%] Built target micro_ros_msgs__rosidl_typesupport_fastrtps_cpp
[1.276s] [ 34%] Built target micro_ros_msgs__rosidl_typesupport_cpp
[1.455s] [ 44%] Built target micro_ros_msgs__rosidl_generator_c
[1.630s] [ 55%] Built target micro_ros_msgs__rosidl_typesupport_fastrtps_c
[1.692s] [ 65%] Built target micro_ros_msgs__rosidl_typesupport_c
[1.792s] [ 76%] Built target micro_ros_msgs__rosidl_typesupport_introspection_c
[1.913s] [ 76%] Built target micro_ros_msgs
[1.998s] [ 78%] Built target micro_ros_msgs__py
[2.064s] [ 87%] Built target micro_ros_msgs__rosidl_generator_py
[2.113s] [ 91%] Built target micro_ros_msgs__rosidl_typesupport_fastrtps_c__pyext
[2.172s] [ 95%] Built target micro_ros_msgs__rosidl_typesupport_c__pyext
[2.211s] [100%] Built target micro_ros_msgs__rosidl_typesupport_introspection_c__pyext
[2.260s] Invoked command in '/home/vboxuser/workspaces/ros2_py_ws/build/micro_ros_msgs' returned '0': CMAKE_PREFIX_PATH=${CMAKE_PREFIX_PATH}:/home/vboxuser/workspaces/ros2_py_ws/install/publisher:/opt/ros/humble /usr/bin/cmake --build /home/vboxuser/workspaces/ros2_py_ws/build/micro_ros_msgs -- -j5 -l5
[2.260s] Invoking command in '/home/vboxuser/workspaces/ros2_py_ws/build/micro_ros_msgs': CMAKE_PREFIX_PATH=${CMAKE_PREFIX_PATH}:/home/vboxuser/workspaces/ros2_py_ws/install/publisher:/opt/ros/humble /usr/bin/cmake --install /home/vboxuser/workspaces/ros2_py_ws/build/micro_ros_msgs
[2.279s] -- Install configuration: ""
[2.284s] -- Up-to-date: /home/vboxuser/workspaces/ros2_py_ws/install/micro_ros_msgs/share/ament_index/resource_index/rosidl_interfaces/micro_ros_msgs
[2.284s] -- Up-to-date: /home/vboxuser/workspaces/ros2_py_ws/install/micro_ros_msgs/include/micro_ros_msgs/micro_ros_msgs
[2.284s] -- Up-to-date: /home/vboxuser/workspaces/ros2_py_ws/install/micro_ros_msgs/include/micro_ros_msgs/micro_ros_msgs/msg
[2.284s] -- Up-to-date: /home/vboxuser/workspaces/ros2_py_ws/install/micro_ros_msgs/include/micro_ros_msgs/micro_ros_msgs/msg/node.h
[2.284s] -- Up-to-date: /home/vboxuser/workspaces/ros2_py_ws/install/micro_ros_msgs/include/micro_ros_msgs/micro_ros_msgs/msg/detail
[2.284s] -- Up-to-date: /home/vboxuser/workspaces/ros2_py_ws/install/micro_ros_msgs/include/micro_ros_msgs/micro_ros_msgs/msg/detail/graph__functions.h
[2.284s] -- Up-to-date: /home/vboxuser/workspaces/ros2_py_ws/install/micro_ros_msgs/include/micro_ros_msgs/micro_ros_msgs/msg/detail/entity__functions.h
[2.284s] -- Up-to-date: /home/vboxuser/workspaces/ros2_py_ws/install/micro_ros_msgs/include/micro_ros_msgs/micro_ros_msgs/msg/detail/entity__functions.c
[2.284s] -- Up-to-date: /home/vboxuser/workspaces/ros2_py_ws/install/micro_ros_msgs/include/micro_ros_msgs/micro_ros_msgs/msg/detail/graph__struct.h
[2.284s] -- Up-to-date: /home/vboxuser/workspaces/ros2_py_ws/install/micro_ros_msgs/include/micro_ros_msgs/micro_ros_msgs/msg/detail/node__functions.h
[2.284s] -- Up-to-date: /home/vboxuser/workspaces/ros2_py_ws/install/micro_ros_msgs/include/micro_ros_msgs/micro_ros_msgs/msg/detail/node__struct.h
[2.284s] -- Up-to-date: /home/vboxuser/workspaces/ros2_py_ws/install/micro_ros_msgs/include/micro_ros_msgs/micro_ros_msgs/msg/detail/node__type_support.h
[2.285s] -- Up-to-date: /home/vboxuser/workspaces/ros2_py_ws/install/micro_ros_msgs/include/micro_ros_msgs/micro_ros_msgs/msg/detail/entity__struct.h
[2.285s] -- Up-to-date: /home/vboxuser/workspaces/ros2_py_ws/install/micro_ros_msgs/include/micro_ros_msgs/micro_ros_msgs/msg/detail/graph__type_support.h
[2.285s] -- Up-to-date: /home/vboxuser/workspaces/ros2_py_ws/install/micro_ros_msgs/include/micro_ros_msgs/micro_ros_msgs/msg/detail/entity__type_support.h
[2.285s] -- Up-to-date: /home/vboxuser/workspaces/ros2_py_ws/install/micro_ros_msgs/include/micro_ros_msgs/micro_ros_msgs/msg/detail/node__functions.c
[2.285s] -- Up-to-date: /home/vboxuser/workspaces/ros2_py_ws/install/micro_ros_msgs/include/micro_ros_msgs/micro_ros_msgs/msg/detail/graph__functions.c
[2.285s] -- Up-to-date: /home/vboxuser/workspaces/ros2_py_ws/install/micro_ros_msgs/include/micro_ros_msgs/micro_ros_msgs/msg/graph.h
[2.285s] -- Up-to-date: /home/vboxuser/workspaces/ros2_py_ws/install/micro_ros_msgs/include/micro_ros_msgs/micro_ros_msgs/msg/rosidl_generator_c__visibility_control.h
[2.286s] -- Up-to-date: /home/vboxuser/workspaces/ros2_py_ws/install/micro_ros_msgs/include/micro_ros_msgs/micro_ros_msgs/msg/entity.h
[2.286s] -- Up-to-date: /home/vboxuser/workspaces/ros2_py_ws/install/micro_ros_msgs/share/micro_ros_msgs/environment/library_path.sh
[2.286s] -- Up-to-date: /home/vboxuser/workspaces/ros2_py_ws/install/micro_ros_msgs/share/micro_ros_msgs/environment/library_path.dsv
[2.286s] -- Up-to-date: /home/vboxuser/workspaces/ros2_py_ws/install/micro_ros_msgs/lib/libmicro_ros_msgs__rosidl_generator_c.so
[2.286s] -- Up-to-date: /home/vboxuser/workspaces/ros2_py_ws/install/micro_ros_msgs/include/micro_ros_msgs/micro_ros_msgs
[2.286s] -- Up-to-date: /home/vboxuser/workspaces/ros2_py_ws/install/micro_ros_msgs/include/micro_ros_msgs/micro_ros_msgs/msg
[2.286s] -- Up-to-date: /home/vboxuser/workspaces/ros2_py_ws/install/micro_ros_msgs/include/micro_ros_msgs/micro_ros_msgs/msg/detail
[2.286s] -- Up-to-date: /home/vboxuser/workspaces/ros2_py_ws/install/micro_ros_msgs/include/micro_ros_msgs/micro_ros_msgs/msg/detail/entity__rosidl_typesupport_fastrtps_c.h
[2.287s] -- Up-to-date: /home/vboxuser/workspaces/ros2_py_ws/install/micro_ros_msgs/include/micro_ros_msgs/micro_ros_msgs/msg/detail/graph__rosidl_typesupport_fastrtps_c.h
[2.287s] -- Up-to-date: /home/vboxuser/workspaces/ros2_py_ws/install/micro_ros_msgs/include/micro_ros_msgs/micro_ros_msgs/msg/detail/node__rosidl_typesupport_fastrtps_c.h
[2.303s] -- Up-to-date: /home/vboxuser/workspaces/ros2_py_ws/install/micro_ros_msgs/include/micro_ros_msgs/micro_ros_msgs/msg/rosidl_typesupport_fastrtps_c__visibility_control.h
[2.303s] -- Up-to-date: /home/vboxuser/workspaces/ros2_py_ws/install/micro_ros_msgs/lib/libmicro_ros_msgs__rosidl_typesupport_fastrtps_c.so
[2.303s] -- Up-to-date: /home/vboxuser/workspaces/ros2_py_ws/install/micro_ros_msgs/include/micro_ros_msgs/micro_ros_msgs
[2.303s] -- Up-to-date: /home/vboxuser/workspaces/ros2_py_ws/install/micro_ros_msgs/include/micro_ros_msgs/micro_ros_msgs/msg
[2.303s] -- Up-to-date: /home/vboxuser/workspaces/ros2_py_ws/install/micro_ros_msgs/include/micro_ros_msgs/micro_ros_msgs/msg/detail
[2.303s] -- Up-to-date: /home/vboxuser/workspaces/ros2_py_ws/install/micro_ros_msgs/include/micro_ros_msgs/micro_ros_msgs/msg/detail/graph__rosidl_typesupport_introspection_c.h
[2.303s] -- Up-to-date: /home/vboxuser/workspaces/ros2_py_ws/install/micro_ros_msgs/include/micro_ros_msgs/micro_ros_msgs/msg/detail/entity__type_support.c
[2.303s] -- Up-to-date: /home/vboxuser/workspaces/ros2_py_ws/install/micro_ros_msgs/include/micro_ros_msgs/micro_ros_msgs/msg/detail/graph__type_support.c
[2.303s] -- Up-to-date: /home/vboxuser/workspaces/ros2_py_ws/install/micro_ros_msgs/include/micro_ros_msgs/micro_ros_msgs/msg/detail/node__type_support.c
[2.304s] -- Up-to-date: /home/vboxuser/workspaces/ros2_py_ws/install/micro_ros_msgs/include/micro_ros_msgs/micro_ros_msgs/msg/detail/entity__rosidl_typesupport_introspection_c.h
[2.304s] -- Up-to-date: /home/vboxuser/workspaces/ros2_py_ws/install/micro_ros_msgs/include/micro_ros_msgs/micro_ros_msgs/msg/detail/node__rosidl_typesupport_introspection_c.h
[2.304s] -- Up-to-date: /home/vboxuser/workspaces/ros2_py_ws/install/micro_ros_msgs/include/micro_ros_msgs/micro_ros_msgs/msg/rosidl_typesupport_introspection_c__visibility_control.h
[2.304s] -- Up-to-date: /home/vboxuser/workspaces/ros2_py_ws/install/micro_ros_msgs/lib/libmicro_ros_msgs__rosidl_typesupport_introspection_c.so
[2.304s] -- Up-to-date: /home/vboxuser/workspaces/ros2_py_ws/install/micro_ros_msgs/lib/libmicro_ros_msgs__rosidl_typesupport_c.so
[2.304s] -- Up-to-date: /home/vboxuser/workspaces/ros2_py_ws/install/micro_ros_msgs/include/micro_ros_msgs/micro_ros_msgs
[2.304s] -- Up-to-date: /home/vboxuser/workspaces/ros2_py_ws/install/micro_ros_msgs/include/micro_ros_msgs/micro_ros_msgs/msg
[2.304s] -- Up-to-date: /home/vboxuser/workspaces/ros2_py_ws/install/micro_ros_msgs/include/micro_ros_msgs/micro_ros_msgs/msg/detail
[2.304s] -- Up-to-date: /home/vboxuser/workspaces/ros2_py_ws/install/micro_ros_msgs/include/micro_ros_msgs/micro_ros_msgs/msg/detail/entity__struct.hpp
[2.304s] -- Up-to-date: /home/vboxuser/workspaces/ros2_py_ws/install/micro_ros_msgs/include/micro_ros_msgs/micro_ros_msgs/msg/detail/graph__struct.hpp
[2.304s] -- Up-to-date: /home/vboxuser/workspaces/ros2_py_ws/install/micro_ros_msgs/include/micro_ros_msgs/micro_ros_msgs/msg/detail/graph__type_support.hpp
[2.305s] -- Up-to-date: /home/vboxuser/workspaces/ros2_py_ws/install/micro_ros_msgs/include/micro_ros_msgs/micro_ros_msgs/msg/detail/graph__traits.hpp
[2.305s] -- Up-to-date: /home/vboxuser/workspaces/ros2_py_ws/install/micro_ros_msgs/include/micro_ros_msgs/micro_ros_msgs/msg/detail/entity__traits.hpp
[2.305s] -- Up-to-date: /home/vboxuser/workspaces/ros2_py_ws/install/micro_ros_msgs/include/micro_ros_msgs/micro_ros_msgs/msg/detail/node__traits.hpp
[2.305s] -- Up-to-date: /home/vboxuser/workspaces/ros2_py_ws/install/micro_ros_msgs/include/micro_ros_msgs/micro_ros_msgs/msg/detail/node__builder.hpp
[2.305s] -- Up-to-date: /home/vboxuser/workspaces/ros2_py_ws/install/micro_ros_msgs/include/micro_ros_msgs/micro_ros_msgs/msg/detail/graph__builder.hpp
[2.305s] -- Up-to-date: /home/vboxuser/workspaces/ros2_py_ws/install/micro_ros_msgs/include/micro_ros_msgs/micro_ros_msgs/msg/detail/entity__type_support.hpp
[2.305s] -- Up-to-date: /home/vboxuser/workspaces/ros2_py_ws/install/micro_ros_msgs/include/micro_ros_msgs/micro_ros_msgs/msg/detail/entity__builder.hpp
[2.305s] -- Up-to-date: /home/vboxuser/workspaces/ros2_py_ws/install/micro_ros_msgs/include/micro_ros_msgs/micro_ros_msgs/msg/detail/node__type_support.hpp
[2.305s] -- Up-to-date: /home/vboxuser/workspaces/ros2_py_ws/install/micro_ros_msgs/include/micro_ros_msgs/micro_ros_msgs/msg/detail/node__struct.hpp
[2.305s] -- Up-to-date: /home/vboxuser/workspaces/ros2_py_ws/install/micro_ros_msgs/include/micro_ros_msgs/micro_ros_msgs/msg/entity.hpp
[2.305s] -- Up-to-date: /home/vboxuser/workspaces/ros2_py_ws/install/micro_ros_msgs/include/micro_ros_msgs/micro_ros_msgs/msg/rosidl_generator_cpp__visibility_control.hpp
[2.305s] -- Up-to-date: /home/vboxuser/workspaces/ros2_py_ws/install/micro_ros_msgs/include/micro_ros_msgs/micro_ros_msgs/msg/graph.hpp
[2.305s] -- Up-to-date: /home/vboxuser/workspaces/ros2_py_ws/install/micro_ros_msgs/include/micro_ros_msgs/micro_ros_msgs/msg/node.hpp
[2.306s] -- Up-to-date: /home/vboxuser/workspaces/ros2_py_ws/install/micro_ros_msgs/include/micro_ros_msgs/micro_ros_msgs
[2.306s] -- Up-to-date: /home/vboxuser/workspaces/ros2_py_ws/install/micro_ros_msgs/include/micro_ros_msgs/micro_ros_msgs/msg
[2.306s] -- Up-to-date: /home/vboxuser/workspaces/ros2_py_ws/install/micro_ros_msgs/include/micro_ros_msgs/micro_ros_msgs/msg/detail
[2.306s] -- Up-to-date: /home/vboxuser/workspaces/ros2_py_ws/install/micro_ros_msgs/include/micro_ros_msgs/micro_ros_msgs/msg/detail/entity__rosidl_typesupport_fastrtps_cpp.hpp
[2.306s] -- Up-to-date: /home/vboxuser/workspaces/ros2_py_ws/install/micro_ros_msgs/include/micro_ros_msgs/micro_ros_msgs/msg/detail/dds_fastrtps
[2.306s] -- Up-to-date: /home/vboxuser/workspaces/ros2_py_ws/install/micro_ros_msgs/include/micro_ros_msgs/micro_ros_msgs/msg/detail/graph__rosidl_typesupport_fastrtps_cpp.hpp
[2.306s] -- Up-to-date: /home/vboxuser/workspaces/ros2_py_ws/install/micro_ros_msgs/include/micro_ros_msgs/micro_ros_msgs/msg/detail/node__rosidl_typesupport_fastrtps_cpp.hpp
[2.306s] -- Up-to-date: /home/vboxuser/workspaces/ros2_py_ws/install/micro_ros_msgs/include/micro_ros_msgs/micro_ros_msgs/msg/rosidl_typesupport_fastrtps_cpp__visibility_control.h
[2.306s] -- Up-to-date: /home/vboxuser/workspaces/ros2_py_ws/install/micro_ros_msgs/lib/libmicro_ros_msgs__rosidl_typesupport_fastrtps_cpp.so
[2.306s] -- Up-to-date: /home/vboxuser/workspaces/ros2_py_ws/install/micro_ros_msgs/include/micro_ros_msgs/micro_ros_msgs
[2.306s] -- Up-to-date: /home/vboxuser/workspaces/ros2_py_ws/install/micro_ros_msgs/include/micro_ros_msgs/micro_ros_msgs/msg
[2.306s] -- Up-to-date: /home/vboxuser/workspaces/ros2_py_ws/install/micro_ros_msgs/include/micro_ros_msgs/micro_ros_msgs/msg/detail
[2.306s] -- Up-to-date: /home/vboxuser/workspaces/ros2_py_ws/install/micro_ros_msgs/include/micro_ros_msgs/micro_ros_msgs/msg/detail/graph__rosidl_typesupport_introspection_cpp.hpp
[2.306s] -- Up-to-date: /home/vboxuser/workspaces/ros2_py_ws/install/micro_ros_msgs/include/micro_ros_msgs/micro_ros_msgs/msg/detail/node__rosidl_typesupport_introspection_cpp.hpp
[2.306s] -- Up-to-date: /home/vboxuser/workspaces/ros2_py_ws/install/micro_ros_msgs/include/micro_ros_msgs/micro_ros_msgs/msg/detail/entity__rosidl_typesupport_introspection_cpp.hpp
[2.306s] -- Up-to-date: /home/vboxuser/workspaces/ros2_py_ws/install/micro_ros_msgs/include/micro_ros_msgs/micro_ros_msgs/msg/detail/node__type_support.cpp
[2.306s] -- Up-to-date: /home/vboxuser/workspaces/ros2_py_ws/install/micro_ros_msgs/include/micro_ros_msgs/micro_ros_msgs/msg/detail/graph__type_support.cpp
[2.307s] -- Up-to-date: /home/vboxuser/workspaces/ros2_py_ws/install/micro_ros_msgs/include/micro_ros_msgs/micro_ros_msgs/msg/detail/entity__type_support.cpp
[2.307s] -- Up-to-date: /home/vboxuser/workspaces/ros2_py_ws/install/micro_ros_msgs/lib/libmicro_ros_msgs__rosidl_typesupport_introspection_cpp.so
[2.307s] -- Up-to-date: /home/vboxuser/workspaces/ros2_py_ws/install/micro_ros_msgs/lib/libmicro_ros_msgs__rosidl_typesupport_cpp.so
[2.307s] -- Up-to-date: /home/vboxuser/workspaces/ros2_py_ws/install/micro_ros_msgs/share/micro_ros_msgs/environment/pythonpath.sh
[2.307s] -- Up-to-date: /home/vboxuser/workspaces/ros2_py_ws/install/micro_ros_msgs/share/micro_ros_msgs/environment/pythonpath.dsv
[2.307s] -- Up-to-date: /home/vboxuser/workspaces/ros2_py_ws/install/micro_ros_msgs/local/lib/python3.10/dist-packages/micro_ros_msgs-3.0.1-py3.10.egg-info
[2.307s] -- Installing: /home/vboxuser/workspaces/ros2_py_ws/install/micro_ros_msgs/local/lib/python3.10/dist-packages/micro_ros_msgs-3.0.1-py3.10.egg-info/top_level.txt
[2.307s] -- Installing: /home/vboxuser/workspaces/ros2_py_ws/install/micro_ros_msgs/local/lib/python3.10/dist-packages/micro_ros_msgs-3.0.1-py3.10.egg-info/SOURCES.txt
[2.307s] -- Installing: /home/vboxuser/workspaces/ros2_py_ws/install/micro_ros_msgs/local/lib/python3.10/dist-packages/micro_ros_msgs-3.0.1-py3.10.egg-info/PKG-INFO
[2.307s] -- Installing: /home/vboxuser/workspaces/ros2_py_ws/install/micro_ros_msgs/local/lib/python3.10/dist-packages/micro_ros_msgs-3.0.1-py3.10.egg-info/dependency_links.txt
[2.307s] -- Up-to-date: /home/vboxuser/workspaces/ros2_py_ws/install/micro_ros_msgs/local/lib/python3.10/dist-packages/micro_ros_msgs
[2.307s] -- Up-to-date: /home/vboxuser/workspaces/ros2_py_ws/install/micro_ros_msgs/local/lib/python3.10/dist-packages/micro_ros_msgs/_micro_ros_msgs_s.ep.rosidl_typesupport_c.c
[2.307s] -- Up-to-date: /home/vboxuser/workspaces/ros2_py_ws/install/micro_ros_msgs/local/lib/python3.10/dist-packages/micro_ros_msgs/_micro_ros_msgs_s.ep.rosidl_typesupport_introspection_c.c
[2.307s] -- Up-to-date: /home/vboxuser/workspaces/ros2_py_ws/install/micro_ros_msgs/local/lib/python3.10/dist-packages/micro_ros_msgs/msg
[2.307s] -- Up-to-date: /home/vboxuser/workspaces/ros2_py_ws/install/micro_ros_msgs/local/lib/python3.10/dist-packages/micro_ros_msgs/msg/_entity.py
[2.307s] -- Up-to-date: /home/vboxuser/workspaces/ros2_py_ws/install/micro_ros_msgs/local/lib/python3.10/dist-packages/micro_ros_msgs/msg/_graph.py
[2.307s] -- Up-to-date: /home/vboxuser/workspaces/ros2_py_ws/install/micro_ros_msgs/local/lib/python3.10/dist-packages/micro_ros_msgs/msg/_entity_s.c
[2.307s] -- Up-to-date: /home/vboxuser/workspaces/ros2_py_ws/install/micro_ros_msgs/local/lib/python3.10/dist-packages/micro_ros_msgs/msg/__init__.py
[2.307s] -- Up-to-date: /home/vboxuser/workspaces/ros2_py_ws/install/micro_ros_msgs/local/lib/python3.10/dist-packages/micro_ros_msgs/msg/_node_s.c
[2.307s] -- Up-to-date: /home/vboxuser/workspaces/ros2_py_ws/install/micro_ros_msgs/local/lib/python3.10/dist-packages/micro_ros_msgs/msg/_graph_s.c
[2.307s] -- Up-to-date: /home/vboxuser/workspaces/ros2_py_ws/install/micro_ros_msgs/local/lib/python3.10/dist-packages/micro_ros_msgs/msg/_node.py
[2.308s] -- Up-to-date: /home/vboxuser/workspaces/ros2_py_ws/install/micro_ros_msgs/local/lib/python3.10/dist-packages/micro_ros_msgs/libmicro_ros_msgs__rosidl_generator_py.so
[2.308s] -- Up-to-date: /home/vboxuser/workspaces/ros2_py_ws/install/micro_ros_msgs/local/lib/python3.10/dist-packages/micro_ros_msgs/micro_ros_msgs_s__rosidl_typesupport_introspection_c.cpython-310-x86_64-linux-gnu.so
[2.308s] -- Up-to-date: /home/vboxuser/workspaces/ros2_py_ws/install/micro_ros_msgs/local/lib/python3.10/dist-packages/micro_ros_msgs/micro_ros_msgs_s__rosidl_typesupport_fastrtps_c.cpython-310-x86_64-linux-gnu.so
[2.308s] -- Up-to-date: /home/vboxuser/workspaces/ros2_py_ws/install/micro_ros_msgs/local/lib/python3.10/dist-packages/micro_ros_msgs/__init__.py
[2.308s] -- Up-to-date: /home/vboxuser/workspaces/ros2_py_ws/install/micro_ros_msgs/local/lib/python3.10/dist-packages/micro_ros_msgs/micro_ros_msgs_s__rosidl_typesupport_c.cpython-310-x86_64-linux-gnu.so
[2.308s] -- Up-to-date: /home/vboxuser/workspaces/ros2_py_ws/install/micro_ros_msgs/local/lib/python3.10/dist-packages/micro_ros_msgs/_micro_ros_msgs_s.ep.rosidl_typesupport_fastrtps_c.c
[2.351s] Listing '/home/vboxuser/workspaces/ros2_py_ws/install/micro_ros_msgs/local/lib/python3.10/dist-packages/micro_ros_msgs'...
[2.351s] Listing '/home/vboxuser/workspaces/ros2_py_ws/install/micro_ros_msgs/local/lib/python3.10/dist-packages/micro_ros_msgs/msg'...
[2.365s] -- Up-to-date: /home/vboxuser/workspaces/ros2_py_ws/install/micro_ros_msgs/local/lib/python3.10/dist-packages/micro_ros_msgs/micro_ros_msgs_s__rosidl_typesupport_fastrtps_c.cpython-310-x86_64-linux-gnu.so
[2.372s] -- Up-to-date: /home/vboxuser/workspaces/ros2_py_ws/install/micro_ros_msgs/local/lib/python3.10/dist-packages/micro_ros_msgs/micro_ros_msgs_s__rosidl_typesupport_introspection_c.cpython-310-x86_64-linux-gnu.so
[2.376s] -- Up-to-date: /home/vboxuser/workspaces/ros2_py_ws/install/micro_ros_msgs/local/lib/python3.10/dist-packages/micro_ros_msgs/micro_ros_msgs_s__rosidl_typesupport_c.cpython-310-x86_64-linux-gnu.so
[2.376s] -- Up-to-date: /home/vboxuser/workspaces/ros2_py_ws/install/micro_ros_msgs/lib/libmicro_ros_msgs__rosidl_generator_py.so
[2.376s] -- Up-to-date: /home/vboxuser/workspaces/ros2_py_ws/install/micro_ros_msgs/share/micro_ros_msgs/msg/Graph.idl
[2.376s] -- Up-to-date: /home/vboxuser/workspaces/ros2_py_ws/install/micro_ros_msgs/share/micro_ros_msgs/msg/Node.idl
[2.376s] -- Up-to-date: /home/vboxuser/workspaces/ros2_py_ws/install/micro_ros_msgs/share/micro_ros_msgs/msg/Entity.idl
[2.376s] -- Up-to-date: /home/vboxuser/workspaces/ros2_py_ws/install/micro_ros_msgs/share/micro_ros_msgs/msg/Graph.msg
[2.376s] -- Up-to-date: /home/vboxuser/workspaces/ros2_py_ws/install/micro_ros_msgs/share/micro_ros_msgs/msg/Node.msg
[2.376s] -- Up-to-date: /home/vboxuser/workspaces/ros2_py_ws/install/micro_ros_msgs/share/micro_ros_msgs/msg/Entity.msg
[2.376s] -- Up-to-date: /home/vboxuser/workspaces/ros2_py_ws/install/micro_ros_msgs/share/ament_index/resource_index/package_run_dependencies/micro_ros_msgs
[2.376s] -- Up-to-date: /home/vboxuser/workspaces/ros2_py_ws/install/micro_ros_msgs/share/ament_index/resource_index/parent_prefix_path/micro_ros_msgs
[2.376s] -- Up-to-date: /home/vboxuser/workspaces/ros2_py_ws/install/micro_ros_msgs/share/micro_ros_msgs/environment/ament_prefix_path.sh
[2.376s] -- Up-to-date: /home/vboxuser/workspaces/ros2_py_ws/install/micro_ros_msgs/share/micro_ros_msgs/environment/ament_prefix_path.dsv
[2.376s] -- Up-to-date: /home/vboxuser/workspaces/ros2_py_ws/install/micro_ros_msgs/share/micro_ros_msgs/environment/path.sh
[2.376s] -- Up-to-date: /home/vboxuser/workspaces/ros2_py_ws/install/micro_ros_msgs/share/micro_ros_msgs/environment/path.dsv
[2.376s] -- Up-to-date: /home/vboxuser/workspaces/ros2_py_ws/install/micro_ros_msgs/share/micro_ros_msgs/local_setup.bash
[2.377s] -- Up-to-date: /home/vboxuser/workspaces/ros2_py_ws/install/micro_ros_msgs/share/micro_ros_msgs/local_setup.sh
[2.377s] -- Up-to-date: /home/vboxuser/workspaces/ros2_py_ws/install/micro_ros_msgs/share/micro_ros_msgs/local_setup.zsh
[2.377s] -- Up-to-date: /home/vboxuser/workspaces/ros2_py_ws/install/micro_ros_msgs/share/micro_ros_msgs/local_setup.dsv
[2.377s] -- Installing: /home/vboxuser/workspaces/ros2_py_ws/install/micro_ros_msgs/share/micro_ros_msgs/package.dsv
[2.377s] -- Up-to-date: /home/vboxuser/workspaces/ros2_py_ws/install/micro_ros_msgs/share/ament_index/resource_index/packages/micro_ros_msgs
[2.377s] -- Up-to-date: /home/vboxuser/workspaces/ros2_py_ws/install/micro_ros_msgs/share/micro_ros_msgs/cmake/export_micro_ros_msgs__rosidl_generator_cExport.cmake
[2.377s] -- Up-to-date: /home/vboxuser/workspaces/ros2_py_ws/install/micro_ros_msgs/share/micro_ros_msgs/cmake/export_micro_ros_msgs__rosidl_generator_cExport-noconfig.cmake
[2.377s] -- Up-to-date: /home/vboxuser/workspaces/ros2_py_ws/install/micro_ros_msgs/share/micro_ros_msgs/cmake/export_micro_ros_msgs__rosidl_typesupport_fastrtps_cExport.cmake
[2.377s] -- Up-to-date: /home/vboxuser/workspaces/ros2_py_ws/install/micro_ros_msgs/share/micro_ros_msgs/cmake/export_micro_ros_msgs__rosidl_typesupport_fastrtps_cExport-noconfig.cmake
[2.377s] -- Up-to-date: /home/vboxuser/workspaces/ros2_py_ws/install/micro_ros_msgs/share/micro_ros_msgs/cmake/micro_ros_msgs__rosidl_typesupport_introspection_cExport.cmake
[2.377s] -- Up-to-date: /home/vboxuser/workspaces/ros2_py_ws/install/micro_ros_msgs/share/micro_ros_msgs/cmake/micro_ros_msgs__rosidl_typesupport_introspection_cExport-noconfig.cmake
[2.377s] -- Up-to-date: /home/vboxuser/workspaces/ros2_py_ws/install/micro_ros_msgs/share/micro_ros_msgs/cmake/micro_ros_msgs__rosidl_typesupport_cExport.cmake
[2.377s] -- Up-to-date: /home/vboxuser/workspaces/ros2_py_ws/install/micro_ros_msgs/share/micro_ros_msgs/cmake/micro_ros_msgs__rosidl_typesupport_cExport-noconfig.cmake
[2.377s] -- Up-to-date: /home/vboxuser/workspaces/ros2_py_ws/install/micro_ros_msgs/share/micro_ros_msgs/cmake/export_micro_ros_msgs__rosidl_generator_cppExport.cmake
[2.378s] -- Up-to-date: /home/vboxuser/workspaces/ros2_py_ws/install/micro_ros_msgs/share/micro_ros_msgs/cmake/export_micro_ros_msgs__rosidl_typesupport_fastrtps_cppExport.cmake
[2.378s] -- Up-to-date: /home/vboxuser/workspaces/ros2_py_ws/install/micro_ros_msgs/share/micro_ros_msgs/cmake/export_micro_ros_msgs__rosidl_typesupport_fastrtps_cppExport-noconfig.cmake
[2.379s] -- Up-to-date: /home/vboxuser/workspaces/ros2_py_ws/install/micro_ros_msgs/share/micro_ros_msgs/cmake/micro_ros_msgs__rosidl_typesupport_introspection_cppExport.cmake
[2.379s] -- Up-to-date: /home/vboxuser/workspaces/ros2_py_ws/install/micro_ros_msgs/share/micro_ros_msgs/cmake/micro_ros_msgs__rosidl_typesupport_introspection_cppExport-noconfig.cmake
[2.379s] -- Up-to-date: /home/vboxuser/workspaces/ros2_py_ws/install/micro_ros_msgs/share/micro_ros_msgs/cmake/micro_ros_msgs__rosidl_typesupport_cppExport.cmake
[2.379s] -- Up-to-date: /home/vboxuser/workspaces/ros2_py_ws/install/micro_ros_msgs/share/micro_ros_msgs/cmake/micro_ros_msgs__rosidl_typesupport_cppExport-noconfig.cmake
[2.379s] -- Up-to-date: /home/vboxuser/workspaces/ros2_py_ws/install/micro_ros_msgs/share/micro_ros_msgs/cmake/export_micro_ros_msgs__rosidl_generator_pyExport.cmake
[2.379s] -- Up-to-date: /home/vboxuser/workspaces/ros2_py_ws/install/micro_ros_msgs/share/micro_ros_msgs/cmake/export_micro_ros_msgs__rosidl_generator_pyExport-noconfig.cmake
[2.379s] -- Up-to-date: /home/vboxuser/workspaces/ros2_py_ws/install/micro_ros_msgs/share/micro_ros_msgs/cmake/rosidl_cmake-extras.cmake
[2.379s] -- Up-to-date: /home/vboxuser/workspaces/ros2_py_ws/install/micro_ros_msgs/share/micro_ros_msgs/cmake/ament_cmake_export_include_directories-extras.cmake
[2.379s] -- Up-to-date: /home/vboxuser/workspaces/ros2_py_ws/install/micro_ros_msgs/share/micro_ros_msgs/cmake/ament_cmake_export_libraries-extras.cmake
[2.379s] -- Up-to-date: /home/vboxuser/workspaces/ros2_py_ws/install/micro_ros_msgs/share/micro_ros_msgs/cmake/ament_cmake_export_targets-extras.cmake
[2.379s] -- Up-to-date: /home/vboxuser/workspaces/ros2_py_ws/install/micro_ros_msgs/share/micro_ros_msgs/cmake/rosidl_cmake_export_typesupport_targets-extras.cmake
[2.379s] -- Up-to-date: /home/vboxuser/workspaces/ros2_py_ws/install/micro_ros_msgs/share/micro_ros_msgs/cmake/ament_cmake_export_dependencies-extras.cmake
[2.379s] -- Up-to-date: /home/vboxuser/workspaces/ros2_py_ws/install/micro_ros_msgs/share/micro_ros_msgs/cmake/rosidl_cmake_export_typesupport_libraries-extras.cmake
[2.379s] -- Up-to-date: /home/vboxuser/workspaces/ros2_py_ws/install/micro_ros_msgs/share/micro_ros_msgs/cmake/micro_ros_msgsConfig.cmake
[2.380s] -- Up-to-date: /home/vboxuser/workspaces/ros2_py_ws/install/micro_ros_msgs/share/micro_ros_msgs/cmake/micro_ros_msgsConfig-version.cmake
[2.380s] -- Up-to-date: /home/vboxuser/workspaces/ros2_py_ws/install/micro_ros_msgs/share/micro_ros_msgs/package.xml
[2.384s] Invoked command in '/home/vboxuser/workspaces/ros2_py_ws/build/micro_ros_msgs' returned '0': CMAKE_PREFIX_PATH=${CMAKE_PREFIX_PATH}:/home/vboxuser/workspaces/ros2_py_ws/install/publisher:/opt/ros/humble /usr/bin/cmake --install /home/vboxuser/workspaces/ros2_py_ws/build/micro_ros_msgs
