[13.645s] Invoking command in '/home/vboxuser/workspaces/ros2_py_ws/src/publisher': PYTHONPATH=/home/vboxuser/workspaces/ros2_py_ws/build/publisher/prefix_override:/usr/lib/python3/dist-packages/colcon_core/task/python/colcon_distutils_commands:/home/vboxuser/workspaces/ros2_py_ws/install/publisher/lib/python3.10/site-packages:${PYTHONPATH} /usr/bin/python3 -W ignore:setup.py install is deprecated -W ignore:easy_install command is deprecated setup.py egg_info --egg-base ../../build/publisher build --build-base /home/vboxuser/workspaces/ros2_py_ws/build/publisher/build install --record /home/vboxuser/workspaces/ros2_py_ws/build/publisher/install.log --single-version-externally-managed install_data
[15.606s] running egg_info
[15.637s] writing ../../build/publisher/publisher.egg-info/PKG-INFO
[15.655s] writing dependency_links to ../../build/publisher/publisher.egg-info/dependency_links.txt
[15.662s] writing entry points to ../../build/publisher/publisher.egg-info/entry_points.txt
[15.669s] writing requirements to ../../build/publisher/publisher.egg-info/requires.txt
[15.670s] writing top-level names to ../../build/publisher/publisher.egg-info/top_level.txt
[15.713s] reading manifest file '../../build/publisher/publisher.egg-info/SOURCES.txt'
[15.720s] writing manifest file '../../build/publisher/publisher.egg-info/SOURCES.txt'
[15.720s] running build
[15.720s] running build_py
[15.722s] running install
[15.728s] running install_lib
[15.812s] running install_data
[15.812s] running install_egg_info
[15.812s] removing '/home/vboxuser/workspaces/ros2_py_ws/install/publisher/lib/python3.10/site-packages/publisher-0.0.0-py3.10.egg-info' (and everything under it)
[15.812s] Copying ../../build/publisher/publisher.egg-info to /home/vboxuser/workspaces/ros2_py_ws/install/publisher/lib/python3.10/site-packages/publisher-0.0.0-py3.10.egg-info
[15.812s] running install_scripts
[15.857s] Installing joint_state_to_microros script to /home/vboxuser/workspaces/ros2_py_ws/install/publisher/lib/publisher
[15.858s] Installing pid_stepper_controller script to /home/vboxuser/workspaces/ros2_py_ws/install/publisher/lib/publisher
[15.861s] Installing simple_publisher script to /home/vboxuser/workspaces/ros2_py_ws/install/publisher/lib/publisher
[15.865s] writing list of installed files to '/home/vboxuser/workspaces/ros2_py_ws/build/publisher/install.log'
[16.310s] Invoked command in '/home/vboxuser/workspaces/ros2_py_ws/src/publisher' returned '0': PYTHONPATH=/home/vboxuser/workspaces/ros2_py_ws/build/publisher/prefix_override:/usr/lib/python3/dist-packages/colcon_core/task/python/colcon_distutils_commands:/home/vboxuser/workspaces/ros2_py_ws/install/publisher/lib/python3.10/site-packages:${PYTHONPATH} /usr/bin/python3 -W ignore:setup.py install is deprecated -W ignore:easy_install command is deprecated setup.py egg_info --egg-base ../../build/publisher build --build-base /home/vboxuser/workspaces/ros2_py_ws/build/publisher/build install --record /home/vboxuser/workspaces/ros2_py_ws/build/publisher/install.log --single-version-externally-managed install_data
