[0.148s] Invoking command in '/home/vboxuser/workspaces/ros2_py_ws/build/sabry': CMAKE_PREFIX_PATH=${CMAKE_PREFIX_PATH}:/home/vboxuser/workspaces/ros2_py_ws/install/sabry_hardware:/home/vboxuser/workspaces/ros2_py_ws/install/publisher:/opt/ros/humble /usr/bin/cmake /home/vboxuser/workspaces/ros2_py_ws/src/sabry -DCMAKE_INSTALL_PREFIX=/home/vboxuser/workspaces/ros2_py_ws/install/sabry
[1.131s] -- The C compiler identification is GNU 11.4.0
[1.131s] -- The CXX compiler identification is GNU 11.4.0
[1.131s] -- Detecting C compiler ABI info
[1.131s] -- Detecting C compiler ABI info - done
[1.131s] -- Check for working C compiler: /usr/bin/cc - skipped
[1.131s] -- Detecting C compile features
[1.132s] -- Detecting C compile features - done
[1.132s] -- Detecting CXX compiler ABI info
[1.501s] -- Detecting CXX compiler ABI info - done
[1.528s] -- Check for working CXX compiler: /usr/bin/c++ - skipped
[1.528s] -- Detecting CXX compile features
[1.530s] -- Detecting CXX compile features - done
[1.535s] -- Found ament_cmake: 1.3.11 (/opt/ros/humble/share/ament_cmake/cmake)
[2.145s] -- Found Python3: /usr/bin/python3 (found version "3.10.12") found components: Interpreter 
[2.551s] -- Found urdf: 2.6.1 (/opt/ros/humble/share/urdf/cmake)
[2.970s] -- Found ament_lint_auto: 0.12.12 (/opt/ros/humble/share/ament_lint_auto/cmake)
[3.236s] -- Added test 'flake8' to check Python code syntax and style conventions
[3.240s] -- Added test 'lint_cmake' to check CMake code style
[3.243s] -- Added test 'pep257' to check Python code against some of the docstring style conventions in PEP 257
[3.266s] -- Added test 'xmllint' to check XML markup files
[3.266s] -- Configuring done
[3.266s] -- Generating done
[3.277s] -- Build files have been written to: /home/vboxuser/workspaces/ros2_py_ws/build/sabry
