[0.167s] Invoking command in '/home/vboxuser/workspaces/ros2_py_ws/build/sabry_hardware': CMAKE_PREFIX_PATH=${CMAKE_PREFIX_PATH}:/home/vboxuser/workspaces/ros2_py_ws/install/sabry_hardware:/home/vboxuser/workspaces/ros2_py_ws/install/publisher:/opt/ros/humble /usr/bin/cmake --build /home/vboxuser/workspaces/ros2_py_ws/build/sabry_hardware -- -j5 -l5
[0.427s] [35m[1mConsolidate compiler generated dependencies of target sabry_hardware__rosidl_generator_c[0m
[0.538s] [ 10%] Built target sabry_hardware__rosidl_generator_c
[0.538s] [ 12%] Built target sabry_hardware__cpp
[0.596s] [35m[1mConsolidate compiler generated dependencies of target sabry_hardware__rosidl_typesupport_cpp[0m
[0.615s] [ 12%] Built target ament_cmake_python_copy_sabry_hardware
[0.617s] [35m[1mConsolidate compiler generated dependencies of target sabry_hardware__rosidl_typesupport_fastrtps_cpp[0m
[0.633s] [ 12%] Built target ament_cmake_python_copy_scripts
[0.663s] [ 23%] Built target sabry_hardware__rosidl_typesupport_cpp
[0.668s] [35m[1mConsolidate compiler generated dependencies of target sabry_hardware__rosidl_typesupport_introspection_cpp[0m
[0.695s] [35m[1mConsolidate compiler generated dependencies of target sabry_hardware__rosidl_typesupport_fastrtps_c[0m
[0.699s] [35m[1mConsolidate compiler generated dependencies of target sabry_hardware__rosidl_typesupport_c[0m
[0.733s] [35m[1mConsolidate compiler generated dependencies of target sabry_hardware__rosidl_typesupport_introspection_c[0m
[0.762s] [ 33%] Built target sabry_hardware__rosidl_typesupport_fastrtps_cpp
[0.777s] [ 43%] Built target sabry_hardware__rosidl_typesupport_fastrtps_c
[0.810s] [ 53%] Built target sabry_hardware__rosidl_typesupport_c
[0.810s] [ 64%] Built target sabry_hardware__rosidl_typesupport_introspection_c
[0.996s] [ 74%] Built target sabry_hardware__rosidl_typesupport_introspection_cpp
[1.193s] [ 74%] Built target sabry_hardware
[1.343s] [ 76%] Built target sabry_hardware__py
[1.648s] running egg_info
[1.649s] writing scripts.egg-info/PKG-INFO
[1.649s] writing dependency_links to scripts.egg-info/dependency_links.txt
[1.650s] writing top-level names to scripts.egg-info/top_level.txt
[1.650s] reading manifest file 'scripts.egg-info/SOURCES.txt'
[1.651s] writing manifest file 'scripts.egg-info/SOURCES.txt'
[1.677s] running egg_info
[1.678s] writing sabry_hardware.egg-info/PKG-INFO
[1.678s] writing dependency_links to sabry_hardware.egg-info/dependency_links.txt
[1.679s] writing top-level names to sabry_hardware.egg-info/top_level.txt
[1.689s] reading manifest file 'sabry_hardware.egg-info/SOURCES.txt'
[1.691s] writing manifest file 'sabry_hardware.egg-info/SOURCES.txt'
[1.720s] [35m[1mConsolidate compiler generated dependencies of target sabry_hardware__rosidl_generator_py[0m
[1.724s] [ 76%] Built target ament_cmake_python_build_scripts_egg
[1.818s] [ 84%] Built target sabry_hardware__rosidl_generator_py
[1.825s] [ 84%] Built target ament_cmake_python_build_sabry_hardware_egg
[1.874s] [35m[1mConsolidate compiler generated dependencies of target sabry_hardware__rosidl_typesupport_introspection_c__pyext[0m
[1.899s] [35m[1mConsolidate compiler generated dependencies of target sabry_hardware__rosidl_typesupport_fastrtps_c__pyext[0m
[1.948s] [ 89%] Built target sabry_hardware__rosidl_typesupport_introspection_c__pyext
[1.955s] [35m[1mConsolidate compiler generated dependencies of target sabry_hardware__rosidl_typesupport_c__pyext[0m
[2.033s] [ 94%] Built target sabry_hardware__rosidl_typesupport_c__pyext
[2.043s] [100%] Built target sabry_hardware__rosidl_typesupport_fastrtps_c__pyext
[2.112s] Invoked command in '/home/vboxuser/workspaces/ros2_py_ws/build/sabry_hardware' returned '0': CMAKE_PREFIX_PATH=${CMAKE_PREFIX_PATH}:/home/vboxuser/workspaces/ros2_py_ws/install/sabry_hardware:/home/vboxuser/workspaces/ros2_py_ws/install/publisher:/opt/ros/humble /usr/bin/cmake --build /home/vboxuser/workspaces/ros2_py_ws/build/sabry_hardware -- -j5 -l5
[2.117s] Invoking command in '/home/vboxuser/workspaces/ros2_py_ws/build/sabry_hardware': CMAKE_PREFIX_PATH=${CMAKE_PREFIX_PATH}:/home/vboxuser/workspaces/ros2_py_ws/install/sabry_hardware:/home/vboxuser/workspaces/ros2_py_ws/install/publisher:/opt/ros/humble /usr/bin/cmake --install /home/vboxuser/workspaces/ros2_py_ws/build/sabry_hardware
[2.179s] -- Install configuration: ""
[2.182s] -- Up-to-date: /home/vboxuser/workspaces/ros2_py_ws/install/sabry_hardware/share/ament_index/resource_index/rosidl_interfaces/sabry_hardware
[2.184s] -- Up-to-date: /home/vboxuser/workspaces/ros2_py_ws/install/sabry_hardware/include/sabry_hardware/sabry_hardware
[2.191s] -- Up-to-date: /home/vboxuser/workspaces/ros2_py_ws/install/sabry_hardware/include/sabry_hardware/sabry_hardware/msg
[2.191s] -- Up-to-date: /home/vboxuser/workspaces/ros2_py_ws/install/sabry_hardware/include/sabry_hardware/sabry_hardware/msg/rosidl_generator_c__visibility_control.h
[2.191s] -- Up-to-date: /home/vboxuser/workspaces/ros2_py_ws/install/sabry_hardware/include/sabry_hardware/sabry_hardware/srv
[2.191s] -- Up-to-date: /home/vboxuser/workspaces/ros2_py_ws/install/sabry_hardware/include/sabry_hardware/sabry_hardware/srv/detail
[2.191s] -- Up-to-date: /home/vboxuser/workspaces/ros2_py_ws/install/sabry_hardware/include/sabry_hardware/sabry_hardware/srv/detail/change_tool__functions.h
[2.192s] -- Up-to-date: /home/vboxuser/workspaces/ros2_py_ws/install/sabry_hardware/include/sabry_hardware/sabry_hardware/srv/detail/change_tool__type_support.h
[2.192s] -- Up-to-date: /home/vboxuser/workspaces/ros2_py_ws/install/sabry_hardware/include/sabry_hardware/sabry_hardware/srv/detail/change_tool__functions.c
[2.192s] -- Up-to-date: /home/vboxuser/workspaces/ros2_py_ws/install/sabry_hardware/include/sabry_hardware/sabry_hardware/srv/detail/change_tool__struct.h
[2.192s] -- Up-to-date: /home/vboxuser/workspaces/ros2_py_ws/install/sabry_hardware/include/sabry_hardware/sabry_hardware/srv/detail/linear_motor__struct.h
[2.193s] -- Up-to-date: /home/vboxuser/workspaces/ros2_py_ws/install/sabry_hardware/include/sabry_hardware/sabry_hardware/srv/detail/linear_motor__functions.c
[2.193s] -- Up-to-date: /home/vboxuser/workspaces/ros2_py_ws/install/sabry_hardware/include/sabry_hardware/sabry_hardware/srv/detail/linear_motor__functions.h
[2.193s] -- Up-to-date: /home/vboxuser/workspaces/ros2_py_ws/install/sabry_hardware/include/sabry_hardware/sabry_hardware/srv/detail/linear_motor__type_support.h
[2.193s] -- Up-to-date: /home/vboxuser/workspaces/ros2_py_ws/install/sabry_hardware/include/sabry_hardware/sabry_hardware/srv/linear_motor.h
[2.193s] -- Up-to-date: /home/vboxuser/workspaces/ros2_py_ws/install/sabry_hardware/include/sabry_hardware/sabry_hardware/srv/change_tool.h
[2.193s] -- Up-to-date: /home/vboxuser/workspaces/ros2_py_ws/install/sabry_hardware/share/sabry_hardware/environment/library_path.sh
[2.193s] -- Up-to-date: /home/vboxuser/workspaces/ros2_py_ws/install/sabry_hardware/share/sabry_hardware/environment/library_path.dsv
[2.193s] -- Up-to-date: /home/vboxuser/workspaces/ros2_py_ws/install/sabry_hardware/lib/libsabry_hardware__rosidl_generator_c.so
[2.193s] -- Up-to-date: /home/vboxuser/workspaces/ros2_py_ws/install/sabry_hardware/include/sabry_hardware/sabry_hardware
[2.193s] -- Up-to-date: /home/vboxuser/workspaces/ros2_py_ws/install/sabry_hardware/include/sabry_hardware/sabry_hardware/msg
[2.193s] -- Up-to-date: /home/vboxuser/workspaces/ros2_py_ws/install/sabry_hardware/include/sabry_hardware/sabry_hardware/msg/rosidl_typesupport_fastrtps_c__visibility_control.h
[2.193s] -- Up-to-date: /home/vboxuser/workspaces/ros2_py_ws/install/sabry_hardware/include/sabry_hardware/sabry_hardware/srv
[2.193s] -- Up-to-date: /home/vboxuser/workspaces/ros2_py_ws/install/sabry_hardware/include/sabry_hardware/sabry_hardware/srv/detail
[2.193s] -- Up-to-date: /home/vboxuser/workspaces/ros2_py_ws/install/sabry_hardware/include/sabry_hardware/sabry_hardware/srv/detail/linear_motor__rosidl_typesupport_fastrtps_c.h
[2.193s] -- Up-to-date: /home/vboxuser/workspaces/ros2_py_ws/install/sabry_hardware/include/sabry_hardware/sabry_hardware/srv/detail/change_tool__rosidl_typesupport_fastrtps_c.h
[2.193s] -- Up-to-date: /home/vboxuser/workspaces/ros2_py_ws/install/sabry_hardware/lib/libsabry_hardware__rosidl_typesupport_fastrtps_c.so
[2.194s] -- Up-to-date: /home/vboxuser/workspaces/ros2_py_ws/install/sabry_hardware/include/sabry_hardware/sabry_hardware
[2.194s] -- Up-to-date: /home/vboxuser/workspaces/ros2_py_ws/install/sabry_hardware/include/sabry_hardware/sabry_hardware/msg
[2.194s] -- Up-to-date: /home/vboxuser/workspaces/ros2_py_ws/install/sabry_hardware/include/sabry_hardware/sabry_hardware/msg/rosidl_typesupport_introspection_c__visibility_control.h
[2.194s] -- Up-to-date: /home/vboxuser/workspaces/ros2_py_ws/install/sabry_hardware/include/sabry_hardware/sabry_hardware/srv
[2.194s] -- Up-to-date: /home/vboxuser/workspaces/ros2_py_ws/install/sabry_hardware/include/sabry_hardware/sabry_hardware/srv/detail
[2.194s] -- Up-to-date: /home/vboxuser/workspaces/ros2_py_ws/install/sabry_hardware/include/sabry_hardware/sabry_hardware/srv/detail/change_tool__rosidl_typesupport_introspection_c.h
[2.194s] -- Up-to-date: /home/vboxuser/workspaces/ros2_py_ws/install/sabry_hardware/include/sabry_hardware/sabry_hardware/srv/detail/change_tool__type_support.c
[2.194s] -- Up-to-date: /home/vboxuser/workspaces/ros2_py_ws/install/sabry_hardware/include/sabry_hardware/sabry_hardware/srv/detail/linear_motor__type_support.c
[2.194s] -- Up-to-date: /home/vboxuser/workspaces/ros2_py_ws/install/sabry_hardware/include/sabry_hardware/sabry_hardware/srv/detail/linear_motor__rosidl_typesupport_introspection_c.h
[2.194s] -- Up-to-date: /home/vboxuser/workspaces/ros2_py_ws/install/sabry_hardware/lib/libsabry_hardware__rosidl_typesupport_introspection_c.so
[2.194s] -- Up-to-date: /home/vboxuser/workspaces/ros2_py_ws/install/sabry_hardware/lib/libsabry_hardware__rosidl_typesupport_c.so
[2.194s] -- Up-to-date: /home/vboxuser/workspaces/ros2_py_ws/install/sabry_hardware/include/sabry_hardware/sabry_hardware
[2.194s] -- Up-to-date: /home/vboxuser/workspaces/ros2_py_ws/install/sabry_hardware/include/sabry_hardware/sabry_hardware/msg
[2.194s] -- Up-to-date: /home/vboxuser/workspaces/ros2_py_ws/install/sabry_hardware/include/sabry_hardware/sabry_hardware/msg/rosidl_generator_cpp__visibility_control.hpp
[2.194s] -- Up-to-date: /home/vboxuser/workspaces/ros2_py_ws/install/sabry_hardware/include/sabry_hardware/sabry_hardware/srv
[2.194s] -- Up-to-date: /home/vboxuser/workspaces/ros2_py_ws/install/sabry_hardware/include/sabry_hardware/sabry_hardware/srv/detail
[2.194s] -- Up-to-date: /home/vboxuser/workspaces/ros2_py_ws/install/sabry_hardware/include/sabry_hardware/sabry_hardware/srv/detail/change_tool__builder.hpp
[2.194s] -- Up-to-date: /home/vboxuser/workspaces/ros2_py_ws/install/sabry_hardware/include/sabry_hardware/sabry_hardware/srv/detail/change_tool__traits.hpp
[2.194s] -- Up-to-date: /home/vboxuser/workspaces/ros2_py_ws/install/sabry_hardware/include/sabry_hardware/sabry_hardware/srv/detail/linear_motor__traits.hpp
[2.194s] -- Up-to-date: /home/vboxuser/workspaces/ros2_py_ws/install/sabry_hardware/include/sabry_hardware/sabry_hardware/srv/detail/linear_motor__type_support.hpp
[2.195s] -- Up-to-date: /home/vboxuser/workspaces/ros2_py_ws/install/sabry_hardware/include/sabry_hardware/sabry_hardware/srv/detail/linear_motor__struct.hpp
[2.195s] -- Up-to-date: /home/vboxuser/workspaces/ros2_py_ws/install/sabry_hardware/include/sabry_hardware/sabry_hardware/srv/detail/change_tool__type_support.hpp
[2.195s] -- Up-to-date: /home/vboxuser/workspaces/ros2_py_ws/install/sabry_hardware/include/sabry_hardware/sabry_hardware/srv/detail/change_tool__struct.hpp
[2.195s] -- Up-to-date: /home/vboxuser/workspaces/ros2_py_ws/install/sabry_hardware/include/sabry_hardware/sabry_hardware/srv/detail/linear_motor__builder.hpp
[2.195s] -- Up-to-date: /home/vboxuser/workspaces/ros2_py_ws/install/sabry_hardware/include/sabry_hardware/sabry_hardware/srv/change_tool.hpp
[2.195s] -- Up-to-date: /home/vboxuser/workspaces/ros2_py_ws/install/sabry_hardware/include/sabry_hardware/sabry_hardware/srv/linear_motor.hpp
[2.195s] -- Up-to-date: /home/vboxuser/workspaces/ros2_py_ws/install/sabry_hardware/include/sabry_hardware/sabry_hardware
[2.195s] -- Up-to-date: /home/vboxuser/workspaces/ros2_py_ws/install/sabry_hardware/include/sabry_hardware/sabry_hardware/msg
[2.195s] -- Up-to-date: /home/vboxuser/workspaces/ros2_py_ws/install/sabry_hardware/include/sabry_hardware/sabry_hardware/msg/rosidl_typesupport_fastrtps_cpp__visibility_control.h
[2.195s] -- Up-to-date: /home/vboxuser/workspaces/ros2_py_ws/install/sabry_hardware/include/sabry_hardware/sabry_hardware/srv
[2.195s] -- Up-to-date: /home/vboxuser/workspaces/ros2_py_ws/install/sabry_hardware/include/sabry_hardware/sabry_hardware/srv/detail
[2.195s] -- Up-to-date: /home/vboxuser/workspaces/ros2_py_ws/install/sabry_hardware/include/sabry_hardware/sabry_hardware/srv/detail/dds_fastrtps
[2.195s] -- Up-to-date: /home/vboxuser/workspaces/ros2_py_ws/install/sabry_hardware/include/sabry_hardware/sabry_hardware/srv/detail/change_tool__rosidl_typesupport_fastrtps_cpp.hpp
[2.195s] -- Up-to-date: /home/vboxuser/workspaces/ros2_py_ws/install/sabry_hardware/include/sabry_hardware/sabry_hardware/srv/detail/linear_motor__rosidl_typesupport_fastrtps_cpp.hpp
[2.195s] -- Up-to-date: /home/vboxuser/workspaces/ros2_py_ws/install/sabry_hardware/lib/libsabry_hardware__rosidl_typesupport_fastrtps_cpp.so
[2.195s] -- Up-to-date: /home/vboxuser/workspaces/ros2_py_ws/install/sabry_hardware/include/sabry_hardware/sabry_hardware
[2.195s] -- Up-to-date: /home/vboxuser/workspaces/ros2_py_ws/install/sabry_hardware/include/sabry_hardware/sabry_hardware/srv
[2.195s] -- Up-to-date: /home/vboxuser/workspaces/ros2_py_ws/install/sabry_hardware/include/sabry_hardware/sabry_hardware/srv/detail
[2.196s] -- Up-to-date: /home/vboxuser/workspaces/ros2_py_ws/install/sabry_hardware/include/sabry_hardware/sabry_hardware/srv/detail/change_tool__rosidl_typesupport_introspection_cpp.hpp
[2.196s] -- Up-to-date: /home/vboxuser/workspaces/ros2_py_ws/install/sabry_hardware/include/sabry_hardware/sabry_hardware/srv/detail/linear_motor__type_support.cpp
[2.196s] -- Up-to-date: /home/vboxuser/workspaces/ros2_py_ws/install/sabry_hardware/include/sabry_hardware/sabry_hardware/srv/detail/change_tool__type_support.cpp
[2.196s] -- Up-to-date: /home/vboxuser/workspaces/ros2_py_ws/install/sabry_hardware/include/sabry_hardware/sabry_hardware/srv/detail/linear_motor__rosidl_typesupport_introspection_cpp.hpp
[2.213s] -- Up-to-date: /home/vboxuser/workspaces/ros2_py_ws/install/sabry_hardware/lib/libsabry_hardware__rosidl_typesupport_introspection_cpp.so
[2.213s] -- Up-to-date: /home/vboxuser/workspaces/ros2_py_ws/install/sabry_hardware/lib/libsabry_hardware__rosidl_typesupport_cpp.so
[2.213s] -- Up-to-date: /home/vboxuser/workspaces/ros2_py_ws/install/sabry_hardware/share/sabry_hardware/environment/pythonpath.sh
[2.213s] -- Up-to-date: /home/vboxuser/workspaces/ros2_py_ws/install/sabry_hardware/share/sabry_hardware/environment/pythonpath.dsv
[2.213s] -- Up-to-date: /home/vboxuser/workspaces/ros2_py_ws/install/sabry_hardware/local/lib/python3.10/dist-packages/sabry_hardware-0.0.0-py3.10.egg-info
[2.213s] -- Installing: /home/vboxuser/workspaces/ros2_py_ws/install/sabry_hardware/local/lib/python3.10/dist-packages/sabry_hardware-0.0.0-py3.10.egg-info/top_level.txt
[2.213s] -- Installing: /home/vboxuser/workspaces/ros2_py_ws/install/sabry_hardware/local/lib/python3.10/dist-packages/sabry_hardware-0.0.0-py3.10.egg-info/SOURCES.txt
[2.213s] -- Installing: /home/vboxuser/workspaces/ros2_py_ws/install/sabry_hardware/local/lib/python3.10/dist-packages/sabry_hardware-0.0.0-py3.10.egg-info/PKG-INFO
[2.213s] -- Installing: /home/vboxuser/workspaces/ros2_py_ws/install/sabry_hardware/local/lib/python3.10/dist-packages/sabry_hardware-0.0.0-py3.10.egg-info/dependency_links.txt
[2.213s] -- Up-to-date: /home/vboxuser/workspaces/ros2_py_ws/install/sabry_hardware/local/lib/python3.10/dist-packages/sabry_hardware
[2.213s] -- Up-to-date: /home/vboxuser/workspaces/ros2_py_ws/install/sabry_hardware/local/lib/python3.10/dist-packages/sabry_hardware/libsabry_hardware__rosidl_generator_py.so
[2.216s] -- Up-to-date: /home/vboxuser/workspaces/ros2_py_ws/install/sabry_hardware/local/lib/python3.10/dist-packages/sabry_hardware/srv
[2.216s] -- Up-to-date: /home/vboxuser/workspaces/ros2_py_ws/install/sabry_hardware/local/lib/python3.10/dist-packages/sabry_hardware/srv/_linear_motor_s.c
[2.217s] -- Up-to-date: /home/vboxuser/workspaces/ros2_py_ws/install/sabry_hardware/local/lib/python3.10/dist-packages/sabry_hardware/srv/__init__.py
[2.217s] -- Up-to-date: /home/vboxuser/workspaces/ros2_py_ws/install/sabry_hardware/local/lib/python3.10/dist-packages/sabry_hardware/srv/_change_tool.py
[2.218s] -- Up-to-date: /home/vboxuser/workspaces/ros2_py_ws/install/sabry_hardware/local/lib/python3.10/dist-packages/sabry_hardware/srv/_change_tool_s.c
[2.218s] -- Up-to-date: /home/vboxuser/workspaces/ros2_py_ws/install/sabry_hardware/local/lib/python3.10/dist-packages/sabry_hardware/srv/_linear_motor.py
[2.219s] -- Up-to-date: /home/vboxuser/workspaces/ros2_py_ws/install/sabry_hardware/local/lib/python3.10/dist-packages/sabry_hardware/sabry_hardware_s__rosidl_typesupport_fastrtps_c.cpython-310-x86_64-linux-gnu.so
[2.219s] -- Up-to-date: /home/vboxuser/workspaces/ros2_py_ws/install/sabry_hardware/local/lib/python3.10/dist-packages/sabry_hardware/_sabry_hardware_s.ep.rosidl_typesupport_fastrtps_c.c
[2.220s] -- Up-to-date: /home/vboxuser/workspaces/ros2_py_ws/install/sabry_hardware/local/lib/python3.10/dist-packages/sabry_hardware/sabry_hardware_s__rosidl_typesupport_introspection_c.cpython-310-x86_64-linux-gnu.so
[2.220s] -- Up-to-date: /home/vboxuser/workspaces/ros2_py_ws/install/sabry_hardware/local/lib/python3.10/dist-packages/sabry_hardware/__init__.py
[2.221s] -- Up-to-date: /home/vboxuser/workspaces/ros2_py_ws/install/sabry_hardware/local/lib/python3.10/dist-packages/sabry_hardware/sabry_hardware_s__rosidl_typesupport_c.cpython-310-x86_64-linux-gnu.so
[2.221s] -- Up-to-date: /home/vboxuser/workspaces/ros2_py_ws/install/sabry_hardware/local/lib/python3.10/dist-packages/sabry_hardware/_sabry_hardware_s.ep.rosidl_typesupport_c.c
[2.231s] -- Up-to-date: /home/vboxuser/workspaces/ros2_py_ws/install/sabry_hardware/local/lib/python3.10/dist-packages/sabry_hardware/_sabry_hardware_s.ep.rosidl_typesupport_introspection_c.c
[2.362s] Listing '/home/vboxuser/workspaces/ros2_py_ws/install/sabry_hardware/local/lib/python3.10/dist-packages/sabry_hardware'...
[2.363s] Listing '/home/vboxuser/workspaces/ros2_py_ws/install/sabry_hardware/local/lib/python3.10/dist-packages/sabry_hardware/srv'...
[2.386s] -- Up-to-date: /home/vboxuser/workspaces/ros2_py_ws/install/sabry_hardware/local/lib/python3.10/dist-packages/sabry_hardware/sabry_hardware_s__rosidl_typesupport_fastrtps_c.cpython-310-x86_64-linux-gnu.so
[2.386s] -- Up-to-date: /home/vboxuser/workspaces/ros2_py_ws/install/sabry_hardware/local/lib/python3.10/dist-packages/sabry_hardware/sabry_hardware_s__rosidl_typesupport_introspection_c.cpython-310-x86_64-linux-gnu.so
[2.386s] -- Up-to-date: /home/vboxuser/workspaces/ros2_py_ws/install/sabry_hardware/local/lib/python3.10/dist-packages/sabry_hardware/sabry_hardware_s__rosidl_typesupport_c.cpython-310-x86_64-linux-gnu.so
[2.386s] -- Up-to-date: /home/vboxuser/workspaces/ros2_py_ws/install/sabry_hardware/lib/libsabry_hardware__rosidl_generator_py.so
[2.386s] -- Up-to-date: /home/vboxuser/workspaces/ros2_py_ws/install/sabry_hardware/share/sabry_hardware/srv/LinearMotor.idl
[2.386s] -- Up-to-date: /home/vboxuser/workspaces/ros2_py_ws/install/sabry_hardware/share/sabry_hardware/srv/ChangeTool.idl
[2.388s] -- Up-to-date: /home/vboxuser/workspaces/ros2_py_ws/install/sabry_hardware/share/sabry_hardware/srv/LinearMotor.srv
[2.388s] -- Up-to-date: /home/vboxuser/workspaces/ros2_py_ws/install/sabry_hardware/share/sabry_hardware/srv/LinearMotor_Request.msg
[2.388s] -- Up-to-date: /home/vboxuser/workspaces/ros2_py_ws/install/sabry_hardware/share/sabry_hardware/srv/LinearMotor_Response.msg
[2.388s] -- Up-to-date: /home/vboxuser/workspaces/ros2_py_ws/install/sabry_hardware/share/sabry_hardware/srv/ChangeTool.srv
[2.390s] -- Up-to-date: /home/vboxuser/workspaces/ros2_py_ws/install/sabry_hardware/share/sabry_hardware/srv/ChangeTool_Request.msg
[2.390s] -- Up-to-date: /home/vboxuser/workspaces/ros2_py_ws/install/sabry_hardware/share/sabry_hardware/srv/ChangeTool_Response.msg
[2.390s] -- Up-to-date: /home/vboxuser/workspaces/ros2_py_ws/install/sabry_hardware/local/lib/python3.10/dist-packages/scripts-0.0.0-py3.10.egg-info
[2.390s] -- Installing: /home/vboxuser/workspaces/ros2_py_ws/install/sabry_hardware/local/lib/python3.10/dist-packages/scripts-0.0.0-py3.10.egg-info/top_level.txt
[2.390s] -- Installing: /home/vboxuser/workspaces/ros2_py_ws/install/sabry_hardware/local/lib/python3.10/dist-packages/scripts-0.0.0-py3.10.egg-info/SOURCES.txt
[2.391s] -- Installing: /home/vboxuser/workspaces/ros2_py_ws/install/sabry_hardware/local/lib/python3.10/dist-packages/scripts-0.0.0-py3.10.egg-info/PKG-INFO
[2.391s] -- Installing: /home/vboxuser/workspaces/ros2_py_ws/install/sabry_hardware/local/lib/python3.10/dist-packages/scripts-0.0.0-py3.10.egg-info/dependency_links.txt
[2.391s] -- Up-to-date: /home/vboxuser/workspaces/ros2_py_ws/install/sabry_hardware/local/lib/python3.10/dist-packages/scripts
[2.391s] -- Up-to-date: /home/vboxuser/workspaces/ros2_py_ws/install/sabry_hardware/local/lib/python3.10/dist-packages/scripts/add_two_ints_server.py
[2.391s] -- Up-to-date: /home/vboxuser/workspaces/ros2_py_ws/install/sabry_hardware/local/lib/python3.10/dist-packages/scripts/tool_change_manager.py
[2.391s] -- Up-to-date: /home/vboxuser/workspaces/ros2_py_ws/install/sabry_hardware/local/lib/python3.10/dist-packages/scripts/templete.py
[2.391s] -- Up-to-date: /home/vboxuser/workspaces/ros2_py_ws/install/sabry_hardware/local/lib/python3.10/dist-packages/scripts/__init__.py
[2.391s] -- Up-to-date: /home/vboxuser/workspaces/ros2_py_ws/install/sabry_hardware/local/lib/python3.10/dist-packages/scripts/linear_motor_node.py
[2.503s] Listing '/home/vboxuser/workspaces/ros2_py_ws/install/sabry_hardware/local/lib/python3.10/dist-packages/scripts'...
[2.537s] -- Up-to-date: /home/vboxuser/workspaces/ros2_py_ws/install/sabry_hardware/lib/sabry_hardware/linear_motor_node.py
[2.537s] -- Up-to-date: /home/vboxuser/workspaces/ros2_py_ws/install/sabry_hardware/lib/sabry_hardware/add_two_ints_server.py
[2.537s] -- Up-to-date: /home/vboxuser/workspaces/ros2_py_ws/install/sabry_hardware/lib/sabry_hardware/tool_change_manager.py
[2.538s] -- Up-to-date: /home/vboxuser/workspaces/ros2_py_ws/install/sabry_hardware/share/ament_index/resource_index/package_run_dependencies/sabry_hardware
[2.538s] -- Up-to-date: /home/vboxuser/workspaces/ros2_py_ws/install/sabry_hardware/share/ament_index/resource_index/parent_prefix_path/sabry_hardware
[2.538s] -- Up-to-date: /home/vboxuser/workspaces/ros2_py_ws/install/sabry_hardware/share/sabry_hardware/environment/ament_prefix_path.sh
[2.538s] -- Up-to-date: /home/vboxuser/workspaces/ros2_py_ws/install/sabry_hardware/share/sabry_hardware/environment/ament_prefix_path.dsv
[2.538s] -- Up-to-date: /home/vboxuser/workspaces/ros2_py_ws/install/sabry_hardware/share/sabry_hardware/environment/path.sh
[2.538s] -- Up-to-date: /home/vboxuser/workspaces/ros2_py_ws/install/sabry_hardware/share/sabry_hardware/environment/path.dsv
[2.538s] -- Up-to-date: /home/vboxuser/workspaces/ros2_py_ws/install/sabry_hardware/share/sabry_hardware/local_setup.bash
[2.538s] -- Up-to-date: /home/vboxuser/workspaces/ros2_py_ws/install/sabry_hardware/share/sabry_hardware/local_setup.sh
[2.538s] -- Up-to-date: /home/vboxuser/workspaces/ros2_py_ws/install/sabry_hardware/share/sabry_hardware/local_setup.zsh
[2.538s] -- Up-to-date: /home/vboxuser/workspaces/ros2_py_ws/install/sabry_hardware/share/sabry_hardware/local_setup.dsv
[2.538s] -- Installing: /home/vboxuser/workspaces/ros2_py_ws/install/sabry_hardware/share/sabry_hardware/package.dsv
[2.538s] -- Up-to-date: /home/vboxuser/workspaces/ros2_py_ws/install/sabry_hardware/share/ament_index/resource_index/packages/sabry_hardware
[2.538s] -- Up-to-date: /home/vboxuser/workspaces/ros2_py_ws/install/sabry_hardware/share/sabry_hardware/cmake/export_sabry_hardware__rosidl_generator_cExport.cmake
[2.538s] -- Up-to-date: /home/vboxuser/workspaces/ros2_py_ws/install/sabry_hardware/share/sabry_hardware/cmake/export_sabry_hardware__rosidl_generator_cExport-noconfig.cmake
[2.538s] -- Up-to-date: /home/vboxuser/workspaces/ros2_py_ws/install/sabry_hardware/share/sabry_hardware/cmake/export_sabry_hardware__rosidl_typesupport_fastrtps_cExport.cmake
[2.538s] -- Up-to-date: /home/vboxuser/workspaces/ros2_py_ws/install/sabry_hardware/share/sabry_hardware/cmake/export_sabry_hardware__rosidl_typesupport_fastrtps_cExport-noconfig.cmake
[2.539s] -- Up-to-date: /home/vboxuser/workspaces/ros2_py_ws/install/sabry_hardware/share/sabry_hardware/cmake/sabry_hardware__rosidl_typesupport_introspection_cExport.cmake
[2.539s] -- Up-to-date: /home/vboxuser/workspaces/ros2_py_ws/install/sabry_hardware/share/sabry_hardware/cmake/sabry_hardware__rosidl_typesupport_introspection_cExport-noconfig.cmake
[2.539s] -- Up-to-date: /home/vboxuser/workspaces/ros2_py_ws/install/sabry_hardware/share/sabry_hardware/cmake/sabry_hardware__rosidl_typesupport_cExport.cmake
[2.539s] -- Up-to-date: /home/vboxuser/workspaces/ros2_py_ws/install/sabry_hardware/share/sabry_hardware/cmake/sabry_hardware__rosidl_typesupport_cExport-noconfig.cmake
[2.539s] -- Up-to-date: /home/vboxuser/workspaces/ros2_py_ws/install/sabry_hardware/share/sabry_hardware/cmake/export_sabry_hardware__rosidl_generator_cppExport.cmake
[2.539s] -- Up-to-date: /home/vboxuser/workspaces/ros2_py_ws/install/sabry_hardware/share/sabry_hardware/cmake/export_sabry_hardware__rosidl_typesupport_fastrtps_cppExport.cmake
[2.539s] -- Up-to-date: /home/vboxuser/workspaces/ros2_py_ws/install/sabry_hardware/share/sabry_hardware/cmake/export_sabry_hardware__rosidl_typesupport_fastrtps_cppExport-noconfig.cmake
[2.539s] -- Up-to-date: /home/vboxuser/workspaces/ros2_py_ws/install/sabry_hardware/share/sabry_hardware/cmake/sabry_hardware__rosidl_typesupport_introspection_cppExport.cmake
[2.539s] -- Up-to-date: /home/vboxuser/workspaces/ros2_py_ws/install/sabry_hardware/share/sabry_hardware/cmake/sabry_hardware__rosidl_typesupport_introspection_cppExport-noconfig.cmake
[2.539s] -- Up-to-date: /home/vboxuser/workspaces/ros2_py_ws/install/sabry_hardware/share/sabry_hardware/cmake/sabry_hardware__rosidl_typesupport_cppExport.cmake
[2.539s] -- Up-to-date: /home/vboxuser/workspaces/ros2_py_ws/install/sabry_hardware/share/sabry_hardware/cmake/sabry_hardware__rosidl_typesupport_cppExport-noconfig.cmake
[2.539s] -- Up-to-date: /home/vboxuser/workspaces/ros2_py_ws/install/sabry_hardware/share/sabry_hardware/cmake/export_sabry_hardware__rosidl_generator_pyExport.cmake
[2.540s] -- Up-to-date: /home/vboxuser/workspaces/ros2_py_ws/install/sabry_hardware/share/sabry_hardware/cmake/export_sabry_hardware__rosidl_generator_pyExport-noconfig.cmake
[2.540s] -- Up-to-date: /home/vboxuser/workspaces/ros2_py_ws/install/sabry_hardware/share/sabry_hardware/cmake/rosidl_cmake-extras.cmake
[2.540s] -- Up-to-date: /home/vboxuser/workspaces/ros2_py_ws/install/sabry_hardware/share/sabry_hardware/cmake/ament_cmake_export_include_directories-extras.cmake
[2.540s] -- Up-to-date: /home/vboxuser/workspaces/ros2_py_ws/install/sabry_hardware/share/sabry_hardware/cmake/ament_cmake_export_libraries-extras.cmake
[2.540s] -- Up-to-date: /home/vboxuser/workspaces/ros2_py_ws/install/sabry_hardware/share/sabry_hardware/cmake/ament_cmake_export_targets-extras.cmake
[2.540s] -- Up-to-date: /home/vboxuser/workspaces/ros2_py_ws/install/sabry_hardware/share/sabry_hardware/cmake/rosidl_cmake_export_typesupport_targets-extras.cmake
[2.540s] -- Up-to-date: /home/vboxuser/workspaces/ros2_py_ws/install/sabry_hardware/share/sabry_hardware/cmake/ament_cmake_export_dependencies-extras.cmake
[2.540s] -- Up-to-date: /home/vboxuser/workspaces/ros2_py_ws/install/sabry_hardware/share/sabry_hardware/cmake/rosidl_cmake_export_typesupport_libraries-extras.cmake
[2.540s] -- Up-to-date: /home/vboxuser/workspaces/ros2_py_ws/install/sabry_hardware/share/sabry_hardware/cmake/sabry_hardwareConfig.cmake
[2.540s] -- Up-to-date: /home/vboxuser/workspaces/ros2_py_ws/install/sabry_hardware/share/sabry_hardware/cmake/sabry_hardwareConfig-version.cmake
[2.540s] -- Up-to-date: /home/vboxuser/workspaces/ros2_py_ws/install/sabry_hardware/share/sabry_hardware/package.xml
[2.551s] Invoked command in '/home/vboxuser/workspaces/ros2_py_ws/build/sabry_hardware' returned '0': CMAKE_PREFIX_PATH=${CMAKE_PREFIX_PATH}:/home/vboxuser/workspaces/ros2_py_ws/install/sabry_hardware:/home/vboxuser/workspaces/ros2_py_ws/install/publisher:/opt/ros/humble /usr/bin/cmake --install /home/vboxuser/workspaces/ros2_py_ws/build/sabry_hardware
