/home/vboxuser/workspaces/ros2_py_ws/install/publisher/lib/python3.10/site-packages/publisher/pub.py
/home/vboxuser/workspaces/ros2_py_ws/install/publisher/lib/python3.10/site-packages/publisher/pid_controller.py
/home/vboxuser/workspaces/ros2_py_ws/install/publisher/lib/python3.10/site-packages/publisher/position_controller.py
/home/vboxuser/workspaces/ros2_py_ws/install/publisher/lib/python3.10/site-packages/publisher/microros.py
/home/vboxuser/workspaces/ros2_py_ws/install/publisher/lib/python3.10/site-packages/publisher/__init__.py
/home/vboxuser/workspaces/ros2_py_ws/install/publisher/lib/python3.10/site-packages/publisher/__pycache__/pub.cpython-310.pyc
/home/vboxuser/workspaces/ros2_py_ws/install/publisher/lib/python3.10/site-packages/publisher/__pycache__/pid_controller.cpython-310.pyc
/home/vboxuser/workspaces/ros2_py_ws/install/publisher/lib/python3.10/site-packages/publisher/__pycache__/position_controller.cpython-310.pyc
/home/vboxuser/workspaces/ros2_py_ws/install/publisher/lib/python3.10/site-packages/publisher/__pycache__/microros.cpython-310.pyc
/home/vboxuser/workspaces/ros2_py_ws/install/publisher/lib/python3.10/site-packages/publisher/__pycache__/__init__.cpython-310.pyc
/home/vboxuser/workspaces/ros2_py_ws/install/publisher/share/ament_index/resource_index/packages/publisher
/home/vboxuser/workspaces/ros2_py_ws/install/publisher/share/publisher/package.xml
/home/vboxuser/workspaces/ros2_py_ws/install/publisher/lib/python3.10/site-packages/publisher-0.0.0-py3.10.egg-info/requires.txt
/home/vboxuser/workspaces/ros2_py_ws/install/publisher/lib/python3.10/site-packages/publisher-0.0.0-py3.10.egg-info/zip-safe
/home/vboxuser/workspaces/ros2_py_ws/install/publisher/lib/python3.10/site-packages/publisher-0.0.0-py3.10.egg-info/top_level.txt
/home/vboxuser/workspaces/ros2_py_ws/install/publisher/lib/python3.10/site-packages/publisher-0.0.0-py3.10.egg-info/entry_points.txt
/home/vboxuser/workspaces/ros2_py_ws/install/publisher/lib/python3.10/site-packages/publisher-0.0.0-py3.10.egg-info/SOURCES.txt
/home/vboxuser/workspaces/ros2_py_ws/install/publisher/lib/python3.10/site-packages/publisher-0.0.0-py3.10.egg-info/PKG-INFO
/home/vboxuser/workspaces/ros2_py_ws/install/publisher/lib/python3.10/site-packages/publisher-0.0.0-py3.10.egg-info/dependency_links.txt
/home/vboxuser/workspaces/ros2_py_ws/install/publisher/lib/publisher/joint_state_to_microros
/home/vboxuser/workspaces/ros2_py_ws/install/publisher/lib/publisher/pid_stepper_controller
/home/vboxuser/workspaces/ros2_py_ws/install/publisher/lib/publisher/simple_publisher
