[0.348s] Invoking command in '/home/vboxuser/workspaces/ros2_py_ws/build/sabry': CMAKE_PREFIX_PATH=${CMAKE_PREFIX_PATH}:/home/vboxuser/workspaces/ros2_py_ws/install/publisher:/opt/ros/humble /usr/bin/cmake --build /home/vboxuser/workspaces/ros2_py_ws/build/sabry -- -j5 -l5
[1.948s] Invoked command in '/home/vboxuser/workspaces/ros2_py_ws/build/sabry' returned '0': CMAKE_PREFIX_PATH=${CMAKE_PREFIX_PATH}:/home/vboxuser/workspaces/ros2_py_ws/install/publisher:/opt/ros/humble /usr/bin/cmake --build /home/vboxuser/workspaces/ros2_py_ws/build/sabry -- -j5 -l5
[2.064s] Invoking command in '/home/vboxuser/workspaces/ros2_py_ws/build/sabry': CMAKE_PREFIX_PATH=${CMAKE_PREFIX_PATH}:/home/vboxuser/workspaces/ros2_py_ws/install/publisher:/opt/ros/humble /usr/bin/cmake --install /home/vboxuser/workspaces/ros2_py_ws/build/sabry
[2.091s] -- Install configuration: ""
[2.091s] -- Up-to-date: /home/vboxuser/workspaces/ros2_py_ws/install/sabry/share/sabry/config
[2.091s] -- Up-to-date: /home/vboxuser/workspaces/ros2_py_ws/install/sabry/share/sabry/config/joint_names_sabry.yaml
[2.099s] -- Up-to-date: /home/vboxuser/workspaces/ros2_py_ws/install/sabry/share/sabry/launch
[2.099s] -- Up-to-date: /home/vboxuser/workspaces/ros2_py_ws/install/sabry/share/sabry/launch/gazebo.launch.py
[2.099s] -- Up-to-date: /home/vboxuser/workspaces/ros2_py_ws/install/sabry/share/sabry/launch/display.launch
[2.099s] -- Up-to-date: /home/vboxuser/workspaces/ros2_py_ws/install/sabry/share/sabry/launch/gazebo_tool.launch.py
[2.099s] -- Up-to-date: /home/vboxuser/workspaces/ros2_py_ws/install/sabry/share/sabry/launch/gazebo.launch
[2.099s] -- Up-to-date: /home/vboxuser/workspaces/ros2_py_ws/install/sabry/share/sabry/launch/display.launch.py
[2.099s] -- Up-to-date: /home/vboxuser/workspaces/ros2_py_ws/install/sabry/share/sabry/meshes
[2.099s] -- Up-to-date: /home/vboxuser/workspaces/ros2_py_ws/install/sabry/share/sabry/meshes/wrist_pitch_Link.STL
[2.100s] -- Up-to-date: /home/vboxuser/workspaces/ros2_py_ws/install/sabry/share/sabry/meshes/lowerarm_Link.STL
[2.100s] -- Up-to-date: /home/vboxuser/workspaces/ros2_py_ws/install/sabry/share/sabry/meshes/waist_Link.STL
[2.100s] -- Up-to-date: /home/vboxuser/workspaces/ros2_py_ws/install/sabry/share/sabry/meshes/upperarm_Link.STL
[2.100s] -- Up-to-date: /home/vboxuser/workspaces/ros2_py_ws/install/sabry/share/sabry/meshes/wrist_yaw_Link.STL
[2.100s] -- Up-to-date: /home/vboxuser/workspaces/ros2_py_ws/install/sabry/share/sabry/meshes/base_link.STL
[2.100s] -- Up-to-date: /home/vboxuser/workspaces/ros2_py_ws/install/sabry/share/sabry/urdf
[2.100s] -- Up-to-date: /home/vboxuser/workspaces/ros2_py_ws/install/sabry/share/sabry/urdf/sabry.csv
[2.101s] -- Up-to-date: /home/vboxuser/workspaces/ros2_py_ws/install/sabry/share/sabry/urdf/sabry.urdf.xacro
[2.101s] -- Up-to-date: /home/vboxuser/workspaces/ros2_py_ws/install/sabry/share/sabry/urdf/sabry_controllers.xacro
[2.101s] -- Up-to-date: /home/vboxuser/workspaces/ros2_py_ws/install/sabry/share/sabry/urdf/sabry_gazebo.xacro
[2.101s] -- Up-to-date: /home/vboxuser/workspaces/ros2_py_ws/install/sabry/share/sabry/urdf/tools_station.xacro
[2.101s] -- Up-to-date: /home/vboxuser/workspaces/ros2_py_ws/install/sabry/share/sabry/urdf/tools.xacro
[2.101s] -- Up-to-date: /home/vboxuser/workspaces/ros2_py_ws/install/sabry/share/sabry/worlds
[2.101s] -- Up-to-date: /home/vboxuser/workspaces/ros2_py_ws/install/sabry/share/sabry/worlds/install
[2.102s] -- Up-to-date: /home/vboxuser/workspaces/ros2_py_ws/install/sabry/share/sabry/worlds/install/local_setup.bash
[2.102s] -- Up-to-date: /home/vboxuser/workspaces/ros2_py_ws/install/sabry/share/sabry/worlds/install/COLCON_IGNORE
[2.102s] -- Up-to-date: /home/vboxuser/workspaces/ros2_py_ws/install/sabry/share/sabry/worlds/install/local_setup.zsh
[2.102s] -- Up-to-date: /home/vboxuser/workspaces/ros2_py_ws/install/sabry/share/sabry/worlds/install/setup.sh
[2.102s] -- Up-to-date: /home/vboxuser/workspaces/ros2_py_ws/install/sabry/share/sabry/worlds/install/.colcon_install_layout
[2.102s] -- Up-to-date: /home/vboxuser/workspaces/ros2_py_ws/install/sabry/share/sabry/worlds/install/local_setup.sh
[2.103s] -- Up-to-date: /home/vboxuser/workspaces/ros2_py_ws/install/sabry/share/sabry/worlds/install/setup.ps1
[2.105s] -- Up-to-date: /home/vboxuser/workspaces/ros2_py_ws/install/sabry/share/sabry/worlds/install/setup.bash
[2.105s] -- Up-to-date: /home/vboxuser/workspaces/ros2_py_ws/install/sabry/share/sabry/worlds/install/_local_setup_util_ps1.py
[2.105s] -- Up-to-date: /home/vboxuser/workspaces/ros2_py_ws/install/sabry/share/sabry/worlds/install/_local_setup_util_sh.py
[2.106s] -- Up-to-date: /home/vboxuser/workspaces/ros2_py_ws/install/sabry/share/sabry/worlds/install/local_setup.ps1
[2.110s] -- Up-to-date: /home/vboxuser/workspaces/ros2_py_ws/install/sabry/share/sabry/worlds/install/setup.zsh
[2.110s] -- Up-to-date: /home/vboxuser/workspaces/ros2_py_ws/install/sabry/share/sabry/worlds/log
[2.110s] -- Up-to-date: /home/vboxuser/workspaces/ros2_py_ws/install/sabry/share/sabry/worlds/log/build_2026-02-10_21-14-57
[2.110s] -- Up-to-date: /home/vboxuser/workspaces/ros2_py_ws/install/sabry/share/sabry/worlds/log/build_2026-02-10_21-14-57/events.log
[2.110s] -- Up-to-date: /home/vboxuser/workspaces/ros2_py_ws/install/sabry/share/sabry/worlds/log/build_2026-02-10_21-14-57/logger_all.log
[2.110s] -- Up-to-date: /home/vboxuser/workspaces/ros2_py_ws/install/sabry/share/sabry/worlds/log/COLCON_IGNORE
[2.114s] -- Up-to-date: /home/vboxuser/workspaces/ros2_py_ws/install/sabry/share/sabry/worlds/log/build_2026-02-10_21-14-52
[2.114s] -- Up-to-date: /home/vboxuser/workspaces/ros2_py_ws/install/sabry/share/sabry/worlds/log/build_2026-02-10_21-14-52/events.log
[2.114s] -- Up-to-date: /home/vboxuser/workspaces/ros2_py_ws/install/sabry/share/sabry/worlds/log/build_2026-02-10_21-14-52/logger_all.log
[2.114s] -- Up-to-date: /home/vboxuser/workspaces/ros2_py_ws/install/sabry/share/sabry/worlds/log/latest
[2.114s] -- Up-to-date: /home/vboxuser/workspaces/ros2_py_ws/install/sabry/share/sabry/worlds/log/latest_build
[2.114s] -- Up-to-date: /home/vboxuser/workspaces/ros2_py_ws/install/sabry/share/sabry/worlds/tool_changer.sdf
[2.114s] -- Up-to-date: /home/vboxuser/workspaces/ros2_py_ws/install/sabry/share/sabry/worlds/build
[2.114s] -- Up-to-date: /home/vboxuser/workspaces/ros2_py_ws/install/sabry/share/sabry/worlds/build/COLCON_IGNORE
[2.114s] -- Up-to-date: /home/vboxuser/workspaces/ros2_py_ws/install/sabry/share/sabry/worlds/build/.built_by
[2.114s] -- Up-to-date: /home/vboxuser/workspaces/ros2_py_ws/install/sabry/share/ament_index/resource_index/package_run_dependencies/sabry
[2.114s] -- Up-to-date: /home/vboxuser/workspaces/ros2_py_ws/install/sabry/share/ament_index/resource_index/parent_prefix_path/sabry
[2.114s] -- Up-to-date: /home/vboxuser/workspaces/ros2_py_ws/install/sabry/share/sabry/environment/ament_prefix_path.sh
[2.114s] -- Up-to-date: /home/vboxuser/workspaces/ros2_py_ws/install/sabry/share/sabry/environment/ament_prefix_path.dsv
[2.115s] -- Up-to-date: /home/vboxuser/workspaces/ros2_py_ws/install/sabry/share/sabry/environment/path.sh
[2.115s] -- Up-to-date: /home/vboxuser/workspaces/ros2_py_ws/install/sabry/share/sabry/environment/path.dsv
[2.115s] -- Up-to-date: /home/vboxuser/workspaces/ros2_py_ws/install/sabry/share/sabry/local_setup.bash
[2.115s] -- Up-to-date: /home/vboxuser/workspaces/ros2_py_ws/install/sabry/share/sabry/local_setup.sh
[2.115s] -- Up-to-date: /home/vboxuser/workspaces/ros2_py_ws/install/sabry/share/sabry/local_setup.zsh
[2.115s] -- Up-to-date: /home/vboxuser/workspaces/ros2_py_ws/install/sabry/share/sabry/local_setup.dsv
[2.115s] -- Installing: /home/vboxuser/workspaces/ros2_py_ws/install/sabry/share/sabry/package.dsv
[2.128s] -- Up-to-date: /home/vboxuser/workspaces/ros2_py_ws/install/sabry/share/ament_index/resource_index/packages/sabry
[2.128s] -- Up-to-date: /home/vboxuser/workspaces/ros2_py_ws/install/sabry/share/sabry/cmake/sabryConfig.cmake
[2.129s] -- Up-to-date: /home/vboxuser/workspaces/ros2_py_ws/install/sabry/share/sabry/cmake/sabryConfig-version.cmake
[2.129s] -- Up-to-date: /home/vboxuser/workspaces/ros2_py_ws/install/sabry/share/sabry/package.xml
[2.539s] Invoked command in '/home/vboxuser/workspaces/ros2_py_ws/build/sabry' returned '0': CMAKE_PREFIX_PATH=${CMAKE_PREFIX_PATH}:/home/vboxuser/workspaces/ros2_py_ws/install/publisher:/opt/ros/humble /usr/bin/cmake --install /home/vboxuser/workspaces/ros2_py_ws/build/sabry
