[0.108s] Invoking command in '/home/vboxuser/workspaces/ros2_py_ws/build/udemy_ros2_pkg': CMAKE_PREFIX_PATH=/opt/ros/humble /usr/bin/cmake --build /home/vboxuser/workspaces/ros2_py_ws/build/udemy_ros2_pkg -- -j5 -l5
[0.497s] Built target ament_cmake_python_copy_scripts
[1.827s] running egg_info
[1.832s] writing scripts.egg-info/PKG-INFO
[1.833s] writing dependency_links to scripts.egg-info/dependency_links.txt
[1.838s] writing top-level names to scripts.egg-info/top_level.txt
[1.846s] reading manifest file 'scripts.egg-info/SOURCES.txt'
[1.854s] writing manifest file 'scripts.egg-info/SOURCES.txt'
[1.973s] Built target ament_cmake_python_build_scripts_egg
[2.004s] Invoked command in '/home/vboxuser/workspaces/ros2_py_ws/build/udemy_ros2_pkg' returned '0': CMAKE_PREFIX_PATH=/opt/ros/humble /usr/bin/cmake --build /home/vboxuser/workspaces/ros2_py_ws/build/udemy_ros2_pkg -- -j5 -l5
[2.029s] Invoking command in '/home/vboxuser/workspaces/ros2_py_ws/build/udemy_ros2_pkg': CMAKE_PREFIX_PATH=/opt/ros/humble /usr/bin/cmake --install /home/vboxuser/workspaces/ros2_py_ws/build/udemy_ros2_pkg
[2.068s] -- Install configuration: ""
[2.084s] -- Up-to-date: /home/vboxuser/workspaces/ros2_py_ws/install/udemy_ros2_pkg/share/udemy_ros2_pkg/environment/pythonpath.sh
[2.088s] -- Up-to-date: /home/vboxuser/workspaces/ros2_py_ws/install/udemy_ros2_pkg/share/udemy_ros2_pkg/environment/pythonpath.dsv
[2.093s] -- Up-to-date: /home/vboxuser/workspaces/ros2_py_ws/install/udemy_ros2_pkg/local/lib/python3.10/dist-packages/scripts-0.0.0-py3.10.egg-info
[2.095s] -- Installing: /home/vboxuser/workspaces/ros2_py_ws/install/udemy_ros2_pkg/local/lib/python3.10/dist-packages/scripts-0.0.0-py3.10.egg-info/top_level.txt
[2.097s] -- Installing: /home/vboxuser/workspaces/ros2_py_ws/install/udemy_ros2_pkg/local/lib/python3.10/dist-packages/scripts-0.0.0-py3.10.egg-info/SOURCES.txt
[2.097s] -- Installing: /home/vboxuser/workspaces/ros2_py_ws/install/udemy_ros2_pkg/local/lib/python3.10/dist-packages/scripts-0.0.0-py3.10.egg-info/PKG-INFO
[2.097s] -- Installing: /home/vboxuser/workspaces/ros2_py_ws/install/udemy_ros2_pkg/local/lib/python3.10/dist-packages/scripts-0.0.0-py3.10.egg-info/dependency_links.txt
[2.097s] -- Up-to-date: /home/vboxuser/workspaces/ros2_py_ws/install/udemy_ros2_pkg/local/lib/python3.10/dist-packages/scripts
[2.101s] -- Up-to-date: /home/vboxuser/workspaces/ros2_py_ws/install/udemy_ros2_pkg/local/lib/python3.10/dist-packages/scripts/ok.py
[2.101s] -- Up-to-date: /home/vboxuser/workspaces/ros2_py_ws/install/udemy_ros2_pkg/local/lib/python3.10/dist-packages/scripts/__init__.py
[2.235s] Listing '/home/vboxuser/workspaces/ros2_py_ws/install/udemy_ros2_pkg/local/lib/python3.10/dist-packages/scripts'...
[2.254s] -- Up-to-date: /home/vboxuser/workspaces/ros2_py_ws/install/udemy_ros2_pkg/lib/udemy_ros2_pkg/ok.py
[2.254s] -- Up-to-date: /home/vboxuser/workspaces/ros2_py_ws/install/udemy_ros2_pkg/share/udemy_ros2_pkg//launch
[2.260s] -- Up-to-date: /home/vboxuser/workspaces/ros2_py_ws/install/udemy_ros2_pkg/share/udemy_ros2_pkg//launch/rpm_node.launch.py
[2.268s] -- Up-to-date: /home/vboxuser/workspaces/ros2_py_ws/install/udemy_ros2_pkg/share/ament_index/resource_index/package_run_dependencies/udemy_ros2_pkg
[2.271s] -- Up-to-date: /home/vboxuser/workspaces/ros2_py_ws/install/udemy_ros2_pkg/share/ament_index/resource_index/parent_prefix_path/udemy_ros2_pkg
[2.272s] -- Up-to-date: /home/vboxuser/workspaces/ros2_py_ws/install/udemy_ros2_pkg/share/udemy_ros2_pkg/environment/ament_prefix_path.sh
[2.272s] -- Up-to-date: /home/vboxuser/workspaces/ros2_py_ws/install/udemy_ros2_pkg/share/udemy_ros2_pkg/environment/ament_prefix_path.dsv
[2.272s] -- Up-to-date: /home/vboxuser/workspaces/ros2_py_ws/install/udemy_ros2_pkg/share/udemy_ros2_pkg/environment/path.sh
[2.272s] -- Up-to-date: /home/vboxuser/workspaces/ros2_py_ws/install/udemy_ros2_pkg/share/udemy_ros2_pkg/environment/path.dsv
[2.273s] -- Up-to-date: /home/vboxuser/workspaces/ros2_py_ws/install/udemy_ros2_pkg/share/udemy_ros2_pkg/local_setup.bash
[2.273s] -- Up-to-date: /home/vboxuser/workspaces/ros2_py_ws/install/udemy_ros2_pkg/share/udemy_ros2_pkg/local_setup.sh
[2.274s] -- Up-to-date: /home/vboxuser/workspaces/ros2_py_ws/install/udemy_ros2_pkg/share/udemy_ros2_pkg/local_setup.zsh
[2.274s] -- Up-to-date: /home/vboxuser/workspaces/ros2_py_ws/install/udemy_ros2_pkg/share/udemy_ros2_pkg/local_setup.dsv
[2.274s] -- Installing: /home/vboxuser/workspaces/ros2_py_ws/install/udemy_ros2_pkg/share/udemy_ros2_pkg/package.dsv
[2.280s] -- Up-to-date: /home/vboxuser/workspaces/ros2_py_ws/install/udemy_ros2_pkg/share/ament_index/resource_index/packages/udemy_ros2_pkg
[2.282s] -- Up-to-date: /home/vboxuser/workspaces/ros2_py_ws/install/udemy_ros2_pkg/share/udemy_ros2_pkg/cmake/udemy_ros2_pkgConfig.cmake
[2.283s] -- Up-to-date: /home/vboxuser/workspaces/ros2_py_ws/install/udemy_ros2_pkg/share/udemy_ros2_pkg/cmake/udemy_ros2_pkgConfig-version.cmake
[2.284s] -- Up-to-date: /home/vboxuser/workspaces/ros2_py_ws/install/udemy_ros2_pkg/share/udemy_ros2_pkg/package.xml
[2.307s] Invoked command in '/home/vboxuser/workspaces/ros2_py_ws/build/udemy_ros2_pkg' returned '0': CMAKE_PREFIX_PATH=/opt/ros/humble /usr/bin/cmake --install /home/vboxuser/workspaces/ros2_py_ws/build/udemy_ros2_pkg
