[  0%] Built target ament_cmake_python_copy_scripts
[  2%] Built target sabry_hardware__cpp
[ 12%] Built target sabry_hardware__rosidl_generator_c
[ 12%] Built target ament_cmake_python_copy_sabry_hardware
[ 23%] Built target sabry_hardware__rosidl_typesupport_cpp
[ 33%] Built target sabry_hardware__rosidl_typesupport_fastrtps_cpp
[ 43%] Built target sabry_hardware__rosidl_typesupport_introspection_cpp
[ 53%] Built target sabry_hardware__rosidl_typesupport_c
[ 64%] Built target sabry_hardware__rosidl_typesupport_fastrtps_c
[ 74%] Built target sabry_hardware__rosidl_typesupport_introspection_c
[ 74%] Built target sabry_hardware
[ 76%] Built target sabry_hardware__py
[ 84%] Built target sabry_hardware__rosidl_generator_py
[ 92%] Built target sabry_hardware__rosidl_typesupport_fastrtps_c__pyext
[ 94%] Built target sabry_hardware__rosidl_typesupport_c__pyext
running egg_info
[100%] Built target sabry_hardware__rosidl_typesupport_introspection_c__pyext
writing scripts.egg-info/PKG-INFO
writing dependency_links to scripts.egg-info/dependency_links.txt
writing top-level names to scripts.egg-info/top_level.txt
reading manifest file 'scripts.egg-info/SOURCES.txt'
writing manifest file 'scripts.egg-info/SOURCES.txt'
running egg_info
writing sabry_hardware.egg-info/PKG-INFO
writing dependency_links to sabry_hardware.egg-info/dependency_links.txt
writing top-level names to sabry_hardware.egg-info/top_level.txt
reading manifest file 'sabry_hardware.egg-info/SOURCES.txt'
writing manifest file 'sabry_hardware.egg-info/SOURCES.txt'
[100%] Built target ament_cmake_python_build_scripts_egg
[100%] Built target ament_cmake_python_build_sabry_hardware_egg
-- Install configuration: ""
-- Up-to-date: /home/vboxuser/workspaces/ros2_py_ws/install/sabry_hardware/share/ament_index/resource_index/rosidl_interfaces/sabry_hardware
-- Up-to-date: /home/vboxuser/workspaces/ros2_py_ws/install/sabry_hardware/include/sabry_hardware/sabry_hardware
-- Up-to-date: /home/vboxuser/workspaces/ros2_py_ws/install/sabry_hardware/include/sabry_hardware/sabry_hardware/msg
-- Up-to-date: /home/vboxuser/workspaces/ros2_py_ws/install/sabry_hardware/include/sabry_hardware/sabry_hardware/msg/rosidl_generator_c__visibility_control.h
-- Up-to-date: /home/vboxuser/workspaces/ros2_py_ws/install/sabry_hardware/include/sabry_hardware/sabry_hardware/srv
-- Up-to-date: /home/vboxuser/workspaces/ros2_py_ws/install/sabry_hardware/include/sabry_hardware/sabry_hardware/srv/detail
-- Up-to-date: /home/vboxuser/workspaces/ros2_py_ws/install/sabry_hardware/include/sabry_hardware/sabry_hardware/srv/detail/change_tool__functions.h
-- Up-to-date: /home/vboxuser/workspaces/ros2_py_ws/install/sabry_hardware/include/sabry_hardware/sabry_hardware/srv/detail/change_tool__type_support.h
-- Up-to-date: /home/vboxuser/workspaces/ros2_py_ws/install/sabry_hardware/include/sabry_hardware/sabry_hardware/srv/detail/change_tool__functions.c
-- Up-to-date: /home/vboxuser/workspaces/ros2_py_ws/install/sabry_hardware/include/sabry_hardware/sabry_hardware/srv/detail/change_tool__struct.h
-- Up-to-date: /home/vboxuser/workspaces/ros2_py_ws/install/sabry_hardware/include/sabry_hardware/sabry_hardware/srv/detail/linear_motor__struct.h
-- Up-to-date: /home/vboxuser/workspaces/ros2_py_ws/install/sabry_hardware/include/sabry_hardware/sabry_hardware/srv/detail/linear_motor__functions.c
-- Up-to-date: /home/vboxuser/workspaces/ros2_py_ws/install/sabry_hardware/include/sabry_hardware/sabry_hardware/srv/detail/linear_motor__functions.h
-- Up-to-date: /home/vboxuser/workspaces/ros2_py_ws/install/sabry_hardware/include/sabry_hardware/sabry_hardware/srv/detail/linear_motor__type_support.h
-- Up-to-date: /home/vboxuser/workspaces/ros2_py_ws/install/sabry_hardware/include/sabry_hardware/sabry_hardware/srv/linear_motor.h
-- Up-to-date: /home/vboxuser/workspaces/ros2_py_ws/install/sabry_hardware/include/sabry_hardware/sabry_hardware/srv/change_tool.h
-- Up-to-date: /home/vboxuser/workspaces/ros2_py_ws/install/sabry_hardware/share/sabry_hardware/environment/library_path.sh
-- Up-to-date: /home/vboxuser/workspaces/ros2_py_ws/install/sabry_hardware/share/sabry_hardware/environment/library_path.dsv
-- Up-to-date: /home/vboxuser/workspaces/ros2_py_ws/install/sabry_hardware/lib/libsabry_hardware__rosidl_generator_c.so
-- Up-to-date: /home/vboxuser/workspaces/ros2_py_ws/install/sabry_hardware/include/sabry_hardware/sabry_hardware
-- Up-to-date: /home/vboxuser/workspaces/ros2_py_ws/install/sabry_hardware/include/sabry_hardware/sabry_hardware/msg
-- Up-to-date: /home/vboxuser/workspaces/ros2_py_ws/install/sabry_hardware/include/sabry_hardware/sabry_hardware/msg/rosidl_typesupport_fastrtps_c__visibility_control.h
-- Up-to-date: /home/vboxuser/workspaces/ros2_py_ws/install/sabry_hardware/include/sabry_hardware/sabry_hardware/srv
-- Up-to-date: /home/vboxuser/workspaces/ros2_py_ws/install/sabry_hardware/include/sabry_hardware/sabry_hardware/srv/detail
-- Up-to-date: /home/vboxuser/workspaces/ros2_py_ws/install/sabry_hardware/include/sabry_hardware/sabry_hardware/srv/detail/linear_motor__rosidl_typesupport_fastrtps_c.h
-- Up-to-date: /home/vboxuser/workspaces/ros2_py_ws/install/sabry_hardware/include/sabry_hardware/sabry_hardware/srv/detail/change_tool__rosidl_typesupport_fastrtps_c.h
-- Up-to-date: /home/vboxuser/workspaces/ros2_py_ws/install/sabry_hardware/lib/libsabry_hardware__rosidl_typesupport_fastrtps_c.so
-- Up-to-date: /home/vboxuser/workspaces/ros2_py_ws/install/sabry_hardware/include/sabry_hardware/sabry_hardware
-- Up-to-date: /home/vboxuser/workspaces/ros2_py_ws/install/sabry_hardware/include/sabry_hardware/sabry_hardware/msg
-- Up-to-date: /home/vboxuser/workspaces/ros2_py_ws/install/sabry_hardware/include/sabry_hardware/sabry_hardware/msg/rosidl_typesupport_introspection_c__visibility_control.h
-- Up-to-date: /home/vboxuser/workspaces/ros2_py_ws/install/sabry_hardware/include/sabry_hardware/sabry_hardware/srv
-- Up-to-date: /home/vboxuser/workspaces/ros2_py_ws/install/sabry_hardware/include/sabry_hardware/sabry_hardware/srv/detail
-- Up-to-date: /home/vboxuser/workspaces/ros2_py_ws/install/sabry_hardware/include/sabry_hardware/sabry_hardware/srv/detail/change_tool__rosidl_typesupport_introspection_c.h
-- Up-to-date: /home/vboxuser/workspaces/ros2_py_ws/install/sabry_hardware/include/sabry_hardware/sabry_hardware/srv/detail/change_tool__type_support.c
-- Up-to-date: /home/vboxuser/workspaces/ros2_py_ws/install/sabry_hardware/include/sabry_hardware/sabry_hardware/srv/detail/linear_motor__type_support.c
-- Up-to-date: /home/vboxuser/workspaces/ros2_py_ws/install/sabry_hardware/include/sabry_hardware/sabry_hardware/srv/detail/linear_motor__rosidl_typesupport_introspection_c.h
-- Up-to-date: /home/vboxuser/workspaces/ros2_py_ws/install/sabry_hardware/lib/libsabry_hardware__rosidl_typesupport_introspection_c.so
-- Up-to-date: /home/vboxuser/workspaces/ros2_py_ws/install/sabry_hardware/lib/libsabry_hardware__rosidl_typesupport_c.so
-- Up-to-date: /home/vboxuser/workspaces/ros2_py_ws/install/sabry_hardware/include/sabry_hardware/sabry_hardware
-- Up-to-date: /home/vboxuser/workspaces/ros2_py_ws/install/sabry_hardware/include/sabry_hardware/sabry_hardware/msg
-- Up-to-date: /home/vboxuser/workspaces/ros2_py_ws/install/sabry_hardware/include/sabry_hardware/sabry_hardware/msg/rosidl_generator_cpp__visibility_control.hpp
-- Up-to-date: /home/vboxuser/workspaces/ros2_py_ws/install/sabry_hardware/include/sabry_hardware/sabry_hardware/srv
-- Up-to-date: /home/vboxuser/workspaces/ros2_py_ws/install/sabry_hardware/include/sabry_hardware/sabry_hardware/srv/detail
-- Up-to-date: /home/vboxuser/workspaces/ros2_py_ws/install/sabry_hardware/include/sabry_hardware/sabry_hardware/srv/detail/change_tool__builder.hpp
-- Up-to-date: /home/vboxuser/workspaces/ros2_py_ws/install/sabry_hardware/include/sabry_hardware/sabry_hardware/srv/detail/change_tool__traits.hpp
-- Up-to-date: /home/vboxuser/workspaces/ros2_py_ws/install/sabry_hardware/include/sabry_hardware/sabry_hardware/srv/detail/linear_motor__traits.hpp
-- Up-to-date: /home/vboxuser/workspaces/ros2_py_ws/install/sabry_hardware/include/sabry_hardware/sabry_hardware/srv/detail/linear_motor__type_support.hpp
-- Up-to-date: /home/vboxuser/workspaces/ros2_py_ws/install/sabry_hardware/include/sabry_hardware/sabry_hardware/srv/detail/linear_motor__struct.hpp
-- Up-to-date: /home/vboxuser/workspaces/ros2_py_ws/install/sabry_hardware/include/sabry_hardware/sabry_hardware/srv/detail/change_tool__type_support.hpp
-- Up-to-date: /home/vboxuser/workspaces/ros2_py_ws/install/sabry_hardware/include/sabry_hardware/sabry_hardware/srv/detail/change_tool__struct.hpp
-- Up-to-date: /home/vboxuser/workspaces/ros2_py_ws/install/sabry_hardware/include/sabry_hardware/sabry_hardware/srv/detail/linear_motor__builder.hpp
-- Up-to-date: /home/vboxuser/workspaces/ros2_py_ws/install/sabry_hardware/include/sabry_hardware/sabry_hardware/srv/change_tool.hpp
-- Up-to-date: /home/vboxuser/workspaces/ros2_py_ws/install/sabry_hardware/include/sabry_hardware/sabry_hardware/srv/linear_motor.hpp
-- Up-to-date: /home/vboxuser/workspaces/ros2_py_ws/install/sabry_hardware/include/sabry_hardware/sabry_hardware
-- Up-to-date: /home/vboxuser/workspaces/ros2_py_ws/install/sabry_hardware/include/sabry_hardware/sabry_hardware/msg
-- Up-to-date: /home/vboxuser/workspaces/ros2_py_ws/install/sabry_hardware/include/sabry_hardware/sabry_hardware/msg/rosidl_typesupport_fastrtps_cpp__visibility_control.h
-- Up-to-date: /home/vboxuser/workspaces/ros2_py_ws/install/sabry_hardware/include/sabry_hardware/sabry_hardware/srv
-- Up-to-date: /home/vboxuser/workspaces/ros2_py_ws/install/sabry_hardware/include/sabry_hardware/sabry_hardware/srv/detail
-- Up-to-date: /home/vboxuser/workspaces/ros2_py_ws/install/sabry_hardware/include/sabry_hardware/sabry_hardware/srv/detail/dds_fastrtps
-- Up-to-date: /home/vboxuser/workspaces/ros2_py_ws/install/sabry_hardware/include/sabry_hardware/sabry_hardware/srv/detail/change_tool__rosidl_typesupport_fastrtps_cpp.hpp
-- Up-to-date: /home/vboxuser/workspaces/ros2_py_ws/install/sabry_hardware/include/sabry_hardware/sabry_hardware/srv/detail/linear_motor__rosidl_typesupport_fastrtps_cpp.hpp
-- Up-to-date: /home/vboxuser/workspaces/ros2_py_ws/install/sabry_hardware/lib/libsabry_hardware__rosidl_typesupport_fastrtps_cpp.so
-- Up-to-date: /home/vboxuser/workspaces/ros2_py_ws/install/sabry_hardware/include/sabry_hardware/sabry_hardware
-- Up-to-date: /home/vboxuser/workspaces/ros2_py_ws/install/sabry_hardware/include/sabry_hardware/sabry_hardware/srv
-- Up-to-date: /home/vboxuser/workspaces/ros2_py_ws/install/sabry_hardware/include/sabry_hardware/sabry_hardware/srv/detail
-- Up-to-date: /home/vboxuser/workspaces/ros2_py_ws/install/sabry_hardware/include/sabry_hardware/sabry_hardware/srv/detail/change_tool__rosidl_typesupport_introspection_cpp.hpp
-- Up-to-date: /home/vboxuser/workspaces/ros2_py_ws/install/sabry_hardware/include/sabry_hardware/sabry_hardware/srv/detail/linear_motor__type_support.cpp
-- Up-to-date: /home/vboxuser/workspaces/ros2_py_ws/install/sabry_hardware/include/sabry_hardware/sabry_hardware/srv/detail/change_tool__type_support.cpp
-- Up-to-date: /home/vboxuser/workspaces/ros2_py_ws/install/sabry_hardware/include/sabry_hardware/sabry_hardware/srv/detail/linear_motor__rosidl_typesupport_introspection_cpp.hpp
-- Up-to-date: /home/vboxuser/workspaces/ros2_py_ws/install/sabry_hardware/lib/libsabry_hardware__rosidl_typesupport_introspection_cpp.so
-- Up-to-date: /home/vboxuser/workspaces/ros2_py_ws/install/sabry_hardware/lib/libsabry_hardware__rosidl_typesupport_cpp.so
-- Up-to-date: /home/vboxuser/workspaces/ros2_py_ws/install/sabry_hardware/share/sabry_hardware/environment/pythonpath.sh
-- Up-to-date: /home/vboxuser/workspaces/ros2_py_ws/install/sabry_hardware/share/sabry_hardware/environment/pythonpath.dsv
-- Up-to-date: /home/vboxuser/workspaces/ros2_py_ws/install/sabry_hardware/local/lib/python3.10/dist-packages/sabry_hardware-0.0.0-py3.10.egg-info
-- Installing: /home/vboxuser/workspaces/ros2_py_ws/install/sabry_hardware/local/lib/python3.10/dist-packages/sabry_hardware-0.0.0-py3.10.egg-info/top_level.txt
-- Installing: /home/vboxuser/workspaces/ros2_py_ws/install/sabry_hardware/local/lib/python3.10/dist-packages/sabry_hardware-0.0.0-py3.10.egg-info/SOURCES.txt
-- Installing: /home/vboxuser/workspaces/ros2_py_ws/install/sabry_hardware/local/lib/python3.10/dist-packages/sabry_hardware-0.0.0-py3.10.egg-info/PKG-INFO
-- Installing: /home/vboxuser/workspaces/ros2_py_ws/install/sabry_hardware/local/lib/python3.10/dist-packages/sabry_hardware-0.0.0-py3.10.egg-info/dependency_links.txt
-- Up-to-date: /home/vboxuser/workspaces/ros2_py_ws/install/sabry_hardware/local/lib/python3.10/dist-packages/sabry_hardware
-- Up-to-date: /home/vboxuser/workspaces/ros2_py_ws/install/sabry_hardware/local/lib/python3.10/dist-packages/sabry_hardware/libsabry_hardware__rosidl_generator_py.so
-- Up-to-date: /home/vboxuser/workspaces/ros2_py_ws/install/sabry_hardware/local/lib/python3.10/dist-packages/sabry_hardware/srv
-- Up-to-date: /home/vboxuser/workspaces/ros2_py_ws/install/sabry_hardware/local/lib/python3.10/dist-packages/sabry_hardware/srv/_linear_motor_s.c
-- Up-to-date: /home/vboxuser/workspaces/ros2_py_ws/install/sabry_hardware/local/lib/python3.10/dist-packages/sabry_hardware/srv/__init__.py
-- Up-to-date: /home/vboxuser/workspaces/ros2_py_ws/install/sabry_hardware/local/lib/python3.10/dist-packages/sabry_hardware/srv/_change_tool.py
-- Up-to-date: /home/vboxuser/workspaces/ros2_py_ws/install/sabry_hardware/local/lib/python3.10/dist-packages/sabry_hardware/srv/_change_tool_s.c
-- Up-to-date: /home/vboxuser/workspaces/ros2_py_ws/install/sabry_hardware/local/lib/python3.10/dist-packages/sabry_hardware/srv/_linear_motor.py
-- Up-to-date: /home/vboxuser/workspaces/ros2_py_ws/install/sabry_hardware/local/lib/python3.10/dist-packages/sabry_hardware/sabry_hardware_s__rosidl_typesupport_fastrtps_c.cpython-310-x86_64-linux-gnu.so
-- Up-to-date: /home/vboxuser/workspaces/ros2_py_ws/install/sabry_hardware/local/lib/python3.10/dist-packages/sabry_hardware/_sabry_hardware_s.ep.rosidl_typesupport_fastrtps_c.c
-- Up-to-date: /home/vboxuser/workspaces/ros2_py_ws/install/sabry_hardware/local/lib/python3.10/dist-packages/sabry_hardware/sabry_hardware_s__rosidl_typesupport_introspection_c.cpython-310-x86_64-linux-gnu.so
-- Up-to-date: /home/vboxuser/workspaces/ros2_py_ws/install/sabry_hardware/local/lib/python3.10/dist-packages/sabry_hardware/__init__.py
-- Up-to-date: /home/vboxuser/workspaces/ros2_py_ws/install/sabry_hardware/local/lib/python3.10/dist-packages/sabry_hardware/sabry_hardware_s__rosidl_typesupport_c.cpython-310-x86_64-linux-gnu.so
-- Up-to-date: /home/vboxuser/workspaces/ros2_py_ws/install/sabry_hardware/local/lib/python3.10/dist-packages/sabry_hardware/_sabry_hardware_s.ep.rosidl_typesupport_c.c
-- Up-to-date: /home/vboxuser/workspaces/ros2_py_ws/install/sabry_hardware/local/lib/python3.10/dist-packages/sabry_hardware/_sabry_hardware_s.ep.rosidl_typesupport_introspection_c.c
Listing '/home/vboxuser/workspaces/ros2_py_ws/install/sabry_hardware/local/lib/python3.10/dist-packages/sabry_hardware'...
Listing '/home/vboxuser/workspaces/ros2_py_ws/install/sabry_hardware/local/lib/python3.10/dist-packages/sabry_hardware/srv'...
-- Up-to-date: /home/vboxuser/workspaces/ros2_py_ws/install/sabry_hardware/local/lib/python3.10/dist-packages/sabry_hardware/sabry_hardware_s__rosidl_typesupport_fastrtps_c.cpython-310-x86_64-linux-gnu.so
-- Up-to-date: /home/vboxuser/workspaces/ros2_py_ws/install/sabry_hardware/local/lib/python3.10/dist-packages/sabry_hardware/sabry_hardware_s__rosidl_typesupport_introspection_c.cpython-310-x86_64-linux-gnu.so
-- Up-to-date: /home/vboxuser/workspaces/ros2_py_ws/install/sabry_hardware/local/lib/python3.10/dist-packages/sabry_hardware/sabry_hardware_s__rosidl_typesupport_c.cpython-310-x86_64-linux-gnu.so
-- Up-to-date: /home/vboxuser/workspaces/ros2_py_ws/install/sabry_hardware/lib/libsabry_hardware__rosidl_generator_py.so
-- Up-to-date: /home/vboxuser/workspaces/ros2_py_ws/install/sabry_hardware/share/sabry_hardware/srv/LinearMotor.idl
-- Up-to-date: /home/vboxuser/workspaces/ros2_py_ws/install/sabry_hardware/share/sabry_hardware/srv/ChangeTool.idl
-- Up-to-date: /home/vboxuser/workspaces/ros2_py_ws/install/sabry_hardware/share/sabry_hardware/srv/LinearMotor.srv
-- Up-to-date: /home/vboxuser/workspaces/ros2_py_ws/install/sabry_hardware/share/sabry_hardware/srv/LinearMotor_Request.msg
-- Up-to-date: /home/vboxuser/workspaces/ros2_py_ws/install/sabry_hardware/share/sabry_hardware/srv/LinearMotor_Response.msg
-- Up-to-date: /home/vboxuser/workspaces/ros2_py_ws/install/sabry_hardware/share/sabry_hardware/srv/ChangeTool.srv
-- Up-to-date: /home/vboxuser/workspaces/ros2_py_ws/install/sabry_hardware/share/sabry_hardware/srv/ChangeTool_Request.msg
-- Up-to-date: /home/vboxuser/workspaces/ros2_py_ws/install/sabry_hardware/share/sabry_hardware/srv/ChangeTool_Response.msg
-- Up-to-date: /home/vboxuser/workspaces/ros2_py_ws/install/sabry_hardware/local/lib/python3.10/dist-packages/scripts-0.0.0-py3.10.egg-info
-- Installing: /home/vboxuser/workspaces/ros2_py_ws/install/sabry_hardware/local/lib/python3.10/dist-packages/scripts-0.0.0-py3.10.egg-info/top_level.txt
-- Installing: /home/vboxuser/workspaces/ros2_py_ws/install/sabry_hardware/local/lib/python3.10/dist-packages/scripts-0.0.0-py3.10.egg-info/SOURCES.txt
-- Installing: /home/vboxuser/workspaces/ros2_py_ws/install/sabry_hardware/local/lib/python3.10/dist-packages/scripts-0.0.0-py3.10.egg-info/PKG-INFO
-- Installing: /home/vboxuser/workspaces/ros2_py_ws/install/sabry_hardware/local/lib/python3.10/dist-packages/scripts-0.0.0-py3.10.egg-info/dependency_links.txt
-- Up-to-date: /home/vboxuser/workspaces/ros2_py_ws/install/sabry_hardware/local/lib/python3.10/dist-packages/scripts
-- Up-to-date: /home/vboxuser/workspaces/ros2_py_ws/install/sabry_hardware/local/lib/python3.10/dist-packages/scripts/add_two_ints_server.py
-- Installing: /home/vboxuser/workspaces/ros2_py_ws/install/sabry_hardware/local/lib/python3.10/dist-packages/scripts/tool_change_manager.py
-- Up-to-date: /home/vboxuser/workspaces/ros2_py_ws/install/sabry_hardware/local/lib/python3.10/dist-packages/scripts/templete.py
-- Up-to-date: /home/vboxuser/workspaces/ros2_py_ws/install/sabry_hardware/local/lib/python3.10/dist-packages/scripts/__init__.py
-- Up-to-date: /home/vboxuser/workspaces/ros2_py_ws/install/sabry_hardware/local/lib/python3.10/dist-packages/scripts/linear_motor_node.py
Listing '/home/vboxuser/workspaces/ros2_py_ws/install/sabry_hardware/local/lib/python3.10/dist-packages/scripts'...
Compiling '/home/vboxuser/workspaces/ros2_py_ws/install/sabry_hardware/local/lib/python3.10/dist-packages/scripts/tool_change_manager.py'...
-- Up-to-date: /home/vboxuser/workspaces/ros2_py_ws/install/sabry_hardware/lib/sabry_hardware/linear_motor_node.py
-- Up-to-date: /home/vboxuser/workspaces/ros2_py_ws/install/sabry_hardware/lib/sabry_hardware/add_two_ints_server.py
-- Installing: /home/vboxuser/workspaces/ros2_py_ws/install/sabry_hardware/lib/sabry_hardware/tool_change_manager.py
-- Up-to-date: /home/vboxuser/workspaces/ros2_py_ws/install/sabry_hardware/share/ament_index/resource_index/package_run_dependencies/sabry_hardware
-- Up-to-date: /home/vboxuser/workspaces/ros2_py_ws/install/sabry_hardware/share/ament_index/resource_index/parent_prefix_path/sabry_hardware
-- Up-to-date: /home/vboxuser/workspaces/ros2_py_ws/install/sabry_hardware/share/sabry_hardware/environment/ament_prefix_path.sh
-- Up-to-date: /home/vboxuser/workspaces/ros2_py_ws/install/sabry_hardware/share/sabry_hardware/environment/ament_prefix_path.dsv
-- Up-to-date: /home/vboxuser/workspaces/ros2_py_ws/install/sabry_hardware/share/sabry_hardware/environment/path.sh
-- Up-to-date: /home/vboxuser/workspaces/ros2_py_ws/install/sabry_hardware/share/sabry_hardware/environment/path.dsv
-- Up-to-date: /home/vboxuser/workspaces/ros2_py_ws/install/sabry_hardware/share/sabry_hardware/local_setup.bash
-- Up-to-date: /home/vboxuser/workspaces/ros2_py_ws/install/sabry_hardware/share/sabry_hardware/local_setup.sh
-- Up-to-date: /home/vboxuser/workspaces/ros2_py_ws/install/sabry_hardware/share/sabry_hardware/local_setup.zsh
-- Up-to-date: /home/vboxuser/workspaces/ros2_py_ws/install/sabry_hardware/share/sabry_hardware/local_setup.dsv
-- Installing: /home/vboxuser/workspaces/ros2_py_ws/install/sabry_hardware/share/sabry_hardware/package.dsv
-- Up-to-date: /home/vboxuser/workspaces/ros2_py_ws/install/sabry_hardware/share/ament_index/resource_index/packages/sabry_hardware
-- Up-to-date: /home/vboxuser/workspaces/ros2_py_ws/install/sabry_hardware/share/sabry_hardware/cmake/export_sabry_hardware__rosidl_generator_cExport.cmake
-- Up-to-date: /home/vboxuser/workspaces/ros2_py_ws/install/sabry_hardware/share/sabry_hardware/cmake/export_sabry_hardware__rosidl_generator_cExport-noconfig.cmake
-- Up-to-date: /home/vboxuser/workspaces/ros2_py_ws/install/sabry_hardware/share/sabry_hardware/cmake/export_sabry_hardware__rosidl_typesupport_fastrtps_cExport.cmake
-- Up-to-date: /home/vboxuser/workspaces/ros2_py_ws/install/sabry_hardware/share/sabry_hardware/cmake/export_sabry_hardware__rosidl_typesupport_fastrtps_cExport-noconfig.cmake
-- Up-to-date: /home/vboxuser/workspaces/ros2_py_ws/install/sabry_hardware/share/sabry_hardware/cmake/sabry_hardware__rosidl_typesupport_introspection_cExport.cmake
-- Up-to-date: /home/vboxuser/workspaces/ros2_py_ws/install/sabry_hardware/share/sabry_hardware/cmake/sabry_hardware__rosidl_typesupport_introspection_cExport-noconfig.cmake
-- Up-to-date: /home/vboxuser/workspaces/ros2_py_ws/install/sabry_hardware/share/sabry_hardware/cmake/sabry_hardware__rosidl_typesupport_cExport.cmake
-- Up-to-date: /home/vboxuser/workspaces/ros2_py_ws/install/sabry_hardware/share/sabry_hardware/cmake/sabry_hardware__rosidl_typesupport_cExport-noconfig.cmake
-- Up-to-date: /home/vboxuser/workspaces/ros2_py_ws/install/sabry_hardware/share/sabry_hardware/cmake/export_sabry_hardware__rosidl_generator_cppExport.cmake
-- Up-to-date: /home/vboxuser/workspaces/ros2_py_ws/install/sabry_hardware/share/sabry_hardware/cmake/export_sabry_hardware__rosidl_typesupport_fastrtps_cppExport.cmake
-- Up-to-date: /home/vboxuser/workspaces/ros2_py_ws/install/sabry_hardware/share/sabry_hardware/cmake/export_sabry_hardware__rosidl_typesupport_fastrtps_cppExport-noconfig.cmake
-- Up-to-date: /home/vboxuser/workspaces/ros2_py_ws/install/sabry_hardware/share/sabry_hardware/cmake/sabry_hardware__rosidl_typesupport_introspection_cppExport.cmake
-- Up-to-date: /home/vboxuser/workspaces/ros2_py_ws/install/sabry_hardware/share/sabry_hardware/cmake/sabry_hardware__rosidl_typesupport_introspection_cppExport-noconfig.cmake
-- Up-to-date: /home/vboxuser/workspaces/ros2_py_ws/install/sabry_hardware/share/sabry_hardware/cmake/sabry_hardware__rosidl_typesupport_cppExport.cmake
-- Up-to-date: /home/vboxuser/workspaces/ros2_py_ws/install/sabry_hardware/share/sabry_hardware/cmake/sabry_hardware__rosidl_typesupport_cppExport-noconfig.cmake
-- Up-to-date: /home/vboxuser/workspaces/ros2_py_ws/install/sabry_hardware/share/sabry_hardware/cmake/export_sabry_hardware__rosidl_generator_pyExport.cmake
-- Up-to-date: /home/vboxuser/workspaces/ros2_py_ws/install/sabry_hardware/share/sabry_hardware/cmake/export_sabry_hardware__rosidl_generator_pyExport-noconfig.cmake
-- Up-to-date: /home/vboxuser/workspaces/ros2_py_ws/install/sabry_hardware/share/sabry_hardware/cmake/rosidl_cmake-extras.cmake
-- Up-to-date: /home/vboxuser/workspaces/ros2_py_ws/install/sabry_hardware/share/sabry_hardware/cmake/ament_cmake_export_include_directories-extras.cmake
-- Up-to-date: /home/vboxuser/workspaces/ros2_py_ws/install/sabry_hardware/share/sabry_hardware/cmake/ament_cmake_export_libraries-extras.cmake
-- Up-to-date: /home/vboxuser/workspaces/ros2_py_ws/install/sabry_hardware/share/sabry_hardware/cmake/ament_cmake_export_targets-extras.cmake
-- Up-to-date: /home/vboxuser/workspaces/ros2_py_ws/install/sabry_hardware/share/sabry_hardware/cmake/rosidl_cmake_export_typesupport_targets-extras.cmake
-- Up-to-date: /home/vboxuser/workspaces/ros2_py_ws/install/sabry_hardware/share/sabry_hardware/cmake/ament_cmake_export_dependencies-extras.cmake
-- Up-to-date: /home/vboxuser/workspaces/ros2_py_ws/install/sabry_hardware/share/sabry_hardware/cmake/rosidl_cmake_export_typesupport_libraries-extras.cmake
-- Up-to-date: /home/vboxuser/workspaces/ros2_py_ws/install/sabry_hardware/share/sabry_hardware/cmake/sabry_hardwareConfig.cmake
-- Up-to-date: /home/vboxuser/workspaces/ros2_py_ws/install/sabry_hardware/share/sabry_hardware/cmake/sabry_hardwareConfig-version.cmake
-- Up-to-date: /home/vboxuser/workspaces/ros2_py_ws/install/sabry_hardware/share/sabry_hardware/package.xml
