[0.591s] Invoking command in '/home/vboxuser/workspaces/ros2_py_ws/build/sabry': CMAKE_PREFIX_PATH=${CMAKE_PREFIX_PATH}:/home/vboxuser/workspaces/ros2_py_ws/install/publisher:/opt/ros/humble /usr/bin/cmake --build /home/vboxuser/workspaces/ros2_py_ws/build/sabry -- -j5 -l5
[2.869s] Invoked command in '/home/vboxuser/workspaces/ros2_py_ws/build/sabry' returned '0': CMAKE_PREFIX_PATH=${CMAKE_PREFIX_PATH}:/home/vboxuser/workspaces/ros2_py_ws/install/publisher:/opt/ros/humble /usr/bin/cmake --build /home/vboxuser/workspaces/ros2_py_ws/build/sabry -- -j5 -l5
[2.918s] Invoking command in '/home/vboxuser/workspaces/ros2_py_ws/build/sabry': CMAKE_PREFIX_PATH=${CMAKE_PREFIX_PATH}:/home/vboxuser/workspaces/ros2_py_ws/install/publisher:/opt/ros/humble /usr/bin/cmake --install /home/vboxuser/workspaces/ros2_py_ws/build/sabry
[2.978s] -- Install configuration: ""
[2.979s] -- Up-to-date: /home/vboxuser/workspaces/ros2_py_ws/install/sabry/share/sabry/config
[3.008s] -- Up-to-date: /home/vboxuser/workspaces/ros2_py_ws/install/sabry/share/sabry/config/joint_names_sabry.yaml
[3.008s] -- Up-to-date: /home/vboxuser/workspaces/ros2_py_ws/install/sabry/share/sabry/launch
[3.008s] -- Up-to-date: /home/vboxuser/workspaces/ros2_py_ws/install/sabry/share/sabry/launch/gazebo.launch.py
[3.008s] -- Up-to-date: /home/vboxuser/workspaces/ros2_py_ws/install/sabry/share/sabry/launch/display.launch
[3.008s] -- Up-to-date: /home/vboxuser/workspaces/ros2_py_ws/install/sabry/share/sabry/launch/gazebo_tool.launch.py
[3.020s] -- Up-to-date: /home/vboxuser/workspaces/ros2_py_ws/install/sabry/share/sabry/launch/gazebo.launch
[3.026s] -- Up-to-date: /home/vboxuser/workspaces/ros2_py_ws/install/sabry/share/sabry/launch/display.launch.py
[3.027s] -- Up-to-date: /home/vboxuser/workspaces/ros2_py_ws/install/sabry/share/sabry/meshes
[3.027s] -- Up-to-date: /home/vboxuser/workspaces/ros2_py_ws/install/sabry/share/sabry/meshes/wrist_pitch_Link.STL
[3.027s] -- Up-to-date: /home/vboxuser/workspaces/ros2_py_ws/install/sabry/share/sabry/meshes/lowerarm_Link.STL
[3.027s] -- Up-to-date: /home/vboxuser/workspaces/ros2_py_ws/install/sabry/share/sabry/meshes/waist_Link.STL
[3.027s] -- Up-to-date: /home/vboxuser/workspaces/ros2_py_ws/install/sabry/share/sabry/meshes/upperarm_Link.STL
[3.027s] -- Up-to-date: /home/vboxuser/workspaces/ros2_py_ws/install/sabry/share/sabry/meshes/wrist_yaw_Link.STL
[3.047s] -- Up-to-date: /home/vboxuser/workspaces/ros2_py_ws/install/sabry/share/sabry/meshes/base_link.STL
[3.047s] -- Up-to-date: /home/vboxuser/workspaces/ros2_py_ws/install/sabry/share/sabry/urdf
[3.049s] -- Up-to-date: /home/vboxuser/workspaces/ros2_py_ws/install/sabry/share/sabry/urdf/sabry.csv
[3.049s] -- Up-to-date: /home/vboxuser/workspaces/ros2_py_ws/install/sabry/share/sabry/urdf/sabry.urdf.xacro
[3.049s] -- Up-to-date: /home/vboxuser/workspaces/ros2_py_ws/install/sabry/share/sabry/urdf/sabry_controllers.xacro
[3.049s] -- Up-to-date: /home/vboxuser/workspaces/ros2_py_ws/install/sabry/share/sabry/urdf/sabry_gazebo.xacro
[3.057s] -- Up-to-date: /home/vboxuser/workspaces/ros2_py_ws/install/sabry/share/sabry/urdf/tools_station.xacro
[3.058s] -- Up-to-date: /home/vboxuser/workspaces/ros2_py_ws/install/sabry/share/sabry/urdf/tools.xacro
[3.058s] -- Up-to-date: /home/vboxuser/workspaces/ros2_py_ws/install/sabry/share/sabry/worlds
[3.058s] -- Up-to-date: /home/vboxuser/workspaces/ros2_py_ws/install/sabry/share/sabry/worlds/install
[3.058s] -- Up-to-date: /home/vboxuser/workspaces/ros2_py_ws/install/sabry/share/sabry/worlds/install/local_setup.bash
[3.058s] -- Up-to-date: /home/vboxuser/workspaces/ros2_py_ws/install/sabry/share/sabry/worlds/install/COLCON_IGNORE
[3.058s] -- Up-to-date: /home/vboxuser/workspaces/ros2_py_ws/install/sabry/share/sabry/worlds/install/local_setup.zsh
[3.058s] -- Up-to-date: /home/vboxuser/workspaces/ros2_py_ws/install/sabry/share/sabry/worlds/install/setup.sh
[3.058s] -- Up-to-date: /home/vboxuser/workspaces/ros2_py_ws/install/sabry/share/sabry/worlds/install/.colcon_install_layout
[3.060s] -- Up-to-date: /home/vboxuser/workspaces/ros2_py_ws/install/sabry/share/sabry/worlds/install/local_setup.sh
[3.061s] -- Up-to-date: /home/vboxuser/workspaces/ros2_py_ws/install/sabry/share/sabry/worlds/install/setup.ps1
[3.061s] -- Up-to-date: /home/vboxuser/workspaces/ros2_py_ws/install/sabry/share/sabry/worlds/install/setup.bash
[3.061s] -- Up-to-date: /home/vboxuser/workspaces/ros2_py_ws/install/sabry/share/sabry/worlds/install/_local_setup_util_ps1.py
[3.061s] -- Up-to-date: /home/vboxuser/workspaces/ros2_py_ws/install/sabry/share/sabry/worlds/install/_local_setup_util_sh.py
[3.061s] -- Up-to-date: /home/vboxuser/workspaces/ros2_py_ws/install/sabry/share/sabry/worlds/install/local_setup.ps1
[3.061s] -- Up-to-date: /home/vboxuser/workspaces/ros2_py_ws/install/sabry/share/sabry/worlds/install/setup.zsh
[3.066s] -- Up-to-date: /home/vboxuser/workspaces/ros2_py_ws/install/sabry/share/sabry/worlds/log
[3.066s] -- Up-to-date: /home/vboxuser/workspaces/ros2_py_ws/install/sabry/share/sabry/worlds/log/build_2026-02-10_21-14-57
[3.066s] -- Up-to-date: /home/vboxuser/workspaces/ros2_py_ws/install/sabry/share/sabry/worlds/log/build_2026-02-10_21-14-57/events.log
[3.066s] -- Up-to-date: /home/vboxuser/workspaces/ros2_py_ws/install/sabry/share/sabry/worlds/log/build_2026-02-10_21-14-57/logger_all.log
[3.067s] -- Up-to-date: /home/vboxuser/workspaces/ros2_py_ws/install/sabry/share/sabry/worlds/log/COLCON_IGNORE
[3.067s] -- Up-to-date: /home/vboxuser/workspaces/ros2_py_ws/install/sabry/share/sabry/worlds/log/build_2026-02-10_21-14-52
[3.067s] -- Up-to-date: /home/vboxuser/workspaces/ros2_py_ws/install/sabry/share/sabry/worlds/log/build_2026-02-10_21-14-52/events.log
[3.067s] -- Up-to-date: /home/vboxuser/workspaces/ros2_py_ws/install/sabry/share/sabry/worlds/log/build_2026-02-10_21-14-52/logger_all.log
[3.070s] -- Up-to-date: /home/vboxuser/workspaces/ros2_py_ws/install/sabry/share/sabry/worlds/log/latest
[3.070s] -- Up-to-date: /home/vboxuser/workspaces/ros2_py_ws/install/sabry/share/sabry/worlds/log/latest_build
[3.073s] -- Up-to-date: /home/vboxuser/workspaces/ros2_py_ws/install/sabry/share/sabry/worlds/tool_changer.sdf
[3.074s] -- Up-to-date: /home/vboxuser/workspaces/ros2_py_ws/install/sabry/share/sabry/worlds/build
[3.074s] -- Up-to-date: /home/vboxuser/workspaces/ros2_py_ws/install/sabry/share/sabry/worlds/build/COLCON_IGNORE
[3.074s] -- Up-to-date: /home/vboxuser/workspaces/ros2_py_ws/install/sabry/share/sabry/worlds/build/.built_by
[3.074s] -- Up-to-date: /home/vboxuser/workspaces/ros2_py_ws/install/sabry/share/ament_index/resource_index/package_run_dependencies/sabry
[3.075s] -- Up-to-date: /home/vboxuser/workspaces/ros2_py_ws/install/sabry/share/ament_index/resource_index/parent_prefix_path/sabry
[3.075s] -- Up-to-date: /home/vboxuser/workspaces/ros2_py_ws/install/sabry/share/sabry/environment/ament_prefix_path.sh
[3.075s] -- Up-to-date: /home/vboxuser/workspaces/ros2_py_ws/install/sabry/share/sabry/environment/ament_prefix_path.dsv
[3.075s] -- Up-to-date: /home/vboxuser/workspaces/ros2_py_ws/install/sabry/share/sabry/environment/path.sh
[3.075s] -- Up-to-date: /home/vboxuser/workspaces/ros2_py_ws/install/sabry/share/sabry/environment/path.dsv
[3.079s] -- Up-to-date: /home/vboxuser/workspaces/ros2_py_ws/install/sabry/share/sabry/local_setup.bash
[3.079s] -- Up-to-date: /home/vboxuser/workspaces/ros2_py_ws/install/sabry/share/sabry/local_setup.sh
[3.079s] -- Up-to-date: /home/vboxuser/workspaces/ros2_py_ws/install/sabry/share/sabry/local_setup.zsh
[3.079s] -- Up-to-date: /home/vboxuser/workspaces/ros2_py_ws/install/sabry/share/sabry/local_setup.dsv
[3.079s] -- Installing: /home/vboxuser/workspaces/ros2_py_ws/install/sabry/share/sabry/package.dsv
[3.082s] -- Up-to-date: /home/vboxuser/workspaces/ros2_py_ws/install/sabry/share/ament_index/resource_index/packages/sabry
[3.083s] -- Up-to-date: /home/vboxuser/workspaces/ros2_py_ws/install/sabry/share/sabry/cmake/sabryConfig.cmake
[3.083s] -- Up-to-date: /home/vboxuser/workspaces/ros2_py_ws/install/sabry/share/sabry/cmake/sabryConfig-version.cmake
[3.083s] -- Up-to-date: /home/vboxuser/workspaces/ros2_py_ws/install/sabry/share/sabry/package.xml
[3.219s] Invoked command in '/home/vboxuser/workspaces/ros2_py_ws/build/sabry' returned '0': CMAKE_PREFIX_PATH=${CMAKE_PREFIX_PATH}:/home/vboxuser/workspaces/ros2_py_ws/install/publisher:/opt/ros/humble /usr/bin/cmake --install /home/vboxuser/workspaces/ros2_py_ws/build/sabry
