[0.131s] Invoking command in '/home/vboxuser/workspaces/ros2_py_ws/build/sabrydemo_moveit': AMENT_PREFIX_PATH=/home/vboxuser/workspaces/ros2_py_ws/install/sabry:${AMENT_PREFIX_PATH} CMAKE_PREFIX_PATH=/home/vboxuser/workspaces/ros2_py_ws/install/sabry:/opt/ros/humble /usr/bin/cmake --build /home/vboxuser/workspaces/ros2_py_ws/build/sabrydemo_moveit -- -j5 -l5
[0.608s] Invoked command in '/home/vboxuser/workspaces/ros2_py_ws/build/sabrydemo_moveit' returned '0': AMENT_PREFIX_PATH=/home/vboxuser/workspaces/ros2_py_ws/install/sabry:${AMENT_PREFIX_PATH} CMAKE_PREFIX_PATH=/home/vboxuser/workspaces/ros2_py_ws/install/sabry:/opt/ros/humble /usr/bin/cmake --build /home/vboxuser/workspaces/ros2_py_ws/build/sabrydemo_moveit -- -j5 -l5
[0.634s] Invoking command in '/home/vboxuser/workspaces/ros2_py_ws/build/sabrydemo_moveit': AMENT_PREFIX_PATH=/home/vboxuser/workspaces/ros2_py_ws/install/sabry:${AMENT_PREFIX_PATH} CMAKE_PREFIX_PATH=/home/vboxuser/workspaces/ros2_py_ws/install/sabry:/opt/ros/humble /usr/bin/cmake --install /home/vboxuser/workspaces/ros2_py_ws/build/sabrydemo_moveit
[0.728s] -- Install configuration: ""
[0.751s] -- Up-to-date: /home/vboxuser/workspaces/ros2_py_ws/install/sabrydemo_moveit/share/ament_index/resource_index/package_run_dependencies/sabrydemo_moveit
[0.752s] -- Up-to-date: /home/vboxuser/workspaces/ros2_py_ws/install/sabrydemo_moveit/share/ament_index/resource_index/parent_prefix_path/sabrydemo_moveit
[0.765s] -- Up-to-date: /home/vboxuser/workspaces/ros2_py_ws/install/sabrydemo_moveit/share/sabrydemo_moveit/environment/ament_prefix_path.sh
[0.765s] -- Up-to-date: /home/vboxuser/workspaces/ros2_py_ws/install/sabrydemo_moveit/share/sabrydemo_moveit/environment/ament_prefix_path.dsv
[0.766s] -- Up-to-date: /home/vboxuser/workspaces/ros2_py_ws/install/sabrydemo_moveit/share/sabrydemo_moveit/environment/path.sh
[0.766s] -- Up-to-date: /home/vboxuser/workspaces/ros2_py_ws/install/sabrydemo_moveit/share/sabrydemo_moveit/environment/path.dsv
[0.771s] -- Up-to-date: /home/vboxuser/workspaces/ros2_py_ws/install/sabrydemo_moveit/share/sabrydemo_moveit/local_setup.bash
[0.771s] -- Up-to-date: /home/vboxuser/workspaces/ros2_py_ws/install/sabrydemo_moveit/share/sabrydemo_moveit/local_setup.sh
[0.771s] -- Up-to-date: /home/vboxuser/workspaces/ros2_py_ws/install/sabrydemo_moveit/share/sabrydemo_moveit/local_setup.zsh
[0.771s] -- Up-to-date: /home/vboxuser/workspaces/ros2_py_ws/install/sabrydemo_moveit/share/sabrydemo_moveit/local_setup.dsv
[0.772s] -- Installing: /home/vboxuser/workspaces/ros2_py_ws/install/sabrydemo_moveit/share/sabrydemo_moveit/package.dsv
[0.776s] -- Up-to-date: /home/vboxuser/workspaces/ros2_py_ws/install/sabrydemo_moveit/share/ament_index/resource_index/packages/sabrydemo_moveit
[0.783s] -- Up-to-date: /home/vboxuser/workspaces/ros2_py_ws/install/sabrydemo_moveit/share/sabrydemo_moveit/cmake/sabrydemo_moveitConfig.cmake
[0.783s] -- Up-to-date: /home/vboxuser/workspaces/ros2_py_ws/install/sabrydemo_moveit/share/sabrydemo_moveit/cmake/sabrydemo_moveitConfig-version.cmake
[0.783s] -- Up-to-date: /home/vboxuser/workspaces/ros2_py_ws/install/sabrydemo_moveit/share/sabrydemo_moveit/package.xml
[0.784s] -- Up-to-date: /home/vboxuser/workspaces/ros2_py_ws/install/sabrydemo_moveit/share/sabrydemo_moveit/launch
[0.790s] -- Up-to-date: /home/vboxuser/workspaces/ros2_py_ws/install/sabrydemo_moveit/share/sabrydemo_moveit/launch/rsp.launch.py
[0.790s] -- Up-to-date: /home/vboxuser/workspaces/ros2_py_ws/install/sabrydemo_moveit/share/sabrydemo_moveit/launch/moveit_rviz.launch.py
[0.790s] -- Up-to-date: /home/vboxuser/workspaces/ros2_py_ws/install/sabrydemo_moveit/share/sabrydemo_moveit/launch/warehouse_db.launch.py
[0.797s] -- Up-to-date: /home/vboxuser/workspaces/ros2_py_ws/install/sabrydemo_moveit/share/sabrydemo_moveit/launch/spawn_controllers.launch.py
[0.800s] -- Up-to-date: /home/vboxuser/workspaces/ros2_py_ws/install/sabrydemo_moveit/share/sabrydemo_moveit/launch/demo.launch.py
[0.800s] -- Up-to-date: /home/vboxuser/workspaces/ros2_py_ws/install/sabrydemo_moveit/share/sabrydemo_moveit/launch/move_group.launch.py
[0.800s] -- Up-to-date: /home/vboxuser/workspaces/ros2_py_ws/install/sabrydemo_moveit/share/sabrydemo_moveit/launch/setup_assistant.launch.py
[0.800s] -- Up-to-date: /home/vboxuser/workspaces/ros2_py_ws/install/sabrydemo_moveit/share/sabrydemo_moveit/launch/static_virtual_joint_tfs.launch.py
[0.800s] -- Up-to-date: /home/vboxuser/workspaces/ros2_py_ws/install/sabrydemo_moveit/share/sabrydemo_moveit/config
[0.812s] -- Up-to-date: /home/vboxuser/workspaces/ros2_py_ws/install/sabrydemo_moveit/share/sabrydemo_moveit/config/initial_positions.yaml
[0.813s] -- Up-to-date: /home/vboxuser/workspaces/ros2_py_ws/install/sabrydemo_moveit/share/sabrydemo_moveit/config/sabry.urdf.xacro
[0.813s] -- Up-to-date: /home/vboxuser/workspaces/ros2_py_ws/install/sabrydemo_moveit/share/sabrydemo_moveit/config/sabry.ros2_control.xacro
[0.820s] -- Up-to-date: /home/vboxuser/workspaces/ros2_py_ws/install/sabrydemo_moveit/share/sabrydemo_moveit/config/joint_limits.yaml
[0.820s] -- Up-to-date: /home/vboxuser/workspaces/ros2_py_ws/install/sabrydemo_moveit/share/sabrydemo_moveit/config/moveit.rviz
[0.822s] -- Up-to-date: /home/vboxuser/workspaces/ros2_py_ws/install/sabrydemo_moveit/share/sabrydemo_moveit/config/pilz_cartesian_limits.yaml
[0.822s] -- Up-to-date: /home/vboxuser/workspaces/ros2_py_ws/install/sabrydemo_moveit/share/sabrydemo_moveit/config/sabry.srdf
[0.822s] -- Up-to-date: /home/vboxuser/workspaces/ros2_py_ws/install/sabrydemo_moveit/share/sabrydemo_moveit/config/ros2_controllers.yaml
[0.823s] -- Up-to-date: /home/vboxuser/workspaces/ros2_py_ws/install/sabrydemo_moveit/share/sabrydemo_moveit/config/moveit_controllers.yaml
[0.823s] -- Up-to-date: /home/vboxuser/workspaces/ros2_py_ws/install/sabrydemo_moveit/share/sabrydemo_moveit/config/kinematics.yaml
[0.823s] -- Up-to-date: /home/vboxuser/workspaces/ros2_py_ws/install/sabrydemo_moveit/share/sabrydemo_moveit/.setup_assistant
[0.830s] Invoked command in '/home/vboxuser/workspaces/ros2_py_ws/build/sabrydemo_moveit' returned '0': AMENT_PREFIX_PATH=/home/vboxuser/workspaces/ros2_py_ws/install/sabry:${AMENT_PREFIX_PATH} CMAKE_PREFIX_PATH=/home/vboxuser/workspaces/ros2_py_ws/install/sabry:/opt/ros/humble /usr/bin/cmake --install /home/vboxuser/workspaces/ros2_py_ws/build/sabrydemo_moveit
