[0.236s] Invoking command in '/home/vboxuser/workspaces/ros2_py_ws/build/sabry_hardware': CMAKE_PREFIX_PATH=${CMAKE_PREFIX_PATH}:/home/vboxuser/workspaces/ros2_py_ws/install/publisher:/opt/ros/humble /usr/bin/cmake --build /home/vboxuser/workspaces/ros2_py_ws/build/sabry_hardware -- -j5 -l5
[0.444s] [ 10%] Built target sabry_hardware__rosidl_generator_c
[0.532s] [ 10%] Built target ament_cmake_python_copy_scripts
[0.550s] [ 10%] Built target ament_cmake_python_copy_sabry_hardware
[0.616s] [ 23%] Built target sabry_hardware__rosidl_typesupport_fastrtps_c
[0.617s] [ 33%] Built target sabry_hardware__rosidl_typesupport_introspection_c
[0.623s] [ 33%] Built target sabry_hardware__cpp
[0.697s] [ 43%] Built target sabry_hardware__rosidl_typesupport_c
[0.782s] [ 53%] Built target sabry_hardware__rosidl_typesupport_cpp
[0.799s] [ 64%] Built target sabry_hardware__rosidl_typesupport_fastrtps_cpp
[0.982s] [ 74%] Built target sabry_hardware__rosidl_typesupport_introspection_cpp
[1.247s] [ 74%] Built target sabry_hardware
[1.267s] running egg_info
[1.268s] writing scripts.egg-info/PKG-INFO
[1.268s] writing dependency_links to scripts.egg-info/dependency_links.txt
[1.268s] writing top-level names to scripts.egg-info/top_level.txt
[1.304s] reading manifest file 'scripts.egg-info/SOURCES.txt'
[1.314s] writing manifest file 'scripts.egg-info/SOURCES.txt'
[1.418s] running egg_info
[1.442s] writing sabry_hardware.egg-info/PKG-INFO
[1.463s] writing dependency_links to sabry_hardware.egg-info/dependency_links.txt
[1.464s] writing top-level names to sabry_hardware.egg-info/top_level.txt
[1.494s] [ 76%] Built target sabry_hardware__py
[1.496s] reading manifest file 'sabry_hardware.egg-info/SOURCES.txt'
[1.510s] writing manifest file 'sabry_hardware.egg-info/SOURCES.txt'
[1.552s] [ 76%] Built target ament_cmake_python_build_scripts_egg
[1.597s] [ 84%] Built target sabry_hardware__rosidl_generator_py
[1.726s] [ 84%] Built target ament_cmake_python_build_sabry_hardware_egg
[1.726s] [ 89%] Built target sabry_hardware__rosidl_typesupport_fastrtps_c__pyext
[1.814s] [ 94%] Built target sabry_hardware__rosidl_typesupport_introspection_c__pyext
[1.825s] [100%] Built target sabry_hardware__rosidl_typesupport_c__pyext
[1.851s] Invoked command in '/home/vboxuser/workspaces/ros2_py_ws/build/sabry_hardware' returned '0': CMAKE_PREFIX_PATH=${CMAKE_PREFIX_PATH}:/home/vboxuser/workspaces/ros2_py_ws/install/publisher:/opt/ros/humble /usr/bin/cmake --build /home/vboxuser/workspaces/ros2_py_ws/build/sabry_hardware -- -j5 -l5
[1.852s] Invoking command in '/home/vboxuser/workspaces/ros2_py_ws/build/sabry_hardware': CMAKE_PREFIX_PATH=${CMAKE_PREFIX_PATH}:/home/vboxuser/workspaces/ros2_py_ws/install/publisher:/opt/ros/humble /usr/bin/cmake --install /home/vboxuser/workspaces/ros2_py_ws/build/sabry_hardware
[1.886s] -- Install configuration: ""
[1.886s] -- Up-to-date: /home/vboxuser/workspaces/ros2_py_ws/install/sabry_hardware/share/ament_index/resource_index/rosidl_interfaces/sabry_hardware
[1.886s] -- Up-to-date: /home/vboxuser/workspaces/ros2_py_ws/install/sabry_hardware/include/sabry_hardware/sabry_hardware
[1.887s] -- Up-to-date: /home/vboxuser/workspaces/ros2_py_ws/install/sabry_hardware/include/sabry_hardware/sabry_hardware/msg
[1.887s] -- Up-to-date: /home/vboxuser/workspaces/ros2_py_ws/install/sabry_hardware/include/sabry_hardware/sabry_hardware/msg/rosidl_generator_c__visibility_control.h
[1.887s] -- Up-to-date: /home/vboxuser/workspaces/ros2_py_ws/install/sabry_hardware/include/sabry_hardware/sabry_hardware/srv
[1.887s] -- Up-to-date: /home/vboxuser/workspaces/ros2_py_ws/install/sabry_hardware/include/sabry_hardware/sabry_hardware/srv/detail
[1.887s] -- Up-to-date: /home/vboxuser/workspaces/ros2_py_ws/install/sabry_hardware/include/sabry_hardware/sabry_hardware/srv/detail/change_tool__functions.h
[1.887s] -- Up-to-date: /home/vboxuser/workspaces/ros2_py_ws/install/sabry_hardware/include/sabry_hardware/sabry_hardware/srv/detail/change_tool__type_support.h
[1.887s] -- Up-to-date: /home/vboxuser/workspaces/ros2_py_ws/install/sabry_hardware/include/sabry_hardware/sabry_hardware/srv/detail/change_tool__functions.c
[1.887s] -- Up-to-date: /home/vboxuser/workspaces/ros2_py_ws/install/sabry_hardware/include/sabry_hardware/sabry_hardware/srv/detail/change_tool__struct.h
[1.887s] -- Up-to-date: /home/vboxuser/workspaces/ros2_py_ws/install/sabry_hardware/include/sabry_hardware/sabry_hardware/srv/detail/linear_motor__struct.h
[1.887s] -- Up-to-date: /home/vboxuser/workspaces/ros2_py_ws/install/sabry_hardware/include/sabry_hardware/sabry_hardware/srv/detail/linear_motor__functions.c
[1.887s] -- Up-to-date: /home/vboxuser/workspaces/ros2_py_ws/install/sabry_hardware/include/sabry_hardware/sabry_hardware/srv/detail/linear_motor__functions.h
[1.887s] -- Up-to-date: /home/vboxuser/workspaces/ros2_py_ws/install/sabry_hardware/include/sabry_hardware/sabry_hardware/srv/detail/linear_motor__type_support.h
[1.900s] -- Up-to-date: /home/vboxuser/workspaces/ros2_py_ws/install/sabry_hardware/include/sabry_hardware/sabry_hardware/srv/linear_motor.h
[1.900s] -- Up-to-date: /home/vboxuser/workspaces/ros2_py_ws/install/sabry_hardware/include/sabry_hardware/sabry_hardware/srv/change_tool.h
[1.901s] -- Up-to-date: /home/vboxuser/workspaces/ros2_py_ws/install/sabry_hardware/share/sabry_hardware/environment/library_path.sh
[1.901s] -- Up-to-date: /home/vboxuser/workspaces/ros2_py_ws/install/sabry_hardware/share/sabry_hardware/environment/library_path.dsv
[1.901s] -- Up-to-date: /home/vboxuser/workspaces/ros2_py_ws/install/sabry_hardware/lib/libsabry_hardware__rosidl_generator_c.so
[1.901s] -- Up-to-date: /home/vboxuser/workspaces/ros2_py_ws/install/sabry_hardware/include/sabry_hardware/sabry_hardware
[1.901s] -- Up-to-date: /home/vboxuser/workspaces/ros2_py_ws/install/sabry_hardware/include/sabry_hardware/sabry_hardware/msg
[1.901s] -- Up-to-date: /home/vboxuser/workspaces/ros2_py_ws/install/sabry_hardware/include/sabry_hardware/sabry_hardware/msg/rosidl_typesupport_fastrtps_c__visibility_control.h
[1.901s] -- Up-to-date: /home/vboxuser/workspaces/ros2_py_ws/install/sabry_hardware/include/sabry_hardware/sabry_hardware/srv
[1.901s] -- Up-to-date: /home/vboxuser/workspaces/ros2_py_ws/install/sabry_hardware/include/sabry_hardware/sabry_hardware/srv/detail
[1.901s] -- Up-to-date: /home/vboxuser/workspaces/ros2_py_ws/install/sabry_hardware/include/sabry_hardware/sabry_hardware/srv/detail/linear_motor__rosidl_typesupport_fastrtps_c.h
[1.902s] -- Up-to-date: /home/vboxuser/workspaces/ros2_py_ws/install/sabry_hardware/include/sabry_hardware/sabry_hardware/srv/detail/change_tool__rosidl_typesupport_fastrtps_c.h
[1.904s] -- Up-to-date: /home/vboxuser/workspaces/ros2_py_ws/install/sabry_hardware/lib/libsabry_hardware__rosidl_typesupport_fastrtps_c.so
[1.904s] -- Up-to-date: /home/vboxuser/workspaces/ros2_py_ws/install/sabry_hardware/include/sabry_hardware/sabry_hardware
[1.904s] -- Up-to-date: /home/vboxuser/workspaces/ros2_py_ws/install/sabry_hardware/include/sabry_hardware/sabry_hardware/msg
[1.904s] -- Up-to-date: /home/vboxuser/workspaces/ros2_py_ws/install/sabry_hardware/include/sabry_hardware/sabry_hardware/msg/rosidl_typesupport_introspection_c__visibility_control.h
[1.904s] -- Up-to-date: /home/vboxuser/workspaces/ros2_py_ws/install/sabry_hardware/include/sabry_hardware/sabry_hardware/srv
[1.904s] -- Up-to-date: /home/vboxuser/workspaces/ros2_py_ws/install/sabry_hardware/include/sabry_hardware/sabry_hardware/srv/detail
[1.904s] -- Up-to-date: /home/vboxuser/workspaces/ros2_py_ws/install/sabry_hardware/include/sabry_hardware/sabry_hardware/srv/detail/change_tool__rosidl_typesupport_introspection_c.h
[1.905s] -- Up-to-date: /home/vboxuser/workspaces/ros2_py_ws/install/sabry_hardware/include/sabry_hardware/sabry_hardware/srv/detail/change_tool__type_support.c
[1.905s] -- Up-to-date: /home/vboxuser/workspaces/ros2_py_ws/install/sabry_hardware/include/sabry_hardware/sabry_hardware/srv/detail/linear_motor__type_support.c
[1.905s] -- Up-to-date: /home/vboxuser/workspaces/ros2_py_ws/install/sabry_hardware/include/sabry_hardware/sabry_hardware/srv/detail/linear_motor__rosidl_typesupport_introspection_c.h
[1.905s] -- Up-to-date: /home/vboxuser/workspaces/ros2_py_ws/install/sabry_hardware/lib/libsabry_hardware__rosidl_typesupport_introspection_c.so
[1.905s] -- Up-to-date: /home/vboxuser/workspaces/ros2_py_ws/install/sabry_hardware/lib/libsabry_hardware__rosidl_typesupport_c.so
[1.905s] -- Up-to-date: /home/vboxuser/workspaces/ros2_py_ws/install/sabry_hardware/include/sabry_hardware/sabry_hardware
[1.905s] -- Up-to-date: /home/vboxuser/workspaces/ros2_py_ws/install/sabry_hardware/include/sabry_hardware/sabry_hardware/msg
[1.905s] -- Up-to-date: /home/vboxuser/workspaces/ros2_py_ws/install/sabry_hardware/include/sabry_hardware/sabry_hardware/msg/rosidl_generator_cpp__visibility_control.hpp
[1.905s] -- Up-to-date: /home/vboxuser/workspaces/ros2_py_ws/install/sabry_hardware/include/sabry_hardware/sabry_hardware/srv
[1.905s] -- Up-to-date: /home/vboxuser/workspaces/ros2_py_ws/install/sabry_hardware/include/sabry_hardware/sabry_hardware/srv/detail
[1.905s] -- Up-to-date: /home/vboxuser/workspaces/ros2_py_ws/install/sabry_hardware/include/sabry_hardware/sabry_hardware/srv/detail/change_tool__builder.hpp
[1.905s] -- Up-to-date: /home/vboxuser/workspaces/ros2_py_ws/install/sabry_hardware/include/sabry_hardware/sabry_hardware/srv/detail/change_tool__traits.hpp
[1.905s] -- Up-to-date: /home/vboxuser/workspaces/ros2_py_ws/install/sabry_hardware/include/sabry_hardware/sabry_hardware/srv/detail/linear_motor__traits.hpp
[1.905s] -- Up-to-date: /home/vboxuser/workspaces/ros2_py_ws/install/sabry_hardware/include/sabry_hardware/sabry_hardware/srv/detail/linear_motor__type_support.hpp
[1.905s] -- Up-to-date: /home/vboxuser/workspaces/ros2_py_ws/install/sabry_hardware/include/sabry_hardware/sabry_hardware/srv/detail/linear_motor__struct.hpp
[1.905s] -- Up-to-date: /home/vboxuser/workspaces/ros2_py_ws/install/sabry_hardware/include/sabry_hardware/sabry_hardware/srv/detail/change_tool__type_support.hpp
[1.905s] -- Up-to-date: /home/vboxuser/workspaces/ros2_py_ws/install/sabry_hardware/include/sabry_hardware/sabry_hardware/srv/detail/change_tool__struct.hpp
[1.905s] -- Up-to-date: /home/vboxuser/workspaces/ros2_py_ws/install/sabry_hardware/include/sabry_hardware/sabry_hardware/srv/detail/linear_motor__builder.hpp
[1.906s] -- Up-to-date: /home/vboxuser/workspaces/ros2_py_ws/install/sabry_hardware/include/sabry_hardware/sabry_hardware/srv/change_tool.hpp
[1.906s] -- Up-to-date: /home/vboxuser/workspaces/ros2_py_ws/install/sabry_hardware/include/sabry_hardware/sabry_hardware/srv/linear_motor.hpp
[1.906s] -- Up-to-date: /home/vboxuser/workspaces/ros2_py_ws/install/sabry_hardware/include/sabry_hardware/sabry_hardware
[1.906s] -- Up-to-date: /home/vboxuser/workspaces/ros2_py_ws/install/sabry_hardware/include/sabry_hardware/sabry_hardware/msg
[1.906s] -- Up-to-date: /home/vboxuser/workspaces/ros2_py_ws/install/sabry_hardware/include/sabry_hardware/sabry_hardware/msg/rosidl_typesupport_fastrtps_cpp__visibility_control.h
[1.906s] -- Up-to-date: /home/vboxuser/workspaces/ros2_py_ws/install/sabry_hardware/include/sabry_hardware/sabry_hardware/srv
[1.906s] -- Up-to-date: /home/vboxuser/workspaces/ros2_py_ws/install/sabry_hardware/include/sabry_hardware/sabry_hardware/srv/detail
[1.906s] -- Up-to-date: /home/vboxuser/workspaces/ros2_py_ws/install/sabry_hardware/include/sabry_hardware/sabry_hardware/srv/detail/dds_fastrtps
[1.906s] -- Up-to-date: /home/vboxuser/workspaces/ros2_py_ws/install/sabry_hardware/include/sabry_hardware/sabry_hardware/srv/detail/change_tool__rosidl_typesupport_fastrtps_cpp.hpp
[1.906s] -- Up-to-date: /home/vboxuser/workspaces/ros2_py_ws/install/sabry_hardware/include/sabry_hardware/sabry_hardware/srv/detail/linear_motor__rosidl_typesupport_fastrtps_cpp.hpp
[1.906s] -- Up-to-date: /home/vboxuser/workspaces/ros2_py_ws/install/sabry_hardware/lib/libsabry_hardware__rosidl_typesupport_fastrtps_cpp.so
[1.906s] -- Up-to-date: /home/vboxuser/workspaces/ros2_py_ws/install/sabry_hardware/include/sabry_hardware/sabry_hardware
[1.906s] -- Up-to-date: /home/vboxuser/workspaces/ros2_py_ws/install/sabry_hardware/include/sabry_hardware/sabry_hardware/srv
[1.906s] -- Up-to-date: /home/vboxuser/workspaces/ros2_py_ws/install/sabry_hardware/include/sabry_hardware/sabry_hardware/srv/detail
[1.906s] -- Up-to-date: /home/vboxuser/workspaces/ros2_py_ws/install/sabry_hardware/include/sabry_hardware/sabry_hardware/srv/detail/change_tool__rosidl_typesupport_introspection_cpp.hpp
[1.906s] -- Up-to-date: /home/vboxuser/workspaces/ros2_py_ws/install/sabry_hardware/include/sabry_hardware/sabry_hardware/srv/detail/linear_motor__type_support.cpp
[1.906s] -- Up-to-date: /home/vboxuser/workspaces/ros2_py_ws/install/sabry_hardware/include/sabry_hardware/sabry_hardware/srv/detail/change_tool__type_support.cpp
[1.906s] -- Up-to-date: /home/vboxuser/workspaces/ros2_py_ws/install/sabry_hardware/include/sabry_hardware/sabry_hardware/srv/detail/linear_motor__rosidl_typesupport_introspection_cpp.hpp
[1.906s] -- Up-to-date: /home/vboxuser/workspaces/ros2_py_ws/install/sabry_hardware/lib/libsabry_hardware__rosidl_typesupport_introspection_cpp.so
[1.906s] -- Up-to-date: /home/vboxuser/workspaces/ros2_py_ws/install/sabry_hardware/lib/libsabry_hardware__rosidl_typesupport_cpp.so
[1.907s] -- Up-to-date: /home/vboxuser/workspaces/ros2_py_ws/install/sabry_hardware/share/sabry_hardware/environment/pythonpath.sh
[1.907s] -- Up-to-date: /home/vboxuser/workspaces/ros2_py_ws/install/sabry_hardware/share/sabry_hardware/environment/pythonpath.dsv
[1.907s] -- Up-to-date: /home/vboxuser/workspaces/ros2_py_ws/install/sabry_hardware/local/lib/python3.10/dist-packages/sabry_hardware-0.0.0-py3.10.egg-info
[1.907s] -- Installing: /home/vboxuser/workspaces/ros2_py_ws/install/sabry_hardware/local/lib/python3.10/dist-packages/sabry_hardware-0.0.0-py3.10.egg-info/top_level.txt
[1.907s] -- Installing: /home/vboxuser/workspaces/ros2_py_ws/install/sabry_hardware/local/lib/python3.10/dist-packages/sabry_hardware-0.0.0-py3.10.egg-info/SOURCES.txt
[1.907s] -- Installing: /home/vboxuser/workspaces/ros2_py_ws/install/sabry_hardware/local/lib/python3.10/dist-packages/sabry_hardware-0.0.0-py3.10.egg-info/PKG-INFO
[1.907s] -- Installing: /home/vboxuser/workspaces/ros2_py_ws/install/sabry_hardware/local/lib/python3.10/dist-packages/sabry_hardware-0.0.0-py3.10.egg-info/dependency_links.txt
[1.907s] -- Up-to-date: /home/vboxuser/workspaces/ros2_py_ws/install/sabry_hardware/local/lib/python3.10/dist-packages/sabry_hardware
[1.907s] -- Up-to-date: /home/vboxuser/workspaces/ros2_py_ws/install/sabry_hardware/local/lib/python3.10/dist-packages/sabry_hardware/libsabry_hardware__rosidl_generator_py.so
[1.907s] -- Up-to-date: /home/vboxuser/workspaces/ros2_py_ws/install/sabry_hardware/local/lib/python3.10/dist-packages/sabry_hardware/srv
[1.907s] -- Up-to-date: /home/vboxuser/workspaces/ros2_py_ws/install/sabry_hardware/local/lib/python3.10/dist-packages/sabry_hardware/srv/_linear_motor_s.c
[1.907s] -- Up-to-date: /home/vboxuser/workspaces/ros2_py_ws/install/sabry_hardware/local/lib/python3.10/dist-packages/sabry_hardware/srv/__init__.py
[1.907s] -- Up-to-date: /home/vboxuser/workspaces/ros2_py_ws/install/sabry_hardware/local/lib/python3.10/dist-packages/sabry_hardware/srv/_change_tool.py
[1.907s] -- Up-to-date: /home/vboxuser/workspaces/ros2_py_ws/install/sabry_hardware/local/lib/python3.10/dist-packages/sabry_hardware/srv/_change_tool_s.c
[1.907s] -- Up-to-date: /home/vboxuser/workspaces/ros2_py_ws/install/sabry_hardware/local/lib/python3.10/dist-packages/sabry_hardware/srv/_linear_motor.py
[1.907s] -- Up-to-date: /home/vboxuser/workspaces/ros2_py_ws/install/sabry_hardware/local/lib/python3.10/dist-packages/sabry_hardware/sabry_hardware_s__rosidl_typesupport_fastrtps_c.cpython-310-x86_64-linux-gnu.so
[1.907s] -- Up-to-date: /home/vboxuser/workspaces/ros2_py_ws/install/sabry_hardware/local/lib/python3.10/dist-packages/sabry_hardware/_sabry_hardware_s.ep.rosidl_typesupport_fastrtps_c.c
[1.908s] -- Up-to-date: /home/vboxuser/workspaces/ros2_py_ws/install/sabry_hardware/local/lib/python3.10/dist-packages/sabry_hardware/sabry_hardware_s__rosidl_typesupport_introspection_c.cpython-310-x86_64-linux-gnu.so
[1.908s] -- Up-to-date: /home/vboxuser/workspaces/ros2_py_ws/install/sabry_hardware/local/lib/python3.10/dist-packages/sabry_hardware/__init__.py
[1.908s] -- Up-to-date: /home/vboxuser/workspaces/ros2_py_ws/install/sabry_hardware/local/lib/python3.10/dist-packages/sabry_hardware/sabry_hardware_s__rosidl_typesupport_c.cpython-310-x86_64-linux-gnu.so
[1.908s] -- Up-to-date: /home/vboxuser/workspaces/ros2_py_ws/install/sabry_hardware/local/lib/python3.10/dist-packages/sabry_hardware/_sabry_hardware_s.ep.rosidl_typesupport_c.c
[1.908s] -- Up-to-date: /home/vboxuser/workspaces/ros2_py_ws/install/sabry_hardware/local/lib/python3.10/dist-packages/sabry_hardware/_sabry_hardware_s.ep.rosidl_typesupport_introspection_c.c
[1.952s] Listing '/home/vboxuser/workspaces/ros2_py_ws/install/sabry_hardware/local/lib/python3.10/dist-packages/sabry_hardware'...
[1.952s] Listing '/home/vboxuser/workspaces/ros2_py_ws/install/sabry_hardware/local/lib/python3.10/dist-packages/sabry_hardware/srv'...
[1.965s] -- Up-to-date: /home/vboxuser/workspaces/ros2_py_ws/install/sabry_hardware/local/lib/python3.10/dist-packages/sabry_hardware/sabry_hardware_s__rosidl_typesupport_fastrtps_c.cpython-310-x86_64-linux-gnu.so
[1.968s] -- Up-to-date: /home/vboxuser/workspaces/ros2_py_ws/install/sabry_hardware/local/lib/python3.10/dist-packages/sabry_hardware/sabry_hardware_s__rosidl_typesupport_introspection_c.cpython-310-x86_64-linux-gnu.so
[1.968s] -- Up-to-date: /home/vboxuser/workspaces/ros2_py_ws/install/sabry_hardware/local/lib/python3.10/dist-packages/sabry_hardware/sabry_hardware_s__rosidl_typesupport_c.cpython-310-x86_64-linux-gnu.so
[1.968s] -- Up-to-date: /home/vboxuser/workspaces/ros2_py_ws/install/sabry_hardware/lib/libsabry_hardware__rosidl_generator_py.so
[1.968s] -- Up-to-date: /home/vboxuser/workspaces/ros2_py_ws/install/sabry_hardware/share/sabry_hardware/srv/LinearMotor.idl
[1.968s] -- Up-to-date: /home/vboxuser/workspaces/ros2_py_ws/install/sabry_hardware/share/sabry_hardware/srv/ChangeTool.idl
[1.968s] -- Up-to-date: /home/vboxuser/workspaces/ros2_py_ws/install/sabry_hardware/share/sabry_hardware/srv/LinearMotor.srv
[1.969s] -- Up-to-date: /home/vboxuser/workspaces/ros2_py_ws/install/sabry_hardware/share/sabry_hardware/srv/LinearMotor_Request.msg
[1.969s] -- Up-to-date: /home/vboxuser/workspaces/ros2_py_ws/install/sabry_hardware/share/sabry_hardware/srv/LinearMotor_Response.msg
[1.969s] -- Up-to-date: /home/vboxuser/workspaces/ros2_py_ws/install/sabry_hardware/share/sabry_hardware/srv/ChangeTool.srv
[1.969s] -- Up-to-date: /home/vboxuser/workspaces/ros2_py_ws/install/sabry_hardware/share/sabry_hardware/srv/ChangeTool_Request.msg
[1.969s] -- Up-to-date: /home/vboxuser/workspaces/ros2_py_ws/install/sabry_hardware/share/sabry_hardware/srv/ChangeTool_Response.msg
[1.969s] -- Up-to-date: /home/vboxuser/workspaces/ros2_py_ws/install/sabry_hardware/local/lib/python3.10/dist-packages/scripts-0.0.0-py3.10.egg-info
[1.969s] -- Installing: /home/vboxuser/workspaces/ros2_py_ws/install/sabry_hardware/local/lib/python3.10/dist-packages/scripts-0.0.0-py3.10.egg-info/top_level.txt
[1.969s] -- Installing: /home/vboxuser/workspaces/ros2_py_ws/install/sabry_hardware/local/lib/python3.10/dist-packages/scripts-0.0.0-py3.10.egg-info/SOURCES.txt
[1.970s] -- Installing: /home/vboxuser/workspaces/ros2_py_ws/install/sabry_hardware/local/lib/python3.10/dist-packages/scripts-0.0.0-py3.10.egg-info/PKG-INFO
[1.970s] -- Installing: /home/vboxuser/workspaces/ros2_py_ws/install/sabry_hardware/local/lib/python3.10/dist-packages/scripts-0.0.0-py3.10.egg-info/dependency_links.txt
[1.973s] -- Up-to-date: /home/vboxuser/workspaces/ros2_py_ws/install/sabry_hardware/local/lib/python3.10/dist-packages/scripts
[1.973s] -- Up-to-date: /home/vboxuser/workspaces/ros2_py_ws/install/sabry_hardware/local/lib/python3.10/dist-packages/scripts/add_two_ints_server.py
[1.975s] -- Installing: /home/vboxuser/workspaces/ros2_py_ws/install/sabry_hardware/local/lib/python3.10/dist-packages/scripts/tool_change_manager.py
[1.975s] -- Up-to-date: /home/vboxuser/workspaces/ros2_py_ws/install/sabry_hardware/local/lib/python3.10/dist-packages/scripts/templete.py
[1.996s] -- Up-to-date: /home/vboxuser/workspaces/ros2_py_ws/install/sabry_hardware/local/lib/python3.10/dist-packages/scripts/__init__.py
[1.996s] -- Up-to-date: /home/vboxuser/workspaces/ros2_py_ws/install/sabry_hardware/local/lib/python3.10/dist-packages/scripts/linear_motor_node.py
[2.083s] Listing '/home/vboxuser/workspaces/ros2_py_ws/install/sabry_hardware/local/lib/python3.10/dist-packages/scripts'...
[2.083s] Compiling '/home/vboxuser/workspaces/ros2_py_ws/install/sabry_hardware/local/lib/python3.10/dist-packages/scripts/tool_change_manager.py'...
[2.090s] -- Up-to-date: /home/vboxuser/workspaces/ros2_py_ws/install/sabry_hardware/lib/sabry_hardware/linear_motor_node.py
[2.090s] -- Up-to-date: /home/vboxuser/workspaces/ros2_py_ws/install/sabry_hardware/lib/sabry_hardware/add_two_ints_server.py
[2.090s] -- Installing: /home/vboxuser/workspaces/ros2_py_ws/install/sabry_hardware/lib/sabry_hardware/tool_change_manager.py
[2.091s] -- Up-to-date: /home/vboxuser/workspaces/ros2_py_ws/install/sabry_hardware/share/ament_index/resource_index/package_run_dependencies/sabry_hardware
[2.091s] -- Up-to-date: /home/vboxuser/workspaces/ros2_py_ws/install/sabry_hardware/share/ament_index/resource_index/parent_prefix_path/sabry_hardware
[2.094s] -- Up-to-date: /home/vboxuser/workspaces/ros2_py_ws/install/sabry_hardware/share/sabry_hardware/environment/ament_prefix_path.sh
[2.095s] -- Up-to-date: /home/vboxuser/workspaces/ros2_py_ws/install/sabry_hardware/share/sabry_hardware/environment/ament_prefix_path.dsv
[2.095s] -- Up-to-date: /home/vboxuser/workspaces/ros2_py_ws/install/sabry_hardware/share/sabry_hardware/environment/path.sh
[2.096s] -- Up-to-date: /home/vboxuser/workspaces/ros2_py_ws/install/sabry_hardware/share/sabry_hardware/environment/path.dsv
[2.096s] -- Up-to-date: /home/vboxuser/workspaces/ros2_py_ws/install/sabry_hardware/share/sabry_hardware/local_setup.bash
[2.096s] -- Up-to-date: /home/vboxuser/workspaces/ros2_py_ws/install/sabry_hardware/share/sabry_hardware/local_setup.sh
[2.097s] -- Up-to-date: /home/vboxuser/workspaces/ros2_py_ws/install/sabry_hardware/share/sabry_hardware/local_setup.zsh
[2.097s] -- Up-to-date: /home/vboxuser/workspaces/ros2_py_ws/install/sabry_hardware/share/sabry_hardware/local_setup.dsv
[2.097s] -- Installing: /home/vboxuser/workspaces/ros2_py_ws/install/sabry_hardware/share/sabry_hardware/package.dsv
[2.097s] -- Up-to-date: /home/vboxuser/workspaces/ros2_py_ws/install/sabry_hardware/share/ament_index/resource_index/packages/sabry_hardware
[2.098s] -- Up-to-date: /home/vboxuser/workspaces/ros2_py_ws/install/sabry_hardware/share/sabry_hardware/cmake/export_sabry_hardware__rosidl_generator_cExport.cmake
[2.099s] -- Up-to-date: /home/vboxuser/workspaces/ros2_py_ws/install/sabry_hardware/share/sabry_hardware/cmake/export_sabry_hardware__rosidl_generator_cExport-noconfig.cmake
[2.099s] -- Up-to-date: /home/vboxuser/workspaces/ros2_py_ws/install/sabry_hardware/share/sabry_hardware/cmake/export_sabry_hardware__rosidl_typesupport_fastrtps_cExport.cmake
[2.100s] -- Up-to-date: /home/vboxuser/workspaces/ros2_py_ws/install/sabry_hardware/share/sabry_hardware/cmake/export_sabry_hardware__rosidl_typesupport_fastrtps_cExport-noconfig.cmake
[2.100s] -- Up-to-date: /home/vboxuser/workspaces/ros2_py_ws/install/sabry_hardware/share/sabry_hardware/cmake/sabry_hardware__rosidl_typesupport_introspection_cExport.cmake
[2.100s] -- Up-to-date: /home/vboxuser/workspaces/ros2_py_ws/install/sabry_hardware/share/sabry_hardware/cmake/sabry_hardware__rosidl_typesupport_introspection_cExport-noconfig.cmake
[2.101s] -- Up-to-date: /home/vboxuser/workspaces/ros2_py_ws/install/sabry_hardware/share/sabry_hardware/cmake/sabry_hardware__rosidl_typesupport_cExport.cmake
[2.101s] -- Up-to-date: /home/vboxuser/workspaces/ros2_py_ws/install/sabry_hardware/share/sabry_hardware/cmake/sabry_hardware__rosidl_typesupport_cExport-noconfig.cmake
[2.102s] -- Up-to-date: /home/vboxuser/workspaces/ros2_py_ws/install/sabry_hardware/share/sabry_hardware/cmake/export_sabry_hardware__rosidl_generator_cppExport.cmake
[2.107s] -- Up-to-date: /home/vboxuser/workspaces/ros2_py_ws/install/sabry_hardware/share/sabry_hardware/cmake/export_sabry_hardware__rosidl_typesupport_fastrtps_cppExport.cmake
[2.108s] -- Up-to-date: /home/vboxuser/workspaces/ros2_py_ws/install/sabry_hardware/share/sabry_hardware/cmake/export_sabry_hardware__rosidl_typesupport_fastrtps_cppExport-noconfig.cmake
[2.108s] -- Up-to-date: /home/vboxuser/workspaces/ros2_py_ws/install/sabry_hardware/share/sabry_hardware/cmake/sabry_hardware__rosidl_typesupport_introspection_cppExport.cmake
[2.109s] -- Up-to-date: /home/vboxuser/workspaces/ros2_py_ws/install/sabry_hardware/share/sabry_hardware/cmake/sabry_hardware__rosidl_typesupport_introspection_cppExport-noconfig.cmake
[2.109s] -- Up-to-date: /home/vboxuser/workspaces/ros2_py_ws/install/sabry_hardware/share/sabry_hardware/cmake/sabry_hardware__rosidl_typesupport_cppExport.cmake
[2.113s] -- Up-to-date: /home/vboxuser/workspaces/ros2_py_ws/install/sabry_hardware/share/sabry_hardware/cmake/sabry_hardware__rosidl_typesupport_cppExport-noconfig.cmake
[2.114s] -- Up-to-date: /home/vboxuser/workspaces/ros2_py_ws/install/sabry_hardware/share/sabry_hardware/cmake/export_sabry_hardware__rosidl_generator_pyExport.cmake
[2.114s] -- Up-to-date: /home/vboxuser/workspaces/ros2_py_ws/install/sabry_hardware/share/sabry_hardware/cmake/export_sabry_hardware__rosidl_generator_pyExport-noconfig.cmake
[2.114s] -- Up-to-date: /home/vboxuser/workspaces/ros2_py_ws/install/sabry_hardware/share/sabry_hardware/cmake/rosidl_cmake-extras.cmake
[2.121s] -- Up-to-date: /home/vboxuser/workspaces/ros2_py_ws/install/sabry_hardware/share/sabry_hardware/cmake/ament_cmake_export_include_directories-extras.cmake
[2.121s] -- Up-to-date: /home/vboxuser/workspaces/ros2_py_ws/install/sabry_hardware/share/sabry_hardware/cmake/ament_cmake_export_libraries-extras.cmake
[2.122s] -- Up-to-date: /home/vboxuser/workspaces/ros2_py_ws/install/sabry_hardware/share/sabry_hardware/cmake/ament_cmake_export_targets-extras.cmake
[2.123s] -- Up-to-date: /home/vboxuser/workspaces/ros2_py_ws/install/sabry_hardware/share/sabry_hardware/cmake/rosidl_cmake_export_typesupport_targets-extras.cmake
[2.123s] -- Up-to-date: /home/vboxuser/workspaces/ros2_py_ws/install/sabry_hardware/share/sabry_hardware/cmake/ament_cmake_export_dependencies-extras.cmake
[2.123s] -- Up-to-date: /home/vboxuser/workspaces/ros2_py_ws/install/sabry_hardware/share/sabry_hardware/cmake/rosidl_cmake_export_typesupport_libraries-extras.cmake
[2.124s] -- Up-to-date: /home/vboxuser/workspaces/ros2_py_ws/install/sabry_hardware/share/sabry_hardware/cmake/sabry_hardwareConfig.cmake
[2.124s] -- Up-to-date: /home/vboxuser/workspaces/ros2_py_ws/install/sabry_hardware/share/sabry_hardware/cmake/sabry_hardwareConfig-version.cmake
[2.124s] -- Up-to-date: /home/vboxuser/workspaces/ros2_py_ws/install/sabry_hardware/share/sabry_hardware/package.xml
[2.130s] Invoked command in '/home/vboxuser/workspaces/ros2_py_ws/build/sabry_hardware' returned '0': CMAKE_PREFIX_PATH=${CMAKE_PREFIX_PATH}:/home/vboxuser/workspaces/ros2_py_ws/install/publisher:/opt/ros/humble /usr/bin/cmake --install /home/vboxuser/workspaces/ros2_py_ws/build/sabry_hardware
