[0.452s] Invoking command in '/home/vboxuser/workspaces/build/udemy_ros2_pkg': CMAKE_PREFIX_PATH=${CMAKE_PREFIX_PATH}:/home/vboxuser/workspaces/ros2_py_ws/install/publisher:/opt/ros/humble /usr/bin/cmake /home/vboxuser/workspaces/ros2_py_ws/src/udemy_ros2_pkg -DCMAKE_INSTALL_PREFIX=/home/vboxuser/workspaces/install/udemy_ros2_pkg
[0.557s] -- The C compiler identification is GNU 11.4.0
[0.633s] -- The CXX compiler identification is GNU 11.4.0
[0.649s] -- Detecting C compiler ABI info
[0.790s] -- Detecting C compiler ABI info - done
[0.801s] -- Check for working C compiler: /usr/bin/cc - skipped
[0.801s] -- Detecting C compile features
[0.802s] -- Detecting C compile features - done
[0.806s] -- Detecting CXX compiler ABI info
[0.972s] -- Detecting CXX compiler ABI info - done
[0.983s] -- Check for working CXX compiler: /usr/bin/c++ - skipped
[0.983s] -- Detecting CXX compile features
[0.983s] -- Detecting CXX compile features - done
[0.986s] -- Found ament_cmake: 1.3.11 (/opt/ros/humble/share/ament_cmake/cmake)
[1.191s] -- Found Python3: /usr/bin/python3 (found version "3.10.12") found components: Interpreter 
[1.322s] -- Found rclpy: 3.3.16 (/opt/ros/humble/share/rclpy/cmake)
[1.428s] -- Found ament_lint_auto: 0.12.12 (/opt/ros/humble/share/ament_lint_auto/cmake)
[1.541s] -- Added test 'flake8' to check Python code syntax and style conventions
[1.542s] -- Added test 'lint_cmake' to check CMake code style
[1.543s] -- Added test 'pep257' to check Python code against some of the docstring style conventions in PEP 257
[1.545s] -- Added test 'xmllint' to check XML markup files
[1.547s] -- Configuring done
[1.552s] -- Generating done
[1.556s] -- Build files have been written to: /home/vboxuser/workspaces/build/udemy_ros2_pkg
[1.580s] Invoked command in '/home/vboxuser/workspaces/build/udemy_ros2_pkg' returned '0': CMAKE_PREFIX_PATH=${CMAKE_PREFIX_PATH}:/home/vboxuser/workspaces/ros2_py_ws/install/publisher:/opt/ros/humble /usr/bin/cmake /home/vboxuser/workspaces/ros2_py_ws/src/udemy_ros2_pkg -DCMAKE_INSTALL_PREFIX=/home/vboxuser/workspaces/install/udemy_ros2_pkg
[1.581s] Invoking command in '/home/vboxuser/workspaces/build/udemy_ros2_pkg': CMAKE_PREFIX_PATH=${CMAKE_PREFIX_PATH}:/home/vboxuser/workspaces/ros2_py_ws/install/publisher:/opt/ros/humble /usr/bin/cmake --build /home/vboxuser/workspaces/build/udemy_ros2_pkg -- -j5 -l5
[1.688s] Built target ament_cmake_python_copy_scripts
[2.037s] running egg_info
[2.037s] creating scripts.egg-info
[2.037s] writing scripts.egg-info/PKG-INFO
[2.039s] writing dependency_links to scripts.egg-info/dependency_links.txt
[2.039s] writing top-level names to scripts.egg-info/top_level.txt
[2.040s] writing manifest file 'scripts.egg-info/SOURCES.txt'
[2.046s] reading manifest file 'scripts.egg-info/SOURCES.txt'
[2.047s] writing manifest file 'scripts.egg-info/SOURCES.txt'
[2.085s] Built target ament_cmake_python_build_scripts_egg
[2.104s] Invoked command in '/home/vboxuser/workspaces/build/udemy_ros2_pkg' returned '0': CMAKE_PREFIX_PATH=${CMAKE_PREFIX_PATH}:/home/vboxuser/workspaces/ros2_py_ws/install/publisher:/opt/ros/humble /usr/bin/cmake --build /home/vboxuser/workspaces/build/udemy_ros2_pkg -- -j5 -l5
[2.111s] Invoking command in '/home/vboxuser/workspaces/build/udemy_ros2_pkg': CMAKE_PREFIX_PATH=${CMAKE_PREFIX_PATH}:/home/vboxuser/workspaces/ros2_py_ws/install/publisher:/opt/ros/humble /usr/bin/cmake --install /home/vboxuser/workspaces/build/udemy_ros2_pkg
[2.171s] -- Install configuration: ""
[2.171s] -- Installing: /home/vboxuser/workspaces/install/udemy_ros2_pkg/share/udemy_ros2_pkg/environment/pythonpath.sh
[2.172s] -- Installing: /home/vboxuser/workspaces/install/udemy_ros2_pkg/share/udemy_ros2_pkg/environment/pythonpath.dsv
[2.172s] -- Installing: /home/vboxuser/workspaces/install/udemy_ros2_pkg/local/lib/python3.10/dist-packages/scripts-0.0.0-py3.10.egg-info
[2.173s] -- Installing: /home/vboxuser/workspaces/install/udemy_ros2_pkg/local/lib/python3.10/dist-packages/scripts-0.0.0-py3.10.egg-info/top_level.txt
[2.173s] -- Installing: /home/vboxuser/workspaces/install/udemy_ros2_pkg/local/lib/python3.10/dist-packages/scripts-0.0.0-py3.10.egg-info/SOURCES.txt
[2.174s] -- Installing: /home/vboxuser/workspaces/install/udemy_ros2_pkg/local/lib/python3.10/dist-packages/scripts-0.0.0-py3.10.egg-info/PKG-INFO
[2.174s] -- Installing: /home/vboxuser/workspaces/install/udemy_ros2_pkg/local/lib/python3.10/dist-packages/scripts-0.0.0-py3.10.egg-info/dependency_links.txt
[2.175s] -- Installing: /home/vboxuser/workspaces/install/udemy_ros2_pkg/local/lib/python3.10/dist-packages/scripts
[2.176s] -- Installing: /home/vboxuser/workspaces/install/udemy_ros2_pkg/local/lib/python3.10/dist-packages/scripts/ok.py
[2.176s] -- Installing: /home/vboxuser/workspaces/install/udemy_ros2_pkg/local/lib/python3.10/dist-packages/scripts/__init__.py
[2.233s] Listing '/home/vboxuser/workspaces/install/udemy_ros2_pkg/local/lib/python3.10/dist-packages/scripts'...
[2.234s] Compiling '/home/vboxuser/workspaces/install/udemy_ros2_pkg/local/lib/python3.10/dist-packages/scripts/__init__.py'...
[2.235s] Compiling '/home/vboxuser/workspaces/install/udemy_ros2_pkg/local/lib/python3.10/dist-packages/scripts/ok.py'...
[2.247s] -- Installing: /home/vboxuser/workspaces/install/udemy_ros2_pkg/lib/udemy_ros2_pkg/ok.py
[2.248s] -- Installing: /home/vboxuser/workspaces/install/udemy_ros2_pkg/share/udemy_ros2_pkg//launch
[2.250s] -- Installing: /home/vboxuser/workspaces/install/udemy_ros2_pkg/share/udemy_ros2_pkg//launch/rpm_node.launch.py
[2.251s] -- Installing: /home/vboxuser/workspaces/install/udemy_ros2_pkg/share/ament_index/resource_index/package_run_dependencies/udemy_ros2_pkg
[2.256s] -- Installing: /home/vboxuser/workspaces/install/udemy_ros2_pkg/share/ament_index/resource_index/parent_prefix_path/udemy_ros2_pkg
[2.257s] -- Installing: /home/vboxuser/workspaces/install/udemy_ros2_pkg/share/udemy_ros2_pkg/environment/ament_prefix_path.sh
[2.257s] -- Installing: /home/vboxuser/workspaces/install/udemy_ros2_pkg/share/udemy_ros2_pkg/environment/ament_prefix_path.dsv
[2.257s] -- Installing: /home/vboxuser/workspaces/install/udemy_ros2_pkg/share/udemy_ros2_pkg/environment/path.sh
[2.261s] -- Installing: /home/vboxuser/workspaces/install/udemy_ros2_pkg/share/udemy_ros2_pkg/environment/path.dsv
[2.263s] -- Installing: /home/vboxuser/workspaces/install/udemy_ros2_pkg/share/udemy_ros2_pkg/local_setup.bash
[2.264s] -- Installing: /home/vboxuser/workspaces/install/udemy_ros2_pkg/share/udemy_ros2_pkg/local_setup.sh
[2.269s] -- Installing: /home/vboxuser/workspaces/install/udemy_ros2_pkg/share/udemy_ros2_pkg/local_setup.zsh
[2.270s] -- Installing: /home/vboxuser/workspaces/install/udemy_ros2_pkg/share/udemy_ros2_pkg/local_setup.dsv
[2.270s] -- Installing: /home/vboxuser/workspaces/install/udemy_ros2_pkg/share/udemy_ros2_pkg/package.dsv
[2.275s] -- Installing: /home/vboxuser/workspaces/install/udemy_ros2_pkg/share/ament_index/resource_index/packages/udemy_ros2_pkg
[2.275s] -- Installing: /home/vboxuser/workspaces/install/udemy_ros2_pkg/share/udemy_ros2_pkg/cmake/udemy_ros2_pkgConfig.cmake
[2.275s] -- Installing: /home/vboxuser/workspaces/install/udemy_ros2_pkg/share/udemy_ros2_pkg/cmake/udemy_ros2_pkgConfig-version.cmake
[2.278s] -- Installing: /home/vboxuser/workspaces/install/udemy_ros2_pkg/share/udemy_ros2_pkg/package.xml
[2.295s] Invoked command in '/home/vboxuser/workspaces/build/udemy_ros2_pkg' returned '0': CMAKE_PREFIX_PATH=${CMAKE_PREFIX_PATH}:/home/vboxuser/workspaces/ros2_py_ws/install/publisher:/opt/ros/humble /usr/bin/cmake --install /home/vboxuser/workspaces/build/udemy_ros2_pkg
