[0.092s] Invoking command in '/home/vboxuser/workspaces/ros2_py_ws/build/sabrydemo_moveit': CMAKE_PREFIX_PATH=/home/vboxuser/workspaces/ros2_py_ws/install/sabry:/home/vboxuser/ws_moveit2/install:/home/vboxuser/workspaces/ros2_py_ws/install/udemy_ros2_pkg:/home/vboxuser/workspaces/ros2_py_ws/install/sabry_moveit:/home/vboxuser/workspaces/ros2_py_ws/install/sabry_controller:/home/vboxuser/workspaces/ros2_py_ws/install/micro_ros_setup:/home/vboxuser/workspaces/ros2_py_ws/install/micro_ros_agent:/home/vboxuser/workspaces/ros2_py_ws/install/micro_ros_msgs:/home/vboxuser/workspaces/ros2_py_ws/install/sabry_hardware:/home/vboxuser/workspaces/ros2_py_ws/install/publisher:/opt/ros/humble /usr/bin/cmake /home/vboxuser/workspaces/ros2_py_ws/src/sabrydemo_moveit -DCMAKE_INSTALL_PREFIX=/home/vboxuser/workspaces/ros2_py_ws/install/sabrydemo_moveit
[0.287s] -- The C compiler identification is GNU 11.4.0
[0.494s] -- The CXX compiler identification is GNU 11.4.0
[0.540s] -- Detecting C compiler ABI info
[0.778s] -- Detecting C compiler ABI info - done
[0.800s] -- Check for working C compiler: /usr/bin/cc - skipped
[0.800s] -- Detecting C compile features
[0.801s] -- Detecting C compile features - done
[0.808s] -- Detecting CXX compiler ABI info
[1.113s] -- Detecting CXX compiler ABI info - done
[1.136s] -- Check for working CXX compiler: /usr/bin/c++ - skipped
[1.140s] -- Detecting CXX compile features
[1.140s] -- Detecting CXX compile features - done
[1.144s] -- Found ament_cmake: 1.3.11 (/opt/ros/humble/share/ament_cmake/cmake)
[1.541s] -- Found Python3: /usr/bin/python3 (found version "3.10.12") found components: Interpreter 
[1.964s] -- Configuring done
[1.971s] -- Generating done
[1.977s] -- Build files have been written to: /home/vboxuser/workspaces/ros2_py_ws/build/sabrydemo_moveit
[2.000s] Invoked command in '/home/vboxuser/workspaces/ros2_py_ws/build/sabrydemo_moveit' returned '0': CMAKE_PREFIX_PATH=/home/vboxuser/workspaces/ros2_py_ws/install/sabry:/home/vboxuser/ws_moveit2/install:/home/vboxuser/workspaces/ros2_py_ws/install/udemy_ros2_pkg:/home/vboxuser/workspaces/ros2_py_ws/install/sabry_moveit:/home/vboxuser/workspaces/ros2_py_ws/install/sabry_controller:/home/vboxuser/workspaces/ros2_py_ws/install/micro_ros_setup:/home/vboxuser/workspaces/ros2_py_ws/install/micro_ros_agent:/home/vboxuser/workspaces/ros2_py_ws/install/micro_ros_msgs:/home/vboxuser/workspaces/ros2_py_ws/install/sabry_hardware:/home/vboxuser/workspaces/ros2_py_ws/install/publisher:/opt/ros/humble /usr/bin/cmake /home/vboxuser/workspaces/ros2_py_ws/src/sabrydemo_moveit -DCMAKE_INSTALL_PREFIX=/home/vboxuser/workspaces/ros2_py_ws/install/sabrydemo_moveit
[2.001s] Invoking command in '/home/vboxuser/workspaces/ros2_py_ws/build/sabrydemo_moveit': CMAKE_PREFIX_PATH=/home/vboxuser/workspaces/ros2_py_ws/install/sabry:/home/vboxuser/ws_moveit2/install:/home/vboxuser/workspaces/ros2_py_ws/install/udemy_ros2_pkg:/home/vboxuser/workspaces/ros2_py_ws/install/sabry_moveit:/home/vboxuser/workspaces/ros2_py_ws/install/sabry_controller:/home/vboxuser/workspaces/ros2_py_ws/install/micro_ros_setup:/home/vboxuser/workspaces/ros2_py_ws/install/micro_ros_agent:/home/vboxuser/workspaces/ros2_py_ws/install/micro_ros_msgs:/home/vboxuser/workspaces/ros2_py_ws/install/sabry_hardware:/home/vboxuser/workspaces/ros2_py_ws/install/publisher:/opt/ros/humble /usr/bin/cmake --build /home/vboxuser/workspaces/ros2_py_ws/build/sabrydemo_moveit -- -j5 -l5
[2.133s] Invoked command in '/home/vboxuser/workspaces/ros2_py_ws/build/sabrydemo_moveit' returned '0': CMAKE_PREFIX_PATH=/home/vboxuser/workspaces/ros2_py_ws/install/sabry:/home/vboxuser/ws_moveit2/install:/home/vboxuser/workspaces/ros2_py_ws/install/udemy_ros2_pkg:/home/vboxuser/workspaces/ros2_py_ws/install/sabry_moveit:/home/vboxuser/workspaces/ros2_py_ws/install/sabry_controller:/home/vboxuser/workspaces/ros2_py_ws/install/micro_ros_setup:/home/vboxuser/workspaces/ros2_py_ws/install/micro_ros_agent:/home/vboxuser/workspaces/ros2_py_ws/install/micro_ros_msgs:/home/vboxuser/workspaces/ros2_py_ws/install/sabry_hardware:/home/vboxuser/workspaces/ros2_py_ws/install/publisher:/opt/ros/humble /usr/bin/cmake --build /home/vboxuser/workspaces/ros2_py_ws/build/sabrydemo_moveit -- -j5 -l5
[2.183s] Invoking command in '/home/vboxuser/workspaces/ros2_py_ws/build/sabrydemo_moveit': CMAKE_PREFIX_PATH=/home/vboxuser/workspaces/ros2_py_ws/install/sabry:/home/vboxuser/ws_moveit2/install:/home/vboxuser/workspaces/ros2_py_ws/install/udemy_ros2_pkg:/home/vboxuser/workspaces/ros2_py_ws/install/sabry_moveit:/home/vboxuser/workspaces/ros2_py_ws/install/sabry_controller:/home/vboxuser/workspaces/ros2_py_ws/install/micro_ros_setup:/home/vboxuser/workspaces/ros2_py_ws/install/micro_ros_agent:/home/vboxuser/workspaces/ros2_py_ws/install/micro_ros_msgs:/home/vboxuser/workspaces/ros2_py_ws/install/sabry_hardware:/home/vboxuser/workspaces/ros2_py_ws/install/publisher:/opt/ros/humble /usr/bin/cmake --install /home/vboxuser/workspaces/ros2_py_ws/build/sabrydemo_moveit
[2.204s] -- Install configuration: ""
[2.205s] -- Installing: /home/vboxuser/workspaces/ros2_py_ws/install/sabrydemo_moveit/share/ament_index/resource_index/package_run_dependencies/sabrydemo_moveit
[2.205s] -- Installing: /home/vboxuser/workspaces/ros2_py_ws/install/sabrydemo_moveit/share/ament_index/resource_index/parent_prefix_path/sabrydemo_moveit
[2.206s] -- Installing: /home/vboxuser/workspaces/ros2_py_ws/install/sabrydemo_moveit/share/sabrydemo_moveit/environment/ament_prefix_path.sh
[2.206s] -- Installing: /home/vboxuser/workspaces/ros2_py_ws/install/sabrydemo_moveit/share/sabrydemo_moveit/environment/ament_prefix_path.dsv
[2.213s] -- Installing: /home/vboxuser/workspaces/ros2_py_ws/install/sabrydemo_moveit/share/sabrydemo_moveit/environment/path.sh
[2.213s] -- Installing: /home/vboxuser/workspaces/ros2_py_ws/install/sabrydemo_moveit/share/sabrydemo_moveit/environment/path.dsv
[2.213s] -- Installing: /home/vboxuser/workspaces/ros2_py_ws/install/sabrydemo_moveit/share/sabrydemo_moveit/local_setup.bash
[2.217s] -- Installing: /home/vboxuser/workspaces/ros2_py_ws/install/sabrydemo_moveit/share/sabrydemo_moveit/local_setup.sh
[2.218s] -- Installing: /home/vboxuser/workspaces/ros2_py_ws/install/sabrydemo_moveit/share/sabrydemo_moveit/local_setup.zsh
[2.218s] -- Installing: /home/vboxuser/workspaces/ros2_py_ws/install/sabrydemo_moveit/share/sabrydemo_moveit/local_setup.dsv
[2.218s] -- Installing: /home/vboxuser/workspaces/ros2_py_ws/install/sabrydemo_moveit/share/sabrydemo_moveit/package.dsv
[2.222s] -- Installing: /home/vboxuser/workspaces/ros2_py_ws/install/sabrydemo_moveit/share/ament_index/resource_index/packages/sabrydemo_moveit
[2.223s] -- Installing: /home/vboxuser/workspaces/ros2_py_ws/install/sabrydemo_moveit/share/sabrydemo_moveit/cmake/sabrydemo_moveitConfig.cmake
[2.223s] -- Installing: /home/vboxuser/workspaces/ros2_py_ws/install/sabrydemo_moveit/share/sabrydemo_moveit/cmake/sabrydemo_moveitConfig-version.cmake
[2.224s] -- Installing: /home/vboxuser/workspaces/ros2_py_ws/install/sabrydemo_moveit/share/sabrydemo_moveit/package.xml
[2.224s] -- Installing: /home/vboxuser/workspaces/ros2_py_ws/install/sabrydemo_moveit/share/sabrydemo_moveit/launch
[2.224s] -- Installing: /home/vboxuser/workspaces/ros2_py_ws/install/sabrydemo_moveit/share/sabrydemo_moveit/launch/rsp.launch.py
[2.224s] -- Installing: /home/vboxuser/workspaces/ros2_py_ws/install/sabrydemo_moveit/share/sabrydemo_moveit/launch/moveit_rviz.launch.py
[2.224s] -- Installing: /home/vboxuser/workspaces/ros2_py_ws/install/sabrydemo_moveit/share/sabrydemo_moveit/launch/warehouse_db.launch.py
[2.225s] -- Installing: /home/vboxuser/workspaces/ros2_py_ws/install/sabrydemo_moveit/share/sabrydemo_moveit/launch/spawn_controllers.launch.py
[2.225s] -- Installing: /home/vboxuser/workspaces/ros2_py_ws/install/sabrydemo_moveit/share/sabrydemo_moveit/launch/demo.launch.py
[2.225s] -- Installing: /home/vboxuser/workspaces/ros2_py_ws/install/sabrydemo_moveit/share/sabrydemo_moveit/launch/move_group.launch.py
[2.225s] -- Installing: /home/vboxuser/workspaces/ros2_py_ws/install/sabrydemo_moveit/share/sabrydemo_moveit/launch/setup_assistant.launch.py
[2.225s] -- Installing: /home/vboxuser/workspaces/ros2_py_ws/install/sabrydemo_moveit/share/sabrydemo_moveit/launch/static_virtual_joint_tfs.launch.py
[2.225s] -- Installing: /home/vboxuser/workspaces/ros2_py_ws/install/sabrydemo_moveit/share/sabrydemo_moveit/config
[2.225s] -- Installing: /home/vboxuser/workspaces/ros2_py_ws/install/sabrydemo_moveit/share/sabrydemo_moveit/config/initial_positions.yaml
[2.245s] -- Installing: /home/vboxuser/workspaces/ros2_py_ws/install/sabrydemo_moveit/share/sabrydemo_moveit/config/sabry.urdf.xacro
[2.255s] -- Installing: /home/vboxuser/workspaces/ros2_py_ws/install/sabrydemo_moveit/share/sabrydemo_moveit/config/sabry.ros2_control.xacro
[2.260s] -- Installing: /home/vboxuser/workspaces/ros2_py_ws/install/sabrydemo_moveit/share/sabrydemo_moveit/config/joint_limits.yaml
[2.260s] -- Installing: /home/vboxuser/workspaces/ros2_py_ws/install/sabrydemo_moveit/share/sabrydemo_moveit/config/moveit.rviz
[2.262s] -- Installing: /home/vboxuser/workspaces/ros2_py_ws/install/sabrydemo_moveit/share/sabrydemo_moveit/config/pilz_cartesian_limits.yaml
[2.263s] -- Installing: /home/vboxuser/workspaces/ros2_py_ws/install/sabrydemo_moveit/share/sabrydemo_moveit/config/sabry.srdf
[2.268s] -- Installing: /home/vboxuser/workspaces/ros2_py_ws/install/sabrydemo_moveit/share/sabrydemo_moveit/config/ros2_controllers.yaml
[2.281s] -- Installing: /home/vboxuser/workspaces/ros2_py_ws/install/sabrydemo_moveit/share/sabrydemo_moveit/config/moveit_controllers.yaml
[2.286s] -- Installing: /home/vboxuser/workspaces/ros2_py_ws/install/sabrydemo_moveit/share/sabrydemo_moveit/config/kinematics.yaml
[2.290s] -- Installing: /home/vboxuser/workspaces/ros2_py_ws/install/sabrydemo_moveit/share/sabrydemo_moveit/.setup_assistant
[2.308s] Invoked command in '/home/vboxuser/workspaces/ros2_py_ws/build/sabrydemo_moveit' returned '0': CMAKE_PREFIX_PATH=/home/vboxuser/workspaces/ros2_py_ws/install/sabry:/home/vboxuser/ws_moveit2/install:/home/vboxuser/workspaces/ros2_py_ws/install/udemy_ros2_pkg:/home/vboxuser/workspaces/ros2_py_ws/install/sabry_moveit:/home/vboxuser/workspaces/ros2_py_ws/install/sabry_controller:/home/vboxuser/workspaces/ros2_py_ws/install/micro_ros_setup:/home/vboxuser/workspaces/ros2_py_ws/install/micro_ros_agent:/home/vboxuser/workspaces/ros2_py_ws/install/micro_ros_msgs:/home/vboxuser/workspaces/ros2_py_ws/install/sabry_hardware:/home/vboxuser/workspaces/ros2_py_ws/install/publisher:/opt/ros/humble /usr/bin/cmake --install /home/vboxuser/workspaces/ros2_py_ws/build/sabrydemo_moveit
