[0.473s] Invoking command in '/home/vboxuser/workspaces/ros2_py_ws/build/sabry_controller': CMAKE_PREFIX_PATH=${CMAKE_PREFIX_PATH}:/home/vboxuser/workspaces/ros2_py_ws/install/publisher:/opt/ros/humble /usr/bin/cmake --build /home/vboxuser/workspaces/ros2_py_ws/build/sabry_controller -- -j5 -l5
[0.696s] Invoked command in '/home/vboxuser/workspaces/ros2_py_ws/build/sabry_controller' returned '0': CMAKE_PREFIX_PATH=${CMAKE_PREFIX_PATH}:/home/vboxuser/workspaces/ros2_py_ws/install/publisher:/opt/ros/humble /usr/bin/cmake --build /home/vboxuser/workspaces/ros2_py_ws/build/sabry_controller -- -j5 -l5
[0.700s] Invoking command in '/home/vboxuser/workspaces/ros2_py_ws/build/sabry_controller': CMAKE_PREFIX_PATH=${CMAKE_PREFIX_PATH}:/home/vboxuser/workspaces/ros2_py_ws/install/publisher:/opt/ros/humble /usr/bin/cmake --install /home/vboxuser/workspaces/ros2_py_ws/build/sabry_controller
[0.846s] -- Install configuration: ""
[0.848s] -- Up-to-date: /home/vboxuser/workspaces/ros2_py_ws/install/sabry_controller/share/sabry_controller/launch
[0.849s] -- Up-to-date: /home/vboxuser/workspaces/ros2_py_ws/install/sabry_controller/share/sabry_controller/launch/controller.launch.py
[0.849s] -- Up-to-date: /home/vboxuser/workspaces/ros2_py_ws/install/sabry_controller/share/sabry_controller/launch/bringup.launch.py
[0.850s] -- Up-to-date: /home/vboxuser/workspaces/ros2_py_ws/install/sabry_controller/share/sabry_controller/config
[0.850s] -- Up-to-date: /home/vboxuser/workspaces/ros2_py_ws/install/sabry_controller/share/sabry_controller/config/sabry_controllers.yaml
[0.864s] -- Up-to-date: /home/vboxuser/workspaces/ros2_py_ws/install/sabry_controller/share/ament_index/resource_index/package_run_dependencies/sabry_controller
[0.866s] -- Up-to-date: /home/vboxuser/workspaces/ros2_py_ws/install/sabry_controller/share/ament_index/resource_index/parent_prefix_path/sabry_controller
[0.877s] -- Up-to-date: /home/vboxuser/workspaces/ros2_py_ws/install/sabry_controller/share/sabry_controller/environment/ament_prefix_path.sh
[0.883s] -- Up-to-date: /home/vboxuser/workspaces/ros2_py_ws/install/sabry_controller/share/sabry_controller/environment/ament_prefix_path.dsv
[0.884s] -- Up-to-date: /home/vboxuser/workspaces/ros2_py_ws/install/sabry_controller/share/sabry_controller/environment/path.sh
[0.885s] -- Up-to-date: /home/vboxuser/workspaces/ros2_py_ws/install/sabry_controller/share/sabry_controller/environment/path.dsv
[0.886s] -- Up-to-date: /home/vboxuser/workspaces/ros2_py_ws/install/sabry_controller/share/sabry_controller/local_setup.bash
[0.887s] -- Up-to-date: /home/vboxuser/workspaces/ros2_py_ws/install/sabry_controller/share/sabry_controller/local_setup.sh
[0.887s] -- Up-to-date: /home/vboxuser/workspaces/ros2_py_ws/install/sabry_controller/share/sabry_controller/local_setup.zsh
[0.898s] -- Up-to-date: /home/vboxuser/workspaces/ros2_py_ws/install/sabry_controller/share/sabry_controller/local_setup.dsv
[0.898s] -- Installing: /home/vboxuser/workspaces/ros2_py_ws/install/sabry_controller/share/sabry_controller/package.dsv
[0.898s] -- Up-to-date: /home/vboxuser/workspaces/ros2_py_ws/install/sabry_controller/share/ament_index/resource_index/packages/sabry_controller
[0.898s] -- Up-to-date: /home/vboxuser/workspaces/ros2_py_ws/install/sabry_controller/share/sabry_controller/cmake/sabry_controllerConfig.cmake
[0.898s] -- Up-to-date: /home/vboxuser/workspaces/ros2_py_ws/install/sabry_controller/share/sabry_controller/cmake/sabry_controllerConfig-version.cmake
[0.898s] -- Up-to-date: /home/vboxuser/workspaces/ros2_py_ws/install/sabry_controller/share/sabry_controller/package.xml
[0.899s] Invoked command in '/home/vboxuser/workspaces/ros2_py_ws/build/sabry_controller' returned '0': CMAKE_PREFIX_PATH=${CMAKE_PREFIX_PATH}:/home/vboxuser/workspaces/ros2_py_ws/install/publisher:/opt/ros/humble /usr/bin/cmake --install /home/vboxuser/workspaces/ros2_py_ws/build/sabry_controller
