[0.912s] Invoking command in '/home/vboxuser/workspaces/ros2_py_ws/build/sabry_controller': CMAKE_PREFIX_PATH=${CMAKE_PREFIX_PATH}:/home/vboxuser/workspaces/ros2_py_ws/install/publisher:/opt/ros/humble /usr/bin/cmake --build /home/vboxuser/workspaces/ros2_py_ws/build/sabry_controller -- -j5 -l5
[1.104s] Invoked command in '/home/vboxuser/workspaces/ros2_py_ws/build/sabry_controller' returned '0': CMAKE_PREFIX_PATH=${CMAKE_PREFIX_PATH}:/home/vboxuser/workspaces/ros2_py_ws/install/publisher:/opt/ros/humble /usr/bin/cmake --build /home/vboxuser/workspaces/ros2_py_ws/build/sabry_controller -- -j5 -l5
[1.105s] Invoking command in '/home/vboxuser/workspaces/ros2_py_ws/build/sabry_controller': CMAKE_PREFIX_PATH=${CMAKE_PREFIX_PATH}:/home/vboxuser/workspaces/ros2_py_ws/install/publisher:/opt/ros/humble /usr/bin/cmake --install /home/vboxuser/workspaces/ros2_py_ws/build/sabry_controller
[1.182s] -- Install configuration: ""
[1.182s] -- Up-to-date: /home/vboxuser/workspaces/ros2_py_ws/install/sabry_controller/share/sabry_controller/launch
[1.182s] -- Up-to-date: /home/vboxuser/workspaces/ros2_py_ws/install/sabry_controller/share/sabry_controller/launch/controller.launch.py
[1.182s] -- Up-to-date: /home/vboxuser/workspaces/ros2_py_ws/install/sabry_controller/share/sabry_controller/launch/bringup.launch.py
[1.182s] -- Up-to-date: /home/vboxuser/workspaces/ros2_py_ws/install/sabry_controller/share/sabry_controller/config
[1.182s] -- Up-to-date: /home/vboxuser/workspaces/ros2_py_ws/install/sabry_controller/share/sabry_controller/config/sabry_controllers.yaml
[1.182s] -- Up-to-date: /home/vboxuser/workspaces/ros2_py_ws/install/sabry_controller/share/ament_index/resource_index/package_run_dependencies/sabry_controller
[1.182s] -- Up-to-date: /home/vboxuser/workspaces/ros2_py_ws/install/sabry_controller/share/ament_index/resource_index/parent_prefix_path/sabry_controller
[1.182s] -- Up-to-date: /home/vboxuser/workspaces/ros2_py_ws/install/sabry_controller/share/sabry_controller/environment/ament_prefix_path.sh
[1.182s] -- Up-to-date: /home/vboxuser/workspaces/ros2_py_ws/install/sabry_controller/share/sabry_controller/environment/ament_prefix_path.dsv
[1.182s] -- Up-to-date: /home/vboxuser/workspaces/ros2_py_ws/install/sabry_controller/share/sabry_controller/environment/path.sh
[1.183s] -- Up-to-date: /home/vboxuser/workspaces/ros2_py_ws/install/sabry_controller/share/sabry_controller/environment/path.dsv
[1.183s] -- Up-to-date: /home/vboxuser/workspaces/ros2_py_ws/install/sabry_controller/share/sabry_controller/local_setup.bash
[1.183s] -- Up-to-date: /home/vboxuser/workspaces/ros2_py_ws/install/sabry_controller/share/sabry_controller/local_setup.sh
[1.183s] -- Up-to-date: /home/vboxuser/workspaces/ros2_py_ws/install/sabry_controller/share/sabry_controller/local_setup.zsh
[1.183s] -- Up-to-date: /home/vboxuser/workspaces/ros2_py_ws/install/sabry_controller/share/sabry_controller/local_setup.dsv
[1.183s] -- Installing: /home/vboxuser/workspaces/ros2_py_ws/install/sabry_controller/share/sabry_controller/package.dsv
[1.183s] -- Up-to-date: /home/vboxuser/workspaces/ros2_py_ws/install/sabry_controller/share/ament_index/resource_index/packages/sabry_controller
[1.183s] -- Up-to-date: /home/vboxuser/workspaces/ros2_py_ws/install/sabry_controller/share/sabry_controller/cmake/sabry_controllerConfig.cmake
[1.183s] -- Up-to-date: /home/vboxuser/workspaces/ros2_py_ws/install/sabry_controller/share/sabry_controller/cmake/sabry_controllerConfig-version.cmake
[1.183s] -- Up-to-date: /home/vboxuser/workspaces/ros2_py_ws/install/sabry_controller/share/sabry_controller/package.xml
[1.345s] Invoked command in '/home/vboxuser/workspaces/ros2_py_ws/build/sabry_controller' returned '0': CMAKE_PREFIX_PATH=${CMAKE_PREFIX_PATH}:/home/vboxuser/workspaces/ros2_py_ws/install/publisher:/opt/ros/humble /usr/bin/cmake --install /home/vboxuser/workspaces/ros2_py_ws/build/sabry_controller
