[0.117s] Invoking command in '/home/vboxuser/workspaces/ros2_py_ws/build/udemy_ros2_pkg': CMAKE_PREFIX_PATH=${CMAKE_PREFIX_PATH}:/home/vboxuser/workspaces/ros2_py_ws/install/publisher:/opt/ros/humble /usr/bin/cmake --build /home/vboxuser/workspaces/ros2_py_ws/build/udemy_ros2_pkg -- -j5 -l5
[0.957s] Built target ament_cmake_python_copy_scripts
[5.055s] running egg_info
[5.056s] writing scripts.egg-info/PKG-INFO
[5.061s] writing dependency_links to scripts.egg-info/dependency_links.txt
[5.062s] writing top-level names to scripts.egg-info/top_level.txt
[5.064s] reading manifest file 'scripts.egg-info/SOURCES.txt'
[5.066s] writing manifest file 'scripts.egg-info/SOURCES.txt'
[5.157s] Built target ament_cmake_python_build_scripts_egg
[5.225s] Invoked command in '/home/vboxuser/workspaces/ros2_py_ws/build/udemy_ros2_pkg' returned '0': CMAKE_PREFIX_PATH=${CMAKE_PREFIX_PATH}:/home/vboxuser/workspaces/ros2_py_ws/install/publisher:/opt/ros/humble /usr/bin/cmake --build /home/vboxuser/workspaces/ros2_py_ws/build/udemy_ros2_pkg -- -j5 -l5
[5.226s] Invoking command in '/home/vboxuser/workspaces/ros2_py_ws/build/udemy_ros2_pkg': CMAKE_PREFIX_PATH=${CMAKE_PREFIX_PATH}:/home/vboxuser/workspaces/ros2_py_ws/install/publisher:/opt/ros/humble /usr/bin/cmake --install /home/vboxuser/workspaces/ros2_py_ws/build/udemy_ros2_pkg
[5.255s] -- Install configuration: ""
[5.255s] -- Up-to-date: /home/vboxuser/workspaces/ros2_py_ws/install/udemy_ros2_pkg/share/udemy_ros2_pkg/environment/pythonpath.sh
[5.256s] -- Up-to-date: /home/vboxuser/workspaces/ros2_py_ws/install/udemy_ros2_pkg/share/udemy_ros2_pkg/environment/pythonpath.dsv
[5.256s] -- Up-to-date: /home/vboxuser/workspaces/ros2_py_ws/install/udemy_ros2_pkg/local/lib/python3.10/dist-packages/scripts-0.0.0-py3.10.egg-info
[5.256s] -- Installing: /home/vboxuser/workspaces/ros2_py_ws/install/udemy_ros2_pkg/local/lib/python3.10/dist-packages/scripts-0.0.0-py3.10.egg-info/top_level.txt
[5.257s] -- Installing: /home/vboxuser/workspaces/ros2_py_ws/install/udemy_ros2_pkg/local/lib/python3.10/dist-packages/scripts-0.0.0-py3.10.egg-info/SOURCES.txt
[5.257s] -- Installing: /home/vboxuser/workspaces/ros2_py_ws/install/udemy_ros2_pkg/local/lib/python3.10/dist-packages/scripts-0.0.0-py3.10.egg-info/PKG-INFO
[5.258s] -- Installing: /home/vboxuser/workspaces/ros2_py_ws/install/udemy_ros2_pkg/local/lib/python3.10/dist-packages/scripts-0.0.0-py3.10.egg-info/dependency_links.txt
[5.258s] -- Up-to-date: /home/vboxuser/workspaces/ros2_py_ws/install/udemy_ros2_pkg/local/lib/python3.10/dist-packages/scripts
[5.258s] -- Up-to-date: /home/vboxuser/workspaces/ros2_py_ws/install/udemy_ros2_pkg/local/lib/python3.10/dist-packages/scripts/ok.py
[5.259s] -- Up-to-date: /home/vboxuser/workspaces/ros2_py_ws/install/udemy_ros2_pkg/local/lib/python3.10/dist-packages/scripts/__init__.py
[5.350s] Listing '/home/vboxuser/workspaces/ros2_py_ws/install/udemy_ros2_pkg/local/lib/python3.10/dist-packages/scripts'...
[5.353s] -- Up-to-date: /home/vboxuser/workspaces/ros2_py_ws/install/udemy_ros2_pkg/lib/udemy_ros2_pkg/ok.py
[5.354s] -- Up-to-date: /home/vboxuser/workspaces/ros2_py_ws/install/udemy_ros2_pkg/share/udemy_ros2_pkg//launch
[5.354s] -- Up-to-date: /home/vboxuser/workspaces/ros2_py_ws/install/udemy_ros2_pkg/share/udemy_ros2_pkg//launch/rpm_node.launch.py
[5.354s] -- Up-to-date: /home/vboxuser/workspaces/ros2_py_ws/install/udemy_ros2_pkg/share/ament_index/resource_index/package_run_dependencies/udemy_ros2_pkg
[5.354s] -- Up-to-date: /home/vboxuser/workspaces/ros2_py_ws/install/udemy_ros2_pkg/share/ament_index/resource_index/parent_prefix_path/udemy_ros2_pkg
[5.354s] -- Up-to-date: /home/vboxuser/workspaces/ros2_py_ws/install/udemy_ros2_pkg/share/udemy_ros2_pkg/environment/ament_prefix_path.sh
[5.354s] -- Up-to-date: /home/vboxuser/workspaces/ros2_py_ws/install/udemy_ros2_pkg/share/udemy_ros2_pkg/environment/ament_prefix_path.dsv
[5.354s] -- Up-to-date: /home/vboxuser/workspaces/ros2_py_ws/install/udemy_ros2_pkg/share/udemy_ros2_pkg/environment/path.sh
[5.354s] -- Up-to-date: /home/vboxuser/workspaces/ros2_py_ws/install/udemy_ros2_pkg/share/udemy_ros2_pkg/environment/path.dsv
[5.355s] -- Up-to-date: /home/vboxuser/workspaces/ros2_py_ws/install/udemy_ros2_pkg/share/udemy_ros2_pkg/local_setup.bash
[5.355s] -- Up-to-date: /home/vboxuser/workspaces/ros2_py_ws/install/udemy_ros2_pkg/share/udemy_ros2_pkg/local_setup.sh
[5.355s] -- Up-to-date: /home/vboxuser/workspaces/ros2_py_ws/install/udemy_ros2_pkg/share/udemy_ros2_pkg/local_setup.zsh
[5.355s] -- Up-to-date: /home/vboxuser/workspaces/ros2_py_ws/install/udemy_ros2_pkg/share/udemy_ros2_pkg/local_setup.dsv
[5.355s] -- Installing: /home/vboxuser/workspaces/ros2_py_ws/install/udemy_ros2_pkg/share/udemy_ros2_pkg/package.dsv
[5.355s] -- Up-to-date: /home/vboxuser/workspaces/ros2_py_ws/install/udemy_ros2_pkg/share/ament_index/resource_index/packages/udemy_ros2_pkg
[5.355s] -- Up-to-date: /home/vboxuser/workspaces/ros2_py_ws/install/udemy_ros2_pkg/share/udemy_ros2_pkg/cmake/udemy_ros2_pkgConfig.cmake
[5.355s] -- Up-to-date: /home/vboxuser/workspaces/ros2_py_ws/install/udemy_ros2_pkg/share/udemy_ros2_pkg/cmake/udemy_ros2_pkgConfig-version.cmake
[5.355s] -- Up-to-date: /home/vboxuser/workspaces/ros2_py_ws/install/udemy_ros2_pkg/share/udemy_ros2_pkg/package.xml
[5.367s] Invoked command in '/home/vboxuser/workspaces/ros2_py_ws/build/udemy_ros2_pkg' returned '0': CMAKE_PREFIX_PATH=${CMAKE_PREFIX_PATH}:/home/vboxuser/workspaces/ros2_py_ws/install/publisher:/opt/ros/humble /usr/bin/cmake --install /home/vboxuser/workspaces/ros2_py_ws/build/udemy_ros2_pkg
