-- Install configuration: ""
-- Up-to-date: /home/vboxuser/workspaces/ros2_py_ws/install/sabrydemo_moveit/share/ament_index/resource_index/package_run_dependencies/sabrydemo_moveit
-- Up-to-date: /home/vboxuser/workspaces/ros2_py_ws/install/sabrydemo_moveit/share/ament_index/resource_index/parent_prefix_path/sabrydemo_moveit
-- Up-to-date: /home/vboxuser/workspaces/ros2_py_ws/install/sabrydemo_moveit/share/sabrydemo_moveit/environment/ament_prefix_path.sh
-- Up-to-date: /home/vboxuser/workspaces/ros2_py_ws/install/sabrydemo_moveit/share/sabrydemo_moveit/environment/ament_prefix_path.dsv
-- Up-to-date: /home/vboxuser/workspaces/ros2_py_ws/install/sabrydemo_moveit/share/sabrydemo_moveit/environment/path.sh
-- Up-to-date: /home/vboxuser/workspaces/ros2_py_ws/install/sabrydemo_moveit/share/sabrydemo_moveit/environment/path.dsv
-- Up-to-date: /home/vboxuser/workspaces/ros2_py_ws/install/sabrydemo_moveit/share/sabrydemo_moveit/local_setup.bash
-- Up-to-date: /home/vboxuser/workspaces/ros2_py_ws/install/sabrydemo_moveit/share/sabrydemo_moveit/local_setup.sh
-- Up-to-date: /home/vboxuser/workspaces/ros2_py_ws/install/sabrydemo_moveit/share/sabrydemo_moveit/local_setup.zsh
-- Up-to-date: /home/vboxuser/workspaces/ros2_py_ws/install/sabrydemo_moveit/share/sabrydemo_moveit/local_setup.dsv
-- Installing: /home/vboxuser/workspaces/ros2_py_ws/install/sabrydemo_moveit/share/sabrydemo_moveit/package.dsv
-- Up-to-date: /home/vboxuser/workspaces/ros2_py_ws/install/sabrydemo_moveit/share/ament_index/resource_index/packages/sabrydemo_moveit
-- Up-to-date: /home/vboxuser/workspaces/ros2_py_ws/install/sabrydemo_moveit/share/sabrydemo_moveit/cmake/sabrydemo_moveitConfig.cmake
-- Up-to-date: /home/vboxuser/workspaces/ros2_py_ws/install/sabrydemo_moveit/share/sabrydemo_moveit/cmake/sabrydemo_moveitConfig-version.cmake
-- Up-to-date: /home/vboxuser/workspaces/ros2_py_ws/install/sabrydemo_moveit/share/sabrydemo_moveit/package.xml
-- Up-to-date: /home/vboxuser/workspaces/ros2_py_ws/install/sabrydemo_moveit/share/sabrydemo_moveit/launch
-- Up-to-date: /home/vboxuser/workspaces/ros2_py_ws/install/sabrydemo_moveit/share/sabrydemo_moveit/launch/rsp.launch.py
-- Up-to-date: /home/vboxuser/workspaces/ros2_py_ws/install/sabrydemo_moveit/share/sabrydemo_moveit/launch/moveit_rviz.launch.py
-- Up-to-date: /home/vboxuser/workspaces/ros2_py_ws/install/sabrydemo_moveit/share/sabrydemo_moveit/launch/warehouse_db.launch.py
-- Up-to-date: /home/vboxuser/workspaces/ros2_py_ws/install/sabrydemo_moveit/share/sabrydemo_moveit/launch/spawn_controllers.launch.py
-- Up-to-date: /home/vboxuser/workspaces/ros2_py_ws/install/sabrydemo_moveit/share/sabrydemo_moveit/launch/demo.launch.py
-- Up-to-date: /home/vboxuser/workspaces/ros2_py_ws/install/sabrydemo_moveit/share/sabrydemo_moveit/launch/move_group.launch.py
-- Up-to-date: /home/vboxuser/workspaces/ros2_py_ws/install/sabrydemo_moveit/share/sabrydemo_moveit/launch/setup_assistant.launch.py
-- Up-to-date: /home/vboxuser/workspaces/ros2_py_ws/install/sabrydemo_moveit/share/sabrydemo_moveit/launch/static_virtual_joint_tfs.launch.py
-- Up-to-date: /home/vboxuser/workspaces/ros2_py_ws/install/sabrydemo_moveit/share/sabrydemo_moveit/config
-- Up-to-date: /home/vboxuser/workspaces/ros2_py_ws/install/sabrydemo_moveit/share/sabrydemo_moveit/config/initial_positions.yaml
-- Up-to-date: /home/vboxuser/workspaces/ros2_py_ws/install/sabrydemo_moveit/share/sabrydemo_moveit/config/sabry.urdf.xacro
-- Up-to-date: /home/vboxuser/workspaces/ros2_py_ws/install/sabrydemo_moveit/share/sabrydemo_moveit/config/sabry.ros2_control.xacro
-- Up-to-date: /home/vboxuser/workspaces/ros2_py_ws/install/sabrydemo_moveit/share/sabrydemo_moveit/config/joint_limits.yaml
-- Up-to-date: /home/vboxuser/workspaces/ros2_py_ws/install/sabrydemo_moveit/share/sabrydemo_moveit/config/moveit.rviz
-- Up-to-date: /home/vboxuser/workspaces/ros2_py_ws/install/sabrydemo_moveit/share/sabrydemo_moveit/config/pilz_cartesian_limits.yaml
-- Installing: /home/vboxuser/workspaces/ros2_py_ws/install/sabrydemo_moveit/share/sabrydemo_moveit/config/sabry.srdf
-- Up-to-date: /home/vboxuser/workspaces/ros2_py_ws/install/sabrydemo_moveit/share/sabrydemo_moveit/config/ros2_controllers.yaml
-- Up-to-date: /home/vboxuser/workspaces/ros2_py_ws/install/sabrydemo_moveit/share/sabrydemo_moveit/config/moveit_controllers.yaml
-- Up-to-date: /home/vboxuser/workspaces/ros2_py_ws/install/sabrydemo_moveit/share/sabrydemo_moveit/config/kinematics.yaml
-- Up-to-date: /home/vboxuser/workspaces/ros2_py_ws/install/sabrydemo_moveit/share/sabrydemo_moveit/.setup_assistant
