[0.173s] Invoking command in '/home/vboxuser/workspaces/ros2_py_ws/build/micro_ros_msgs': CMAKE_PREFIX_PATH=/opt/ros/humble /usr/bin/cmake --build /home/vboxuser/workspaces/ros2_py_ws/build/micro_ros_msgs -- -j5 -l5
[1.174s] [  2%] Built target micro_ros_msgs__cpp
[1.174s] [ 12%] Built target micro_ros_msgs__rosidl_generator_c
[1.175s] [ 12%] Built target ament_cmake_python_copy_micro_ros_msgs
[1.175s] [ 34%] Built target micro_ros_msgs__rosidl_typesupport_fastrtps_cpp
[1.175s] [ 34%] Built target micro_ros_msgs__rosidl_typesupport_introspection_cpp
[1.175s] [ 44%] Built target micro_ros_msgs__rosidl_typesupport_cpp
[1.175s] [ 55%] Built target micro_ros_msgs__rosidl_typesupport_fastrtps_c
[1.175s] [ 65%] Built target micro_ros_msgs__rosidl_typesupport_introspection_c
[1.200s] [ 76%] Built target micro_ros_msgs__rosidl_typesupport_c
[1.294s] [ 76%] Built target micro_ros_msgs
[1.489s] [ 78%] Built target micro_ros_msgs__py
[1.713s] [ 87%] Built target micro_ros_msgs__rosidl_generator_py
[1.943s] [ 91%] Built target micro_ros_msgs__rosidl_typesupport_fastrtps_c__pyext
[1.987s] [ 95%] Built target micro_ros_msgs__rosidl_typesupport_introspection_c__pyext
[2.016s] [100%] Built target micro_ros_msgs__rosidl_typesupport_c__pyext
[2.163s] running egg_info
[2.163s] writing micro_ros_msgs.egg-info/PKG-INFO
[2.176s] writing dependency_links to micro_ros_msgs.egg-info/dependency_links.txt
[2.178s] writing top-level names to micro_ros_msgs.egg-info/top_level.txt
[2.195s] reading manifest file 'micro_ros_msgs.egg-info/SOURCES.txt'
[2.201s] writing manifest file 'micro_ros_msgs.egg-info/SOURCES.txt'
[2.280s] [100%] Built target ament_cmake_python_build_micro_ros_msgs_egg
[2.323s] Invoked command in '/home/vboxuser/workspaces/ros2_py_ws/build/micro_ros_msgs' returned '0': CMAKE_PREFIX_PATH=/opt/ros/humble /usr/bin/cmake --build /home/vboxuser/workspaces/ros2_py_ws/build/micro_ros_msgs -- -j5 -l5
[2.342s] Invoking command in '/home/vboxuser/workspaces/ros2_py_ws/build/micro_ros_msgs': CMAKE_PREFIX_PATH=/opt/ros/humble /usr/bin/cmake --install /home/vboxuser/workspaces/ros2_py_ws/build/micro_ros_msgs
[2.402s] -- Install configuration: ""
[2.421s] -- Up-to-date: /home/vboxuser/workspaces/ros2_py_ws/install/micro_ros_msgs/share/ament_index/resource_index/rosidl_interfaces/micro_ros_msgs
[2.427s] -- Up-to-date: /home/vboxuser/workspaces/ros2_py_ws/install/micro_ros_msgs/include/micro_ros_msgs/micro_ros_msgs
[2.429s] -- Up-to-date: /home/vboxuser/workspaces/ros2_py_ws/install/micro_ros_msgs/include/micro_ros_msgs/micro_ros_msgs/msg
[2.434s] -- Up-to-date: /home/vboxuser/workspaces/ros2_py_ws/install/micro_ros_msgs/include/micro_ros_msgs/micro_ros_msgs/msg/node.h
[2.434s] -- Up-to-date: /home/vboxuser/workspaces/ros2_py_ws/install/micro_ros_msgs/include/micro_ros_msgs/micro_ros_msgs/msg/detail
[2.449s] -- Up-to-date: /home/vboxuser/workspaces/ros2_py_ws/install/micro_ros_msgs/include/micro_ros_msgs/micro_ros_msgs/msg/detail/graph__functions.h
[2.449s] -- Up-to-date: /home/vboxuser/workspaces/ros2_py_ws/install/micro_ros_msgs/include/micro_ros_msgs/micro_ros_msgs/msg/detail/entity__functions.h
[2.449s] -- Up-to-date: /home/vboxuser/workspaces/ros2_py_ws/install/micro_ros_msgs/include/micro_ros_msgs/micro_ros_msgs/msg/detail/entity__functions.c
[2.450s] -- Up-to-date: /home/vboxuser/workspaces/ros2_py_ws/install/micro_ros_msgs/include/micro_ros_msgs/micro_ros_msgs/msg/detail/graph__struct.h
[2.452s] -- Up-to-date: /home/vboxuser/workspaces/ros2_py_ws/install/micro_ros_msgs/include/micro_ros_msgs/micro_ros_msgs/msg/detail/node__functions.h
[2.453s] -- Up-to-date: /home/vboxuser/workspaces/ros2_py_ws/install/micro_ros_msgs/include/micro_ros_msgs/micro_ros_msgs/msg/detail/node__struct.h
[2.453s] -- Up-to-date: /home/vboxuser/workspaces/ros2_py_ws/install/micro_ros_msgs/include/micro_ros_msgs/micro_ros_msgs/msg/detail/node__type_support.h
[2.454s] -- Up-to-date: /home/vboxuser/workspaces/ros2_py_ws/install/micro_ros_msgs/include/micro_ros_msgs/micro_ros_msgs/msg/detail/entity__struct.h
[2.454s] -- Up-to-date: /home/vboxuser/workspaces/ros2_py_ws/install/micro_ros_msgs/include/micro_ros_msgs/micro_ros_msgs/msg/detail/graph__type_support.h
[2.454s] -- Up-to-date: /home/vboxuser/workspaces/ros2_py_ws/install/micro_ros_msgs/include/micro_ros_msgs/micro_ros_msgs/msg/detail/entity__type_support.h
[2.454s] -- Up-to-date: /home/vboxuser/workspaces/ros2_py_ws/install/micro_ros_msgs/include/micro_ros_msgs/micro_ros_msgs/msg/detail/node__functions.c
[2.454s] -- Up-to-date: /home/vboxuser/workspaces/ros2_py_ws/install/micro_ros_msgs/include/micro_ros_msgs/micro_ros_msgs/msg/detail/graph__functions.c
[2.454s] -- Up-to-date: /home/vboxuser/workspaces/ros2_py_ws/install/micro_ros_msgs/include/micro_ros_msgs/micro_ros_msgs/msg/graph.h
[2.458s] -- Up-to-date: /home/vboxuser/workspaces/ros2_py_ws/install/micro_ros_msgs/include/micro_ros_msgs/micro_ros_msgs/msg/rosidl_generator_c__visibility_control.h
[2.458s] -- Up-to-date: /home/vboxuser/workspaces/ros2_py_ws/install/micro_ros_msgs/include/micro_ros_msgs/micro_ros_msgs/msg/entity.h
[2.458s] -- Up-to-date: /home/vboxuser/workspaces/ros2_py_ws/install/micro_ros_msgs/share/micro_ros_msgs/environment/library_path.sh
[2.458s] -- Up-to-date: /home/vboxuser/workspaces/ros2_py_ws/install/micro_ros_msgs/share/micro_ros_msgs/environment/library_path.dsv
[2.476s] -- Up-to-date: /home/vboxuser/workspaces/ros2_py_ws/install/micro_ros_msgs/lib/libmicro_ros_msgs__rosidl_generator_c.so
[2.476s] -- Up-to-date: /home/vboxuser/workspaces/ros2_py_ws/install/micro_ros_msgs/include/micro_ros_msgs/micro_ros_msgs
[2.476s] -- Up-to-date: /home/vboxuser/workspaces/ros2_py_ws/install/micro_ros_msgs/include/micro_ros_msgs/micro_ros_msgs/msg
[2.476s] -- Up-to-date: /home/vboxuser/workspaces/ros2_py_ws/install/micro_ros_msgs/include/micro_ros_msgs/micro_ros_msgs/msg/detail
[2.477s] -- Up-to-date: /home/vboxuser/workspaces/ros2_py_ws/install/micro_ros_msgs/include/micro_ros_msgs/micro_ros_msgs/msg/detail/entity__rosidl_typesupport_fastrtps_c.h
[2.477s] -- Up-to-date: /home/vboxuser/workspaces/ros2_py_ws/install/micro_ros_msgs/include/micro_ros_msgs/micro_ros_msgs/msg/detail/graph__rosidl_typesupport_fastrtps_c.h
[2.482s] -- Up-to-date: /home/vboxuser/workspaces/ros2_py_ws/install/micro_ros_msgs/include/micro_ros_msgs/micro_ros_msgs/msg/detail/node__rosidl_typesupport_fastrtps_c.h
[2.483s] -- Up-to-date: /home/vboxuser/workspaces/ros2_py_ws/install/micro_ros_msgs/include/micro_ros_msgs/micro_ros_msgs/msg/rosidl_typesupport_fastrtps_c__visibility_control.h
[2.489s] -- Up-to-date: /home/vboxuser/workspaces/ros2_py_ws/install/micro_ros_msgs/lib/libmicro_ros_msgs__rosidl_typesupport_fastrtps_c.so
[2.489s] -- Up-to-date: /home/vboxuser/workspaces/ros2_py_ws/install/micro_ros_msgs/include/micro_ros_msgs/micro_ros_msgs
[2.490s] -- Up-to-date: /home/vboxuser/workspaces/ros2_py_ws/install/micro_ros_msgs/include/micro_ros_msgs/micro_ros_msgs/msg
[2.490s] -- Up-to-date: /home/vboxuser/workspaces/ros2_py_ws/install/micro_ros_msgs/include/micro_ros_msgs/micro_ros_msgs/msg/detail
[2.490s] -- Up-to-date: /home/vboxuser/workspaces/ros2_py_ws/install/micro_ros_msgs/include/micro_ros_msgs/micro_ros_msgs/msg/detail/graph__rosidl_typesupport_introspection_c.h
[2.490s] -- Up-to-date: /home/vboxuser/workspaces/ros2_py_ws/install/micro_ros_msgs/include/micro_ros_msgs/micro_ros_msgs/msg/detail/entity__type_support.c
[2.490s] -- Up-to-date: /home/vboxuser/workspaces/ros2_py_ws/install/micro_ros_msgs/include/micro_ros_msgs/micro_ros_msgs/msg/detail/graph__type_support.c
[2.490s] -- Up-to-date: /home/vboxuser/workspaces/ros2_py_ws/install/micro_ros_msgs/include/micro_ros_msgs/micro_ros_msgs/msg/detail/node__type_support.c
[2.490s] -- Up-to-date: /home/vboxuser/workspaces/ros2_py_ws/install/micro_ros_msgs/include/micro_ros_msgs/micro_ros_msgs/msg/detail/entity__rosidl_typesupport_introspection_c.h
[2.490s] -- Up-to-date: /home/vboxuser/workspaces/ros2_py_ws/install/micro_ros_msgs/include/micro_ros_msgs/micro_ros_msgs/msg/detail/node__rosidl_typesupport_introspection_c.h
[2.490s] -- Up-to-date: /home/vboxuser/workspaces/ros2_py_ws/install/micro_ros_msgs/include/micro_ros_msgs/micro_ros_msgs/msg/rosidl_typesupport_introspection_c__visibility_control.h
[2.497s] -- Up-to-date: /home/vboxuser/workspaces/ros2_py_ws/install/micro_ros_msgs/lib/libmicro_ros_msgs__rosidl_typesupport_introspection_c.so
[2.505s] -- Up-to-date: /home/vboxuser/workspaces/ros2_py_ws/install/micro_ros_msgs/lib/libmicro_ros_msgs__rosidl_typesupport_c.so
[2.517s] -- Up-to-date: /home/vboxuser/workspaces/ros2_py_ws/install/micro_ros_msgs/include/micro_ros_msgs/micro_ros_msgs
[2.519s] -- Up-to-date: /home/vboxuser/workspaces/ros2_py_ws/install/micro_ros_msgs/include/micro_ros_msgs/micro_ros_msgs/msg
[2.519s] -- Up-to-date: /home/vboxuser/workspaces/ros2_py_ws/install/micro_ros_msgs/include/micro_ros_msgs/micro_ros_msgs/msg/detail
[2.519s] -- Up-to-date: /home/vboxuser/workspaces/ros2_py_ws/install/micro_ros_msgs/include/micro_ros_msgs/micro_ros_msgs/msg/detail/entity__struct.hpp
[2.520s] -- Up-to-date: /home/vboxuser/workspaces/ros2_py_ws/install/micro_ros_msgs/include/micro_ros_msgs/micro_ros_msgs/msg/detail/graph__struct.hpp
[2.520s] -- Up-to-date: /home/vboxuser/workspaces/ros2_py_ws/install/micro_ros_msgs/include/micro_ros_msgs/micro_ros_msgs/msg/detail/graph__type_support.hpp
[2.520s] -- Up-to-date: /home/vboxuser/workspaces/ros2_py_ws/install/micro_ros_msgs/include/micro_ros_msgs/micro_ros_msgs/msg/detail/graph__traits.hpp
[2.523s] -- Up-to-date: /home/vboxuser/workspaces/ros2_py_ws/install/micro_ros_msgs/include/micro_ros_msgs/micro_ros_msgs/msg/detail/entity__traits.hpp
[2.523s] -- Up-to-date: /home/vboxuser/workspaces/ros2_py_ws/install/micro_ros_msgs/include/micro_ros_msgs/micro_ros_msgs/msg/detail/node__traits.hpp
[2.524s] -- Up-to-date: /home/vboxuser/workspaces/ros2_py_ws/install/micro_ros_msgs/include/micro_ros_msgs/micro_ros_msgs/msg/detail/node__builder.hpp
[2.524s] -- Up-to-date: /home/vboxuser/workspaces/ros2_py_ws/install/micro_ros_msgs/include/micro_ros_msgs/micro_ros_msgs/msg/detail/graph__builder.hpp
[2.524s] -- Up-to-date: /home/vboxuser/workspaces/ros2_py_ws/install/micro_ros_msgs/include/micro_ros_msgs/micro_ros_msgs/msg/detail/entity__type_support.hpp
[2.524s] -- Up-to-date: /home/vboxuser/workspaces/ros2_py_ws/install/micro_ros_msgs/include/micro_ros_msgs/micro_ros_msgs/msg/detail/entity__builder.hpp
[2.526s] -- Up-to-date: /home/vboxuser/workspaces/ros2_py_ws/install/micro_ros_msgs/include/micro_ros_msgs/micro_ros_msgs/msg/detail/node__type_support.hpp
[2.528s] -- Up-to-date: /home/vboxuser/workspaces/ros2_py_ws/install/micro_ros_msgs/include/micro_ros_msgs/micro_ros_msgs/msg/detail/node__struct.hpp
[2.528s] -- Up-to-date: /home/vboxuser/workspaces/ros2_py_ws/install/micro_ros_msgs/include/micro_ros_msgs/micro_ros_msgs/msg/entity.hpp
[2.528s] -- Up-to-date: /home/vboxuser/workspaces/ros2_py_ws/install/micro_ros_msgs/include/micro_ros_msgs/micro_ros_msgs/msg/rosidl_generator_cpp__visibility_control.hpp
[2.528s] -- Up-to-date: /home/vboxuser/workspaces/ros2_py_ws/install/micro_ros_msgs/include/micro_ros_msgs/micro_ros_msgs/msg/graph.hpp
[2.528s] -- Up-to-date: /home/vboxuser/workspaces/ros2_py_ws/install/micro_ros_msgs/include/micro_ros_msgs/micro_ros_msgs/msg/node.hpp
[2.529s] -- Up-to-date: /home/vboxuser/workspaces/ros2_py_ws/install/micro_ros_msgs/include/micro_ros_msgs/micro_ros_msgs
[2.529s] -- Up-to-date: /home/vboxuser/workspaces/ros2_py_ws/install/micro_ros_msgs/include/micro_ros_msgs/micro_ros_msgs/msg
[2.529s] -- Up-to-date: /home/vboxuser/workspaces/ros2_py_ws/install/micro_ros_msgs/include/micro_ros_msgs/micro_ros_msgs/msg/detail
[2.529s] -- Up-to-date: /home/vboxuser/workspaces/ros2_py_ws/install/micro_ros_msgs/include/micro_ros_msgs/micro_ros_msgs/msg/detail/entity__rosidl_typesupport_fastrtps_cpp.hpp
[2.529s] -- Up-to-date: /home/vboxuser/workspaces/ros2_py_ws/install/micro_ros_msgs/include/micro_ros_msgs/micro_ros_msgs/msg/detail/dds_fastrtps
[2.529s] -- Up-to-date: /home/vboxuser/workspaces/ros2_py_ws/install/micro_ros_msgs/include/micro_ros_msgs/micro_ros_msgs/msg/detail/graph__rosidl_typesupport_fastrtps_cpp.hpp
[2.529s] -- Up-to-date: /home/vboxuser/workspaces/ros2_py_ws/install/micro_ros_msgs/include/micro_ros_msgs/micro_ros_msgs/msg/detail/node__rosidl_typesupport_fastrtps_cpp.hpp
[2.530s] -- Up-to-date: /home/vboxuser/workspaces/ros2_py_ws/install/micro_ros_msgs/include/micro_ros_msgs/micro_ros_msgs/msg/rosidl_typesupport_fastrtps_cpp__visibility_control.h
[2.533s] -- Up-to-date: /home/vboxuser/workspaces/ros2_py_ws/install/micro_ros_msgs/lib/libmicro_ros_msgs__rosidl_typesupport_fastrtps_cpp.so
[2.533s] -- Up-to-date: /home/vboxuser/workspaces/ros2_py_ws/install/micro_ros_msgs/include/micro_ros_msgs/micro_ros_msgs
[2.533s] -- Up-to-date: /home/vboxuser/workspaces/ros2_py_ws/install/micro_ros_msgs/include/micro_ros_msgs/micro_ros_msgs/msg
[2.533s] -- Up-to-date: /home/vboxuser/workspaces/ros2_py_ws/install/micro_ros_msgs/include/micro_ros_msgs/micro_ros_msgs/msg/detail
[2.534s] -- Up-to-date: /home/vboxuser/workspaces/ros2_py_ws/install/micro_ros_msgs/include/micro_ros_msgs/micro_ros_msgs/msg/detail/graph__rosidl_typesupport_introspection_cpp.hpp
[2.535s] -- Up-to-date: /home/vboxuser/workspaces/ros2_py_ws/install/micro_ros_msgs/include/micro_ros_msgs/micro_ros_msgs/msg/detail/node__rosidl_typesupport_introspection_cpp.hpp
[2.535s] -- Up-to-date: /home/vboxuser/workspaces/ros2_py_ws/install/micro_ros_msgs/include/micro_ros_msgs/micro_ros_msgs/msg/detail/entity__rosidl_typesupport_introspection_cpp.hpp
[2.535s] -- Up-to-date: /home/vboxuser/workspaces/ros2_py_ws/install/micro_ros_msgs/include/micro_ros_msgs/micro_ros_msgs/msg/detail/node__type_support.cpp
[2.535s] -- Up-to-date: /home/vboxuser/workspaces/ros2_py_ws/install/micro_ros_msgs/include/micro_ros_msgs/micro_ros_msgs/msg/detail/graph__type_support.cpp
[2.535s] -- Up-to-date: /home/vboxuser/workspaces/ros2_py_ws/install/micro_ros_msgs/include/micro_ros_msgs/micro_ros_msgs/msg/detail/entity__type_support.cpp
[2.540s] -- Up-to-date: /home/vboxuser/workspaces/ros2_py_ws/install/micro_ros_msgs/lib/libmicro_ros_msgs__rosidl_typesupport_introspection_cpp.so
[2.548s] -- Up-to-date: /home/vboxuser/workspaces/ros2_py_ws/install/micro_ros_msgs/lib/libmicro_ros_msgs__rosidl_typesupport_cpp.so
[2.548s] -- Up-to-date: /home/vboxuser/workspaces/ros2_py_ws/install/micro_ros_msgs/share/micro_ros_msgs/environment/pythonpath.sh
[2.549s] -- Up-to-date: /home/vboxuser/workspaces/ros2_py_ws/install/micro_ros_msgs/share/micro_ros_msgs/environment/pythonpath.dsv
[2.576s] -- Up-to-date: /home/vboxuser/workspaces/ros2_py_ws/install/micro_ros_msgs/local/lib/python3.10/dist-packages/micro_ros_msgs-3.0.1-py3.10.egg-info
[2.594s] -- Installing: /home/vboxuser/workspaces/ros2_py_ws/install/micro_ros_msgs/local/lib/python3.10/dist-packages/micro_ros_msgs-3.0.1-py3.10.egg-info/top_level.txt
[2.595s] -- Installing: /home/vboxuser/workspaces/ros2_py_ws/install/micro_ros_msgs/local/lib/python3.10/dist-packages/micro_ros_msgs-3.0.1-py3.10.egg-info/SOURCES.txt
[2.601s] -- Installing: /home/vboxuser/workspaces/ros2_py_ws/install/micro_ros_msgs/local/lib/python3.10/dist-packages/micro_ros_msgs-3.0.1-py3.10.egg-info/PKG-INFO
[2.604s] -- Installing: /home/vboxuser/workspaces/ros2_py_ws/install/micro_ros_msgs/local/lib/python3.10/dist-packages/micro_ros_msgs-3.0.1-py3.10.egg-info/dependency_links.txt
[2.612s] -- Up-to-date: /home/vboxuser/workspaces/ros2_py_ws/install/micro_ros_msgs/local/lib/python3.10/dist-packages/micro_ros_msgs
[2.612s] -- Up-to-date: /home/vboxuser/workspaces/ros2_py_ws/install/micro_ros_msgs/local/lib/python3.10/dist-packages/micro_ros_msgs/_micro_ros_msgs_s.ep.rosidl_typesupport_c.c
[2.616s] -- Up-to-date: /home/vboxuser/workspaces/ros2_py_ws/install/micro_ros_msgs/local/lib/python3.10/dist-packages/micro_ros_msgs/_micro_ros_msgs_s.ep.rosidl_typesupport_introspection_c.c
[2.616s] -- Up-to-date: /home/vboxuser/workspaces/ros2_py_ws/install/micro_ros_msgs/local/lib/python3.10/dist-packages/micro_ros_msgs/msg
[2.622s] -- Up-to-date: /home/vboxuser/workspaces/ros2_py_ws/install/micro_ros_msgs/local/lib/python3.10/dist-packages/micro_ros_msgs/msg/_entity.py
[2.622s] -- Up-to-date: /home/vboxuser/workspaces/ros2_py_ws/install/micro_ros_msgs/local/lib/python3.10/dist-packages/micro_ros_msgs/msg/_graph.py
[2.622s] -- Up-to-date: /home/vboxuser/workspaces/ros2_py_ws/install/micro_ros_msgs/local/lib/python3.10/dist-packages/micro_ros_msgs/msg/_entity_s.c
[2.623s] -- Up-to-date: /home/vboxuser/workspaces/ros2_py_ws/install/micro_ros_msgs/local/lib/python3.10/dist-packages/micro_ros_msgs/msg/__init__.py
[2.623s] -- Up-to-date: /home/vboxuser/workspaces/ros2_py_ws/install/micro_ros_msgs/local/lib/python3.10/dist-packages/micro_ros_msgs/msg/_node_s.c
[2.623s] -- Up-to-date: /home/vboxuser/workspaces/ros2_py_ws/install/micro_ros_msgs/local/lib/python3.10/dist-packages/micro_ros_msgs/msg/_graph_s.c
[2.623s] -- Up-to-date: /home/vboxuser/workspaces/ros2_py_ws/install/micro_ros_msgs/local/lib/python3.10/dist-packages/micro_ros_msgs/msg/_node.py
[2.623s] -- Up-to-date: /home/vboxuser/workspaces/ros2_py_ws/install/micro_ros_msgs/local/lib/python3.10/dist-packages/micro_ros_msgs/libmicro_ros_msgs__rosidl_generator_py.so
[2.624s] -- Up-to-date: /home/vboxuser/workspaces/ros2_py_ws/install/micro_ros_msgs/local/lib/python3.10/dist-packages/micro_ros_msgs/micro_ros_msgs_s__rosidl_typesupport_introspection_c.cpython-310-x86_64-linux-gnu.so
[2.624s] -- Up-to-date: /home/vboxuser/workspaces/ros2_py_ws/install/micro_ros_msgs/local/lib/python3.10/dist-packages/micro_ros_msgs/micro_ros_msgs_s__rosidl_typesupport_fastrtps_c.cpython-310-x86_64-linux-gnu.so
[2.624s] -- Up-to-date: /home/vboxuser/workspaces/ros2_py_ws/install/micro_ros_msgs/local/lib/python3.10/dist-packages/micro_ros_msgs/__init__.py
[2.624s] -- Up-to-date: /home/vboxuser/workspaces/ros2_py_ws/install/micro_ros_msgs/local/lib/python3.10/dist-packages/micro_ros_msgs/micro_ros_msgs_s__rosidl_typesupport_c.cpython-310-x86_64-linux-gnu.so
[2.624s] -- Up-to-date: /home/vboxuser/workspaces/ros2_py_ws/install/micro_ros_msgs/local/lib/python3.10/dist-packages/micro_ros_msgs/_micro_ros_msgs_s.ep.rosidl_typesupport_fastrtps_c.c
[2.844s] Listing '/home/vboxuser/workspaces/ros2_py_ws/install/micro_ros_msgs/local/lib/python3.10/dist-packages/micro_ros_msgs'...
[2.845s] Listing '/home/vboxuser/workspaces/ros2_py_ws/install/micro_ros_msgs/local/lib/python3.10/dist-packages/micro_ros_msgs/msg'...
[2.876s] -- Up-to-date: /home/vboxuser/workspaces/ros2_py_ws/install/micro_ros_msgs/local/lib/python3.10/dist-packages/micro_ros_msgs/micro_ros_msgs_s__rosidl_typesupport_fastrtps_c.cpython-310-x86_64-linux-gnu.so
[2.890s] -- Up-to-date: /home/vboxuser/workspaces/ros2_py_ws/install/micro_ros_msgs/local/lib/python3.10/dist-packages/micro_ros_msgs/micro_ros_msgs_s__rosidl_typesupport_introspection_c.cpython-310-x86_64-linux-gnu.so
[2.904s] -- Up-to-date: /home/vboxuser/workspaces/ros2_py_ws/install/micro_ros_msgs/local/lib/python3.10/dist-packages/micro_ros_msgs/micro_ros_msgs_s__rosidl_typesupport_c.cpython-310-x86_64-linux-gnu.so
[2.915s] -- Up-to-date: /home/vboxuser/workspaces/ros2_py_ws/install/micro_ros_msgs/lib/libmicro_ros_msgs__rosidl_generator_py.so
[2.923s] -- Up-to-date: /home/vboxuser/workspaces/ros2_py_ws/install/micro_ros_msgs/share/micro_ros_msgs/msg/Graph.idl
[2.923s] -- Up-to-date: /home/vboxuser/workspaces/ros2_py_ws/install/micro_ros_msgs/share/micro_ros_msgs/msg/Node.idl
[2.923s] -- Up-to-date: /home/vboxuser/workspaces/ros2_py_ws/install/micro_ros_msgs/share/micro_ros_msgs/msg/Entity.idl
[2.923s] -- Up-to-date: /home/vboxuser/workspaces/ros2_py_ws/install/micro_ros_msgs/share/micro_ros_msgs/msg/Graph.msg
[2.923s] -- Up-to-date: /home/vboxuser/workspaces/ros2_py_ws/install/micro_ros_msgs/share/micro_ros_msgs/msg/Node.msg
[2.924s] -- Up-to-date: /home/vboxuser/workspaces/ros2_py_ws/install/micro_ros_msgs/share/micro_ros_msgs/msg/Entity.msg
[2.927s] -- Up-to-date: /home/vboxuser/workspaces/ros2_py_ws/install/micro_ros_msgs/share/ament_index/resource_index/package_run_dependencies/micro_ros_msgs
[2.936s] -- Up-to-date: /home/vboxuser/workspaces/ros2_py_ws/install/micro_ros_msgs/share/ament_index/resource_index/parent_prefix_path/micro_ros_msgs
[2.937s] -- Up-to-date: /home/vboxuser/workspaces/ros2_py_ws/install/micro_ros_msgs/share/micro_ros_msgs/environment/ament_prefix_path.sh
[2.937s] -- Up-to-date: /home/vboxuser/workspaces/ros2_py_ws/install/micro_ros_msgs/share/micro_ros_msgs/environment/ament_prefix_path.dsv
[2.939s] -- Up-to-date: /home/vboxuser/workspaces/ros2_py_ws/install/micro_ros_msgs/share/micro_ros_msgs/environment/path.sh
[2.939s] -- Up-to-date: /home/vboxuser/workspaces/ros2_py_ws/install/micro_ros_msgs/share/micro_ros_msgs/environment/path.dsv
[2.939s] -- Up-to-date: /home/vboxuser/workspaces/ros2_py_ws/install/micro_ros_msgs/share/micro_ros_msgs/local_setup.bash
[2.940s] -- Up-to-date: /home/vboxuser/workspaces/ros2_py_ws/install/micro_ros_msgs/share/micro_ros_msgs/local_setup.sh
[2.941s] -- Up-to-date: /home/vboxuser/workspaces/ros2_py_ws/install/micro_ros_msgs/share/micro_ros_msgs/local_setup.zsh
[2.941s] -- Up-to-date: /home/vboxuser/workspaces/ros2_py_ws/install/micro_ros_msgs/share/micro_ros_msgs/local_setup.dsv
[2.941s] -- Installing: /home/vboxuser/workspaces/ros2_py_ws/install/micro_ros_msgs/share/micro_ros_msgs/package.dsv
[2.956s] -- Up-to-date: /home/vboxuser/workspaces/ros2_py_ws/install/micro_ros_msgs/share/ament_index/resource_index/packages/micro_ros_msgs
[2.994s] -- Up-to-date: /home/vboxuser/workspaces/ros2_py_ws/install/micro_ros_msgs/share/micro_ros_msgs/cmake/export_micro_ros_msgs__rosidl_generator_cExport.cmake
[3.001s] -- Up-to-date: /home/vboxuser/workspaces/ros2_py_ws/install/micro_ros_msgs/share/micro_ros_msgs/cmake/export_micro_ros_msgs__rosidl_generator_cExport-noconfig.cmake
[3.009s] -- Up-to-date: /home/vboxuser/workspaces/ros2_py_ws/install/micro_ros_msgs/share/micro_ros_msgs/cmake/export_micro_ros_msgs__rosidl_typesupport_fastrtps_cExport.cmake
[3.009s] -- Up-to-date: /home/vboxuser/workspaces/ros2_py_ws/install/micro_ros_msgs/share/micro_ros_msgs/cmake/export_micro_ros_msgs__rosidl_typesupport_fastrtps_cExport-noconfig.cmake
[3.016s] -- Up-to-date: /home/vboxuser/workspaces/ros2_py_ws/install/micro_ros_msgs/share/micro_ros_msgs/cmake/micro_ros_msgs__rosidl_typesupport_introspection_cExport.cmake
[3.016s] -- Up-to-date: /home/vboxuser/workspaces/ros2_py_ws/install/micro_ros_msgs/share/micro_ros_msgs/cmake/micro_ros_msgs__rosidl_typesupport_introspection_cExport-noconfig.cmake
[3.022s] -- Up-to-date: /home/vboxuser/workspaces/ros2_py_ws/install/micro_ros_msgs/share/micro_ros_msgs/cmake/micro_ros_msgs__rosidl_typesupport_cExport.cmake
[3.022s] -- Up-to-date: /home/vboxuser/workspaces/ros2_py_ws/install/micro_ros_msgs/share/micro_ros_msgs/cmake/micro_ros_msgs__rosidl_typesupport_cExport-noconfig.cmake
[3.033s] -- Up-to-date: /home/vboxuser/workspaces/ros2_py_ws/install/micro_ros_msgs/share/micro_ros_msgs/cmake/export_micro_ros_msgs__rosidl_generator_cppExport.cmake
[3.039s] -- Up-to-date: /home/vboxuser/workspaces/ros2_py_ws/install/micro_ros_msgs/share/micro_ros_msgs/cmake/export_micro_ros_msgs__rosidl_typesupport_fastrtps_cppExport.cmake
[3.039s] -- Up-to-date: /home/vboxuser/workspaces/ros2_py_ws/install/micro_ros_msgs/share/micro_ros_msgs/cmake/export_micro_ros_msgs__rosidl_typesupport_fastrtps_cppExport-noconfig.cmake
[3.044s] -- Up-to-date: /home/vboxuser/workspaces/ros2_py_ws/install/micro_ros_msgs/share/micro_ros_msgs/cmake/micro_ros_msgs__rosidl_typesupport_introspection_cppExport.cmake
[3.048s] -- Up-to-date: /home/vboxuser/workspaces/ros2_py_ws/install/micro_ros_msgs/share/micro_ros_msgs/cmake/micro_ros_msgs__rosidl_typesupport_introspection_cppExport-noconfig.cmake
[3.057s] -- Up-to-date: /home/vboxuser/workspaces/ros2_py_ws/install/micro_ros_msgs/share/micro_ros_msgs/cmake/micro_ros_msgs__rosidl_typesupport_cppExport.cmake
[3.063s] -- Up-to-date: /home/vboxuser/workspaces/ros2_py_ws/install/micro_ros_msgs/share/micro_ros_msgs/cmake/micro_ros_msgs__rosidl_typesupport_cppExport-noconfig.cmake
[3.076s] -- Up-to-date: /home/vboxuser/workspaces/ros2_py_ws/install/micro_ros_msgs/share/micro_ros_msgs/cmake/export_micro_ros_msgs__rosidl_generator_pyExport.cmake
[3.076s] -- Up-to-date: /home/vboxuser/workspaces/ros2_py_ws/install/micro_ros_msgs/share/micro_ros_msgs/cmake/export_micro_ros_msgs__rosidl_generator_pyExport-noconfig.cmake
[3.078s] -- Up-to-date: /home/vboxuser/workspaces/ros2_py_ws/install/micro_ros_msgs/share/micro_ros_msgs/cmake/rosidl_cmake-extras.cmake
[3.078s] -- Up-to-date: /home/vboxuser/workspaces/ros2_py_ws/install/micro_ros_msgs/share/micro_ros_msgs/cmake/ament_cmake_export_include_directories-extras.cmake
[3.078s] -- Up-to-date: /home/vboxuser/workspaces/ros2_py_ws/install/micro_ros_msgs/share/micro_ros_msgs/cmake/ament_cmake_export_libraries-extras.cmake
[3.078s] -- Up-to-date: /home/vboxuser/workspaces/ros2_py_ws/install/micro_ros_msgs/share/micro_ros_msgs/cmake/ament_cmake_export_targets-extras.cmake
[3.083s] -- Up-to-date: /home/vboxuser/workspaces/ros2_py_ws/install/micro_ros_msgs/share/micro_ros_msgs/cmake/rosidl_cmake_export_typesupport_targets-extras.cmake
[3.086s] -- Up-to-date: /home/vboxuser/workspaces/ros2_py_ws/install/micro_ros_msgs/share/micro_ros_msgs/cmake/ament_cmake_export_dependencies-extras.cmake
[3.088s] -- Up-to-date: /home/vboxuser/workspaces/ros2_py_ws/install/micro_ros_msgs/share/micro_ros_msgs/cmake/rosidl_cmake_export_typesupport_libraries-extras.cmake
[3.088s] -- Up-to-date: /home/vboxuser/workspaces/ros2_py_ws/install/micro_ros_msgs/share/micro_ros_msgs/cmake/micro_ros_msgsConfig.cmake
[3.088s] -- Up-to-date: /home/vboxuser/workspaces/ros2_py_ws/install/micro_ros_msgs/share/micro_ros_msgs/cmake/micro_ros_msgsConfig-version.cmake
[3.089s] -- Up-to-date: /home/vboxuser/workspaces/ros2_py_ws/install/micro_ros_msgs/share/micro_ros_msgs/package.xml
[3.100s] Invoked command in '/home/vboxuser/workspaces/ros2_py_ws/build/micro_ros_msgs' returned '0': CMAKE_PREFIX_PATH=/opt/ros/humble /usr/bin/cmake --install /home/vboxuser/workspaces/ros2_py_ws/build/micro_ros_msgs
