[6.703s] Invoking command in '/home/vboxuser/workspaces/ros2_py_ws/src/publisher': PYTHONPATH=/home/vboxuser/workspaces/ros2_py_ws/build/publisher/prefix_override:/usr/lib/python3/dist-packages/colcon_core/task/python/colcon_distutils_commands:/home/vboxuser/workspaces/ros2_py_ws/install/publisher/lib/python3.10/site-packages:${PYTHONPATH} /usr/bin/python3 -W ignore:setup.py install is deprecated -W ignore:easy_install command is deprecated setup.py egg_info --egg-base ../../build/publisher build --build-base /home/vboxuser/workspaces/ros2_py_ws/build/publisher/build install --record /home/vboxuser/workspaces/ros2_py_ws/build/publisher/install.log --single-version-externally-managed install_data
[7.559s] running egg_info
[7.560s] writing ../../build/publisher/publisher.egg-info/PKG-INFO
[7.560s] writing dependency_links to ../../build/publisher/publisher.egg-info/dependency_links.txt
[7.564s] writing entry points to ../../build/publisher/publisher.egg-info/entry_points.txt
[7.564s] writing requirements to ../../build/publisher/publisher.egg-info/requires.txt
[7.564s] writing top-level names to ../../build/publisher/publisher.egg-info/top_level.txt
[7.565s] reading manifest file '../../build/publisher/publisher.egg-info/SOURCES.txt'
[7.565s] writing manifest file '../../build/publisher/publisher.egg-info/SOURCES.txt'
[7.565s] running build
[7.565s] running build_py
[7.565s] copying publisher/microros.py -> /home/vboxuser/workspaces/ros2_py_ws/build/publisher/build/lib/publisher
[7.565s] running install
[7.565s] running install_lib
[7.568s] copying /home/vboxuser/workspaces/ros2_py_ws/build/publisher/build/lib/publisher/microros.py -> /home/vboxuser/workspaces/ros2_py_ws/install/publisher/lib/python3.10/site-packages/publisher
[7.568s] byte-compiling /home/vboxuser/workspaces/ros2_py_ws/install/publisher/lib/python3.10/site-packages/publisher/microros.py to microros.cpython-310.pyc
[7.570s] running install_data
[7.570s] running install_egg_info
[7.576s] removing '/home/vboxuser/workspaces/ros2_py_ws/install/publisher/lib/python3.10/site-packages/publisher-0.0.0-py3.10.egg-info' (and everything under it)
[7.578s] Copying ../../build/publisher/publisher.egg-info to /home/vboxuser/workspaces/ros2_py_ws/install/publisher/lib/python3.10/site-packages/publisher-0.0.0-py3.10.egg-info
[7.586s] running install_scripts
[7.660s] Installing joint_state_to_microros script to /home/vboxuser/workspaces/ros2_py_ws/install/publisher/lib/publisher
[7.661s] Installing pid_stepper_controller script to /home/vboxuser/workspaces/ros2_py_ws/install/publisher/lib/publisher
[7.664s] Installing simple_publisher script to /home/vboxuser/workspaces/ros2_py_ws/install/publisher/lib/publisher
[7.677s] writing list of installed files to '/home/vboxuser/workspaces/ros2_py_ws/build/publisher/install.log'
[7.785s] Invoked command in '/home/vboxuser/workspaces/ros2_py_ws/src/publisher' returned '0': PYTHONPATH=/home/vboxuser/workspaces/ros2_py_ws/build/publisher/prefix_override:/usr/lib/python3/dist-packages/colcon_core/task/python/colcon_distutils_commands:/home/vboxuser/workspaces/ros2_py_ws/install/publisher/lib/python3.10/site-packages:${PYTHONPATH} /usr/bin/python3 -W ignore:setup.py install is deprecated -W ignore:easy_install command is deprecated setup.py egg_info --egg-base ../../build/publisher build --build-base /home/vboxuser/workspaces/ros2_py_ws/build/publisher/build install --record /home/vboxuser/workspaces/ros2_py_ws/build/publisher/install.log --single-version-externally-managed install_data
