-- Install configuration: ""
-- Installing: /home/vboxuser/workspaces/ros2_py_ws/install/sabry/share/sabry/config
-- Installing: /home/vboxuser/workspaces/ros2_py_ws/install/sabry/share/sabry/config/joint_names_sabry.yaml
-- Installing: /home/vboxuser/workspaces/ros2_py_ws/install/sabry/share/sabry/launch
-- Installing: /home/vboxuser/workspaces/ros2_py_ws/install/sabry/share/sabry/launch/gazebo.launch.py
-- Installing: /home/vboxuser/workspaces/ros2_py_ws/install/sabry/share/sabry/launch/display.launch
-- Installing: /home/vboxuser/workspaces/ros2_py_ws/install/sabry/share/sabry/launch/gazebo_tool.launch.py
-- Installing: /home/vboxuser/workspaces/ros2_py_ws/install/sabry/share/sabry/launch/gazebo.launch
-- Installing: /home/vboxuser/workspaces/ros2_py_ws/install/sabry/share/sabry/launch/display.launch.py
-- Installing: /home/vboxuser/workspaces/ros2_py_ws/install/sabry/share/sabry/meshes
-- Installing: /home/vboxuser/workspaces/ros2_py_ws/install/sabry/share/sabry/meshes/wrist_pitch_Link.STL
-- Installing: /home/vboxuser/workspaces/ros2_py_ws/install/sabry/share/sabry/meshes/lowerarm_Link.STL
-- Installing: /home/vboxuser/workspaces/ros2_py_ws/install/sabry/share/sabry/meshes/waist_Link.STL
-- Installing: /home/vboxuser/workspaces/ros2_py_ws/install/sabry/share/sabry/meshes/upperarm_Link.STL
-- Installing: /home/vboxuser/workspaces/ros2_py_ws/install/sabry/share/sabry/meshes/wrist_yaw_Link.STL
-- Installing: /home/vboxuser/workspaces/ros2_py_ws/install/sabry/share/sabry/meshes/base_link.STL
-- Installing: /home/vboxuser/workspaces/ros2_py_ws/install/sabry/share/sabry/urdf
-- Installing: /home/vboxuser/workspaces/ros2_py_ws/install/sabry/share/sabry/urdf/sabry.csv
-- Installing: /home/vboxuser/workspaces/ros2_py_ws/install/sabry/share/sabry/urdf/sabry.urdf.xacro
-- Installing: /home/vboxuser/workspaces/ros2_py_ws/install/sabry/share/sabry/urdf/sabry_controllers.xacro
-- Installing: /home/vboxuser/workspaces/ros2_py_ws/install/sabry/share/sabry/urdf/sabry_gazebo.xacro
-- Installing: /home/vboxuser/workspaces/ros2_py_ws/install/sabry/share/sabry/urdf/tools_station.xacro
-- Installing: /home/vboxuser/workspaces/ros2_py_ws/install/sabry/share/sabry/urdf/tools.xacro
-- Installing: /home/vboxuser/workspaces/ros2_py_ws/install/sabry/share/sabry/worlds
-- Installing: /home/vboxuser/workspaces/ros2_py_ws/install/sabry/share/sabry/worlds/install
-- Installing: /home/vboxuser/workspaces/ros2_py_ws/install/sabry/share/sabry/worlds/install/local_setup.bash
-- Installing: /home/vboxuser/workspaces/ros2_py_ws/install/sabry/share/sabry/worlds/install/COLCON_IGNORE
-- Installing: /home/vboxuser/workspaces/ros2_py_ws/install/sabry/share/sabry/worlds/install/local_setup.zsh
-- Installing: /home/vboxuser/workspaces/ros2_py_ws/install/sabry/share/sabry/worlds/install/setup.sh
-- Installing: /home/vboxuser/workspaces/ros2_py_ws/install/sabry/share/sabry/worlds/install/.colcon_install_layout
-- Installing: /home/vboxuser/workspaces/ros2_py_ws/install/sabry/share/sabry/worlds/install/local_setup.sh
-- Installing: /home/vboxuser/workspaces/ros2_py_ws/install/sabry/share/sabry/worlds/install/setup.ps1
-- Installing: /home/vboxuser/workspaces/ros2_py_ws/install/sabry/share/sabry/worlds/install/setup.bash
-- Installing: /home/vboxuser/workspaces/ros2_py_ws/install/sabry/share/sabry/worlds/install/_local_setup_util_ps1.py
-- Installing: /home/vboxuser/workspaces/ros2_py_ws/install/sabry/share/sabry/worlds/install/_local_setup_util_sh.py
-- Installing: /home/vboxuser/workspaces/ros2_py_ws/install/sabry/share/sabry/worlds/install/local_setup.ps1
-- Installing: /home/vboxuser/workspaces/ros2_py_ws/install/sabry/share/sabry/worlds/install/setup.zsh
-- Installing: /home/vboxuser/workspaces/ros2_py_ws/install/sabry/share/sabry/worlds/log
-- Installing: /home/vboxuser/workspaces/ros2_py_ws/install/sabry/share/sabry/worlds/log/build_2026-02-10_21-14-57
-- Installing: /home/vboxuser/workspaces/ros2_py_ws/install/sabry/share/sabry/worlds/log/build_2026-02-10_21-14-57/events.log
-- Installing: /home/vboxuser/workspaces/ros2_py_ws/install/sabry/share/sabry/worlds/log/build_2026-02-10_21-14-57/logger_all.log
-- Installing: /home/vboxuser/workspaces/ros2_py_ws/install/sabry/share/sabry/worlds/log/COLCON_IGNORE
-- Installing: /home/vboxuser/workspaces/ros2_py_ws/install/sabry/share/sabry/worlds/log/build_2026-02-10_21-14-52
-- Installing: /home/vboxuser/workspaces/ros2_py_ws/install/sabry/share/sabry/worlds/log/build_2026-02-10_21-14-52/events.log
-- Installing: /home/vboxuser/workspaces/ros2_py_ws/install/sabry/share/sabry/worlds/log/build_2026-02-10_21-14-52/logger_all.log
-- Installing: /home/vboxuser/workspaces/ros2_py_ws/install/sabry/share/sabry/worlds/log/latest
-- Installing: /home/vboxuser/workspaces/ros2_py_ws/install/sabry/share/sabry/worlds/log/latest_build
-- Installing: /home/vboxuser/workspaces/ros2_py_ws/install/sabry/share/sabry/worlds/tool_changer.sdf
-- Installing: /home/vboxuser/workspaces/ros2_py_ws/install/sabry/share/sabry/worlds/build
-- Installing: /home/vboxuser/workspaces/ros2_py_ws/install/sabry/share/sabry/worlds/build/COLCON_IGNORE
-- Installing: /home/vboxuser/workspaces/ros2_py_ws/install/sabry/share/sabry/worlds/build/.built_by
-- Installing: /home/vboxuser/workspaces/ros2_py_ws/install/sabry/share/ament_index/resource_index/package_run_dependencies/sabry
-- Installing: /home/vboxuser/workspaces/ros2_py_ws/install/sabry/share/ament_index/resource_index/parent_prefix_path/sabry
-- Installing: /home/vboxuser/workspaces/ros2_py_ws/install/sabry/share/sabry/environment/ament_prefix_path.sh
-- Installing: /home/vboxuser/workspaces/ros2_py_ws/install/sabry/share/sabry/environment/ament_prefix_path.dsv
-- Installing: /home/vboxuser/workspaces/ros2_py_ws/install/sabry/share/sabry/environment/path.sh
-- Installing: /home/vboxuser/workspaces/ros2_py_ws/install/sabry/share/sabry/environment/path.dsv
-- Installing: /home/vboxuser/workspaces/ros2_py_ws/install/sabry/share/sabry/local_setup.bash
-- Installing: /home/vboxuser/workspaces/ros2_py_ws/install/sabry/share/sabry/local_setup.sh
-- Installing: /home/vboxuser/workspaces/ros2_py_ws/install/sabry/share/sabry/local_setup.zsh
-- Installing: /home/vboxuser/workspaces/ros2_py_ws/install/sabry/share/sabry/local_setup.dsv
-- Installing: /home/vboxuser/workspaces/ros2_py_ws/install/sabry/share/sabry/package.dsv
-- Installing: /home/vboxuser/workspaces/ros2_py_ws/install/sabry/share/ament_index/resource_index/packages/sabry
-- Installing: /home/vboxuser/workspaces/ros2_py_ws/install/sabry/share/sabry/cmake/sabryConfig.cmake
-- Installing: /home/vboxuser/workspaces/ros2_py_ws/install/sabry/share/sabry/cmake/sabryConfig-version.cmake
-- Installing: /home/vboxuser/workspaces/ros2_py_ws/install/sabry/share/sabry/package.xml
