[0.091s] Invoking command in '/home/vboxuser/workspaces/ros2_py_ws/build/micro_ros_msgs': CMAKE_PREFIX_PATH=${CMAKE_PREFIX_PATH}:/home/vboxuser/workspaces/ros2_py_ws/install/publisher:/opt/ros/humble /usr/bin/cmake --build /home/vboxuser/workspaces/ros2_py_ws/build/micro_ros_msgs -- -j5 -l5
[0.634s] [ 12%] Built target micro_ros_msgs__cpp
[0.634s] [ 12%] Built target micro_ros_msgs__rosidl_generator_c
[0.635s] [ 12%] Built target ament_cmake_python_copy_micro_ros_msgs
[0.635s] [ 23%] Built target micro_ros_msgs__rosidl_typesupport_cpp
[0.635s] [ 44%] Built target micro_ros_msgs__rosidl_typesupport_introspection_c
[0.635s] [ 44%] Built target micro_ros_msgs__rosidl_typesupport_fastrtps_c
[0.635s] [ 55%] Built target micro_ros_msgs__rosidl_typesupport_fastrtps_cpp
[0.635s] [ 65%] Built target micro_ros_msgs__rosidl_typesupport_c
[0.635s] [ 76%] Built target micro_ros_msgs__rosidl_typesupport_introspection_cpp
[0.641s] [ 76%] Built target micro_ros_msgs
[0.655s] [ 78%] Built target micro_ros_msgs__py
[0.657s] [ 87%] Built target micro_ros_msgs__rosidl_generator_py
[0.658s] [ 91%] Built target micro_ros_msgs__rosidl_typesupport_fastrtps_c__pyext
[0.658s] [ 95%] Built target micro_ros_msgs__rosidl_typesupport_introspection_c__pyext
[0.659s] [100%] Built target micro_ros_msgs__rosidl_typesupport_c__pyext
[0.770s] running egg_info
[0.771s] writing micro_ros_msgs.egg-info/PKG-INFO
[0.771s] writing dependency_links to micro_ros_msgs.egg-info/dependency_links.txt
[0.771s] writing top-level names to micro_ros_msgs.egg-info/top_level.txt
[0.771s] reading manifest file 'micro_ros_msgs.egg-info/SOURCES.txt'
[0.771s] writing manifest file 'micro_ros_msgs.egg-info/SOURCES.txt'
[0.785s] [100%] Built target ament_cmake_python_build_micro_ros_msgs_egg
[0.954s] Invoked command in '/home/vboxuser/workspaces/ros2_py_ws/build/micro_ros_msgs' returned '0': CMAKE_PREFIX_PATH=${CMAKE_PREFIX_PATH}:/home/vboxuser/workspaces/ros2_py_ws/install/publisher:/opt/ros/humble /usr/bin/cmake --build /home/vboxuser/workspaces/ros2_py_ws/build/micro_ros_msgs -- -j5 -l5
[0.959s] Invoking command in '/home/vboxuser/workspaces/ros2_py_ws/build/micro_ros_msgs': CMAKE_PREFIX_PATH=${CMAKE_PREFIX_PATH}:/home/vboxuser/workspaces/ros2_py_ws/install/publisher:/opt/ros/humble /usr/bin/cmake --install /home/vboxuser/workspaces/ros2_py_ws/build/micro_ros_msgs
[0.974s] -- Install configuration: ""
[0.975s] -- Up-to-date: /home/vboxuser/workspaces/ros2_py_ws/install/micro_ros_msgs/share/ament_index/resource_index/rosidl_interfaces/micro_ros_msgs
[0.975s] -- Up-to-date: /home/vboxuser/workspaces/ros2_py_ws/install/micro_ros_msgs/include/micro_ros_msgs/micro_ros_msgs
[0.975s] -- Up-to-date: /home/vboxuser/workspaces/ros2_py_ws/install/micro_ros_msgs/include/micro_ros_msgs/micro_ros_msgs/msg
[0.975s] -- Up-to-date: /home/vboxuser/workspaces/ros2_py_ws/install/micro_ros_msgs/include/micro_ros_msgs/micro_ros_msgs/msg/node.h
[0.975s] -- Up-to-date: /home/vboxuser/workspaces/ros2_py_ws/install/micro_ros_msgs/include/micro_ros_msgs/micro_ros_msgs/msg/detail
[0.976s] -- Up-to-date: /home/vboxuser/workspaces/ros2_py_ws/install/micro_ros_msgs/include/micro_ros_msgs/micro_ros_msgs/msg/detail/graph__functions.h
[0.976s] -- Up-to-date: /home/vboxuser/workspaces/ros2_py_ws/install/micro_ros_msgs/include/micro_ros_msgs/micro_ros_msgs/msg/detail/entity__functions.h
[0.976s] -- Up-to-date: /home/vboxuser/workspaces/ros2_py_ws/install/micro_ros_msgs/include/micro_ros_msgs/micro_ros_msgs/msg/detail/entity__functions.c
[0.976s] -- Up-to-date: /home/vboxuser/workspaces/ros2_py_ws/install/micro_ros_msgs/include/micro_ros_msgs/micro_ros_msgs/msg/detail/graph__struct.h
[0.976s] -- Up-to-date: /home/vboxuser/workspaces/ros2_py_ws/install/micro_ros_msgs/include/micro_ros_msgs/micro_ros_msgs/msg/detail/node__functions.h
[0.976s] -- Up-to-date: /home/vboxuser/workspaces/ros2_py_ws/install/micro_ros_msgs/include/micro_ros_msgs/micro_ros_msgs/msg/detail/node__struct.h
[0.995s] -- Up-to-date: /home/vboxuser/workspaces/ros2_py_ws/install/micro_ros_msgs/include/micro_ros_msgs/micro_ros_msgs/msg/detail/node__type_support.h
[0.996s] -- Up-to-date: /home/vboxuser/workspaces/ros2_py_ws/install/micro_ros_msgs/include/micro_ros_msgs/micro_ros_msgs/msg/detail/entity__struct.h
[0.996s] -- Up-to-date: /home/vboxuser/workspaces/ros2_py_ws/install/micro_ros_msgs/include/micro_ros_msgs/micro_ros_msgs/msg/detail/graph__type_support.h
[0.996s] -- Up-to-date: /home/vboxuser/workspaces/ros2_py_ws/install/micro_ros_msgs/include/micro_ros_msgs/micro_ros_msgs/msg/detail/entity__type_support.h
[0.996s] -- Up-to-date: /home/vboxuser/workspaces/ros2_py_ws/install/micro_ros_msgs/include/micro_ros_msgs/micro_ros_msgs/msg/detail/node__functions.c
[0.996s] -- Up-to-date: /home/vboxuser/workspaces/ros2_py_ws/install/micro_ros_msgs/include/micro_ros_msgs/micro_ros_msgs/msg/detail/graph__functions.c
[0.996s] -- Up-to-date: /home/vboxuser/workspaces/ros2_py_ws/install/micro_ros_msgs/include/micro_ros_msgs/micro_ros_msgs/msg/graph.h
[0.997s] -- Up-to-date: /home/vboxuser/workspaces/ros2_py_ws/install/micro_ros_msgs/include/micro_ros_msgs/micro_ros_msgs/msg/rosidl_generator_c__visibility_control.h
[0.997s] -- Up-to-date: /home/vboxuser/workspaces/ros2_py_ws/install/micro_ros_msgs/include/micro_ros_msgs/micro_ros_msgs/msg/entity.h
[0.997s] -- Up-to-date: /home/vboxuser/workspaces/ros2_py_ws/install/micro_ros_msgs/share/micro_ros_msgs/environment/library_path.sh
[0.997s] -- Up-to-date: /home/vboxuser/workspaces/ros2_py_ws/install/micro_ros_msgs/share/micro_ros_msgs/environment/library_path.dsv
[0.997s] -- Up-to-date: /home/vboxuser/workspaces/ros2_py_ws/install/micro_ros_msgs/lib/libmicro_ros_msgs__rosidl_generator_c.so
[0.997s] -- Up-to-date: /home/vboxuser/workspaces/ros2_py_ws/install/micro_ros_msgs/include/micro_ros_msgs/micro_ros_msgs
[0.997s] -- Up-to-date: /home/vboxuser/workspaces/ros2_py_ws/install/micro_ros_msgs/include/micro_ros_msgs/micro_ros_msgs/msg
[0.997s] -- Up-to-date: /home/vboxuser/workspaces/ros2_py_ws/install/micro_ros_msgs/include/micro_ros_msgs/micro_ros_msgs/msg/detail
[0.997s] -- Up-to-date: /home/vboxuser/workspaces/ros2_py_ws/install/micro_ros_msgs/include/micro_ros_msgs/micro_ros_msgs/msg/detail/entity__rosidl_typesupport_fastrtps_c.h
[0.997s] -- Up-to-date: /home/vboxuser/workspaces/ros2_py_ws/install/micro_ros_msgs/include/micro_ros_msgs/micro_ros_msgs/msg/detail/graph__rosidl_typesupport_fastrtps_c.h
[0.997s] -- Up-to-date: /home/vboxuser/workspaces/ros2_py_ws/install/micro_ros_msgs/include/micro_ros_msgs/micro_ros_msgs/msg/detail/node__rosidl_typesupport_fastrtps_c.h
[0.997s] -- Up-to-date: /home/vboxuser/workspaces/ros2_py_ws/install/micro_ros_msgs/include/micro_ros_msgs/micro_ros_msgs/msg/rosidl_typesupport_fastrtps_c__visibility_control.h
[0.998s] -- Up-to-date: /home/vboxuser/workspaces/ros2_py_ws/install/micro_ros_msgs/lib/libmicro_ros_msgs__rosidl_typesupport_fastrtps_c.so
[0.998s] -- Up-to-date: /home/vboxuser/workspaces/ros2_py_ws/install/micro_ros_msgs/include/micro_ros_msgs/micro_ros_msgs
[0.998s] -- Up-to-date: /home/vboxuser/workspaces/ros2_py_ws/install/micro_ros_msgs/include/micro_ros_msgs/micro_ros_msgs/msg
[0.998s] -- Up-to-date: /home/vboxuser/workspaces/ros2_py_ws/install/micro_ros_msgs/include/micro_ros_msgs/micro_ros_msgs/msg/detail
[0.998s] -- Up-to-date: /home/vboxuser/workspaces/ros2_py_ws/install/micro_ros_msgs/include/micro_ros_msgs/micro_ros_msgs/msg/detail/graph__rosidl_typesupport_introspection_c.h
[0.998s] -- Up-to-date: /home/vboxuser/workspaces/ros2_py_ws/install/micro_ros_msgs/include/micro_ros_msgs/micro_ros_msgs/msg/detail/entity__type_support.c
[0.998s] -- Up-to-date: /home/vboxuser/workspaces/ros2_py_ws/install/micro_ros_msgs/include/micro_ros_msgs/micro_ros_msgs/msg/detail/graph__type_support.c
[0.998s] -- Up-to-date: /home/vboxuser/workspaces/ros2_py_ws/install/micro_ros_msgs/include/micro_ros_msgs/micro_ros_msgs/msg/detail/node__type_support.c
[0.998s] -- Up-to-date: /home/vboxuser/workspaces/ros2_py_ws/install/micro_ros_msgs/include/micro_ros_msgs/micro_ros_msgs/msg/detail/entity__rosidl_typesupport_introspection_c.h
[0.998s] -- Up-to-date: /home/vboxuser/workspaces/ros2_py_ws/install/micro_ros_msgs/include/micro_ros_msgs/micro_ros_msgs/msg/detail/node__rosidl_typesupport_introspection_c.h
[0.998s] -- Up-to-date: /home/vboxuser/workspaces/ros2_py_ws/install/micro_ros_msgs/include/micro_ros_msgs/micro_ros_msgs/msg/rosidl_typesupport_introspection_c__visibility_control.h
[1.006s] -- Up-to-date: /home/vboxuser/workspaces/ros2_py_ws/install/micro_ros_msgs/lib/libmicro_ros_msgs__rosidl_typesupport_introspection_c.so
[1.006s] -- Up-to-date: /home/vboxuser/workspaces/ros2_py_ws/install/micro_ros_msgs/lib/libmicro_ros_msgs__rosidl_typesupport_c.so
[1.006s] -- Up-to-date: /home/vboxuser/workspaces/ros2_py_ws/install/micro_ros_msgs/include/micro_ros_msgs/micro_ros_msgs
[1.006s] -- Up-to-date: /home/vboxuser/workspaces/ros2_py_ws/install/micro_ros_msgs/include/micro_ros_msgs/micro_ros_msgs/msg
[1.006s] -- Up-to-date: /home/vboxuser/workspaces/ros2_py_ws/install/micro_ros_msgs/include/micro_ros_msgs/micro_ros_msgs/msg/detail
[1.006s] -- Up-to-date: /home/vboxuser/workspaces/ros2_py_ws/install/micro_ros_msgs/include/micro_ros_msgs/micro_ros_msgs/msg/detail/entity__struct.hpp
[1.006s] -- Up-to-date: /home/vboxuser/workspaces/ros2_py_ws/install/micro_ros_msgs/include/micro_ros_msgs/micro_ros_msgs/msg/detail/graph__struct.hpp
[1.006s] -- Up-to-date: /home/vboxuser/workspaces/ros2_py_ws/install/micro_ros_msgs/include/micro_ros_msgs/micro_ros_msgs/msg/detail/graph__type_support.hpp
[1.006s] -- Up-to-date: /home/vboxuser/workspaces/ros2_py_ws/install/micro_ros_msgs/include/micro_ros_msgs/micro_ros_msgs/msg/detail/graph__traits.hpp
[1.006s] -- Up-to-date: /home/vboxuser/workspaces/ros2_py_ws/install/micro_ros_msgs/include/micro_ros_msgs/micro_ros_msgs/msg/detail/entity__traits.hpp
[1.006s] -- Up-to-date: /home/vboxuser/workspaces/ros2_py_ws/install/micro_ros_msgs/include/micro_ros_msgs/micro_ros_msgs/msg/detail/node__traits.hpp
[1.006s] -- Up-to-date: /home/vboxuser/workspaces/ros2_py_ws/install/micro_ros_msgs/include/micro_ros_msgs/micro_ros_msgs/msg/detail/node__builder.hpp
[1.007s] -- Up-to-date: /home/vboxuser/workspaces/ros2_py_ws/install/micro_ros_msgs/include/micro_ros_msgs/micro_ros_msgs/msg/detail/graph__builder.hpp
[1.007s] -- Up-to-date: /home/vboxuser/workspaces/ros2_py_ws/install/micro_ros_msgs/include/micro_ros_msgs/micro_ros_msgs/msg/detail/entity__type_support.hpp
[1.007s] -- Up-to-date: /home/vboxuser/workspaces/ros2_py_ws/install/micro_ros_msgs/include/micro_ros_msgs/micro_ros_msgs/msg/detail/entity__builder.hpp
[1.007s] -- Up-to-date: /home/vboxuser/workspaces/ros2_py_ws/install/micro_ros_msgs/include/micro_ros_msgs/micro_ros_msgs/msg/detail/node__type_support.hpp
[1.007s] -- Up-to-date: /home/vboxuser/workspaces/ros2_py_ws/install/micro_ros_msgs/include/micro_ros_msgs/micro_ros_msgs/msg/detail/node__struct.hpp
[1.007s] -- Up-to-date: /home/vboxuser/workspaces/ros2_py_ws/install/micro_ros_msgs/include/micro_ros_msgs/micro_ros_msgs/msg/entity.hpp
[1.007s] -- Up-to-date: /home/vboxuser/workspaces/ros2_py_ws/install/micro_ros_msgs/include/micro_ros_msgs/micro_ros_msgs/msg/rosidl_generator_cpp__visibility_control.hpp
[1.007s] -- Up-to-date: /home/vboxuser/workspaces/ros2_py_ws/install/micro_ros_msgs/include/micro_ros_msgs/micro_ros_msgs/msg/graph.hpp
[1.007s] -- Up-to-date: /home/vboxuser/workspaces/ros2_py_ws/install/micro_ros_msgs/include/micro_ros_msgs/micro_ros_msgs/msg/node.hpp
[1.007s] -- Up-to-date: /home/vboxuser/workspaces/ros2_py_ws/install/micro_ros_msgs/include/micro_ros_msgs/micro_ros_msgs
[1.007s] -- Up-to-date: /home/vboxuser/workspaces/ros2_py_ws/install/micro_ros_msgs/include/micro_ros_msgs/micro_ros_msgs/msg
[1.007s] -- Up-to-date: /home/vboxuser/workspaces/ros2_py_ws/install/micro_ros_msgs/include/micro_ros_msgs/micro_ros_msgs/msg/detail
[1.007s] -- Up-to-date: /home/vboxuser/workspaces/ros2_py_ws/install/micro_ros_msgs/include/micro_ros_msgs/micro_ros_msgs/msg/detail/entity__rosidl_typesupport_fastrtps_cpp.hpp
[1.007s] -- Up-to-date: /home/vboxuser/workspaces/ros2_py_ws/install/micro_ros_msgs/include/micro_ros_msgs/micro_ros_msgs/msg/detail/dds_fastrtps
[1.007s] -- Up-to-date: /home/vboxuser/workspaces/ros2_py_ws/install/micro_ros_msgs/include/micro_ros_msgs/micro_ros_msgs/msg/detail/graph__rosidl_typesupport_fastrtps_cpp.hpp
[1.007s] -- Up-to-date: /home/vboxuser/workspaces/ros2_py_ws/install/micro_ros_msgs/include/micro_ros_msgs/micro_ros_msgs/msg/detail/node__rosidl_typesupport_fastrtps_cpp.hpp
[1.008s] -- Up-to-date: /home/vboxuser/workspaces/ros2_py_ws/install/micro_ros_msgs/include/micro_ros_msgs/micro_ros_msgs/msg/rosidl_typesupport_fastrtps_cpp__visibility_control.h
[1.008s] -- Up-to-date: /home/vboxuser/workspaces/ros2_py_ws/install/micro_ros_msgs/lib/libmicro_ros_msgs__rosidl_typesupport_fastrtps_cpp.so
[1.008s] -- Up-to-date: /home/vboxuser/workspaces/ros2_py_ws/install/micro_ros_msgs/include/micro_ros_msgs/micro_ros_msgs
[1.008s] -- Up-to-date: /home/vboxuser/workspaces/ros2_py_ws/install/micro_ros_msgs/include/micro_ros_msgs/micro_ros_msgs/msg
[1.008s] -- Up-to-date: /home/vboxuser/workspaces/ros2_py_ws/install/micro_ros_msgs/include/micro_ros_msgs/micro_ros_msgs/msg/detail
[1.008s] -- Up-to-date: /home/vboxuser/workspaces/ros2_py_ws/install/micro_ros_msgs/include/micro_ros_msgs/micro_ros_msgs/msg/detail/graph__rosidl_typesupport_introspection_cpp.hpp
[1.008s] -- Up-to-date: /home/vboxuser/workspaces/ros2_py_ws/install/micro_ros_msgs/include/micro_ros_msgs/micro_ros_msgs/msg/detail/node__rosidl_typesupport_introspection_cpp.hpp
[1.010s] -- Up-to-date: /home/vboxuser/workspaces/ros2_py_ws/install/micro_ros_msgs/include/micro_ros_msgs/micro_ros_msgs/msg/detail/entity__rosidl_typesupport_introspection_cpp.hpp
[1.017s] -- Up-to-date: /home/vboxuser/workspaces/ros2_py_ws/install/micro_ros_msgs/include/micro_ros_msgs/micro_ros_msgs/msg/detail/node__type_support.cpp
[1.017s] -- Up-to-date: /home/vboxuser/workspaces/ros2_py_ws/install/micro_ros_msgs/include/micro_ros_msgs/micro_ros_msgs/msg/detail/graph__type_support.cpp
[1.018s] -- Up-to-date: /home/vboxuser/workspaces/ros2_py_ws/install/micro_ros_msgs/include/micro_ros_msgs/micro_ros_msgs/msg/detail/entity__type_support.cpp
[1.018s] -- Up-to-date: /home/vboxuser/workspaces/ros2_py_ws/install/micro_ros_msgs/lib/libmicro_ros_msgs__rosidl_typesupport_introspection_cpp.so
[1.018s] -- Up-to-date: /home/vboxuser/workspaces/ros2_py_ws/install/micro_ros_msgs/lib/libmicro_ros_msgs__rosidl_typesupport_cpp.so
[1.018s] -- Up-to-date: /home/vboxuser/workspaces/ros2_py_ws/install/micro_ros_msgs/share/micro_ros_msgs/environment/pythonpath.sh
[1.018s] -- Up-to-date: /home/vboxuser/workspaces/ros2_py_ws/install/micro_ros_msgs/share/micro_ros_msgs/environment/pythonpath.dsv
[1.018s] -- Up-to-date: /home/vboxuser/workspaces/ros2_py_ws/install/micro_ros_msgs/local/lib/python3.10/dist-packages/micro_ros_msgs-3.0.1-py3.10.egg-info
[1.018s] -- Installing: /home/vboxuser/workspaces/ros2_py_ws/install/micro_ros_msgs/local/lib/python3.10/dist-packages/micro_ros_msgs-3.0.1-py3.10.egg-info/top_level.txt
[1.018s] -- Installing: /home/vboxuser/workspaces/ros2_py_ws/install/micro_ros_msgs/local/lib/python3.10/dist-packages/micro_ros_msgs-3.0.1-py3.10.egg-info/SOURCES.txt
[1.018s] -- Installing: /home/vboxuser/workspaces/ros2_py_ws/install/micro_ros_msgs/local/lib/python3.10/dist-packages/micro_ros_msgs-3.0.1-py3.10.egg-info/PKG-INFO
[1.018s] -- Installing: /home/vboxuser/workspaces/ros2_py_ws/install/micro_ros_msgs/local/lib/python3.10/dist-packages/micro_ros_msgs-3.0.1-py3.10.egg-info/dependency_links.txt
[1.018s] -- Up-to-date: /home/vboxuser/workspaces/ros2_py_ws/install/micro_ros_msgs/local/lib/python3.10/dist-packages/micro_ros_msgs
[1.018s] -- Up-to-date: /home/vboxuser/workspaces/ros2_py_ws/install/micro_ros_msgs/local/lib/python3.10/dist-packages/micro_ros_msgs/_micro_ros_msgs_s.ep.rosidl_typesupport_c.c
[1.018s] -- Up-to-date: /home/vboxuser/workspaces/ros2_py_ws/install/micro_ros_msgs/local/lib/python3.10/dist-packages/micro_ros_msgs/_micro_ros_msgs_s.ep.rosidl_typesupport_introspection_c.c
[1.018s] -- Up-to-date: /home/vboxuser/workspaces/ros2_py_ws/install/micro_ros_msgs/local/lib/python3.10/dist-packages/micro_ros_msgs/msg
[1.018s] -- Up-to-date: /home/vboxuser/workspaces/ros2_py_ws/install/micro_ros_msgs/local/lib/python3.10/dist-packages/micro_ros_msgs/msg/_entity.py
[1.019s] -- Up-to-date: /home/vboxuser/workspaces/ros2_py_ws/install/micro_ros_msgs/local/lib/python3.10/dist-packages/micro_ros_msgs/msg/_graph.py
[1.019s] -- Up-to-date: /home/vboxuser/workspaces/ros2_py_ws/install/micro_ros_msgs/local/lib/python3.10/dist-packages/micro_ros_msgs/msg/_entity_s.c
[1.019s] -- Up-to-date: /home/vboxuser/workspaces/ros2_py_ws/install/micro_ros_msgs/local/lib/python3.10/dist-packages/micro_ros_msgs/msg/__init__.py
[1.019s] -- Up-to-date: /home/vboxuser/workspaces/ros2_py_ws/install/micro_ros_msgs/local/lib/python3.10/dist-packages/micro_ros_msgs/msg/_node_s.c
[1.019s] -- Up-to-date: /home/vboxuser/workspaces/ros2_py_ws/install/micro_ros_msgs/local/lib/python3.10/dist-packages/micro_ros_msgs/msg/_graph_s.c
[1.019s] -- Up-to-date: /home/vboxuser/workspaces/ros2_py_ws/install/micro_ros_msgs/local/lib/python3.10/dist-packages/micro_ros_msgs/msg/_node.py
[1.019s] -- Up-to-date: /home/vboxuser/workspaces/ros2_py_ws/install/micro_ros_msgs/local/lib/python3.10/dist-packages/micro_ros_msgs/libmicro_ros_msgs__rosidl_generator_py.so
[1.019s] -- Up-to-date: /home/vboxuser/workspaces/ros2_py_ws/install/micro_ros_msgs/local/lib/python3.10/dist-packages/micro_ros_msgs/micro_ros_msgs_s__rosidl_typesupport_introspection_c.cpython-310-x86_64-linux-gnu.so
[1.019s] -- Up-to-date: /home/vboxuser/workspaces/ros2_py_ws/install/micro_ros_msgs/local/lib/python3.10/dist-packages/micro_ros_msgs/micro_ros_msgs_s__rosidl_typesupport_fastrtps_c.cpython-310-x86_64-linux-gnu.so
[1.019s] -- Up-to-date: /home/vboxuser/workspaces/ros2_py_ws/install/micro_ros_msgs/local/lib/python3.10/dist-packages/micro_ros_msgs/__init__.py
[1.019s] -- Up-to-date: /home/vboxuser/workspaces/ros2_py_ws/install/micro_ros_msgs/local/lib/python3.10/dist-packages/micro_ros_msgs/micro_ros_msgs_s__rosidl_typesupport_c.cpython-310-x86_64-linux-gnu.so
[1.019s] -- Up-to-date: /home/vboxuser/workspaces/ros2_py_ws/install/micro_ros_msgs/local/lib/python3.10/dist-packages/micro_ros_msgs/_micro_ros_msgs_s.ep.rosidl_typesupport_fastrtps_c.c
[1.064s] Listing '/home/vboxuser/workspaces/ros2_py_ws/install/micro_ros_msgs/local/lib/python3.10/dist-packages/micro_ros_msgs'...
[1.085s] Listing '/home/vboxuser/workspaces/ros2_py_ws/install/micro_ros_msgs/local/lib/python3.10/dist-packages/micro_ros_msgs/msg'...
[1.127s] -- Up-to-date: /home/vboxuser/workspaces/ros2_py_ws/install/micro_ros_msgs/local/lib/python3.10/dist-packages/micro_ros_msgs/micro_ros_msgs_s__rosidl_typesupport_fastrtps_c.cpython-310-x86_64-linux-gnu.so
[1.127s] -- Up-to-date: /home/vboxuser/workspaces/ros2_py_ws/install/micro_ros_msgs/local/lib/python3.10/dist-packages/micro_ros_msgs/micro_ros_msgs_s__rosidl_typesupport_introspection_c.cpython-310-x86_64-linux-gnu.so
[1.128s] -- Up-to-date: /home/vboxuser/workspaces/ros2_py_ws/install/micro_ros_msgs/local/lib/python3.10/dist-packages/micro_ros_msgs/micro_ros_msgs_s__rosidl_typesupport_c.cpython-310-x86_64-linux-gnu.so
[1.128s] -- Up-to-date: /home/vboxuser/workspaces/ros2_py_ws/install/micro_ros_msgs/lib/libmicro_ros_msgs__rosidl_generator_py.so
[1.128s] -- Up-to-date: /home/vboxuser/workspaces/ros2_py_ws/install/micro_ros_msgs/share/micro_ros_msgs/msg/Graph.idl
[1.128s] -- Up-to-date: /home/vboxuser/workspaces/ros2_py_ws/install/micro_ros_msgs/share/micro_ros_msgs/msg/Node.idl
[1.128s] -- Up-to-date: /home/vboxuser/workspaces/ros2_py_ws/install/micro_ros_msgs/share/micro_ros_msgs/msg/Entity.idl
[1.128s] -- Up-to-date: /home/vboxuser/workspaces/ros2_py_ws/install/micro_ros_msgs/share/micro_ros_msgs/msg/Graph.msg
[1.128s] -- Up-to-date: /home/vboxuser/workspaces/ros2_py_ws/install/micro_ros_msgs/share/micro_ros_msgs/msg/Node.msg
[1.128s] -- Up-to-date: /home/vboxuser/workspaces/ros2_py_ws/install/micro_ros_msgs/share/micro_ros_msgs/msg/Entity.msg
[1.128s] -- Up-to-date: /home/vboxuser/workspaces/ros2_py_ws/install/micro_ros_msgs/share/ament_index/resource_index/package_run_dependencies/micro_ros_msgs
[1.128s] -- Up-to-date: /home/vboxuser/workspaces/ros2_py_ws/install/micro_ros_msgs/share/ament_index/resource_index/parent_prefix_path/micro_ros_msgs
[1.139s] -- Up-to-date: /home/vboxuser/workspaces/ros2_py_ws/install/micro_ros_msgs/share/micro_ros_msgs/environment/ament_prefix_path.sh
[1.140s] -- Up-to-date: /home/vboxuser/workspaces/ros2_py_ws/install/micro_ros_msgs/share/micro_ros_msgs/environment/ament_prefix_path.dsv
[1.140s] -- Up-to-date: /home/vboxuser/workspaces/ros2_py_ws/install/micro_ros_msgs/share/micro_ros_msgs/environment/path.sh
[1.140s] -- Up-to-date: /home/vboxuser/workspaces/ros2_py_ws/install/micro_ros_msgs/share/micro_ros_msgs/environment/path.dsv
[1.140s] -- Up-to-date: /home/vboxuser/workspaces/ros2_py_ws/install/micro_ros_msgs/share/micro_ros_msgs/local_setup.bash
[1.140s] -- Up-to-date: /home/vboxuser/workspaces/ros2_py_ws/install/micro_ros_msgs/share/micro_ros_msgs/local_setup.sh
[1.140s] -- Up-to-date: /home/vboxuser/workspaces/ros2_py_ws/install/micro_ros_msgs/share/micro_ros_msgs/local_setup.zsh
[1.140s] -- Up-to-date: /home/vboxuser/workspaces/ros2_py_ws/install/micro_ros_msgs/share/micro_ros_msgs/local_setup.dsv
[1.150s] -- Installing: /home/vboxuser/workspaces/ros2_py_ws/install/micro_ros_msgs/share/micro_ros_msgs/package.dsv
[1.151s] -- Up-to-date: /home/vboxuser/workspaces/ros2_py_ws/install/micro_ros_msgs/share/ament_index/resource_index/packages/micro_ros_msgs
[1.151s] -- Up-to-date: /home/vboxuser/workspaces/ros2_py_ws/install/micro_ros_msgs/share/micro_ros_msgs/cmake/export_micro_ros_msgs__rosidl_generator_cExport.cmake
[1.151s] -- Up-to-date: /home/vboxuser/workspaces/ros2_py_ws/install/micro_ros_msgs/share/micro_ros_msgs/cmake/export_micro_ros_msgs__rosidl_generator_cExport-noconfig.cmake
[1.151s] -- Up-to-date: /home/vboxuser/workspaces/ros2_py_ws/install/micro_ros_msgs/share/micro_ros_msgs/cmake/export_micro_ros_msgs__rosidl_typesupport_fastrtps_cExport.cmake
[1.151s] -- Up-to-date: /home/vboxuser/workspaces/ros2_py_ws/install/micro_ros_msgs/share/micro_ros_msgs/cmake/export_micro_ros_msgs__rosidl_typesupport_fastrtps_cExport-noconfig.cmake
[1.151s] -- Up-to-date: /home/vboxuser/workspaces/ros2_py_ws/install/micro_ros_msgs/share/micro_ros_msgs/cmake/micro_ros_msgs__rosidl_typesupport_introspection_cExport.cmake
[1.151s] -- Up-to-date: /home/vboxuser/workspaces/ros2_py_ws/install/micro_ros_msgs/share/micro_ros_msgs/cmake/micro_ros_msgs__rosidl_typesupport_introspection_cExport-noconfig.cmake
[1.151s] -- Up-to-date: /home/vboxuser/workspaces/ros2_py_ws/install/micro_ros_msgs/share/micro_ros_msgs/cmake/micro_ros_msgs__rosidl_typesupport_cExport.cmake
[1.151s] -- Up-to-date: /home/vboxuser/workspaces/ros2_py_ws/install/micro_ros_msgs/share/micro_ros_msgs/cmake/micro_ros_msgs__rosidl_typesupport_cExport-noconfig.cmake
[1.151s] -- Up-to-date: /home/vboxuser/workspaces/ros2_py_ws/install/micro_ros_msgs/share/micro_ros_msgs/cmake/export_micro_ros_msgs__rosidl_generator_cppExport.cmake
[1.151s] -- Up-to-date: /home/vboxuser/workspaces/ros2_py_ws/install/micro_ros_msgs/share/micro_ros_msgs/cmake/export_micro_ros_msgs__rosidl_typesupport_fastrtps_cppExport.cmake
[1.151s] -- Up-to-date: /home/vboxuser/workspaces/ros2_py_ws/install/micro_ros_msgs/share/micro_ros_msgs/cmake/export_micro_ros_msgs__rosidl_typesupport_fastrtps_cppExport-noconfig.cmake
[1.151s] -- Up-to-date: /home/vboxuser/workspaces/ros2_py_ws/install/micro_ros_msgs/share/micro_ros_msgs/cmake/micro_ros_msgs__rosidl_typesupport_introspection_cppExport.cmake
[1.151s] -- Up-to-date: /home/vboxuser/workspaces/ros2_py_ws/install/micro_ros_msgs/share/micro_ros_msgs/cmake/micro_ros_msgs__rosidl_typesupport_introspection_cppExport-noconfig.cmake
[1.151s] -- Up-to-date: /home/vboxuser/workspaces/ros2_py_ws/install/micro_ros_msgs/share/micro_ros_msgs/cmake/micro_ros_msgs__rosidl_typesupport_cppExport.cmake
[1.151s] -- Up-to-date: /home/vboxuser/workspaces/ros2_py_ws/install/micro_ros_msgs/share/micro_ros_msgs/cmake/micro_ros_msgs__rosidl_typesupport_cppExport-noconfig.cmake
[1.151s] -- Up-to-date: /home/vboxuser/workspaces/ros2_py_ws/install/micro_ros_msgs/share/micro_ros_msgs/cmake/export_micro_ros_msgs__rosidl_generator_pyExport.cmake
[1.152s] -- Up-to-date: /home/vboxuser/workspaces/ros2_py_ws/install/micro_ros_msgs/share/micro_ros_msgs/cmake/export_micro_ros_msgs__rosidl_generator_pyExport-noconfig.cmake
[1.178s] -- Up-to-date: /home/vboxuser/workspaces/ros2_py_ws/install/micro_ros_msgs/share/micro_ros_msgs/cmake/rosidl_cmake-extras.cmake
[1.178s] -- Up-to-date: /home/vboxuser/workspaces/ros2_py_ws/install/micro_ros_msgs/share/micro_ros_msgs/cmake/ament_cmake_export_include_directories-extras.cmake
[1.180s] -- Up-to-date: /home/vboxuser/workspaces/ros2_py_ws/install/micro_ros_msgs/share/micro_ros_msgs/cmake/ament_cmake_export_libraries-extras.cmake
[1.184s] -- Up-to-date: /home/vboxuser/workspaces/ros2_py_ws/install/micro_ros_msgs/share/micro_ros_msgs/cmake/ament_cmake_export_targets-extras.cmake
[1.185s] -- Up-to-date: /home/vboxuser/workspaces/ros2_py_ws/install/micro_ros_msgs/share/micro_ros_msgs/cmake/rosidl_cmake_export_typesupport_targets-extras.cmake
[1.185s] -- Up-to-date: /home/vboxuser/workspaces/ros2_py_ws/install/micro_ros_msgs/share/micro_ros_msgs/cmake/ament_cmake_export_dependencies-extras.cmake
[1.185s] -- Up-to-date: /home/vboxuser/workspaces/ros2_py_ws/install/micro_ros_msgs/share/micro_ros_msgs/cmake/rosidl_cmake_export_typesupport_libraries-extras.cmake
[1.185s] -- Up-to-date: /home/vboxuser/workspaces/ros2_py_ws/install/micro_ros_msgs/share/micro_ros_msgs/cmake/micro_ros_msgsConfig.cmake
[1.185s] -- Up-to-date: /home/vboxuser/workspaces/ros2_py_ws/install/micro_ros_msgs/share/micro_ros_msgs/cmake/micro_ros_msgsConfig-version.cmake
[1.185s] -- Up-to-date: /home/vboxuser/workspaces/ros2_py_ws/install/micro_ros_msgs/share/micro_ros_msgs/package.xml
[1.185s] Invoked command in '/home/vboxuser/workspaces/ros2_py_ws/build/micro_ros_msgs' returned '0': CMAKE_PREFIX_PATH=${CMAKE_PREFIX_PATH}:/home/vboxuser/workspaces/ros2_py_ws/install/publisher:/opt/ros/humble /usr/bin/cmake --install /home/vboxuser/workspaces/ros2_py_ws/build/micro_ros_msgs
