[3.215s] Invoking command in '/home/vboxuser/workspaces/ros2_py_ws/src/publisher': PYTHONPATH=/home/vboxuser/workspaces/ros2_py_ws/build/publisher/prefix_override:/usr/lib/python3/dist-packages/colcon_core/task/python/colcon_distutils_commands:/home/vboxuser/workspaces/ros2_py_ws/install/publisher/lib/python3.10/site-packages:${PYTHONPATH} /usr/bin/python3 -W ignore:setup.py install is deprecated -W ignore:easy_install command is deprecated setup.py egg_info --egg-base ../../build/publisher build --build-base /home/vboxuser/workspaces/ros2_py_ws/build/publisher/build install --record /home/vboxuser/workspaces/ros2_py_ws/build/publisher/install.log --single-version-externally-managed install_data
[5.049s] running egg_info
[5.049s] writing ../../build/publisher/publisher.egg-info/PKG-INFO
[5.049s] writing dependency_links to ../../build/publisher/publisher.egg-info/dependency_links.txt
[5.049s] writing entry points to ../../build/publisher/publisher.egg-info/entry_points.txt
[5.049s] writing requirements to ../../build/publisher/publisher.egg-info/requires.txt
[5.049s] writing top-level names to ../../build/publisher/publisher.egg-info/top_level.txt
[5.049s] reading manifest file '../../build/publisher/publisher.egg-info/SOURCES.txt'
[5.050s] writing manifest file '../../build/publisher/publisher.egg-info/SOURCES.txt'
[5.050s] running build
[5.050s] running build_py
[5.050s] running install
[5.050s] running install_lib
[5.050s] running install_data
[5.050s] running install_egg_info
[5.057s] removing '/home/vboxuser/workspaces/ros2_py_ws/install/publisher/lib/python3.10/site-packages/publisher-0.0.0-py3.10.egg-info' (and everything under it)
[5.057s] Copying ../../build/publisher/publisher.egg-info to /home/vboxuser/workspaces/ros2_py_ws/install/publisher/lib/python3.10/site-packages/publisher-0.0.0-py3.10.egg-info
[5.057s] running install_scripts
[5.105s] Installing joint_state_to_microros script to /home/vboxuser/workspaces/ros2_py_ws/install/publisher/lib/publisher
[5.105s] Installing pid_stepper_controller script to /home/vboxuser/workspaces/ros2_py_ws/install/publisher/lib/publisher
[5.105s] Installing simple_publisher script to /home/vboxuser/workspaces/ros2_py_ws/install/publisher/lib/publisher
[5.106s] writing list of installed files to '/home/vboxuser/workspaces/ros2_py_ws/build/publisher/install.log'
[5.297s] Invoked command in '/home/vboxuser/workspaces/ros2_py_ws/src/publisher' returned '0': PYTHONPATH=/home/vboxuser/workspaces/ros2_py_ws/build/publisher/prefix_override:/usr/lib/python3/dist-packages/colcon_core/task/python/colcon_distutils_commands:/home/vboxuser/workspaces/ros2_py_ws/install/publisher/lib/python3.10/site-packages:${PYTHONPATH} /usr/bin/python3 -W ignore:setup.py install is deprecated -W ignore:easy_install command is deprecated setup.py egg_info --egg-base ../../build/publisher build --build-base /home/vboxuser/workspaces/ros2_py_ws/build/publisher/build install --record /home/vboxuser/workspaces/ros2_py_ws/build/publisher/install.log --single-version-externally-managed install_data
