[0.152s] Invoking command in '/home/vboxuser/workspaces/ros2_py_ws/build/gazebo_ros_link_attacher': /usr/bin/cmake /home/vboxuser/workspaces/ros2_py_ws/src/gazebo_ros_link_attacher -DCATKIN_INSTALL_INTO_PREFIX_ROOT=0 -DCMAKE_INSTALL_PREFIX=/home/vboxuser/workspaces/ros2_py_ws/install/gazebo_ros_link_attacher
[1.119s] -- The C compiler identification is GNU 11.4.0
[1.119s] -- The CXX compiler identification is GNU 11.4.0
[1.120s] -- Detecting C compiler ABI info
[1.120s] -- Detecting C compiler ABI info - done
[1.120s] -- Check for working C compiler: /usr/bin/cc - skipped
[1.120s] -- Detecting C compile features
[1.120s] -- Detecting C compile features - done
[1.120s] -- Detecting CXX compiler ABI info
[1.120s] [0mCMake Deprecation Warning at CMakeLists.txt:1 (cmake_minimum_required):
[1.120s]   Compatibility with CMake < 2.8.12 will be removed from a future version of
[1.120s]   CMake.
[1.120s] 
[1.121s]   Update the VERSION argument <min> value or use a ...<max> suffix to tell
[1.121s]   CMake that the project does not need compatibility with older versions.
[1.121s] 
[1.121s] [0m
[1.647s] -- Detecting CXX compiler ABI info - done
[1.655s] -- Check for working CXX compiler: /usr/bin/c++ - skipped
[1.662s] -- Detecting CXX compile features
[1.664s] -- Detecting CXX compile features - done
[1.673s] -- Performing Test COMPILER_SUPPORTS_CXX11
[2.173s] -- Performing Test COMPILER_SUPPORTS_CXX11 - Success
[2.191s] -- Performing Test COMPILER_SUPPORTS_CXX0X
[2.530s] -- Performing Test COMPILER_SUPPORTS_CXX0X - Success
[2.553s] [31mCMake Error at CMakeLists.txt:20 (find_package):
[2.555s] -- Configuring incomplete, errors occurred!
[2.558s] See also "/home/vboxuser/workspaces/ros2_py_ws/build/gazebo_ros_link_attacher/CMakeFiles/CMakeOutput.log".
[2.558s]   By not providing "Findcatkin.cmake" in CMAKE_MODULE_PATH this project has
[2.558s]   asked CMake to find a package configuration file provided by "catkin", but
[2.558s]   CMake did not find one.
[2.558s] 
[2.558s]   Could not find a package configuration file provided by "catkin" with any
[2.558s]   of the following names:
[2.558s] 
[2.558s]     catkinConfig.cmake
[2.558s]     catkin-config.cmake
[2.559s] 
[2.559s]   Add the installation prefix of "catkin" to CMAKE_PREFIX_PATH or set
[2.559s]   "catkin_DIR" to a directory containing one of the above files.  If "catkin"
[2.559s]   provides a separate development package or SDK, be sure it has been
[2.559s]   installed.
[2.559s] 
[2.559s] [0m
[2.606s] Invoked command in '/home/vboxuser/workspaces/ros2_py_ws/build/gazebo_ros_link_attacher' returned '1': /usr/bin/cmake /home/vboxuser/workspaces/ros2_py_ws/src/gazebo_ros_link_attacher -DCATKIN_INSTALL_INTO_PREFIX_ROOT=0 -DCMAKE_INSTALL_PREFIX=/home/vboxuser/workspaces/ros2_py_ws/install/gazebo_ros_link_attacher
