[0.256s] Invoking command in '/home/vboxuser/workspaces/ros2_py_ws/build/sabrydemo_moveit': CMAKE_PREFIX_PATH=/home/vboxuser/workspaces/ros2_py_ws/install/sabry:/home/vboxuser/workspaces/ros2_py_ws/install/udemy_ros2_pkg:/home/vboxuser/workspaces/ros2_py_ws/install/sabrydemo_moveit:/home/vboxuser/workspaces/ros2_py_ws/install/sabry_moveit:/home/vboxuser/workspaces/ros2_py_ws/install/sabry_hardware:/home/vboxuser/workspaces/ros2_py_ws/install/sabry_controller:/home/vboxuser/workspaces/ros2_py_ws/install/micro_ros_setup:/home/vboxuser/workspaces/ros2_py_ws/install/micro_ros_agent:/home/vboxuser/workspaces/ros2_py_ws/install/micro_ros_msgs:/home/vboxuser/workspaces/ros2_py_ws/install/publisher:/opt/ros/humble /usr/bin/cmake --build /home/vboxuser/workspaces/ros2_py_ws/build/sabrydemo_moveit -- -j5 -l5
[0.568s] Invoked command in '/home/vboxuser/workspaces/ros2_py_ws/build/sabrydemo_moveit' returned '0': CMAKE_PREFIX_PATH=/home/vboxuser/workspaces/ros2_py_ws/install/sabry:/home/vboxuser/workspaces/ros2_py_ws/install/udemy_ros2_pkg:/home/vboxuser/workspaces/ros2_py_ws/install/sabrydemo_moveit:/home/vboxuser/workspaces/ros2_py_ws/install/sabry_moveit:/home/vboxuser/workspaces/ros2_py_ws/install/sabry_hardware:/home/vboxuser/workspaces/ros2_py_ws/install/sabry_controller:/home/vboxuser/workspaces/ros2_py_ws/install/micro_ros_setup:/home/vboxuser/workspaces/ros2_py_ws/install/micro_ros_agent:/home/vboxuser/workspaces/ros2_py_ws/install/micro_ros_msgs:/home/vboxuser/workspaces/ros2_py_ws/install/publisher:/opt/ros/humble /usr/bin/cmake --build /home/vboxuser/workspaces/ros2_py_ws/build/sabrydemo_moveit -- -j5 -l5
[0.579s] Invoking command in '/home/vboxuser/workspaces/ros2_py_ws/build/sabrydemo_moveit': CMAKE_PREFIX_PATH=/home/vboxuser/workspaces/ros2_py_ws/install/sabry:/home/vboxuser/workspaces/ros2_py_ws/install/udemy_ros2_pkg:/home/vboxuser/workspaces/ros2_py_ws/install/sabrydemo_moveit:/home/vboxuser/workspaces/ros2_py_ws/install/sabry_moveit:/home/vboxuser/workspaces/ros2_py_ws/install/sabry_hardware:/home/vboxuser/workspaces/ros2_py_ws/install/sabry_controller:/home/vboxuser/workspaces/ros2_py_ws/install/micro_ros_setup:/home/vboxuser/workspaces/ros2_py_ws/install/micro_ros_agent:/home/vboxuser/workspaces/ros2_py_ws/install/micro_ros_msgs:/home/vboxuser/workspaces/ros2_py_ws/install/publisher:/opt/ros/humble /usr/bin/cmake --install /home/vboxuser/workspaces/ros2_py_ws/build/sabrydemo_moveit
[0.605s] -- Install configuration: ""
[0.606s] -- Up-to-date: /home/vboxuser/workspaces/ros2_py_ws/install/sabrydemo_moveit/share/ament_index/resource_index/package_run_dependencies/sabrydemo_moveit
[0.607s] -- Up-to-date: /home/vboxuser/workspaces/ros2_py_ws/install/sabrydemo_moveit/share/ament_index/resource_index/parent_prefix_path/sabrydemo_moveit
[0.608s] -- Up-to-date: /home/vboxuser/workspaces/ros2_py_ws/install/sabrydemo_moveit/share/sabrydemo_moveit/environment/ament_prefix_path.sh
[0.609s] -- Up-to-date: /home/vboxuser/workspaces/ros2_py_ws/install/sabrydemo_moveit/share/sabrydemo_moveit/environment/ament_prefix_path.dsv
[0.611s] -- Up-to-date: /home/vboxuser/workspaces/ros2_py_ws/install/sabrydemo_moveit/share/sabrydemo_moveit/environment/path.sh
[0.613s] -- Up-to-date: /home/vboxuser/workspaces/ros2_py_ws/install/sabrydemo_moveit/share/sabrydemo_moveit/environment/path.dsv
[0.613s] -- Up-to-date: /home/vboxuser/workspaces/ros2_py_ws/install/sabrydemo_moveit/share/sabrydemo_moveit/local_setup.bash
[0.613s] -- Up-to-date: /home/vboxuser/workspaces/ros2_py_ws/install/sabrydemo_moveit/share/sabrydemo_moveit/local_setup.sh
[0.628s] -- Up-to-date: /home/vboxuser/workspaces/ros2_py_ws/install/sabrydemo_moveit/share/sabrydemo_moveit/local_setup.zsh
[0.628s] -- Up-to-date: /home/vboxuser/workspaces/ros2_py_ws/install/sabrydemo_moveit/share/sabrydemo_moveit/local_setup.dsv
[0.628s] -- Installing: /home/vboxuser/workspaces/ros2_py_ws/install/sabrydemo_moveit/share/sabrydemo_moveit/package.dsv
[0.629s] -- Up-to-date: /home/vboxuser/workspaces/ros2_py_ws/install/sabrydemo_moveit/share/ament_index/resource_index/packages/sabrydemo_moveit
[0.629s] -- Up-to-date: /home/vboxuser/workspaces/ros2_py_ws/install/sabrydemo_moveit/share/sabrydemo_moveit/cmake/sabrydemo_moveitConfig.cmake
[0.629s] -- Up-to-date: /home/vboxuser/workspaces/ros2_py_ws/install/sabrydemo_moveit/share/sabrydemo_moveit/cmake/sabrydemo_moveitConfig-version.cmake
[0.629s] -- Up-to-date: /home/vboxuser/workspaces/ros2_py_ws/install/sabrydemo_moveit/share/sabrydemo_moveit/package.xml
[0.629s] -- Up-to-date: /home/vboxuser/workspaces/ros2_py_ws/install/sabrydemo_moveit/share/sabrydemo_moveit/launch
[0.629s] -- Up-to-date: /home/vboxuser/workspaces/ros2_py_ws/install/sabrydemo_moveit/share/sabrydemo_moveit/launch/rsp.launch.py
[0.629s] -- Up-to-date: /home/vboxuser/workspaces/ros2_py_ws/install/sabrydemo_moveit/share/sabrydemo_moveit/launch/moveit_rviz.launch.py
[0.633s] -- Up-to-date: /home/vboxuser/workspaces/ros2_py_ws/install/sabrydemo_moveit/share/sabrydemo_moveit/launch/warehouse_db.launch.py
[0.645s] -- Up-to-date: /home/vboxuser/workspaces/ros2_py_ws/install/sabrydemo_moveit/share/sabrydemo_moveit/launch/spawn_controllers.launch.py
[0.649s] -- Up-to-date: /home/vboxuser/workspaces/ros2_py_ws/install/sabrydemo_moveit/share/sabrydemo_moveit/launch/demo.launch.py
[0.650s] -- Up-to-date: /home/vboxuser/workspaces/ros2_py_ws/install/sabrydemo_moveit/share/sabrydemo_moveit/launch/move_group.launch.py
[0.650s] -- Up-to-date: /home/vboxuser/workspaces/ros2_py_ws/install/sabrydemo_moveit/share/sabrydemo_moveit/launch/setup_assistant.launch.py
[0.651s] -- Up-to-date: /home/vboxuser/workspaces/ros2_py_ws/install/sabrydemo_moveit/share/sabrydemo_moveit/launch/static_virtual_joint_tfs.launch.py
[0.653s] -- Up-to-date: /home/vboxuser/workspaces/ros2_py_ws/install/sabrydemo_moveit/share/sabrydemo_moveit/config
[0.654s] -- Up-to-date: /home/vboxuser/workspaces/ros2_py_ws/install/sabrydemo_moveit/share/sabrydemo_moveit/config/initial_positions.yaml
[0.654s] -- Up-to-date: /home/vboxuser/workspaces/ros2_py_ws/install/sabrydemo_moveit/share/sabrydemo_moveit/config/sabry.urdf.xacro
[0.654s] -- Up-to-date: /home/vboxuser/workspaces/ros2_py_ws/install/sabrydemo_moveit/share/sabrydemo_moveit/config/sabry.ros2_control.xacro
[0.655s] -- Up-to-date: /home/vboxuser/workspaces/ros2_py_ws/install/sabrydemo_moveit/share/sabrydemo_moveit/config/joint_limits.yaml
[0.655s] -- Up-to-date: /home/vboxuser/workspaces/ros2_py_ws/install/sabrydemo_moveit/share/sabrydemo_moveit/config/moveit.rviz
[0.655s] -- Up-to-date: /home/vboxuser/workspaces/ros2_py_ws/install/sabrydemo_moveit/share/sabrydemo_moveit/config/pilz_cartesian_limits.yaml
[0.655s] -- Up-to-date: /home/vboxuser/workspaces/ros2_py_ws/install/sabrydemo_moveit/share/sabrydemo_moveit/config/sabry.srdf
[0.655s] -- Up-to-date: /home/vboxuser/workspaces/ros2_py_ws/install/sabrydemo_moveit/share/sabrydemo_moveit/config/ros2_controllers.yaml
[0.656s] -- Up-to-date: /home/vboxuser/workspaces/ros2_py_ws/install/sabrydemo_moveit/share/sabrydemo_moveit/config/moveit_controllers.yaml
[0.656s] -- Up-to-date: /home/vboxuser/workspaces/ros2_py_ws/install/sabrydemo_moveit/share/sabrydemo_moveit/config/kinematics.yaml
[0.656s] -- Up-to-date: /home/vboxuser/workspaces/ros2_py_ws/install/sabrydemo_moveit/share/sabrydemo_moveit/.setup_assistant
[0.678s] Invoked command in '/home/vboxuser/workspaces/ros2_py_ws/build/sabrydemo_moveit' returned '0': CMAKE_PREFIX_PATH=/home/vboxuser/workspaces/ros2_py_ws/install/sabry:/home/vboxuser/workspaces/ros2_py_ws/install/udemy_ros2_pkg:/home/vboxuser/workspaces/ros2_py_ws/install/sabrydemo_moveit:/home/vboxuser/workspaces/ros2_py_ws/install/sabry_moveit:/home/vboxuser/workspaces/ros2_py_ws/install/sabry_hardware:/home/vboxuser/workspaces/ros2_py_ws/install/sabry_controller:/home/vboxuser/workspaces/ros2_py_ws/install/micro_ros_setup:/home/vboxuser/workspaces/ros2_py_ws/install/micro_ros_agent:/home/vboxuser/workspaces/ros2_py_ws/install/micro_ros_msgs:/home/vboxuser/workspaces/ros2_py_ws/install/publisher:/opt/ros/humble /usr/bin/cmake --install /home/vboxuser/workspaces/ros2_py_ws/build/sabrydemo_moveit
