[0.502s] Invoking command in '/home/vboxuser/workspaces/ros2_py_ws/build/micro_ros_setup': CMAKE_PREFIX_PATH=${CMAKE_PREFIX_PATH}:/home/vboxuser/workspaces/ros2_py_ws/install/publisher:/opt/ros/humble /usr/bin/cmake --build /home/vboxuser/workspaces/ros2_py_ws/build/micro_ros_setup -- -j5 -l5
[2.528s] Invoked command in '/home/vboxuser/workspaces/ros2_py_ws/build/micro_ros_setup' returned '0': CMAKE_PREFIX_PATH=${CMAKE_PREFIX_PATH}:/home/vboxuser/workspaces/ros2_py_ws/install/publisher:/opt/ros/humble /usr/bin/cmake --build /home/vboxuser/workspaces/ros2_py_ws/build/micro_ros_setup -- -j5 -l5
[2.642s] Invoking command in '/home/vboxuser/workspaces/ros2_py_ws/build/micro_ros_setup': CMAKE_PREFIX_PATH=${CMAKE_PREFIX_PATH}:/home/vboxuser/workspaces/ros2_py_ws/install/publisher:/opt/ros/humble /usr/bin/cmake --install /home/vboxuser/workspaces/ros2_py_ws/build/micro_ros_setup
[2.736s] -- Install configuration: ""
[2.739s] -- Up-to-date: /home/vboxuser/workspaces/ros2_py_ws/install/micro_ros_setup/share/ament_index/resource_index/package_run_dependencies/micro_ros_setup
[2.739s] -- Up-to-date: /home/vboxuser/workspaces/ros2_py_ws/install/micro_ros_setup/share/ament_index/resource_index/parent_prefix_path/micro_ros_setup
[2.739s] -- Up-to-date: /home/vboxuser/workspaces/ros2_py_ws/install/micro_ros_setup/share/micro_ros_setup/environment/ament_prefix_path.sh
[2.739s] -- Up-to-date: /home/vboxuser/workspaces/ros2_py_ws/install/micro_ros_setup/share/micro_ros_setup/environment/ament_prefix_path.dsv
[2.739s] -- Up-to-date: /home/vboxuser/workspaces/ros2_py_ws/install/micro_ros_setup/share/micro_ros_setup/environment/path.sh
[2.742s] -- Up-to-date: /home/vboxuser/workspaces/ros2_py_ws/install/micro_ros_setup/share/micro_ros_setup/environment/path.dsv
[2.743s] -- Up-to-date: /home/vboxuser/workspaces/ros2_py_ws/install/micro_ros_setup/share/micro_ros_setup/local_setup.bash
[2.743s] -- Up-to-date: /home/vboxuser/workspaces/ros2_py_ws/install/micro_ros_setup/share/micro_ros_setup/local_setup.sh
[2.743s] -- Up-to-date: /home/vboxuser/workspaces/ros2_py_ws/install/micro_ros_setup/share/micro_ros_setup/local_setup.zsh
[2.743s] -- Up-to-date: /home/vboxuser/workspaces/ros2_py_ws/install/micro_ros_setup/share/micro_ros_setup/local_setup.dsv
[2.743s] -- Installing: /home/vboxuser/workspaces/ros2_py_ws/install/micro_ros_setup/share/micro_ros_setup/package.dsv
[2.754s] -- Up-to-date: /home/vboxuser/workspaces/ros2_py_ws/install/micro_ros_setup/share/ament_index/resource_index/packages/micro_ros_setup
[2.754s] -- Up-to-date: /home/vboxuser/workspaces/ros2_py_ws/install/micro_ros_setup/share/micro_ros_setup/cmake/micro_ros_setupConfig.cmake
[2.754s] -- Up-to-date: /home/vboxuser/workspaces/ros2_py_ws/install/micro_ros_setup/share/micro_ros_setup/cmake/micro_ros_setupConfig-version.cmake
[2.755s] -- Up-to-date: /home/vboxuser/workspaces/ros2_py_ws/install/micro_ros_setup/share/micro_ros_setup/package.xml
[2.755s] -- Up-to-date: /home/vboxuser/workspaces/ros2_py_ws/install/micro_ros_setup/./config
[2.756s] -- Up-to-date: /home/vboxuser/workspaces/ros2_py_ws/install/micro_ros_setup/./config/utils.sh
[2.756s] -- Up-to-date: /home/vboxuser/workspaces/ros2_py_ws/install/micro_ros_setup/./config/zephyr
[2.756s] -- Up-to-date: /home/vboxuser/workspaces/ros2_py_ws/install/micro_ros_setup/./config/zephyr/dev_uros_packages.repos
[2.757s] -- Up-to-date: /home/vboxuser/workspaces/ros2_py_ws/install/micro_ros_setup/./config/zephyr/list_apps.sh
[2.757s] -- Up-to-date: /home/vboxuser/workspaces/ros2_py_ws/install/micro_ros_setup/./config/zephyr/dev_ros2_packages.txt
[2.757s] -- Up-to-date: /home/vboxuser/workspaces/ros2_py_ws/install/micro_ros_setup/./config/zephyr/generic
[2.757s] -- Up-to-date: /home/vboxuser/workspaces/ros2_py_ws/install/micro_ros_setup/./config/zephyr/generic/supported_platforms
[2.803s] -- Up-to-date: /home/vboxuser/workspaces/ros2_py_ws/install/micro_ros_setup/./config/zephyr/generic/board.repos
[2.803s] -- Up-to-date: /home/vboxuser/workspaces/ros2_py_ws/install/micro_ros_setup/./config/zephyr/generic/flash.sh
[2.804s] -- Up-to-date: /home/vboxuser/workspaces/ros2_py_ws/install/micro_ros_setup/./config/zephyr/generic/create.sh
[2.805s] -- Up-to-date: /home/vboxuser/workspaces/ros2_py_ws/install/micro_ros_setup/./config/zephyr/generic/build.sh
[2.805s] -- Up-to-date: /home/vboxuser/workspaces/ros2_py_ws/install/micro_ros_setup/./config/zephyr/generic/configure.sh
[2.805s] -- Up-to-date: /home/vboxuser/workspaces/ros2_py_ws/install/micro_ros_setup/./config/zephyr/generic/client_uros_packages.repos
[2.805s] -- Up-to-date: /home/vboxuser/workspaces/ros2_py_ws/install/micro_ros_setup/./config/zephyr/generic/package.xml
[2.805s] -- Up-to-date: /home/vboxuser/workspaces/ros2_py_ws/install/micro_ros_setup/./config/zephyr/generic/client-colcon.meta
[2.806s] -- Up-to-date: /home/vboxuser/workspaces/ros2_py_ws/install/micro_ros_setup/./config/freertos
[2.822s] -- Up-to-date: /home/vboxuser/workspaces/ros2_py_ws/install/micro_ros_setup/./config/freertos/dev_uros_packages.repos
[2.822s] -- Up-to-date: /home/vboxuser/workspaces/ros2_py_ws/install/micro_ros_setup/./config/freertos/list_apps.sh
[2.822s] -- Up-to-date: /home/vboxuser/workspaces/ros2_py_ws/install/micro_ros_setup/./config/freertos/dev_ros2_packages.txt
[2.855s] -- Up-to-date: /home/vboxuser/workspaces/ros2_py_ws/install/micro_ros_setup/./config/freertos/nucleo_f746zg
[2.855s] -- Up-to-date: /home/vboxuser/workspaces/ros2_py_ws/install/micro_ros_setup/./config/freertos/nucleo_f746zg/board.repos
[2.855s] -- Up-to-date: /home/vboxuser/workspaces/ros2_py_ws/install/micro_ros_setup/./config/freertos/nucleo_f746zg/flash.sh
[2.855s] -- Up-to-date: /home/vboxuser/workspaces/ros2_py_ws/install/micro_ros_setup/./config/freertos/nucleo_f746zg/create.sh
[2.856s] -- Up-to-date: /home/vboxuser/workspaces/ros2_py_ws/install/micro_ros_setup/./config/freertos/nucleo_f746zg/build.sh
[2.857s] -- Up-to-date: /home/vboxuser/workspaces/ros2_py_ws/install/micro_ros_setup/./config/freertos/nucleo_f746zg/configure.sh
[2.857s] -- Up-to-date: /home/vboxuser/workspaces/ros2_py_ws/install/micro_ros_setup/./config/freertos/nucleo_f746zg/client_uros_packages.repos
[2.857s] -- Up-to-date: /home/vboxuser/workspaces/ros2_py_ws/install/micro_ros_setup/./config/freertos/nucleo_f746zg/package.xml
[2.857s] -- Up-to-date: /home/vboxuser/workspaces/ros2_py_ws/install/micro_ros_setup/./config/freertos/nucleo_f746zg/client-colcon.meta
[2.857s] -- Up-to-date: /home/vboxuser/workspaces/ros2_py_ws/install/micro_ros_setup/./config/freertos/nucleo_f446ze
[2.857s] -- Up-to-date: /home/vboxuser/workspaces/ros2_py_ws/install/micro_ros_setup/./config/freertos/nucleo_f446ze/board.repos
[2.857s] -- Up-to-date: /home/vboxuser/workspaces/ros2_py_ws/install/micro_ros_setup/./config/freertos/nucleo_f446ze/flash.sh
[2.857s] -- Up-to-date: /home/vboxuser/workspaces/ros2_py_ws/install/micro_ros_setup/./config/freertos/nucleo_f446ze/create.sh
[2.857s] -- Up-to-date: /home/vboxuser/workspaces/ros2_py_ws/install/micro_ros_setup/./config/freertos/nucleo_f446ze/build.sh
[2.857s] -- Up-to-date: /home/vboxuser/workspaces/ros2_py_ws/install/micro_ros_setup/./config/freertos/nucleo_f446ze/configure.sh
[2.857s] -- Up-to-date: /home/vboxuser/workspaces/ros2_py_ws/install/micro_ros_setup/./config/freertos/nucleo_f446ze/client_uros_packages.repos
[2.857s] -- Up-to-date: /home/vboxuser/workspaces/ros2_py_ws/install/micro_ros_setup/./config/freertos/nucleo_f446ze/package.xml
[2.857s] -- Up-to-date: /home/vboxuser/workspaces/ros2_py_ws/install/micro_ros_setup/./config/freertos/nucleo_f446ze/client-colcon.meta
[2.858s] -- Up-to-date: /home/vboxuser/workspaces/ros2_py_ws/install/micro_ros_setup/./config/freertos/crazyflie21
[2.858s] -- Up-to-date: /home/vboxuser/workspaces/ros2_py_ws/install/micro_ros_setup/./config/freertos/crazyflie21/board.repos
[2.858s] -- Up-to-date: /home/vboxuser/workspaces/ros2_py_ws/install/micro_ros_setup/./config/freertos/crazyflie21/flash.sh
[2.858s] -- Up-to-date: /home/vboxuser/workspaces/ros2_py_ws/install/micro_ros_setup/./config/freertos/crazyflie21/create.sh
[2.858s] -- Up-to-date: /home/vboxuser/workspaces/ros2_py_ws/install/micro_ros_setup/./config/freertos/crazyflie21/build.sh
[2.858s] -- Up-to-date: /home/vboxuser/workspaces/ros2_py_ws/install/micro_ros_setup/./config/freertos/crazyflie21/configure.sh
[2.858s] -- Up-to-date: /home/vboxuser/workspaces/ros2_py_ws/install/micro_ros_setup/./config/freertos/crazyflie21/client_uros_packages.repos
[2.858s] -- Up-to-date: /home/vboxuser/workspaces/ros2_py_ws/install/micro_ros_setup/./config/freertos/crazyflie21/package.xml
[2.858s] -- Up-to-date: /home/vboxuser/workspaces/ros2_py_ws/install/micro_ros_setup/./config/freertos/crazyflie21/client-colcon.meta
[2.858s] -- Up-to-date: /home/vboxuser/workspaces/ros2_py_ws/install/micro_ros_setup/./config/freertos/nucleo_f767zi
[2.858s] -- Up-to-date: /home/vboxuser/workspaces/ros2_py_ws/install/micro_ros_setup/./config/freertos/nucleo_f767zi/board.repos
[2.858s] -- Up-to-date: /home/vboxuser/workspaces/ros2_py_ws/install/micro_ros_setup/./config/freertos/nucleo_f767zi/flash.sh
[2.858s] -- Up-to-date: /home/vboxuser/workspaces/ros2_py_ws/install/micro_ros_setup/./config/freertos/nucleo_f767zi/create.sh
[2.858s] -- Up-to-date: /home/vboxuser/workspaces/ros2_py_ws/install/micro_ros_setup/./config/freertos/nucleo_f767zi/build.sh
[2.858s] -- Up-to-date: /home/vboxuser/workspaces/ros2_py_ws/install/micro_ros_setup/./config/freertos/nucleo_f767zi/configure.sh
[2.874s] -- Up-to-date: /home/vboxuser/workspaces/ros2_py_ws/install/micro_ros_setup/./config/freertos/nucleo_f767zi/client_uros_packages.repos
[2.876s] -- Up-to-date: /home/vboxuser/workspaces/ros2_py_ws/install/micro_ros_setup/./config/freertos/nucleo_f767zi/package.xml
[2.876s] -- Up-to-date: /home/vboxuser/workspaces/ros2_py_ws/install/micro_ros_setup/./config/freertos/nucleo_f767zi/client-colcon.meta
[2.876s] -- Up-to-date: /home/vboxuser/workspaces/ros2_py_ws/install/micro_ros_setup/./config/freertos/nucleo_f446re
[2.876s] -- Up-to-date: /home/vboxuser/workspaces/ros2_py_ws/install/micro_ros_setup/./config/freertos/nucleo_f446re/board.repos
[2.876s] -- Up-to-date: /home/vboxuser/workspaces/ros2_py_ws/install/micro_ros_setup/./config/freertos/nucleo_f446re/flash.sh
[2.876s] -- Up-to-date: /home/vboxuser/workspaces/ros2_py_ws/install/micro_ros_setup/./config/freertos/nucleo_f446re/create.sh
[2.876s] -- Up-to-date: /home/vboxuser/workspaces/ros2_py_ws/install/micro_ros_setup/./config/freertos/nucleo_f446re/build.sh
[2.878s] -- Up-to-date: /home/vboxuser/workspaces/ros2_py_ws/install/micro_ros_setup/./config/freertos/nucleo_f446re/configure.sh
[2.878s] -- Up-to-date: /home/vboxuser/workspaces/ros2_py_ws/install/micro_ros_setup/./config/freertos/nucleo_f446re/client_uros_packages.repos
[2.878s] -- Up-to-date: /home/vboxuser/workspaces/ros2_py_ws/install/micro_ros_setup/./config/freertos/nucleo_f446re/package.xml
[2.878s] -- Up-to-date: /home/vboxuser/workspaces/ros2_py_ws/install/micro_ros_setup/./config/freertos/nucleo_f446re/client-colcon.meta
[2.878s] -- Up-to-date: /home/vboxuser/workspaces/ros2_py_ws/install/micro_ros_setup/./config/freertos/esp32
[2.878s] -- Up-to-date: /home/vboxuser/workspaces/ros2_py_ws/install/micro_ros_setup/./config/freertos/esp32/board.repos
[2.878s] -- Up-to-date: /home/vboxuser/workspaces/ros2_py_ws/install/micro_ros_setup/./config/freertos/esp32/flash.sh
[2.879s] -- Up-to-date: /home/vboxuser/workspaces/ros2_py_ws/install/micro_ros_setup/./config/freertos/esp32/create.sh
[2.879s] -- Up-to-date: /home/vboxuser/workspaces/ros2_py_ws/install/micro_ros_setup/./config/freertos/esp32/build.sh
[2.879s] -- Up-to-date: /home/vboxuser/workspaces/ros2_py_ws/install/micro_ros_setup/./config/freertos/esp32/configure.sh
[2.879s] -- Up-to-date: /home/vboxuser/workspaces/ros2_py_ws/install/micro_ros_setup/./config/freertos/esp32/client_uros_packages.repos
[2.888s] -- Up-to-date: /home/vboxuser/workspaces/ros2_py_ws/install/micro_ros_setup/./config/freertos/esp32/package.xml
[2.899s] -- Up-to-date: /home/vboxuser/workspaces/ros2_py_ws/install/micro_ros_setup/./config/freertos/esp32/README.md
[2.899s] -- Up-to-date: /home/vboxuser/workspaces/ros2_py_ws/install/micro_ros_setup/./config/freertos/esp32/client-colcon.meta
[2.899s] -- Up-to-date: /home/vboxuser/workspaces/ros2_py_ws/install/micro_ros_setup/./config/freertos/olimex-stm32-e407
[2.899s] -- Up-to-date: /home/vboxuser/workspaces/ros2_py_ws/install/micro_ros_setup/./config/freertos/olimex-stm32-e407/board.repos
[2.899s] -- Up-to-date: /home/vboxuser/workspaces/ros2_py_ws/install/micro_ros_setup/./config/freertos/olimex-stm32-e407/flash.sh
[2.930s] -- Up-to-date: /home/vboxuser/workspaces/ros2_py_ws/install/micro_ros_setup/./config/freertos/olimex-stm32-e407/create.sh
[2.930s] -- Up-to-date: /home/vboxuser/workspaces/ros2_py_ws/install/micro_ros_setup/./config/freertos/olimex-stm32-e407/build.sh
[2.930s] -- Up-to-date: /home/vboxuser/workspaces/ros2_py_ws/install/micro_ros_setup/./config/freertos/olimex-stm32-e407/configure.sh
[2.938s] -- Up-to-date: /home/vboxuser/workspaces/ros2_py_ws/install/micro_ros_setup/./config/freertos/olimex-stm32-e407/client_uros_packages.repos
[2.938s] -- Up-to-date: /home/vboxuser/workspaces/ros2_py_ws/install/micro_ros_setup/./config/freertos/olimex-stm32-e407/package.xml
[2.938s] -- Up-to-date: /home/vboxuser/workspaces/ros2_py_ws/install/micro_ros_setup/./config/freertos/olimex-stm32-e407/client-colcon.meta
[2.939s] -- Up-to-date: /home/vboxuser/workspaces/ros2_py_ws/install/micro_ros_setup/./config/mbed
[2.939s] -- Up-to-date: /home/vboxuser/workspaces/ros2_py_ws/install/micro_ros_setup/./config/mbed/dev_uros_packages.repos
[2.939s] -- Up-to-date: /home/vboxuser/workspaces/ros2_py_ws/install/micro_ros_setup/./config/mbed/list_apps.sh
[2.939s] -- Up-to-date: /home/vboxuser/workspaces/ros2_py_ws/install/micro_ros_setup/./config/mbed/dev_ros2_packages.txt
[2.939s] -- Up-to-date: /home/vboxuser/workspaces/ros2_py_ws/install/micro_ros_setup/./config/mbed/generic
[2.940s] -- Up-to-date: /home/vboxuser/workspaces/ros2_py_ws/install/micro_ros_setup/./config/mbed/generic/supported_platforms
[2.940s] -- Up-to-date: /home/vboxuser/workspaces/ros2_py_ws/install/micro_ros_setup/./config/mbed/generic/board.repos
[2.940s] -- Up-to-date: /home/vboxuser/workspaces/ros2_py_ws/install/micro_ros_setup/./config/mbed/generic/flash.sh
[2.941s] -- Up-to-date: /home/vboxuser/workspaces/ros2_py_ws/install/micro_ros_setup/./config/mbed/generic/create.sh
[2.945s] -- Up-to-date: /home/vboxuser/workspaces/ros2_py_ws/install/micro_ros_setup/./config/mbed/generic/build.sh
[2.945s] -- Up-to-date: /home/vboxuser/workspaces/ros2_py_ws/install/micro_ros_setup/./config/mbed/generic/client_uros_packages.repos
[2.945s] -- Up-to-date: /home/vboxuser/workspaces/ros2_py_ws/install/micro_ros_setup/./config/mbed/generic/package.xml
[2.945s] -- Up-to-date: /home/vboxuser/workspaces/ros2_py_ws/install/micro_ros_setup/./config/generate_lib
[2.945s] -- Up-to-date: /home/vboxuser/workspaces/ros2_py_ws/install/micro_ros_setup/./config/generate_lib/dev_uros_packages.repos
[2.945s] -- Up-to-date: /home/vboxuser/workspaces/ros2_py_ws/install/micro_ros_setup/./config/generate_lib/dev_ros2_packages.txt
[2.945s] -- Up-to-date: /home/vboxuser/workspaces/ros2_py_ws/install/micro_ros_setup/./config/generate_lib/generic
[2.945s] -- Up-to-date: /home/vboxuser/workspaces/ros2_py_ws/install/micro_ros_setup/./config/generate_lib/generic/flash.sh
[2.946s] -- Up-to-date: /home/vboxuser/workspaces/ros2_py_ws/install/micro_ros_setup/./config/generate_lib/generic/create.sh
[2.946s] -- Up-to-date: /home/vboxuser/workspaces/ros2_py_ws/install/micro_ros_setup/./config/generate_lib/generic/build.sh
[2.947s] -- Up-to-date: /home/vboxuser/workspaces/ros2_py_ws/install/micro_ros_setup/./config/generate_lib/generic/demo_toolchain.cmake
[2.947s] -- Up-to-date: /home/vboxuser/workspaces/ros2_py_ws/install/micro_ros_setup/./config/generate_lib/generic/client_uros_packages.repos
[2.954s] -- Up-to-date: /home/vboxuser/workspaces/ros2_py_ws/install/micro_ros_setup/./config/generate_lib/generic/package.xml
[2.956s] -- Up-to-date: /home/vboxuser/workspaces/ros2_py_ws/install/micro_ros_setup/./config/generate_lib/generic/client-colcon.meta
[2.956s] -- Up-to-date: /home/vboxuser/workspaces/ros2_py_ws/install/micro_ros_setup/./config/agent_ros2_packages.txt
[2.956s] -- Up-to-date: /home/vboxuser/workspaces/ros2_py_ws/install/micro_ros_setup/./config/client_uros_packages.repos
[2.956s] -- Up-to-date: /home/vboxuser/workspaces/ros2_py_ws/install/micro_ros_setup/./config/raspbian
[2.956s] -- Up-to-date: /home/vboxuser/workspaces/ros2_py_ws/install/micro_ros_setup/./config/raspbian/dev_uros_packages.repos
[2.956s] -- Up-to-date: /home/vboxuser/workspaces/ros2_py_ws/install/micro_ros_setup/./config/raspbian/dev_ros2_packages.txt
[2.956s] -- Up-to-date: /home/vboxuser/workspaces/ros2_py_ws/install/micro_ros_setup/./config/raspbian/generic
[2.957s] -- Up-to-date: /home/vboxuser/workspaces/ros2_py_ws/install/micro_ros_setup/./config/raspbian/generic/supported_platforms
[2.957s] -- Up-to-date: /home/vboxuser/workspaces/ros2_py_ws/install/micro_ros_setup/./config/raspbian/generic/flash.sh
[2.957s] -- Up-to-date: /home/vboxuser/workspaces/ros2_py_ws/install/micro_ros_setup/./config/raspbian/generic/create.sh
[2.957s] -- Up-to-date: /home/vboxuser/workspaces/ros2_py_ws/install/micro_ros_setup/./config/raspbian/generic/build.sh
[2.957s] -- Up-to-date: /home/vboxuser/workspaces/ros2_py_ws/install/micro_ros_setup/./config/raspbian/generic/configure.sh
[2.957s] -- Up-to-date: /home/vboxuser/workspaces/ros2_py_ws/install/micro_ros_setup/./config/raspbian/generic/client_uros_packages.repos
[2.957s] -- Up-to-date: /home/vboxuser/workspaces/ros2_py_ws/install/micro_ros_setup/./config/raspbian/generic/client-colcon.meta
[2.957s] -- Up-to-date: /home/vboxuser/workspaces/ros2_py_ws/install/micro_ros_setup/./config/renesas_ra
[2.957s] -- Up-to-date: /home/vboxuser/workspaces/ros2_py_ws/install/micro_ros_setup/./config/renesas_ra/dev_uros_packages.repos
[2.957s] -- Up-to-date: /home/vboxuser/workspaces/ros2_py_ws/install/micro_ros_setup/./config/renesas_ra/list_apps.sh
[2.957s] -- Up-to-date: /home/vboxuser/workspaces/ros2_py_ws/install/micro_ros_setup/./config/renesas_ra/dev_ros2_packages.txt
[2.958s] -- Up-to-date: /home/vboxuser/workspaces/ros2_py_ws/install/micro_ros_setup/./config/renesas_ra/ra6m5
[2.958s] -- Up-to-date: /home/vboxuser/workspaces/ros2_py_ws/install/micro_ros_setup/./config/renesas_ra/ra6m5/board.repos
[2.958s] -- Up-to-date: /home/vboxuser/workspaces/ros2_py_ws/install/micro_ros_setup/./config/renesas_ra/ra6m5/flash.sh
[2.969s] -- Up-to-date: /home/vboxuser/workspaces/ros2_py_ws/install/micro_ros_setup/./config/renesas_ra/ra6m5/create.sh
[2.969s] -- Up-to-date: /home/vboxuser/workspaces/ros2_py_ws/install/micro_ros_setup/./config/renesas_ra/ra6m5/build.sh
[2.969s] -- Up-to-date: /home/vboxuser/workspaces/ros2_py_ws/install/micro_ros_setup/./config/renesas_ra/ra6m5/configure.sh
[2.976s] -- Up-to-date: /home/vboxuser/workspaces/ros2_py_ws/install/micro_ros_setup/./config/renesas_ra/ra6m5/client_uros_packages.repos
[2.978s] -- Up-to-date: /home/vboxuser/workspaces/ros2_py_ws/install/micro_ros_setup/./config/renesas_ra/ra6m5/client-colcon.meta
[2.978s] -- Up-to-date: /home/vboxuser/workspaces/ros2_py_ws/install/micro_ros_setup/./config/client_ros2_packages.txt
[2.978s] -- Up-to-date: /home/vboxuser/workspaces/ros2_py_ws/install/micro_ros_setup/./config/host
[2.978s] -- Up-to-date: /home/vboxuser/workspaces/ros2_py_ws/install/micro_ros_setup/./config/host/dev_uros_packages.repos
[2.979s] -- Up-to-date: /home/vboxuser/workspaces/ros2_py_ws/install/micro_ros_setup/./config/host/dev_ros2_packages.txt
[2.980s] -- Up-to-date: /home/vboxuser/workspaces/ros2_py_ws/install/micro_ros_setup/./config/host/generic
[2.980s] -- Up-to-date: /home/vboxuser/workspaces/ros2_py_ws/install/micro_ros_setup/./config/host/generic/client-host-colcon.meta
[2.980s] -- Up-to-date: /home/vboxuser/workspaces/ros2_py_ws/install/micro_ros_setup/./config/host/generic/client_host_packages.repos
[2.981s] -- Up-to-date: /home/vboxuser/workspaces/ros2_py_ws/install/micro_ros_setup/./config/host/generic/flash.sh
[2.981s] -- Up-to-date: /home/vboxuser/workspaces/ros2_py_ws/install/micro_ros_setup/./config/host/generic/create.sh
[2.981s] -- Up-to-date: /home/vboxuser/workspaces/ros2_py_ws/install/micro_ros_setup/./config/host/generic/build.sh
[2.981s] -- Up-to-date: /home/vboxuser/workspaces/ros2_py_ws/install/micro_ros_setup/./config/host/generic/package.xml
[2.981s] -- Up-to-date: /home/vboxuser/workspaces/ros2_py_ws/install/micro_ros_setup/./config/host/client_ros2_packages.txt
[2.982s] -- Up-to-date: /home/vboxuser/workspaces/ros2_py_ws/install/micro_ros_setup/./config/android
[2.982s] -- Up-to-date: /home/vboxuser/workspaces/ros2_py_ws/install/micro_ros_setup/./config/android/dev_uros_packages.repos
[2.982s] -- Up-to-date: /home/vboxuser/workspaces/ros2_py_ws/install/micro_ros_setup/./config/android/dev_ros2_packages.txt
[2.983s] -- Up-to-date: /home/vboxuser/workspaces/ros2_py_ws/install/micro_ros_setup/./config/android/generic
[2.983s] -- Up-to-date: /home/vboxuser/workspaces/ros2_py_ws/install/micro_ros_setup/./config/android/generic/flash.sh
[2.983s] -- Up-to-date: /home/vboxuser/workspaces/ros2_py_ws/install/micro_ros_setup/./config/android/generic/create.sh
[2.984s] -- Up-to-date: /home/vboxuser/workspaces/ros2_py_ws/install/micro_ros_setup/./config/android/generic/build.sh
[2.984s] -- Up-to-date: /home/vboxuser/workspaces/ros2_py_ws/install/micro_ros_setup/./config/android/generic/client_uros_packages.repos
[2.984s] -- Up-to-date: /home/vboxuser/workspaces/ros2_py_ws/install/micro_ros_setup/./config/android/generic/package.xml
[2.985s] -- Up-to-date: /home/vboxuser/workspaces/ros2_py_ws/install/micro_ros_setup/./config/android/generic/client-colcon.meta
[2.985s] -- Up-to-date: /home/vboxuser/workspaces/ros2_py_ws/install/micro_ros_setup/./config/agent_uros_packages.repos
[2.985s] -- Up-to-date: /home/vboxuser/workspaces/ros2_py_ws/install/micro_ros_setup/lib/micro_ros_setup/create_ws.sh
[2.985s] -- Up-to-date: /home/vboxuser/workspaces/ros2_py_ws/install/micro_ros_setup/lib/micro_ros_setup/create_agent_ws.sh
[2.985s] -- Up-to-date: /home/vboxuser/workspaces/ros2_py_ws/install/micro_ros_setup/lib/micro_ros_setup/create_firmware_ws.sh
[2.985s] -- Up-to-date: /home/vboxuser/workspaces/ros2_py_ws/install/micro_ros_setup/lib/micro_ros_setup/configure_firmware.sh
[2.985s] -- Up-to-date: /home/vboxuser/workspaces/ros2_py_ws/install/micro_ros_setup/lib/micro_ros_setup/flash_firmware.sh
[2.990s] -- Up-to-date: /home/vboxuser/workspaces/ros2_py_ws/install/micro_ros_setup/lib/micro_ros_setup/build_firmware.sh
[2.990s] -- Up-to-date: /home/vboxuser/workspaces/ros2_py_ws/install/micro_ros_setup/lib/micro_ros_setup/build_agent.sh
[2.990s] -- Up-to-date: /home/vboxuser/workspaces/ros2_py_ws/install/micro_ros_setup/lib/micro_ros_setup/yaml_filter.py
[2.994s] -- Up-to-date: /home/vboxuser/workspaces/ros2_py_ws/install/micro_ros_setup/lib/micro_ros_setup/clean_env.sh
[2.994s] -- Up-to-date: /home/vboxuser/workspaces/ros2_py_ws/install/micro_ros_setup/lib/micro_ros_setup/component
[3.581s] Invoked command in '/home/vboxuser/workspaces/ros2_py_ws/build/micro_ros_setup' returned '0': CMAKE_PREFIX_PATH=${CMAKE_PREFIX_PATH}:/home/vboxuser/workspaces/ros2_py_ws/install/publisher:/opt/ros/humble /usr/bin/cmake --install /home/vboxuser/workspaces/ros2_py_ws/build/micro_ros_setup
