[0.248s] Invoking command in '/home/vboxuser/workspaces/ros2_py_ws/build/udemy_ros2_pkg': CMAKE_PREFIX_PATH=${CMAKE_PREFIX_PATH}:/home/vboxuser/workspaces/ros2_py_ws/install/publisher:/opt/ros/humble /usr/bin/cmake --build /home/vboxuser/workspaces/ros2_py_ws/build/udemy_ros2_pkg -- -j5 -l5
[0.643s] Built target ament_cmake_python_copy_scripts
[1.697s] running egg_info
[1.708s] writing scripts.egg-info/PKG-INFO
[1.717s] writing dependency_links to scripts.egg-info/dependency_links.txt
[1.724s] writing top-level names to scripts.egg-info/top_level.txt
[1.747s] reading manifest file 'scripts.egg-info/SOURCES.txt'
[1.748s] writing manifest file 'scripts.egg-info/SOURCES.txt'
[1.810s] Built target ament_cmake_python_build_scripts_egg
[1.951s] Invoked command in '/home/vboxuser/workspaces/ros2_py_ws/build/udemy_ros2_pkg' returned '0': CMAKE_PREFIX_PATH=${CMAKE_PREFIX_PATH}:/home/vboxuser/workspaces/ros2_py_ws/install/publisher:/opt/ros/humble /usr/bin/cmake --build /home/vboxuser/workspaces/ros2_py_ws/build/udemy_ros2_pkg -- -j5 -l5
[1.964s] Invoking command in '/home/vboxuser/workspaces/ros2_py_ws/build/udemy_ros2_pkg': CMAKE_PREFIX_PATH=${CMAKE_PREFIX_PATH}:/home/vboxuser/workspaces/ros2_py_ws/install/publisher:/opt/ros/humble /usr/bin/cmake --install /home/vboxuser/workspaces/ros2_py_ws/build/udemy_ros2_pkg
[1.982s] -- Install configuration: ""
[1.982s] -- Up-to-date: /home/vboxuser/workspaces/ros2_py_ws/install/udemy_ros2_pkg/share/udemy_ros2_pkg/environment/pythonpath.sh
[2.010s] -- Up-to-date: /home/vboxuser/workspaces/ros2_py_ws/install/udemy_ros2_pkg/share/udemy_ros2_pkg/environment/pythonpath.dsv
[2.010s] -- Up-to-date: /home/vboxuser/workspaces/ros2_py_ws/install/udemy_ros2_pkg/local/lib/python3.10/dist-packages/scripts-0.0.0-py3.10.egg-info
[2.010s] -- Installing: /home/vboxuser/workspaces/ros2_py_ws/install/udemy_ros2_pkg/local/lib/python3.10/dist-packages/scripts-0.0.0-py3.10.egg-info/top_level.txt
[2.014s] -- Installing: /home/vboxuser/workspaces/ros2_py_ws/install/udemy_ros2_pkg/local/lib/python3.10/dist-packages/scripts-0.0.0-py3.10.egg-info/SOURCES.txt
[2.014s] -- Installing: /home/vboxuser/workspaces/ros2_py_ws/install/udemy_ros2_pkg/local/lib/python3.10/dist-packages/scripts-0.0.0-py3.10.egg-info/PKG-INFO
[2.014s] -- Installing: /home/vboxuser/workspaces/ros2_py_ws/install/udemy_ros2_pkg/local/lib/python3.10/dist-packages/scripts-0.0.0-py3.10.egg-info/dependency_links.txt
[2.014s] -- Up-to-date: /home/vboxuser/workspaces/ros2_py_ws/install/udemy_ros2_pkg/local/lib/python3.10/dist-packages/scripts
[2.014s] -- Up-to-date: /home/vboxuser/workspaces/ros2_py_ws/install/udemy_ros2_pkg/local/lib/python3.10/dist-packages/scripts/ok.py
[2.015s] -- Up-to-date: /home/vboxuser/workspaces/ros2_py_ws/install/udemy_ros2_pkg/local/lib/python3.10/dist-packages/scripts/__init__.py
[2.107s] Listing '/home/vboxuser/workspaces/ros2_py_ws/install/udemy_ros2_pkg/local/lib/python3.10/dist-packages/scripts'...
[2.131s] -- Up-to-date: /home/vboxuser/workspaces/ros2_py_ws/install/udemy_ros2_pkg/lib/udemy_ros2_pkg/ok.py
[2.131s] -- Up-to-date: /home/vboxuser/workspaces/ros2_py_ws/install/udemy_ros2_pkg/share/udemy_ros2_pkg//launch
[2.133s] -- Up-to-date: /home/vboxuser/workspaces/ros2_py_ws/install/udemy_ros2_pkg/share/udemy_ros2_pkg//launch/rpm_node.launch.py
[2.133s] -- Up-to-date: /home/vboxuser/workspaces/ros2_py_ws/install/udemy_ros2_pkg/share/ament_index/resource_index/package_run_dependencies/udemy_ros2_pkg
[2.133s] -- Up-to-date: /home/vboxuser/workspaces/ros2_py_ws/install/udemy_ros2_pkg/share/ament_index/resource_index/parent_prefix_path/udemy_ros2_pkg
[2.133s] -- Up-to-date: /home/vboxuser/workspaces/ros2_py_ws/install/udemy_ros2_pkg/share/udemy_ros2_pkg/environment/ament_prefix_path.sh
[2.133s] -- Up-to-date: /home/vboxuser/workspaces/ros2_py_ws/install/udemy_ros2_pkg/share/udemy_ros2_pkg/environment/ament_prefix_path.dsv
[2.133s] -- Up-to-date: /home/vboxuser/workspaces/ros2_py_ws/install/udemy_ros2_pkg/share/udemy_ros2_pkg/environment/path.sh
[2.136s] -- Up-to-date: /home/vboxuser/workspaces/ros2_py_ws/install/udemy_ros2_pkg/share/udemy_ros2_pkg/environment/path.dsv
[2.137s] -- Up-to-date: /home/vboxuser/workspaces/ros2_py_ws/install/udemy_ros2_pkg/share/udemy_ros2_pkg/local_setup.bash
[2.146s] -- Up-to-date: /home/vboxuser/workspaces/ros2_py_ws/install/udemy_ros2_pkg/share/udemy_ros2_pkg/local_setup.sh
[2.147s] -- Up-to-date: /home/vboxuser/workspaces/ros2_py_ws/install/udemy_ros2_pkg/share/udemy_ros2_pkg/local_setup.zsh
[2.147s] -- Up-to-date: /home/vboxuser/workspaces/ros2_py_ws/install/udemy_ros2_pkg/share/udemy_ros2_pkg/local_setup.dsv
[2.147s] -- Installing: /home/vboxuser/workspaces/ros2_py_ws/install/udemy_ros2_pkg/share/udemy_ros2_pkg/package.dsv
[2.147s] -- Up-to-date: /home/vboxuser/workspaces/ros2_py_ws/install/udemy_ros2_pkg/share/ament_index/resource_index/packages/udemy_ros2_pkg
[2.147s] -- Up-to-date: /home/vboxuser/workspaces/ros2_py_ws/install/udemy_ros2_pkg/share/udemy_ros2_pkg/cmake/udemy_ros2_pkgConfig.cmake
[2.147s] -- Up-to-date: /home/vboxuser/workspaces/ros2_py_ws/install/udemy_ros2_pkg/share/udemy_ros2_pkg/cmake/udemy_ros2_pkgConfig-version.cmake
[2.147s] -- Up-to-date: /home/vboxuser/workspaces/ros2_py_ws/install/udemy_ros2_pkg/share/udemy_ros2_pkg/package.xml
[2.165s] Invoked command in '/home/vboxuser/workspaces/ros2_py_ws/build/udemy_ros2_pkg' returned '0': CMAKE_PREFIX_PATH=${CMAKE_PREFIX_PATH}:/home/vboxuser/workspaces/ros2_py_ws/install/publisher:/opt/ros/humble /usr/bin/cmake --install /home/vboxuser/workspaces/ros2_py_ws/build/udemy_ros2_pkg
