[0.179s] Invoking command in '/home/vboxuser/workspaces/ros2_py_ws/build/sabry': CMAKE_PREFIX_PATH=/opt/ros/humble /usr/bin/cmake --build /home/vboxuser/workspaces/ros2_py_ws/build/sabry -- -j5 -l5
[1.250s] Invoked command in '/home/vboxuser/workspaces/ros2_py_ws/build/sabry' returned '0': CMAKE_PREFIX_PATH=/opt/ros/humble /usr/bin/cmake --build /home/vboxuser/workspaces/ros2_py_ws/build/sabry -- -j5 -l5
[1.305s] Invoking command in '/home/vboxuser/workspaces/ros2_py_ws/build/sabry': CMAKE_PREFIX_PATH=/opt/ros/humble /usr/bin/cmake --install /home/vboxuser/workspaces/ros2_py_ws/build/sabry
[1.385s] -- Install configuration: ""
[1.394s] -- Up-to-date: /home/vboxuser/workspaces/ros2_py_ws/install/sabry/share/sabry/config
[1.409s] -- Up-to-date: /home/vboxuser/workspaces/ros2_py_ws/install/sabry/share/sabry/config/joint_names_sabry.yaml
[1.409s] -- Up-to-date: /home/vboxuser/workspaces/ros2_py_ws/install/sabry/share/sabry/launch
[1.413s] -- Up-to-date: /home/vboxuser/workspaces/ros2_py_ws/install/sabry/share/sabry/launch/gazebo.launch.py
[1.415s] -- Up-to-date: /home/vboxuser/workspaces/ros2_py_ws/install/sabry/share/sabry/launch/display.launch
[1.415s] -- Up-to-date: /home/vboxuser/workspaces/ros2_py_ws/install/sabry/share/sabry/launch/gazebo_tool.launch.py
[1.415s] -- Up-to-date: /home/vboxuser/workspaces/ros2_py_ws/install/sabry/share/sabry/launch/gazebo.launch
[1.415s] -- Up-to-date: /home/vboxuser/workspaces/ros2_py_ws/install/sabry/share/sabry/launch/display.launch.py
[1.415s] -- Up-to-date: /home/vboxuser/workspaces/ros2_py_ws/install/sabry/share/sabry/meshes
[1.419s] -- Up-to-date: /home/vboxuser/workspaces/ros2_py_ws/install/sabry/share/sabry/meshes/wrist_pitch_Link.STL
[1.422s] -- Up-to-date: /home/vboxuser/workspaces/ros2_py_ws/install/sabry/share/sabry/meshes/lowerarm_Link.STL
[1.422s] -- Up-to-date: /home/vboxuser/workspaces/ros2_py_ws/install/sabry/share/sabry/meshes/waist_Link.STL
[1.422s] -- Up-to-date: /home/vboxuser/workspaces/ros2_py_ws/install/sabry/share/sabry/meshes/upperarm_Link.STL
[1.422s] -- Up-to-date: /home/vboxuser/workspaces/ros2_py_ws/install/sabry/share/sabry/meshes/wrist_yaw_Link.STL
[1.423s] -- Up-to-date: /home/vboxuser/workspaces/ros2_py_ws/install/sabry/share/sabry/meshes/base_link.STL
[1.423s] -- Up-to-date: /home/vboxuser/workspaces/ros2_py_ws/install/sabry/share/sabry/urdf
[1.426s] -- Up-to-date: /home/vboxuser/workspaces/ros2_py_ws/install/sabry/share/sabry/urdf/sabry.csv
[1.426s] -- Up-to-date: /home/vboxuser/workspaces/ros2_py_ws/install/sabry/share/sabry/urdf/sabry.urdf.xacro
[1.428s] -- Up-to-date: /home/vboxuser/workspaces/ros2_py_ws/install/sabry/share/sabry/urdf/sabry_controllers.xacro
[1.429s] -- Up-to-date: /home/vboxuser/workspaces/ros2_py_ws/install/sabry/share/sabry/urdf/sabry_gazebo.xacro
[1.429s] -- Up-to-date: /home/vboxuser/workspaces/ros2_py_ws/install/sabry/share/sabry/urdf/tools_station.xacro
[1.429s] -- Up-to-date: /home/vboxuser/workspaces/ros2_py_ws/install/sabry/share/sabry/urdf/tools.xacro
[1.429s] -- Up-to-date: /home/vboxuser/workspaces/ros2_py_ws/install/sabry/share/sabry/worlds
[1.446s] -- Up-to-date: /home/vboxuser/workspaces/ros2_py_ws/install/sabry/share/sabry/worlds/install
[1.449s] -- Up-to-date: /home/vboxuser/workspaces/ros2_py_ws/install/sabry/share/sabry/worlds/install/local_setup.bash
[1.449s] -- Up-to-date: /home/vboxuser/workspaces/ros2_py_ws/install/sabry/share/sabry/worlds/install/COLCON_IGNORE
[1.449s] -- Up-to-date: /home/vboxuser/workspaces/ros2_py_ws/install/sabry/share/sabry/worlds/install/local_setup.zsh
[1.449s] -- Up-to-date: /home/vboxuser/workspaces/ros2_py_ws/install/sabry/share/sabry/worlds/install/setup.sh
[1.450s] -- Up-to-date: /home/vboxuser/workspaces/ros2_py_ws/install/sabry/share/sabry/worlds/install/.colcon_install_layout
[1.450s] -- Up-to-date: /home/vboxuser/workspaces/ros2_py_ws/install/sabry/share/sabry/worlds/install/local_setup.sh
[1.450s] -- Up-to-date: /home/vboxuser/workspaces/ros2_py_ws/install/sabry/share/sabry/worlds/install/setup.ps1
[1.450s] -- Up-to-date: /home/vboxuser/workspaces/ros2_py_ws/install/sabry/share/sabry/worlds/install/setup.bash
[1.450s] -- Up-to-date: /home/vboxuser/workspaces/ros2_py_ws/install/sabry/share/sabry/worlds/install/_local_setup_util_ps1.py
[1.450s] -- Up-to-date: /home/vboxuser/workspaces/ros2_py_ws/install/sabry/share/sabry/worlds/install/_local_setup_util_sh.py
[1.452s] -- Up-to-date: /home/vboxuser/workspaces/ros2_py_ws/install/sabry/share/sabry/worlds/install/local_setup.ps1
[1.453s] -- Up-to-date: /home/vboxuser/workspaces/ros2_py_ws/install/sabry/share/sabry/worlds/install/setup.zsh
[1.453s] -- Up-to-date: /home/vboxuser/workspaces/ros2_py_ws/install/sabry/share/sabry/worlds/log
[1.455s] -- Up-to-date: /home/vboxuser/workspaces/ros2_py_ws/install/sabry/share/sabry/worlds/log/build_2026-02-10_21-14-57
[1.464s] -- Up-to-date: /home/vboxuser/workspaces/ros2_py_ws/install/sabry/share/sabry/worlds/log/build_2026-02-10_21-14-57/events.log
[1.465s] -- Up-to-date: /home/vboxuser/workspaces/ros2_py_ws/install/sabry/share/sabry/worlds/log/build_2026-02-10_21-14-57/logger_all.log
[1.465s] -- Up-to-date: /home/vboxuser/workspaces/ros2_py_ws/install/sabry/share/sabry/worlds/log/COLCON_IGNORE
[1.465s] -- Up-to-date: /home/vboxuser/workspaces/ros2_py_ws/install/sabry/share/sabry/worlds/log/build_2026-02-10_21-14-52
[1.477s] -- Up-to-date: /home/vboxuser/workspaces/ros2_py_ws/install/sabry/share/sabry/worlds/log/build_2026-02-10_21-14-52/events.log
[1.477s] -- Up-to-date: /home/vboxuser/workspaces/ros2_py_ws/install/sabry/share/sabry/worlds/log/build_2026-02-10_21-14-52/logger_all.log
[1.477s] -- Up-to-date: /home/vboxuser/workspaces/ros2_py_ws/install/sabry/share/sabry/worlds/log/latest
[1.477s] -- Up-to-date: /home/vboxuser/workspaces/ros2_py_ws/install/sabry/share/sabry/worlds/log/latest_build
[1.478s] -- Up-to-date: /home/vboxuser/workspaces/ros2_py_ws/install/sabry/share/sabry/worlds/tool_changer.sdf
[1.484s] -- Up-to-date: /home/vboxuser/workspaces/ros2_py_ws/install/sabry/share/sabry/worlds/build
[1.496s] -- Up-to-date: /home/vboxuser/workspaces/ros2_py_ws/install/sabry/share/sabry/worlds/build/COLCON_IGNORE
[1.498s] -- Up-to-date: /home/vboxuser/workspaces/ros2_py_ws/install/sabry/share/sabry/worlds/build/.built_by
[1.506s] -- Up-to-date: /home/vboxuser/workspaces/ros2_py_ws/install/sabry/share/ament_index/resource_index/package_run_dependencies/sabry
[1.509s] -- Up-to-date: /home/vboxuser/workspaces/ros2_py_ws/install/sabry/share/ament_index/resource_index/parent_prefix_path/sabry
[1.516s] -- Up-to-date: /home/vboxuser/workspaces/ros2_py_ws/install/sabry/share/sabry/environment/ament_prefix_path.sh
[1.516s] -- Up-to-date: /home/vboxuser/workspaces/ros2_py_ws/install/sabry/share/sabry/environment/ament_prefix_path.dsv
[1.518s] -- Up-to-date: /home/vboxuser/workspaces/ros2_py_ws/install/sabry/share/sabry/environment/path.sh
[1.518s] -- Up-to-date: /home/vboxuser/workspaces/ros2_py_ws/install/sabry/share/sabry/environment/path.dsv
[1.539s] -- Up-to-date: /home/vboxuser/workspaces/ros2_py_ws/install/sabry/share/sabry/local_setup.bash
[1.541s] -- Up-to-date: /home/vboxuser/workspaces/ros2_py_ws/install/sabry/share/sabry/local_setup.sh
[1.543s] -- Up-to-date: /home/vboxuser/workspaces/ros2_py_ws/install/sabry/share/sabry/local_setup.zsh
[1.545s] -- Up-to-date: /home/vboxuser/workspaces/ros2_py_ws/install/sabry/share/sabry/local_setup.dsv
[1.546s] -- Installing: /home/vboxuser/workspaces/ros2_py_ws/install/sabry/share/sabry/package.dsv
[1.548s] -- Up-to-date: /home/vboxuser/workspaces/ros2_py_ws/install/sabry/share/ament_index/resource_index/packages/sabry
[1.550s] -- Up-to-date: /home/vboxuser/workspaces/ros2_py_ws/install/sabry/share/sabry/cmake/sabryConfig.cmake
[1.551s] -- Up-to-date: /home/vboxuser/workspaces/ros2_py_ws/install/sabry/share/sabry/cmake/sabryConfig-version.cmake
[1.551s] -- Up-to-date: /home/vboxuser/workspaces/ros2_py_ws/install/sabry/share/sabry/package.xml
[1.558s] Invoked command in '/home/vboxuser/workspaces/ros2_py_ws/build/sabry' returned '0': CMAKE_PREFIX_PATH=/opt/ros/humble /usr/bin/cmake --install /home/vboxuser/workspaces/ros2_py_ws/build/sabry
