[1.017s] Invoking command in '/home/vboxuser/workspaces/ros2_py_ws/build/sabry_controller': CMAKE_PREFIX_PATH=${CMAKE_PREFIX_PATH}:/home/vboxuser/workspaces/ros2_py_ws/install/publisher:/opt/ros/humble /usr/bin/cmake --build /home/vboxuser/workspaces/ros2_py_ws/build/sabry_controller -- -j5 -l5
[2.081s] Invoked command in '/home/vboxuser/workspaces/ros2_py_ws/build/sabry_controller' returned '0': CMAKE_PREFIX_PATH=${CMAKE_PREFIX_PATH}:/home/vboxuser/workspaces/ros2_py_ws/install/publisher:/opt/ros/humble /usr/bin/cmake --build /home/vboxuser/workspaces/ros2_py_ws/build/sabry_controller -- -j5 -l5
[2.082s] Invoking command in '/home/vboxuser/workspaces/ros2_py_ws/build/sabry_controller': CMAKE_PREFIX_PATH=${CMAKE_PREFIX_PATH}:/home/vboxuser/workspaces/ros2_py_ws/install/publisher:/opt/ros/humble /usr/bin/cmake --install /home/vboxuser/workspaces/ros2_py_ws/build/sabry_controller
[2.112s] -- Install configuration: ""
[2.112s] -- Up-to-date: /home/vboxuser/workspaces/ros2_py_ws/install/sabry_controller/share/sabry_controller/launch
[2.113s] -- Up-to-date: /home/vboxuser/workspaces/ros2_py_ws/install/sabry_controller/share/sabry_controller/launch/controller.launch.py
[2.113s] -- Up-to-date: /home/vboxuser/workspaces/ros2_py_ws/install/sabry_controller/share/sabry_controller/launch/bringup.launch.py
[2.113s] -- Up-to-date: /home/vboxuser/workspaces/ros2_py_ws/install/sabry_controller/share/sabry_controller/config
[2.113s] -- Up-to-date: /home/vboxuser/workspaces/ros2_py_ws/install/sabry_controller/share/sabry_controller/config/sabry_controllers.yaml
[2.113s] -- Up-to-date: /home/vboxuser/workspaces/ros2_py_ws/install/sabry_controller/share/ament_index/resource_index/package_run_dependencies/sabry_controller
[2.113s] -- Up-to-date: /home/vboxuser/workspaces/ros2_py_ws/install/sabry_controller/share/ament_index/resource_index/parent_prefix_path/sabry_controller
[2.113s] -- Up-to-date: /home/vboxuser/workspaces/ros2_py_ws/install/sabry_controller/share/sabry_controller/environment/ament_prefix_path.sh
[2.113s] -- Up-to-date: /home/vboxuser/workspaces/ros2_py_ws/install/sabry_controller/share/sabry_controller/environment/ament_prefix_path.dsv
[2.113s] -- Up-to-date: /home/vboxuser/workspaces/ros2_py_ws/install/sabry_controller/share/sabry_controller/environment/path.sh
[2.113s] -- Up-to-date: /home/vboxuser/workspaces/ros2_py_ws/install/sabry_controller/share/sabry_controller/environment/path.dsv
[2.113s] -- Up-to-date: /home/vboxuser/workspaces/ros2_py_ws/install/sabry_controller/share/sabry_controller/local_setup.bash
[2.113s] -- Up-to-date: /home/vboxuser/workspaces/ros2_py_ws/install/sabry_controller/share/sabry_controller/local_setup.sh
[2.113s] -- Up-to-date: /home/vboxuser/workspaces/ros2_py_ws/install/sabry_controller/share/sabry_controller/local_setup.zsh
[2.113s] -- Up-to-date: /home/vboxuser/workspaces/ros2_py_ws/install/sabry_controller/share/sabry_controller/local_setup.dsv
[2.113s] -- Installing: /home/vboxuser/workspaces/ros2_py_ws/install/sabry_controller/share/sabry_controller/package.dsv
[2.113s] -- Up-to-date: /home/vboxuser/workspaces/ros2_py_ws/install/sabry_controller/share/ament_index/resource_index/packages/sabry_controller
[2.113s] -- Up-to-date: /home/vboxuser/workspaces/ros2_py_ws/install/sabry_controller/share/sabry_controller/cmake/sabry_controllerConfig.cmake
[2.113s] -- Up-to-date: /home/vboxuser/workspaces/ros2_py_ws/install/sabry_controller/share/sabry_controller/cmake/sabry_controllerConfig-version.cmake
[2.114s] -- Up-to-date: /home/vboxuser/workspaces/ros2_py_ws/install/sabry_controller/share/sabry_controller/package.xml
[2.303s] Invoked command in '/home/vboxuser/workspaces/ros2_py_ws/build/sabry_controller' returned '0': CMAKE_PREFIX_PATH=${CMAKE_PREFIX_PATH}:/home/vboxuser/workspaces/ros2_py_ws/install/publisher:/opt/ros/humble /usr/bin/cmake --install /home/vboxuser/workspaces/ros2_py_ws/build/sabry_controller
