running egg_info
writing ../../build/publisher/publisher.egg-info/PKG-INFO
writing dependency_links to ../../build/publisher/publisher.egg-info/dependency_links.txt
writing entry points to ../../build/publisher/publisher.egg-info/entry_points.txt
writing requirements to ../../build/publisher/publisher.egg-info/requires.txt
writing top-level names to ../../build/publisher/publisher.egg-info/top_level.txt
reading manifest file '../../build/publisher/publisher.egg-info/SOURCES.txt'
writing manifest file '../../build/publisher/publisher.egg-info/SOURCES.txt'
running build
running build_py
copying publisher/microros.py -> /home/vboxuser/workspaces/ros2_py_ws/build/publisher/build/lib/publisher
running install
running install_lib
copying /home/vboxuser/workspaces/ros2_py_ws/build/publisher/build/lib/publisher/microros.py -> /home/vboxuser/workspaces/ros2_py_ws/install/publisher/lib/python3.10/site-packages/publisher
byte-compiling /home/vboxuser/workspaces/ros2_py_ws/install/publisher/lib/python3.10/site-packages/publisher/microros.py to microros.cpython-310.pyc
running install_data
running install_egg_info
removing '/home/vboxuser/workspaces/ros2_py_ws/install/publisher/lib/python3.10/site-packages/publisher-0.0.0-py3.10.egg-info' (and everything under it)
Copying ../../build/publisher/publisher.egg-info to /home/vboxuser/workspaces/ros2_py_ws/install/publisher/lib/python3.10/site-packages/publisher-0.0.0-py3.10.egg-info
running install_scripts
Installing joint_state_to_microros script to /home/vboxuser/workspaces/ros2_py_ws/install/publisher/lib/publisher
Installing pid_stepper_controller script to /home/vboxuser/workspaces/ros2_py_ws/install/publisher/lib/publisher
Installing simple_publisher script to /home/vboxuser/workspaces/ros2_py_ws/install/publisher/lib/publisher
writing list of installed files to '/home/vboxuser/workspaces/ros2_py_ws/build/publisher/install.log'
