[3.615s] Invoking command in '/home/vboxuser/workspaces/ros2_py_ws/src/publisher': PYTHONPATH=/home/vboxuser/workspaces/ros2_py_ws/build/publisher/prefix_override:/usr/lib/python3/dist-packages/colcon_core/task/python/colcon_distutils_commands:/home/vboxuser/workspaces/ros2_py_ws/install/publisher/lib/python3.10/site-packages:${PYTHONPATH} /usr/bin/python3 -W ignore:setup.py install is deprecated -W ignore:easy_install command is deprecated setup.py egg_info --egg-base ../../build/publisher build --build-base /home/vboxuser/workspaces/ros2_py_ws/build/publisher/build install --record /home/vboxuser/workspaces/ros2_py_ws/build/publisher/install.log --single-version-externally-managed install_data
[4.479s] running egg_info
[4.481s] writing ../../build/publisher/publisher.egg-info/PKG-INFO
[4.482s] writing dependency_links to ../../build/publisher/publisher.egg-info/dependency_links.txt
[4.483s] writing entry points to ../../build/publisher/publisher.egg-info/entry_points.txt
[4.483s] writing requirements to ../../build/publisher/publisher.egg-info/requires.txt
[4.483s] writing top-level names to ../../build/publisher/publisher.egg-info/top_level.txt
[4.483s] reading manifest file '../../build/publisher/publisher.egg-info/SOURCES.txt'
[4.483s] writing manifest file '../../build/publisher/publisher.egg-info/SOURCES.txt'
[4.483s] running build
[4.484s] running build_py
[4.486s] copying publisher/microros.py -> /home/vboxuser/workspaces/ros2_py_ws/build/publisher/build/lib/publisher
[4.491s] running install
[4.491s] running install_lib
[4.493s] copying /home/vboxuser/workspaces/ros2_py_ws/build/publisher/build/lib/publisher/microros.py -> /home/vboxuser/workspaces/ros2_py_ws/install/publisher/lib/python3.10/site-packages/publisher
[4.507s] byte-compiling /home/vboxuser/workspaces/ros2_py_ws/install/publisher/lib/python3.10/site-packages/publisher/microros.py to microros.cpython-310.pyc
[4.508s] running install_data
[4.509s] running install_egg_info
[4.524s] removing '/home/vboxuser/workspaces/ros2_py_ws/install/publisher/lib/python3.10/site-packages/publisher-0.0.0-py3.10.egg-info' (and everything under it)
[4.532s] Copying ../../build/publisher/publisher.egg-info to /home/vboxuser/workspaces/ros2_py_ws/install/publisher/lib/python3.10/site-packages/publisher-0.0.0-py3.10.egg-info
[4.535s] running install_scripts
[4.617s] Installing joint_state_to_microros script to /home/vboxuser/workspaces/ros2_py_ws/install/publisher/lib/publisher
[4.618s] Installing pid_stepper_controller script to /home/vboxuser/workspaces/ros2_py_ws/install/publisher/lib/publisher
[4.620s] Installing simple_publisher script to /home/vboxuser/workspaces/ros2_py_ws/install/publisher/lib/publisher
[4.624s] writing list of installed files to '/home/vboxuser/workspaces/ros2_py_ws/build/publisher/install.log'
[4.691s] Invoked command in '/home/vboxuser/workspaces/ros2_py_ws/src/publisher' returned '0': PYTHONPATH=/home/vboxuser/workspaces/ros2_py_ws/build/publisher/prefix_override:/usr/lib/python3/dist-packages/colcon_core/task/python/colcon_distutils_commands:/home/vboxuser/workspaces/ros2_py_ws/install/publisher/lib/python3.10/site-packages:${PYTHONPATH} /usr/bin/python3 -W ignore:setup.py install is deprecated -W ignore:easy_install command is deprecated setup.py egg_info --egg-base ../../build/publisher build --build-base /home/vboxuser/workspaces/ros2_py_ws/build/publisher/build install --record /home/vboxuser/workspaces/ros2_py_ws/build/publisher/install.log --single-version-externally-managed install_data
