[0.114s] DEBUG:colcon:Command line arguments: ['/usr/bin/colcon', 'build', '--packages-up-to', 'micro_ros_agent', '--cmake-args', '-DUAGENT_BUILD_EXECUTABLE=OFF', '-DUAGENT_P2P_PROFILE=OFF', '--no-warn-unused-cli']
[0.114s] DEBUG:colcon:Parsed command line arguments: Namespace(log_base=None, log_level=None, verb_name='build', build_base='build', install_base='install', merge_install=False, symlink_install=False, test_result_base=None, continue_on_error=False, executor='parallel', parallel_workers=5, event_handlers=None, ignore_user_meta=False, metas=['./colcon.meta'], base_paths=['.'], packages_ignore=None, packages_ignore_regex=None, paths=None, packages_up_to=['micro_ros_agent'], packages_up_to_regex=None, packages_above=None, packages_above_and_dependencies=None, packages_above_depth=None, packages_select_by_dep=None, packages_skip_by_dep=None, packages_skip_up_to=None, packages_select_build_failed=False, packages_skip_build_finished=False, packages_select_test_failures=False, packages_skip_test_passed=False, packages_select=None, packages_skip=None, packages_select_regex=None, packages_skip_regex=None, packages_start=None, packages_end=None, allow_overriding=[], cmake_args=['-DUAGENT_BUILD_EXECUTABLE=OFF', '-DUAGENT_P2P_PROFILE=OFF', '--no-warn-unused-cli'], cmake_target=None, cmake_target_skip_unavailable=False, cmake_clean_cache=False, cmake_clean_first=False, cmake_force_configure=False, ament_cmake_args=None, catkin_cmake_args=None, catkin_skip_building_tests=False, mixin_files=None, mixin=None, verb_parser=<colcon_mixin.mixin.mixin_argument.MixinArgumentDecorator object at 0x7b0314d4f7c0>, verb_extension=<colcon_core.verb.build.BuildVerb object at 0x7b0314e9c730>, main=<bound method BuildVerb.main of <colcon_core.verb.build.BuildVerb object at 0x7b0314e9c730>>, mixin_verb=('build',))
[0.279s] Level 1:colcon.colcon_core.package_discovery:discover_packages(colcon_meta) check parameters
[0.280s] Level 1:colcon.colcon_core.package_discovery:discover_packages(recursive) check parameters
[0.280s] Level 1:colcon.colcon_core.package_discovery:discover_packages(ignore) check parameters
[0.280s] Level 1:colcon.colcon_core.package_discovery:discover_packages(path) check parameters
[0.280s] Level 1:colcon.colcon_core.package_discovery:discover_packages(colcon_meta) discover
[0.280s] Level 1:colcon.colcon_core.package_discovery:discover_packages(recursive) discover
[0.280s] INFO:colcon.colcon_core.package_discovery:Crawling recursively for packages in '/home/vboxuser/workspaces'
[0.280s] Level 1:colcon.colcon_core.package_identification:_identify(.) by extensions ['ignore', 'ignore_ament_install']
[0.280s] Level 1:colcon.colcon_core.package_identification:_identify(.) by extension 'ignore'
[0.280s] Level 1:colcon.colcon_core.package_identification:_identify(.) by extension 'ignore_ament_install'
[0.280s] Level 1:colcon.colcon_core.package_identification:_identify(.) by extensions ['colcon_pkg']
[0.280s] Level 1:colcon.colcon_core.package_identification:_identify(.) by extension 'colcon_pkg'
[0.280s] Level 1:colcon.colcon_core.package_identification:_identify(.) by extensions ['colcon_meta']
[0.280s] Level 1:colcon.colcon_core.package_identification:_identify(.) by extension 'colcon_meta'
[0.280s] Level 1:colcon.colcon_core.package_identification:_identify(.) by extensions ['ros']
[0.280s] Level 1:colcon.colcon_core.package_identification:_identify(.) by extension 'ros'
[0.290s] Level 1:colcon.colcon_core.package_identification:_identify(.) by extensions ['cmake', 'python']
[0.290s] Level 1:colcon.colcon_core.package_identification:_identify(.) by extension 'cmake'
[0.290s] Level 1:colcon.colcon_core.package_identification:_identify(.) by extension 'python'
[0.290s] Level 1:colcon.colcon_core.package_identification:_identify(.) by extensions ['python_setup_py']
[0.290s] Level 1:colcon.colcon_core.package_identification:_identify(.) by extension 'python_setup_py'
[0.290s] Level 1:colcon.colcon_core.package_identification:_identify(build) by extensions ['ignore', 'ignore_ament_install']
[0.290s] Level 1:colcon.colcon_core.package_identification:_identify(build) by extension 'ignore'
[0.290s] Level 1:colcon.colcon_core.package_identification:_identify(build) ignored
[0.290s] Level 1:colcon.colcon_core.package_identification:_identify(install) by extensions ['ignore', 'ignore_ament_install']
[0.291s] Level 1:colcon.colcon_core.package_identification:_identify(install) by extension 'ignore'
[0.291s] Level 1:colcon.colcon_core.package_identification:_identify(install) ignored
[0.291s] Level 1:colcon.colcon_core.package_identification:_identify(log) by extensions ['ignore', 'ignore_ament_install']
[0.291s] Level 1:colcon.colcon_core.package_identification:_identify(log) by extension 'ignore'
[0.291s] Level 1:colcon.colcon_core.package_identification:_identify(log) ignored
[0.291s] Level 1:colcon.colcon_core.package_identification:_identify(ros2_py_ws) by extensions ['ignore', 'ignore_ament_install']
[0.291s] Level 1:colcon.colcon_core.package_identification:_identify(ros2_py_ws) by extension 'ignore'
[0.291s] Level 1:colcon.colcon_core.package_identification:_identify(ros2_py_ws) by extension 'ignore_ament_install'
[0.291s] Level 1:colcon.colcon_core.package_identification:_identify(ros2_py_ws) by extensions ['colcon_pkg']
[0.291s] Level 1:colcon.colcon_core.package_identification:_identify(ros2_py_ws) by extension 'colcon_pkg'
[0.291s] Level 1:colcon.colcon_core.package_identification:_identify(ros2_py_ws) by extensions ['colcon_meta']
[0.291s] Level 1:colcon.colcon_core.package_identification:_identify(ros2_py_ws) by extension 'colcon_meta'
[0.291s] Level 1:colcon.colcon_core.package_identification:_identify(ros2_py_ws) by extensions ['ros']
[0.291s] Level 1:colcon.colcon_core.package_identification:_identify(ros2_py_ws) by extension 'ros'
[0.291s] Level 1:colcon.colcon_core.package_identification:_identify(ros2_py_ws) by extensions ['cmake', 'python']
[0.291s] Level 1:colcon.colcon_core.package_identification:_identify(ros2_py_ws) by extension 'cmake'
[0.291s] Level 1:colcon.colcon_core.package_identification:_identify(ros2_py_ws) by extension 'python'
[0.291s] Level 1:colcon.colcon_core.package_identification:_identify(ros2_py_ws) by extensions ['python_setup_py']
[0.291s] Level 1:colcon.colcon_core.package_identification:_identify(ros2_py_ws) by extension 'python_setup_py'
[0.292s] Level 1:colcon.colcon_core.package_identification:_identify(ros2_py_ws/build) by extensions ['ignore', 'ignore_ament_install']
[0.292s] Level 1:colcon.colcon_core.package_identification:_identify(ros2_py_ws/build) by extension 'ignore'
[0.292s] Level 1:colcon.colcon_core.package_identification:_identify(ros2_py_ws/build) ignored
[0.292s] Level 1:colcon.colcon_core.package_identification:_identify(ros2_py_ws/install) by extensions ['ignore', 'ignore_ament_install']
[0.292s] Level 1:colcon.colcon_core.package_identification:_identify(ros2_py_ws/install) by extension 'ignore'
[0.292s] Level 1:colcon.colcon_core.package_identification:_identify(ros2_py_ws/install) ignored
[0.292s] Level 1:colcon.colcon_core.package_identification:_identify(ros2_py_ws/log) by extensions ['ignore', 'ignore_ament_install']
[0.292s] Level 1:colcon.colcon_core.package_identification:_identify(ros2_py_ws/log) by extension 'ignore'
[0.292s] Level 1:colcon.colcon_core.package_identification:_identify(ros2_py_ws/log) ignored
[0.292s] Level 1:colcon.colcon_core.package_identification:_identify(ros2_py_ws/micro_ros_setup) by extensions ['ignore', 'ignore_ament_install']
[0.292s] Level 1:colcon.colcon_core.package_identification:_identify(ros2_py_ws/micro_ros_setup) by extension 'ignore'
[0.292s] Level 1:colcon.colcon_core.package_identification:_identify(ros2_py_ws/micro_ros_setup) by extension 'ignore_ament_install'
[0.292s] Level 1:colcon.colcon_core.package_identification:_identify(ros2_py_ws/micro_ros_setup) by extensions ['colcon_pkg']
[0.292s] Level 1:colcon.colcon_core.package_identification:_identify(ros2_py_ws/micro_ros_setup) by extension 'colcon_pkg'
[0.292s] Level 1:colcon.colcon_core.package_identification:_identify(ros2_py_ws/micro_ros_setup) by extensions ['colcon_meta']
[0.292s] Level 1:colcon.colcon_core.package_identification:_identify(ros2_py_ws/micro_ros_setup) by extension 'colcon_meta'
[0.292s] Level 1:colcon.colcon_core.package_identification:_identify(ros2_py_ws/micro_ros_setup) by extensions ['ros']
[0.292s] Level 1:colcon.colcon_core.package_identification:_identify(ros2_py_ws/micro_ros_setup) by extension 'ros'
[0.296s] DEBUG:colcon.colcon_core.package_identification:Package 'ros2_py_ws/micro_ros_setup' with type 'ros.ament_cmake' and name 'micro_ros_setup'
[0.296s] Level 1:colcon.colcon_core.package_identification:_identify(ros2_py_ws/src) by extensions ['ignore', 'ignore_ament_install']
[0.296s] Level 1:colcon.colcon_core.package_identification:_identify(ros2_py_ws/src) by extension 'ignore'
[0.296s] Level 1:colcon.colcon_core.package_identification:_identify(ros2_py_ws/src) by extension 'ignore_ament_install'
[0.296s] Level 1:colcon.colcon_core.package_identification:_identify(ros2_py_ws/src) by extensions ['colcon_pkg']
[0.296s] Level 1:colcon.colcon_core.package_identification:_identify(ros2_py_ws/src) by extension 'colcon_pkg'
[0.296s] Level 1:colcon.colcon_core.package_identification:_identify(ros2_py_ws/src) by extensions ['colcon_meta']
[0.296s] Level 1:colcon.colcon_core.package_identification:_identify(ros2_py_ws/src) by extension 'colcon_meta'
[0.296s] Level 1:colcon.colcon_core.package_identification:_identify(ros2_py_ws/src) by extensions ['ros']
[0.296s] Level 1:colcon.colcon_core.package_identification:_identify(ros2_py_ws/src) by extension 'ros'
[0.296s] Level 1:colcon.colcon_core.package_identification:_identify(ros2_py_ws/src) by extensions ['cmake', 'python']
[0.296s] Level 1:colcon.colcon_core.package_identification:_identify(ros2_py_ws/src) by extension 'cmake'
[0.296s] Level 1:colcon.colcon_core.package_identification:_identify(ros2_py_ws/src) by extension 'python'
[0.296s] Level 1:colcon.colcon_core.package_identification:_identify(ros2_py_ws/src) by extensions ['python_setup_py']
[0.296s] Level 1:colcon.colcon_core.package_identification:_identify(ros2_py_ws/src) by extension 'python_setup_py'
[0.296s] Level 1:colcon.colcon_core.package_identification:_identify(ros2_py_ws/src/publisher) by extensions ['ignore', 'ignore_ament_install']
[0.296s] Level 1:colcon.colcon_core.package_identification:_identify(ros2_py_ws/src/publisher) by extension 'ignore'
[0.296s] Level 1:colcon.colcon_core.package_identification:_identify(ros2_py_ws/src/publisher) by extension 'ignore_ament_install'
[0.296s] Level 1:colcon.colcon_core.package_identification:_identify(ros2_py_ws/src/publisher) by extensions ['colcon_pkg']
[0.296s] Level 1:colcon.colcon_core.package_identification:_identify(ros2_py_ws/src/publisher) by extension 'colcon_pkg'
[0.296s] Level 1:colcon.colcon_core.package_identification:_identify(ros2_py_ws/src/publisher) by extensions ['colcon_meta']
[0.297s] Level 1:colcon.colcon_core.package_identification:_identify(ros2_py_ws/src/publisher) by extension 'colcon_meta'
[0.297s] Level 1:colcon.colcon_core.package_identification:_identify(ros2_py_ws/src/publisher) by extensions ['ros']
[0.297s] Level 1:colcon.colcon_core.package_identification:_identify(ros2_py_ws/src/publisher) by extension 'ros'
[0.297s] DEBUG:colcon.colcon_core.package_identification:Package 'ros2_py_ws/src/publisher' with type 'ros.ament_python' and name 'publisher'
[0.297s] Level 1:colcon.colcon_core.package_identification:_identify(ros2_py_ws/src/udemy_ros2_pkg) by extensions ['ignore', 'ignore_ament_install']
[0.297s] Level 1:colcon.colcon_core.package_identification:_identify(ros2_py_ws/src/udemy_ros2_pkg) by extension 'ignore'
[0.297s] Level 1:colcon.colcon_core.package_identification:_identify(ros2_py_ws/src/udemy_ros2_pkg) by extension 'ignore_ament_install'
[0.297s] Level 1:colcon.colcon_core.package_identification:_identify(ros2_py_ws/src/udemy_ros2_pkg) by extensions ['colcon_pkg']
[0.297s] Level 1:colcon.colcon_core.package_identification:_identify(ros2_py_ws/src/udemy_ros2_pkg) by extension 'colcon_pkg'
[0.297s] Level 1:colcon.colcon_core.package_identification:_identify(ros2_py_ws/src/udemy_ros2_pkg) by extensions ['colcon_meta']
[0.297s] Level 1:colcon.colcon_core.package_identification:_identify(ros2_py_ws/src/udemy_ros2_pkg) by extension 'colcon_meta'
[0.298s] Level 1:colcon.colcon_core.package_identification:_identify(ros2_py_ws/src/udemy_ros2_pkg) by extensions ['ros']
[0.298s] Level 1:colcon.colcon_core.package_identification:_identify(ros2_py_ws/src/udemy_ros2_pkg) by extension 'ros'
[0.298s] DEBUG:colcon.colcon_core.package_identification:Package 'ros2_py_ws/src/udemy_ros2_pkg' with type 'ros.ament_cmake' and name 'udemy_ros2_pkg'
[0.298s] Level 1:colcon.colcon_core.package_identification:_identify(src) by extensions ['ignore', 'ignore_ament_install']
[0.298s] Level 1:colcon.colcon_core.package_identification:_identify(src) by extension 'ignore'
[0.298s] Level 1:colcon.colcon_core.package_identification:_identify(src) by extension 'ignore_ament_install'
[0.298s] Level 1:colcon.colcon_core.package_identification:_identify(src) by extensions ['colcon_pkg']
[0.298s] Level 1:colcon.colcon_core.package_identification:_identify(src) by extension 'colcon_pkg'
[0.298s] Level 1:colcon.colcon_core.package_identification:_identify(src) by extensions ['colcon_meta']
[0.298s] Level 1:colcon.colcon_core.package_identification:_identify(src) by extension 'colcon_meta'
[0.298s] Level 1:colcon.colcon_core.package_identification:_identify(src) by extensions ['ros']
[0.299s] Level 1:colcon.colcon_core.package_identification:_identify(src) by extension 'ros'
[0.299s] Level 1:colcon.colcon_core.package_identification:_identify(src) by extensions ['cmake', 'python']
[0.299s] Level 1:colcon.colcon_core.package_identification:_identify(src) by extension 'cmake'
[0.299s] Level 1:colcon.colcon_core.package_identification:_identify(src) by extension 'python'
[0.299s] Level 1:colcon.colcon_core.package_identification:_identify(src) by extensions ['python_setup_py']
[0.299s] Level 1:colcon.colcon_core.package_identification:_identify(src) by extension 'python_setup_py'
[0.299s] Level 1:colcon.colcon_core.package_identification:_identify(src/uros) by extensions ['ignore', 'ignore_ament_install']
[0.299s] Level 1:colcon.colcon_core.package_identification:_identify(src/uros) by extension 'ignore'
[0.299s] Level 1:colcon.colcon_core.package_identification:_identify(src/uros) by extension 'ignore_ament_install'
[0.299s] Level 1:colcon.colcon_core.package_identification:_identify(src/uros) by extensions ['colcon_pkg']
[0.299s] Level 1:colcon.colcon_core.package_identification:_identify(src/uros) by extension 'colcon_pkg'
[0.299s] Level 1:colcon.colcon_core.package_identification:_identify(src/uros) by extensions ['colcon_meta']
[0.299s] Level 1:colcon.colcon_core.package_identification:_identify(src/uros) by extension 'colcon_meta'
[0.299s] Level 1:colcon.colcon_core.package_identification:_identify(src/uros) by extensions ['ros']
[0.299s] Level 1:colcon.colcon_core.package_identification:_identify(src/uros) by extension 'ros'
[0.299s] Level 1:colcon.colcon_core.package_identification:_identify(src/uros) by extensions ['cmake', 'python']
[0.299s] Level 1:colcon.colcon_core.package_identification:_identify(src/uros) by extension 'cmake'
[0.299s] Level 1:colcon.colcon_core.package_identification:_identify(src/uros) by extension 'python'
[0.299s] Level 1:colcon.colcon_core.package_identification:_identify(src/uros) by extensions ['python_setup_py']
[0.299s] Level 1:colcon.colcon_core.package_identification:_identify(src/uros) by extension 'python_setup_py'
[0.300s] Level 1:colcon.colcon_core.package_identification:_identify(src/uros/micro-ROS-Agent) by extensions ['ignore', 'ignore_ament_install']
[0.300s] Level 1:colcon.colcon_core.package_identification:_identify(src/uros/micro-ROS-Agent) by extension 'ignore'
[0.300s] Level 1:colcon.colcon_core.package_identification:_identify(src/uros/micro-ROS-Agent) by extension 'ignore_ament_install'
[0.300s] Level 1:colcon.colcon_core.package_identification:_identify(src/uros/micro-ROS-Agent) by extensions ['colcon_pkg']
[0.300s] Level 1:colcon.colcon_core.package_identification:_identify(src/uros/micro-ROS-Agent) by extension 'colcon_pkg'
[0.300s] Level 1:colcon.colcon_core.package_identification:_identify(src/uros/micro-ROS-Agent) by extensions ['colcon_meta']
[0.300s] Level 1:colcon.colcon_core.package_identification:_identify(src/uros/micro-ROS-Agent) by extension 'colcon_meta'
[0.300s] Level 1:colcon.colcon_core.package_identification:_identify(src/uros/micro-ROS-Agent) by extensions ['ros']
[0.300s] Level 1:colcon.colcon_core.package_identification:_identify(src/uros/micro-ROS-Agent) by extension 'ros'
[0.300s] Level 1:colcon.colcon_core.package_identification:_identify(src/uros/micro-ROS-Agent) by extensions ['cmake', 'python']
[0.300s] Level 1:colcon.colcon_core.package_identification:_identify(src/uros/micro-ROS-Agent) by extension 'cmake'
[0.300s] Level 1:colcon.colcon_core.package_identification:_identify(src/uros/micro-ROS-Agent) by extension 'python'
[0.300s] Level 1:colcon.colcon_core.package_identification:_identify(src/uros/micro-ROS-Agent) by extensions ['python_setup_py']
[0.300s] Level 1:colcon.colcon_core.package_identification:_identify(src/uros/micro-ROS-Agent) by extension 'python_setup_py'
[0.300s] Level 1:colcon.colcon_core.package_identification:_identify(src/uros/micro-ROS-Agent/micro_ros_agent) by extensions ['ignore', 'ignore_ament_install']
[0.300s] Level 1:colcon.colcon_core.package_identification:_identify(src/uros/micro-ROS-Agent/micro_ros_agent) by extension 'ignore'
[0.300s] Level 1:colcon.colcon_core.package_identification:_identify(src/uros/micro-ROS-Agent/micro_ros_agent) by extension 'ignore_ament_install'
[0.300s] Level 1:colcon.colcon_core.package_identification:_identify(src/uros/micro-ROS-Agent/micro_ros_agent) by extensions ['colcon_pkg']
[0.300s] Level 1:colcon.colcon_core.package_identification:_identify(src/uros/micro-ROS-Agent/micro_ros_agent) by extension 'colcon_pkg'
[0.300s] Level 1:colcon.colcon_core.package_identification:_identify(src/uros/micro-ROS-Agent/micro_ros_agent) by extensions ['colcon_meta']
[0.300s] Level 1:colcon.colcon_core.package_identification:_identify(src/uros/micro-ROS-Agent/micro_ros_agent) by extension 'colcon_meta'
[0.300s] Level 1:colcon.colcon_core.package_identification:_identify(src/uros/micro-ROS-Agent/micro_ros_agent) by extensions ['ros']
[0.300s] Level 1:colcon.colcon_core.package_identification:_identify(src/uros/micro-ROS-Agent/micro_ros_agent) by extension 'ros'
[0.301s] DEBUG:colcon.colcon_core.package_identification:Package 'src/uros/micro-ROS-Agent/micro_ros_agent' with type 'ros.ament_cmake' and name 'micro_ros_agent'
[0.301s] Level 1:colcon.colcon_core.package_identification:_identify(src/uros/micro-ROS-Agent/snap) by extensions ['ignore', 'ignore_ament_install']
[0.301s] Level 1:colcon.colcon_core.package_identification:_identify(src/uros/micro-ROS-Agent/snap) by extension 'ignore'
[0.301s] Level 1:colcon.colcon_core.package_identification:_identify(src/uros/micro-ROS-Agent/snap) by extension 'ignore_ament_install'
[0.302s] Level 1:colcon.colcon_core.package_identification:_identify(src/uros/micro-ROS-Agent/snap) by extensions ['colcon_pkg']
[0.302s] Level 1:colcon.colcon_core.package_identification:_identify(src/uros/micro-ROS-Agent/snap) by extension 'colcon_pkg'
[0.302s] Level 1:colcon.colcon_core.package_identification:_identify(src/uros/micro-ROS-Agent/snap) by extensions ['colcon_meta']
[0.302s] Level 1:colcon.colcon_core.package_identification:_identify(src/uros/micro-ROS-Agent/snap) by extension 'colcon_meta'
[0.302s] Level 1:colcon.colcon_core.package_identification:_identify(src/uros/micro-ROS-Agent/snap) by extensions ['ros']
[0.302s] Level 1:colcon.colcon_core.package_identification:_identify(src/uros/micro-ROS-Agent/snap) by extension 'ros'
[0.302s] Level 1:colcon.colcon_core.package_identification:_identify(src/uros/micro-ROS-Agent/snap) by extensions ['cmake', 'python']
[0.302s] Level 1:colcon.colcon_core.package_identification:_identify(src/uros/micro-ROS-Agent/snap) by extension 'cmake'
[0.302s] Level 1:colcon.colcon_core.package_identification:_identify(src/uros/micro-ROS-Agent/snap) by extension 'python'
[0.302s] Level 1:colcon.colcon_core.package_identification:_identify(src/uros/micro-ROS-Agent/snap) by extensions ['python_setup_py']
[0.302s] Level 1:colcon.colcon_core.package_identification:_identify(src/uros/micro-ROS-Agent/snap) by extension 'python_setup_py'
[0.302s] Level 1:colcon.colcon_core.package_identification:_identify(src/uros/micro-ROS-Agent/snap/hooks) by extensions ['ignore', 'ignore_ament_install']
[0.302s] Level 1:colcon.colcon_core.package_identification:_identify(src/uros/micro-ROS-Agent/snap/hooks) by extension 'ignore'
[0.302s] Level 1:colcon.colcon_core.package_identification:_identify(src/uros/micro-ROS-Agent/snap/hooks) by extension 'ignore_ament_install'
[0.302s] Level 1:colcon.colcon_core.package_identification:_identify(src/uros/micro-ROS-Agent/snap/hooks) by extensions ['colcon_pkg']
[0.302s] Level 1:colcon.colcon_core.package_identification:_identify(src/uros/micro-ROS-Agent/snap/hooks) by extension 'colcon_pkg'
[0.302s] Level 1:colcon.colcon_core.package_identification:_identify(src/uros/micro-ROS-Agent/snap/hooks) by extensions ['colcon_meta']
[0.302s] Level 1:colcon.colcon_core.package_identification:_identify(src/uros/micro-ROS-Agent/snap/hooks) by extension 'colcon_meta'
[0.302s] Level 1:colcon.colcon_core.package_identification:_identify(src/uros/micro-ROS-Agent/snap/hooks) by extensions ['ros']
[0.302s] Level 1:colcon.colcon_core.package_identification:_identify(src/uros/micro-ROS-Agent/snap/hooks) by extension 'ros'
[0.302s] Level 1:colcon.colcon_core.package_identification:_identify(src/uros/micro-ROS-Agent/snap/hooks) by extensions ['cmake', 'python']
[0.302s] Level 1:colcon.colcon_core.package_identification:_identify(src/uros/micro-ROS-Agent/snap/hooks) by extension 'cmake'
[0.303s] Level 1:colcon.colcon_core.package_identification:_identify(src/uros/micro-ROS-Agent/snap/hooks) by extension 'python'
[0.303s] Level 1:colcon.colcon_core.package_identification:_identify(src/uros/micro-ROS-Agent/snap/hooks) by extensions ['python_setup_py']
[0.303s] Level 1:colcon.colcon_core.package_identification:_identify(src/uros/micro-ROS-Agent/snap/hooks) by extension 'python_setup_py'
[0.303s] Level 1:colcon.colcon_core.package_identification:_identify(src/uros/micro-ROS-Agent/snap/local) by extensions ['ignore', 'ignore_ament_install']
[0.303s] Level 1:colcon.colcon_core.package_identification:_identify(src/uros/micro-ROS-Agent/snap/local) by extension 'ignore'
[0.303s] Level 1:colcon.colcon_core.package_identification:_identify(src/uros/micro-ROS-Agent/snap/local) by extension 'ignore_ament_install'
[0.303s] Level 1:colcon.colcon_core.package_identification:_identify(src/uros/micro-ROS-Agent/snap/local) by extensions ['colcon_pkg']
[0.303s] Level 1:colcon.colcon_core.package_identification:_identify(src/uros/micro-ROS-Agent/snap/local) by extension 'colcon_pkg'
[0.303s] Level 1:colcon.colcon_core.package_identification:_identify(src/uros/micro-ROS-Agent/snap/local) by extensions ['colcon_meta']
[0.303s] Level 1:colcon.colcon_core.package_identification:_identify(src/uros/micro-ROS-Agent/snap/local) by extension 'colcon_meta'
[0.303s] Level 1:colcon.colcon_core.package_identification:_identify(src/uros/micro-ROS-Agent/snap/local) by extensions ['ros']
[0.303s] Level 1:colcon.colcon_core.package_identification:_identify(src/uros/micro-ROS-Agent/snap/local) by extension 'ros'
[0.303s] Level 1:colcon.colcon_core.package_identification:_identify(src/uros/micro-ROS-Agent/snap/local) by extensions ['cmake', 'python']
[0.303s] Level 1:colcon.colcon_core.package_identification:_identify(src/uros/micro-ROS-Agent/snap/local) by extension 'cmake'
[0.303s] Level 1:colcon.colcon_core.package_identification:_identify(src/uros/micro-ROS-Agent/snap/local) by extension 'python'
[0.303s] Level 1:colcon.colcon_core.package_identification:_identify(src/uros/micro-ROS-Agent/snap/local) by extensions ['python_setup_py']
[0.303s] Level 1:colcon.colcon_core.package_identification:_identify(src/uros/micro-ROS-Agent/snap/local) by extension 'python_setup_py'
[0.303s] Level 1:colcon.colcon_core.package_identification:_identify(src/uros/micro_ros_msgs) by extensions ['ignore', 'ignore_ament_install']
[0.303s] Level 1:colcon.colcon_core.package_identification:_identify(src/uros/micro_ros_msgs) by extension 'ignore'
[0.304s] Level 1:colcon.colcon_core.package_identification:_identify(src/uros/micro_ros_msgs) by extension 'ignore_ament_install'
[0.304s] Level 1:colcon.colcon_core.package_identification:_identify(src/uros/micro_ros_msgs) by extensions ['colcon_pkg']
[0.304s] Level 1:colcon.colcon_core.package_identification:_identify(src/uros/micro_ros_msgs) by extension 'colcon_pkg'
[0.304s] Level 1:colcon.colcon_core.package_identification:_identify(src/uros/micro_ros_msgs) by extensions ['colcon_meta']
[0.304s] Level 1:colcon.colcon_core.package_identification:_identify(src/uros/micro_ros_msgs) by extension 'colcon_meta'
[0.304s] Level 1:colcon.colcon_core.package_identification:_identify(src/uros/micro_ros_msgs) by extensions ['ros']
[0.304s] Level 1:colcon.colcon_core.package_identification:_identify(src/uros/micro_ros_msgs) by extension 'ros'
[0.304s] DEBUG:colcon.colcon_core.package_identification:Package 'src/uros/micro_ros_msgs' with type 'ros.ament_cmake' and name 'micro_ros_msgs'
[0.304s] Level 1:colcon.colcon_core.package_discovery:discover_packages(recursive) using defaults
[0.304s] Level 1:colcon.colcon_core.package_discovery:discover_packages(ignore) discover
[0.304s] Level 1:colcon.colcon_core.package_discovery:discover_packages(ignore) using defaults
[0.304s] Level 1:colcon.colcon_core.package_discovery:discover_packages(path) discover
[0.304s] Level 1:colcon.colcon_core.package_discovery:discover_packages(path) using defaults
[0.330s] INFO:colcon.colcon_core.package_selection:Skipping package 'udemy_ros2_pkg' in 'ros2_py_ws/src/udemy_ros2_pkg'
[0.331s] INFO:colcon.colcon_core.package_selection:Skipping package 'publisher' in 'ros2_py_ws/src/publisher'
[0.331s] INFO:colcon.colcon_core.package_selection:Skipping package 'micro_ros_setup' in 'ros2_py_ws/micro_ros_setup'
[0.331s] Level 1:colcon.colcon_core.package_discovery:discover_packages(prefix_path) check parameters
[0.331s] Level 1:colcon.colcon_core.package_discovery:discover_packages(prefix_path) discover
[0.333s] DEBUG:colcon.colcon_installed_package_information.package_discovery:Found 3 installed packages in /home/vboxuser/workspaces/install
[0.333s] DEBUG:colcon.colcon_installed_package_information.package_discovery:Found 3 installed packages in /home/vboxuser/workspaces/ros2_py_ws/install
[0.335s] DEBUG:colcon.colcon_installed_package_information.package_discovery:Found 392 installed packages in /opt/ros/humble
[0.337s] Level 1:colcon.colcon_core.package_discovery:discover_packages(prefix_path) using defaults
[0.380s] Level 5:colcon.colcon_core.verb:set package 'micro_ros_msgs' build argument 'cmake_args' from command line to '['-DUAGENT_BUILD_EXECUTABLE=OFF', '-DUAGENT_P2P_PROFILE=OFF', '--no-warn-unused-cli']'
[0.380s] Level 5:colcon.colcon_core.verb:set package 'micro_ros_msgs' build argument 'cmake_target' from command line to 'None'
[0.381s] Level 5:colcon.colcon_core.verb:set package 'micro_ros_msgs' build argument 'cmake_target_skip_unavailable' from command line to 'False'
[0.381s] Level 5:colcon.colcon_core.verb:set package 'micro_ros_msgs' build argument 'cmake_clean_cache' from command line to 'False'
[0.381s] Level 5:colcon.colcon_core.verb:set package 'micro_ros_msgs' build argument 'cmake_clean_first' from command line to 'False'
[0.381s] Level 5:colcon.colcon_core.verb:set package 'micro_ros_msgs' build argument 'cmake_force_configure' from command line to 'False'
[0.381s] Level 5:colcon.colcon_core.verb:set package 'micro_ros_msgs' build argument 'ament_cmake_args' from command line to 'None'
[0.381s] Level 5:colcon.colcon_core.verb:set package 'micro_ros_msgs' build argument 'catkin_cmake_args' from command line to 'None'
[0.381s] Level 5:colcon.colcon_core.verb:set package 'micro_ros_msgs' build argument 'catkin_skip_building_tests' from command line to 'False'
[0.381s] DEBUG:colcon.colcon_core.verb:Building package 'micro_ros_msgs' with the following arguments: {'ament_cmake_args': None, 'build_base': '/home/vboxuser/workspaces/build/micro_ros_msgs', 'catkin_cmake_args': None, 'catkin_skip_building_tests': False, 'cmake_args': ['-DUAGENT_BUILD_EXECUTABLE=OFF', '-DUAGENT_P2P_PROFILE=OFF', '--no-warn-unused-cli'], 'cmake_clean_cache': False, 'cmake_clean_first': False, 'cmake_force_configure': False, 'cmake_target': None, 'cmake_target_skip_unavailable': False, 'install_base': '/home/vboxuser/workspaces/install/micro_ros_msgs', 'merge_install': False, 'path': '/home/vboxuser/workspaces/src/uros/micro_ros_msgs', 'symlink_install': False, 'test_result_base': None}
[0.381s] Level 5:colcon.colcon_core.verb:set package 'micro_ros_agent' build argument 'cmake_args' from command line to '['-DUAGENT_BUILD_EXECUTABLE=OFF', '-DUAGENT_P2P_PROFILE=OFF', '--no-warn-unused-cli']'
[0.381s] Level 5:colcon.colcon_core.verb:set package 'micro_ros_agent' build argument 'cmake_target' from command line to 'None'
[0.381s] Level 5:colcon.colcon_core.verb:set package 'micro_ros_agent' build argument 'cmake_target_skip_unavailable' from command line to 'False'
[0.381s] Level 5:colcon.colcon_core.verb:set package 'micro_ros_agent' build argument 'cmake_clean_cache' from command line to 'False'
[0.381s] Level 5:colcon.colcon_core.verb:set package 'micro_ros_agent' build argument 'cmake_clean_first' from command line to 'False'
[0.381s] Level 5:colcon.colcon_core.verb:set package 'micro_ros_agent' build argument 'cmake_force_configure' from command line to 'False'
[0.381s] Level 5:colcon.colcon_core.verb:set package 'micro_ros_agent' build argument 'ament_cmake_args' from command line to 'None'
[0.381s] Level 5:colcon.colcon_core.verb:set package 'micro_ros_agent' build argument 'catkin_cmake_args' from command line to 'None'
[0.381s] Level 5:colcon.colcon_core.verb:set package 'micro_ros_agent' build argument 'catkin_skip_building_tests' from command line to 'False'
[0.381s] DEBUG:colcon.colcon_core.verb:Building package 'micro_ros_agent' with the following arguments: {'ament_cmake_args': None, 'build_base': '/home/vboxuser/workspaces/build/micro_ros_agent', 'catkin_cmake_args': None, 'catkin_skip_building_tests': False, 'cmake_args': ['-DUAGENT_BUILD_EXECUTABLE=OFF', '-DUAGENT_P2P_PROFILE=OFF', '--no-warn-unused-cli'], 'cmake_clean_cache': False, 'cmake_clean_first': False, 'cmake_force_configure': False, 'cmake_target': None, 'cmake_target_skip_unavailable': False, 'install_base': '/home/vboxuser/workspaces/install/micro_ros_agent', 'merge_install': False, 'path': '/home/vboxuser/workspaces/src/uros/micro-ROS-Agent/micro_ros_agent', 'symlink_install': False, 'test_result_base': None}
[0.381s] INFO:colcon.colcon_core.executor:Executing jobs using 'parallel' executor
[0.384s] DEBUG:colcon.colcon_parallel_executor.executor.parallel:run_until_complete
[0.384s] INFO:colcon.colcon_ros.task.ament_cmake.build:Building ROS package in '/home/vboxuser/workspaces/src/uros/micro_ros_msgs' with build type 'ament_cmake'
[0.385s] INFO:colcon.colcon_cmake.task.cmake.build:Building CMake package in '/home/vboxuser/workspaces/src/uros/micro_ros_msgs'
[0.389s] INFO:colcon.colcon_core.plugin_system:Skipping extension 'colcon_core.shell.bat': Not used on non-Windows systems
[0.389s] INFO:colcon.colcon_core.shell:Skip shell extension 'powershell' for command environment: Not usable outside of PowerShell
[0.389s] DEBUG:colcon.colcon_core.shell:Skip shell extension 'dsv' for command environment
[0.406s] DEBUG:colcon.colcon_core.event_handler.log_command:Invoking command in '/home/vboxuser/workspaces/build/micro_ros_msgs': CMAKE_PREFIX_PATH=${CMAKE_PREFIX_PATH}:/home/vboxuser/workspaces/install/publisher:/home/vboxuser/workspaces/ros2_py_ws/install/publisher:/opt/ros/humble /usr/bin/cmake /home/vboxuser/workspaces/src/uros/micro_ros_msgs -DUAGENT_BUILD_EXECUTABLE=OFF -DUAGENT_P2P_PROFILE=OFF --no-warn-unused-cli -DCMAKE_INSTALL_PREFIX=/home/vboxuser/workspaces/install/micro_ros_msgs
[2.864s] DEBUG:colcon.colcon_core.event_handler.log_command:Invoked command in '/home/vboxuser/workspaces/build/micro_ros_msgs' returned '0': CMAKE_PREFIX_PATH=${CMAKE_PREFIX_PATH}:/home/vboxuser/workspaces/install/publisher:/home/vboxuser/workspaces/ros2_py_ws/install/publisher:/opt/ros/humble /usr/bin/cmake /home/vboxuser/workspaces/src/uros/micro_ros_msgs -DUAGENT_BUILD_EXECUTABLE=OFF -DUAGENT_P2P_PROFILE=OFF --no-warn-unused-cli -DCMAKE_INSTALL_PREFIX=/home/vboxuser/workspaces/install/micro_ros_msgs
[2.865s] DEBUG:colcon.colcon_core.event_handler.log_command:Invoking command in '/home/vboxuser/workspaces/build/micro_ros_msgs': CMAKE_PREFIX_PATH=${CMAKE_PREFIX_PATH}:/home/vboxuser/workspaces/install/publisher:/home/vboxuser/workspaces/ros2_py_ws/install/publisher:/opt/ros/humble /usr/bin/cmake --build /home/vboxuser/workspaces/build/micro_ros_msgs -- -j5 -l5
[7.603s] DEBUG:colcon.colcon_core.event_handler.log_command:Invoked command in '/home/vboxuser/workspaces/build/micro_ros_msgs' returned '0': CMAKE_PREFIX_PATH=${CMAKE_PREFIX_PATH}:/home/vboxuser/workspaces/install/publisher:/home/vboxuser/workspaces/ros2_py_ws/install/publisher:/opt/ros/humble /usr/bin/cmake --build /home/vboxuser/workspaces/build/micro_ros_msgs -- -j5 -l5
[7.620s] DEBUG:colcon.colcon_core.event_handler.log_command:Invoking command in '/home/vboxuser/workspaces/build/micro_ros_msgs': CMAKE_PREFIX_PATH=${CMAKE_PREFIX_PATH}:/home/vboxuser/workspaces/install/publisher:/home/vboxuser/workspaces/ros2_py_ws/install/publisher:/opt/ros/humble /usr/bin/cmake --install /home/vboxuser/workspaces/build/micro_ros_msgs
[7.767s] Level 1:colcon.colcon_core.environment:create_environment_scripts_only(micro_ros_msgs)
[7.769s] DEBUG:colcon.colcon_core.event_handler.log_command:Invoked command in '/home/vboxuser/workspaces/build/micro_ros_msgs' returned '0': CMAKE_PREFIX_PATH=${CMAKE_PREFIX_PATH}:/home/vboxuser/workspaces/install/publisher:/home/vboxuser/workspaces/ros2_py_ws/install/publisher:/opt/ros/humble /usr/bin/cmake --install /home/vboxuser/workspaces/build/micro_ros_msgs
[7.771s] Level 1:colcon.colcon_core.environment:checking '/home/vboxuser/workspaces/install/micro_ros_msgs' for CMake module files
[7.772s] Level 1:colcon.colcon_core.environment:checking '/home/vboxuser/workspaces/install/micro_ros_msgs' for CMake config files
[7.772s] Level 1:colcon.colcon_core.shell:create_environment_hook('micro_ros_msgs', 'cmake_prefix_path')
[7.772s] INFO:colcon.colcon_core.shell:Creating environment hook '/home/vboxuser/workspaces/install/micro_ros_msgs/share/micro_ros_msgs/hook/cmake_prefix_path.ps1'
[7.773s] INFO:colcon.colcon_core.shell:Creating environment descriptor '/home/vboxuser/workspaces/install/micro_ros_msgs/share/micro_ros_msgs/hook/cmake_prefix_path.dsv'
[7.773s] INFO:colcon.colcon_core.shell:Creating environment hook '/home/vboxuser/workspaces/install/micro_ros_msgs/share/micro_ros_msgs/hook/cmake_prefix_path.sh'
[7.774s] Level 1:colcon.colcon_core.environment:checking '/home/vboxuser/workspaces/install/micro_ros_msgs/lib'
[7.774s] Level 1:colcon.colcon_core.shell:create_environment_hook('micro_ros_msgs', 'ld_library_path_lib')
[7.774s] INFO:colcon.colcon_core.shell:Creating environment hook '/home/vboxuser/workspaces/install/micro_ros_msgs/share/micro_ros_msgs/hook/ld_library_path_lib.ps1'
[7.774s] INFO:colcon.colcon_core.shell:Creating environment descriptor '/home/vboxuser/workspaces/install/micro_ros_msgs/share/micro_ros_msgs/hook/ld_library_path_lib.dsv'
[7.775s] INFO:colcon.colcon_core.shell:Creating environment hook '/home/vboxuser/workspaces/install/micro_ros_msgs/share/micro_ros_msgs/hook/ld_library_path_lib.sh'
[7.775s] Level 1:colcon.colcon_core.environment:checking '/home/vboxuser/workspaces/install/micro_ros_msgs/bin'
[7.775s] Level 1:colcon.colcon_core.environment:checking '/home/vboxuser/workspaces/install/micro_ros_msgs/lib/pkgconfig/micro_ros_msgs.pc'
[7.775s] Level 1:colcon.colcon_core.environment:checking '/home/vboxuser/workspaces/install/micro_ros_msgs/lib/python3.10/site-packages'
[7.775s] Level 1:colcon.colcon_core.environment:checking '/home/vboxuser/workspaces/install/micro_ros_msgs/bin'
[7.776s] INFO:colcon.colcon_core.shell:Creating package script '/home/vboxuser/workspaces/install/micro_ros_msgs/share/micro_ros_msgs/package.ps1'
[7.776s] INFO:colcon.colcon_core.shell:Creating package descriptor '/home/vboxuser/workspaces/install/micro_ros_msgs/share/micro_ros_msgs/package.dsv'
[7.778s] INFO:colcon.colcon_core.shell:Creating package script '/home/vboxuser/workspaces/install/micro_ros_msgs/share/micro_ros_msgs/package.sh'
[7.779s] INFO:colcon.colcon_core.shell:Creating package script '/home/vboxuser/workspaces/install/micro_ros_msgs/share/micro_ros_msgs/package.bash'
[7.779s] INFO:colcon.colcon_core.shell:Creating package script '/home/vboxuser/workspaces/install/micro_ros_msgs/share/micro_ros_msgs/package.zsh'
[7.780s] Level 1:colcon.colcon_core.environment:create_file_with_runtime_dependencies(/home/vboxuser/workspaces/install/micro_ros_msgs/share/colcon-core/packages/micro_ros_msgs)
[7.780s] Level 1:colcon.colcon_core.environment:create_environment_scripts_only(micro_ros_msgs)
[7.781s] Level 1:colcon.colcon_core.environment:checking '/home/vboxuser/workspaces/install/micro_ros_msgs' for CMake module files
[7.781s] Level 1:colcon.colcon_core.environment:checking '/home/vboxuser/workspaces/install/micro_ros_msgs' for CMake config files
[7.782s] Level 1:colcon.colcon_core.shell:create_environment_hook('micro_ros_msgs', 'cmake_prefix_path')
[7.782s] INFO:colcon.colcon_core.shell:Creating environment hook '/home/vboxuser/workspaces/install/micro_ros_msgs/share/micro_ros_msgs/hook/cmake_prefix_path.ps1'
[7.783s] INFO:colcon.colcon_core.shell:Creating environment descriptor '/home/vboxuser/workspaces/install/micro_ros_msgs/share/micro_ros_msgs/hook/cmake_prefix_path.dsv'
[7.785s] INFO:colcon.colcon_core.shell:Creating environment hook '/home/vboxuser/workspaces/install/micro_ros_msgs/share/micro_ros_msgs/hook/cmake_prefix_path.sh'
[7.786s] Level 1:colcon.colcon_core.environment:checking '/home/vboxuser/workspaces/install/micro_ros_msgs/lib'
[7.786s] Level 1:colcon.colcon_core.shell:create_environment_hook('micro_ros_msgs', 'ld_library_path_lib')
[7.787s] INFO:colcon.colcon_core.shell:Creating environment hook '/home/vboxuser/workspaces/install/micro_ros_msgs/share/micro_ros_msgs/hook/ld_library_path_lib.ps1'
[7.788s] INFO:colcon.colcon_core.shell:Creating environment descriptor '/home/vboxuser/workspaces/install/micro_ros_msgs/share/micro_ros_msgs/hook/ld_library_path_lib.dsv'
[7.792s] INFO:colcon.colcon_core.shell:Creating environment hook '/home/vboxuser/workspaces/install/micro_ros_msgs/share/micro_ros_msgs/hook/ld_library_path_lib.sh'
[7.800s] Level 1:colcon.colcon_core.environment:checking '/home/vboxuser/workspaces/install/micro_ros_msgs/bin'
[7.800s] Level 1:colcon.colcon_core.environment:checking '/home/vboxuser/workspaces/install/micro_ros_msgs/lib/pkgconfig/micro_ros_msgs.pc'
[7.801s] Level 1:colcon.colcon_core.environment:checking '/home/vboxuser/workspaces/install/micro_ros_msgs/lib/python3.10/site-packages'
[7.801s] Level 1:colcon.colcon_core.environment:checking '/home/vboxuser/workspaces/install/micro_ros_msgs/bin'
[7.802s] INFO:colcon.colcon_core.shell:Creating package script '/home/vboxuser/workspaces/install/micro_ros_msgs/share/micro_ros_msgs/package.ps1'
[7.805s] INFO:colcon.colcon_core.shell:Creating package descriptor '/home/vboxuser/workspaces/install/micro_ros_msgs/share/micro_ros_msgs/package.dsv'
[7.806s] INFO:colcon.colcon_core.shell:Creating package script '/home/vboxuser/workspaces/install/micro_ros_msgs/share/micro_ros_msgs/package.sh'
[7.807s] INFO:colcon.colcon_core.shell:Creating package script '/home/vboxuser/workspaces/install/micro_ros_msgs/share/micro_ros_msgs/package.bash'
[7.809s] INFO:colcon.colcon_core.shell:Creating package script '/home/vboxuser/workspaces/install/micro_ros_msgs/share/micro_ros_msgs/package.zsh'
[7.810s] Level 1:colcon.colcon_core.environment:create_file_with_runtime_dependencies(/home/vboxuser/workspaces/install/micro_ros_msgs/share/colcon-core/packages/micro_ros_msgs)
[7.811s] INFO:colcon.colcon_ros.task.ament_cmake.build:Building ROS package in '/home/vboxuser/workspaces/src/uros/micro-ROS-Agent/micro_ros_agent' with build type 'ament_cmake'
[7.811s] INFO:colcon.colcon_cmake.task.cmake.build:Building CMake package in '/home/vboxuser/workspaces/src/uros/micro-ROS-Agent/micro_ros_agent'
[7.812s] INFO:colcon.colcon_core.shell:Skip shell extension 'powershell' for command environment: Not usable outside of PowerShell
[7.812s] DEBUG:colcon.colcon_core.shell:Skip shell extension 'dsv' for command environment
[7.844s] DEBUG:colcon.colcon_core.event_handler.log_command:Invoking command in '/home/vboxuser/workspaces/build/micro_ros_agent': AMENT_PREFIX_PATH=/home/vboxuser/workspaces/install/micro_ros_msgs:${AMENT_PREFIX_PATH} CMAKE_PREFIX_PATH=/home/vboxuser/workspaces/install/micro_ros_msgs:/home/vboxuser/workspaces/install/udemy_ros2_pkg:/home/vboxuser/workspaces/install/micro_ros_setup:/home/vboxuser/workspaces/ros2_py_ws/install/micro_ros_setup:/home/vboxuser/workspaces/ros2_py_ws/install/udemy_ros2_pkg:/home/vboxuser/workspaces/install/publisher:/home/vboxuser/workspaces/ros2_py_ws/install/publisher:/opt/ros/humble LD_LIBRARY_PATH=/home/vboxuser/workspaces/install/micro_ros_msgs/lib:${LD_LIBRARY_PATH} PYTHONPATH=/home/vboxuser/workspaces/install/micro_ros_msgs/local/lib/python3.10/dist-packages:${PYTHONPATH} /usr/bin/cmake /home/vboxuser/workspaces/src/uros/micro-ROS-Agent/micro_ros_agent -DUAGENT_BUILD_EXECUTABLE=OFF -DUAGENT_P2P_PROFILE=OFF --no-warn-unused-cli -DCMAKE_INSTALL_PREFIX=/home/vboxuser/workspaces/install/micro_ros_agent
[8.461s] DEBUG:colcon.colcon_core.event_handler.log_command:Invoked command in '/home/vboxuser/workspaces/build/micro_ros_agent' returned '0': AMENT_PREFIX_PATH=/home/vboxuser/workspaces/install/micro_ros_msgs:${AMENT_PREFIX_PATH} CMAKE_PREFIX_PATH=/home/vboxuser/workspaces/install/micro_ros_msgs:/home/vboxuser/workspaces/install/udemy_ros2_pkg:/home/vboxuser/workspaces/install/micro_ros_setup:/home/vboxuser/workspaces/ros2_py_ws/install/micro_ros_setup:/home/vboxuser/workspaces/ros2_py_ws/install/udemy_ros2_pkg:/home/vboxuser/workspaces/install/publisher:/home/vboxuser/workspaces/ros2_py_ws/install/publisher:/opt/ros/humble LD_LIBRARY_PATH=/home/vboxuser/workspaces/install/micro_ros_msgs/lib:${LD_LIBRARY_PATH} PYTHONPATH=/home/vboxuser/workspaces/install/micro_ros_msgs/local/lib/python3.10/dist-packages:${PYTHONPATH} /usr/bin/cmake /home/vboxuser/workspaces/src/uros/micro-ROS-Agent/micro_ros_agent -DUAGENT_BUILD_EXECUTABLE=OFF -DUAGENT_P2P_PROFILE=OFF --no-warn-unused-cli -DCMAKE_INSTALL_PREFIX=/home/vboxuser/workspaces/install/micro_ros_agent
[8.461s] DEBUG:colcon.colcon_core.event_handler.log_command:Invoking command in '/home/vboxuser/workspaces/build/micro_ros_agent': AMENT_PREFIX_PATH=/home/vboxuser/workspaces/install/micro_ros_msgs:${AMENT_PREFIX_PATH} CMAKE_PREFIX_PATH=/home/vboxuser/workspaces/install/micro_ros_msgs:/home/vboxuser/workspaces/install/udemy_ros2_pkg:/home/vboxuser/workspaces/install/micro_ros_setup:/home/vboxuser/workspaces/ros2_py_ws/install/micro_ros_setup:/home/vboxuser/workspaces/ros2_py_ws/install/udemy_ros2_pkg:/home/vboxuser/workspaces/install/publisher:/home/vboxuser/workspaces/ros2_py_ws/install/publisher:/opt/ros/humble LD_LIBRARY_PATH=/home/vboxuser/workspaces/install/micro_ros_msgs/lib:${LD_LIBRARY_PATH} PYTHONPATH=/home/vboxuser/workspaces/install/micro_ros_msgs/local/lib/python3.10/dist-packages:${PYTHONPATH} /usr/bin/cmake --build /home/vboxuser/workspaces/build/micro_ros_agent -- -j5 -l5
[86.735s] DEBUG:colcon.colcon_core.event_handler.log_command:Invoked command in '/home/vboxuser/workspaces/build/micro_ros_agent' returned '0': AMENT_PREFIX_PATH=/home/vboxuser/workspaces/install/micro_ros_msgs:${AMENT_PREFIX_PATH} CMAKE_PREFIX_PATH=/home/vboxuser/workspaces/install/micro_ros_msgs:/home/vboxuser/workspaces/install/udemy_ros2_pkg:/home/vboxuser/workspaces/install/micro_ros_setup:/home/vboxuser/workspaces/ros2_py_ws/install/micro_ros_setup:/home/vboxuser/workspaces/ros2_py_ws/install/udemy_ros2_pkg:/home/vboxuser/workspaces/install/publisher:/home/vboxuser/workspaces/ros2_py_ws/install/publisher:/opt/ros/humble LD_LIBRARY_PATH=/home/vboxuser/workspaces/install/micro_ros_msgs/lib:${LD_LIBRARY_PATH} PYTHONPATH=/home/vboxuser/workspaces/install/micro_ros_msgs/local/lib/python3.10/dist-packages:${PYTHONPATH} /usr/bin/cmake --build /home/vboxuser/workspaces/build/micro_ros_agent -- -j5 -l5
[86.739s] DEBUG:colcon.colcon_core.event_handler.log_command:Invoking command in '/home/vboxuser/workspaces/build/micro_ros_agent': AMENT_PREFIX_PATH=/home/vboxuser/workspaces/install/micro_ros_msgs:${AMENT_PREFIX_PATH} CMAKE_PREFIX_PATH=/home/vboxuser/workspaces/install/micro_ros_msgs:/home/vboxuser/workspaces/install/udemy_ros2_pkg:/home/vboxuser/workspaces/install/micro_ros_setup:/home/vboxuser/workspaces/ros2_py_ws/install/micro_ros_setup:/home/vboxuser/workspaces/ros2_py_ws/install/udemy_ros2_pkg:/home/vboxuser/workspaces/install/publisher:/home/vboxuser/workspaces/ros2_py_ws/install/publisher:/opt/ros/humble LD_LIBRARY_PATH=/home/vboxuser/workspaces/install/micro_ros_msgs/lib:${LD_LIBRARY_PATH} PYTHONPATH=/home/vboxuser/workspaces/install/micro_ros_msgs/local/lib/python3.10/dist-packages:${PYTHONPATH} /usr/bin/cmake --install /home/vboxuser/workspaces/build/micro_ros_agent
[86.764s] Level 1:colcon.colcon_core.environment:create_environment_scripts_only(micro_ros_agent)
[86.765s] Level 1:colcon.colcon_core.environment:checking '/home/vboxuser/workspaces/install/micro_ros_agent' for CMake module files
[86.766s] DEBUG:colcon.colcon_core.event_handler.log_command:Invoked command in '/home/vboxuser/workspaces/build/micro_ros_agent' returned '0': AMENT_PREFIX_PATH=/home/vboxuser/workspaces/install/micro_ros_msgs:${AMENT_PREFIX_PATH} CMAKE_PREFIX_PATH=/home/vboxuser/workspaces/install/micro_ros_msgs:/home/vboxuser/workspaces/install/udemy_ros2_pkg:/home/vboxuser/workspaces/install/micro_ros_setup:/home/vboxuser/workspaces/ros2_py_ws/install/micro_ros_setup:/home/vboxuser/workspaces/ros2_py_ws/install/udemy_ros2_pkg:/home/vboxuser/workspaces/install/publisher:/home/vboxuser/workspaces/ros2_py_ws/install/publisher:/opt/ros/humble LD_LIBRARY_PATH=/home/vboxuser/workspaces/install/micro_ros_msgs/lib:${LD_LIBRARY_PATH} PYTHONPATH=/home/vboxuser/workspaces/install/micro_ros_msgs/local/lib/python3.10/dist-packages:${PYTHONPATH} /usr/bin/cmake --install /home/vboxuser/workspaces/build/micro_ros_agent
[86.766s] Level 1:colcon.colcon_core.environment:checking '/home/vboxuser/workspaces/install/micro_ros_agent' for CMake config files
[86.767s] Level 1:colcon.colcon_core.shell:create_environment_hook('micro_ros_agent', 'cmake_prefix_path')
[86.768s] INFO:colcon.colcon_core.shell:Creating environment hook '/home/vboxuser/workspaces/install/micro_ros_agent/share/micro_ros_agent/hook/cmake_prefix_path.ps1'
[86.768s] INFO:colcon.colcon_core.shell:Creating environment descriptor '/home/vboxuser/workspaces/install/micro_ros_agent/share/micro_ros_agent/hook/cmake_prefix_path.dsv'
[86.769s] INFO:colcon.colcon_core.shell:Creating environment hook '/home/vboxuser/workspaces/install/micro_ros_agent/share/micro_ros_agent/hook/cmake_prefix_path.sh'
[86.770s] Level 1:colcon.colcon_core.environment:checking '/home/vboxuser/workspaces/install/micro_ros_agent/lib'
[86.770s] Level 1:colcon.colcon_core.shell:create_environment_hook('micro_ros_agent', 'ld_library_path_lib')
[86.770s] INFO:colcon.colcon_core.shell:Creating environment hook '/home/vboxuser/workspaces/install/micro_ros_agent/share/micro_ros_agent/hook/ld_library_path_lib.ps1'
[86.770s] INFO:colcon.colcon_core.shell:Creating environment descriptor '/home/vboxuser/workspaces/install/micro_ros_agent/share/micro_ros_agent/hook/ld_library_path_lib.dsv'
[86.771s] INFO:colcon.colcon_core.shell:Creating environment hook '/home/vboxuser/workspaces/install/micro_ros_agent/share/micro_ros_agent/hook/ld_library_path_lib.sh'
[86.771s] Level 1:colcon.colcon_core.environment:checking '/home/vboxuser/workspaces/install/micro_ros_agent/bin'
[86.771s] Level 1:colcon.colcon_core.environment:checking '/home/vboxuser/workspaces/install/micro_ros_agent/lib/pkgconfig/micro_ros_agent.pc'
[86.771s] Level 1:colcon.colcon_core.environment:checking '/home/vboxuser/workspaces/install/micro_ros_agent/lib/python3.10/site-packages'
[86.771s] Level 1:colcon.colcon_core.environment:checking '/home/vboxuser/workspaces/install/micro_ros_agent/bin'
[86.772s] INFO:colcon.colcon_core.shell:Creating package script '/home/vboxuser/workspaces/install/micro_ros_agent/share/micro_ros_agent/package.ps1'
[86.781s] INFO:colcon.colcon_core.shell:Creating package descriptor '/home/vboxuser/workspaces/install/micro_ros_agent/share/micro_ros_agent/package.dsv'
[86.786s] INFO:colcon.colcon_core.shell:Creating package script '/home/vboxuser/workspaces/install/micro_ros_agent/share/micro_ros_agent/package.sh'
[86.787s] INFO:colcon.colcon_core.shell:Creating package script '/home/vboxuser/workspaces/install/micro_ros_agent/share/micro_ros_agent/package.bash'
[86.787s] INFO:colcon.colcon_core.shell:Creating package script '/home/vboxuser/workspaces/install/micro_ros_agent/share/micro_ros_agent/package.zsh'
[86.788s] Level 1:colcon.colcon_core.environment:create_file_with_runtime_dependencies(/home/vboxuser/workspaces/install/micro_ros_agent/share/colcon-core/packages/micro_ros_agent)
[86.789s] Level 1:colcon.colcon_core.environment:create_environment_scripts_only(micro_ros_agent)
[86.789s] Level 1:colcon.colcon_core.environment:checking '/home/vboxuser/workspaces/install/micro_ros_agent' for CMake module files
[86.789s] Level 1:colcon.colcon_core.environment:checking '/home/vboxuser/workspaces/install/micro_ros_agent' for CMake config files
[86.790s] Level 1:colcon.colcon_core.shell:create_environment_hook('micro_ros_agent', 'cmake_prefix_path')
[86.790s] INFO:colcon.colcon_core.shell:Creating environment hook '/home/vboxuser/workspaces/install/micro_ros_agent/share/micro_ros_agent/hook/cmake_prefix_path.ps1'
[86.803s] INFO:colcon.colcon_core.shell:Creating environment descriptor '/home/vboxuser/workspaces/install/micro_ros_agent/share/micro_ros_agent/hook/cmake_prefix_path.dsv'
[86.804s] INFO:colcon.colcon_core.shell:Creating environment hook '/home/vboxuser/workspaces/install/micro_ros_agent/share/micro_ros_agent/hook/cmake_prefix_path.sh'
[86.806s] Level 1:colcon.colcon_core.environment:checking '/home/vboxuser/workspaces/install/micro_ros_agent/lib'
[86.806s] Level 1:colcon.colcon_core.shell:create_environment_hook('micro_ros_agent', 'ld_library_path_lib')
[86.806s] INFO:colcon.colcon_core.shell:Creating environment hook '/home/vboxuser/workspaces/install/micro_ros_agent/share/micro_ros_agent/hook/ld_library_path_lib.ps1'
[86.807s] INFO:colcon.colcon_core.shell:Creating environment descriptor '/home/vboxuser/workspaces/install/micro_ros_agent/share/micro_ros_agent/hook/ld_library_path_lib.dsv'
[86.808s] INFO:colcon.colcon_core.shell:Creating environment hook '/home/vboxuser/workspaces/install/micro_ros_agent/share/micro_ros_agent/hook/ld_library_path_lib.sh'
[86.810s] Level 1:colcon.colcon_core.environment:checking '/home/vboxuser/workspaces/install/micro_ros_agent/bin'
[86.810s] Level 1:colcon.colcon_core.environment:checking '/home/vboxuser/workspaces/install/micro_ros_agent/lib/pkgconfig/micro_ros_agent.pc'
[86.810s] Level 1:colcon.colcon_core.environment:checking '/home/vboxuser/workspaces/install/micro_ros_agent/lib/python3.10/site-packages'
[86.810s] Level 1:colcon.colcon_core.environment:checking '/home/vboxuser/workspaces/install/micro_ros_agent/bin'
[86.811s] INFO:colcon.colcon_core.shell:Creating package script '/home/vboxuser/workspaces/install/micro_ros_agent/share/micro_ros_agent/package.ps1'
[86.813s] INFO:colcon.colcon_core.shell:Creating package descriptor '/home/vboxuser/workspaces/install/micro_ros_agent/share/micro_ros_agent/package.dsv'
[86.814s] INFO:colcon.colcon_core.shell:Creating package script '/home/vboxuser/workspaces/install/micro_ros_agent/share/micro_ros_agent/package.sh'
[86.815s] INFO:colcon.colcon_core.shell:Creating package script '/home/vboxuser/workspaces/install/micro_ros_agent/share/micro_ros_agent/package.bash'
[86.822s] INFO:colcon.colcon_core.shell:Creating package script '/home/vboxuser/workspaces/install/micro_ros_agent/share/micro_ros_agent/package.zsh'
[86.823s] Level 1:colcon.colcon_core.environment:create_file_with_runtime_dependencies(/home/vboxuser/workspaces/install/micro_ros_agent/share/colcon-core/packages/micro_ros_agent)
[86.824s] DEBUG:colcon.colcon_parallel_executor.executor.parallel:closing loop
[86.824s] DEBUG:colcon.colcon_parallel_executor.executor.parallel:loop closed
[86.825s] DEBUG:colcon.colcon_parallel_executor.executor.parallel:run_until_complete finished with '0'
[86.825s] DEBUG:colcon.colcon_core.event_reactor:joining thread
[86.834s] INFO:colcon.colcon_core.plugin_system:Skipping extension 'colcon_notification.desktop_notification.terminal_notifier': Not used on non-Darwin systems
[86.834s] INFO:colcon.colcon_core.plugin_system:Skipping extension 'colcon_notification.desktop_notification.win32': Not used on non-Windows systems
[86.834s] INFO:colcon.colcon_notification.desktop_notification:Sending desktop notification using 'notify2'
[86.865s] DEBUG:colcon.colcon_core.event_reactor:joined thread
[86.865s] INFO:colcon.colcon_core.shell:Creating prefix script '/home/vboxuser/workspaces/install/local_setup.ps1'
[86.868s] INFO:colcon.colcon_core.shell:Creating prefix util module '/home/vboxuser/workspaces/install/_local_setup_util_ps1.py'
[86.870s] INFO:colcon.colcon_core.shell:Creating prefix chain script '/home/vboxuser/workspaces/install/setup.ps1'
[86.873s] INFO:colcon.colcon_core.shell:Creating prefix script '/home/vboxuser/workspaces/install/local_setup.sh'
[86.874s] INFO:colcon.colcon_core.shell:Creating prefix util module '/home/vboxuser/workspaces/install/_local_setup_util_sh.py'
[86.875s] INFO:colcon.colcon_core.shell:Creating prefix chain script '/home/vboxuser/workspaces/install/setup.sh'
[86.895s] INFO:colcon.colcon_core.shell:Creating prefix script '/home/vboxuser/workspaces/install/local_setup.bash'
[86.896s] INFO:colcon.colcon_core.shell:Creating prefix chain script '/home/vboxuser/workspaces/install/setup.bash'
[86.899s] INFO:colcon.colcon_core.shell:Creating prefix script '/home/vboxuser/workspaces/install/local_setup.zsh'
[86.900s] INFO:colcon.colcon_core.shell:Creating prefix chain script '/home/vboxuser/workspaces/install/setup.zsh'
