[0.119s] Invoking command in '/home/vboxuser/workspaces/ros2_py_ws/build/sabry': CMAKE_PREFIX_PATH=${CMAKE_PREFIX_PATH}:/home/vboxuser/workspaces/ros2_py_ws/install/publisher:/opt/ros/humble /usr/bin/cmake --build /home/vboxuser/workspaces/ros2_py_ws/build/sabry -- -j5 -l5
[0.874s] Invoked command in '/home/vboxuser/workspaces/ros2_py_ws/build/sabry' returned '0': CMAKE_PREFIX_PATH=${CMAKE_PREFIX_PATH}:/home/vboxuser/workspaces/ros2_py_ws/install/publisher:/opt/ros/humble /usr/bin/cmake --build /home/vboxuser/workspaces/ros2_py_ws/build/sabry -- -j5 -l5
[0.892s] Invoking command in '/home/vboxuser/workspaces/ros2_py_ws/build/sabry': CMAKE_PREFIX_PATH=${CMAKE_PREFIX_PATH}:/home/vboxuser/workspaces/ros2_py_ws/install/publisher:/opt/ros/humble /usr/bin/cmake --install /home/vboxuser/workspaces/ros2_py_ws/build/sabry
[1.010s] -- Install configuration: ""
[1.010s] -- Up-to-date: /home/vboxuser/workspaces/ros2_py_ws/install/sabry/share/sabry/config
[1.010s] -- Up-to-date: /home/vboxuser/workspaces/ros2_py_ws/install/sabry/share/sabry/config/joint_names_sabry.yaml
[1.010s] -- Up-to-date: /home/vboxuser/workspaces/ros2_py_ws/install/sabry/share/sabry/launch
[1.010s] -- Up-to-date: /home/vboxuser/workspaces/ros2_py_ws/install/sabry/share/sabry/launch/gazebo.launch.py
[1.010s] -- Up-to-date: /home/vboxuser/workspaces/ros2_py_ws/install/sabry/share/sabry/launch/display.launch
[1.010s] -- Up-to-date: /home/vboxuser/workspaces/ros2_py_ws/install/sabry/share/sabry/launch/gazebo_tool.launch.py
[1.010s] -- Up-to-date: /home/vboxuser/workspaces/ros2_py_ws/install/sabry/share/sabry/launch/gazebo.launch
[1.010s] -- Up-to-date: /home/vboxuser/workspaces/ros2_py_ws/install/sabry/share/sabry/launch/display.launch.py
[1.010s] -- Up-to-date: /home/vboxuser/workspaces/ros2_py_ws/install/sabry/share/sabry/meshes
[1.010s] -- Up-to-date: /home/vboxuser/workspaces/ros2_py_ws/install/sabry/share/sabry/meshes/wrist_pitch_Link.STL
[1.010s] -- Up-to-date: /home/vboxuser/workspaces/ros2_py_ws/install/sabry/share/sabry/meshes/lowerarm_Link.STL
[1.010s] -- Up-to-date: /home/vboxuser/workspaces/ros2_py_ws/install/sabry/share/sabry/meshes/waist_Link.STL
[1.010s] -- Up-to-date: /home/vboxuser/workspaces/ros2_py_ws/install/sabry/share/sabry/meshes/upperarm_Link.STL
[1.010s] -- Up-to-date: /home/vboxuser/workspaces/ros2_py_ws/install/sabry/share/sabry/meshes/wrist_yaw_Link.STL
[1.011s] -- Up-to-date: /home/vboxuser/workspaces/ros2_py_ws/install/sabry/share/sabry/meshes/base_link.STL
[1.011s] -- Up-to-date: /home/vboxuser/workspaces/ros2_py_ws/install/sabry/share/sabry/urdf
[1.011s] -- Up-to-date: /home/vboxuser/workspaces/ros2_py_ws/install/sabry/share/sabry/urdf/sabry.csv
[1.011s] -- Up-to-date: /home/vboxuser/workspaces/ros2_py_ws/install/sabry/share/sabry/urdf/sabry.urdf.xacro
[1.011s] -- Up-to-date: /home/vboxuser/workspaces/ros2_py_ws/install/sabry/share/sabry/urdf/sabry_controllers.xacro
[1.011s] -- Up-to-date: /home/vboxuser/workspaces/ros2_py_ws/install/sabry/share/sabry/urdf/sabry_gazebo.xacro
[1.011s] -- Up-to-date: /home/vboxuser/workspaces/ros2_py_ws/install/sabry/share/sabry/urdf/tools_station.xacro
[1.011s] -- Up-to-date: /home/vboxuser/workspaces/ros2_py_ws/install/sabry/share/sabry/urdf/tools.xacro
[1.011s] -- Up-to-date: /home/vboxuser/workspaces/ros2_py_ws/install/sabry/share/sabry/worlds
[1.011s] -- Up-to-date: /home/vboxuser/workspaces/ros2_py_ws/install/sabry/share/sabry/worlds/install
[1.011s] -- Up-to-date: /home/vboxuser/workspaces/ros2_py_ws/install/sabry/share/sabry/worlds/install/local_setup.bash
[1.011s] -- Up-to-date: /home/vboxuser/workspaces/ros2_py_ws/install/sabry/share/sabry/worlds/install/COLCON_IGNORE
[1.011s] -- Up-to-date: /home/vboxuser/workspaces/ros2_py_ws/install/sabry/share/sabry/worlds/install/local_setup.zsh
[1.011s] -- Up-to-date: /home/vboxuser/workspaces/ros2_py_ws/install/sabry/share/sabry/worlds/install/setup.sh
[1.011s] -- Up-to-date: /home/vboxuser/workspaces/ros2_py_ws/install/sabry/share/sabry/worlds/install/.colcon_install_layout
[1.011s] -- Up-to-date: /home/vboxuser/workspaces/ros2_py_ws/install/sabry/share/sabry/worlds/install/local_setup.sh
[1.011s] -- Up-to-date: /home/vboxuser/workspaces/ros2_py_ws/install/sabry/share/sabry/worlds/install/setup.ps1
[1.011s] -- Up-to-date: /home/vboxuser/workspaces/ros2_py_ws/install/sabry/share/sabry/worlds/install/setup.bash
[1.011s] -- Up-to-date: /home/vboxuser/workspaces/ros2_py_ws/install/sabry/share/sabry/worlds/install/_local_setup_util_ps1.py
[1.012s] -- Up-to-date: /home/vboxuser/workspaces/ros2_py_ws/install/sabry/share/sabry/worlds/install/_local_setup_util_sh.py
[1.012s] -- Up-to-date: /home/vboxuser/workspaces/ros2_py_ws/install/sabry/share/sabry/worlds/install/local_setup.ps1
[1.012s] -- Up-to-date: /home/vboxuser/workspaces/ros2_py_ws/install/sabry/share/sabry/worlds/install/setup.zsh
[1.012s] -- Up-to-date: /home/vboxuser/workspaces/ros2_py_ws/install/sabry/share/sabry/worlds/log
[1.012s] -- Up-to-date: /home/vboxuser/workspaces/ros2_py_ws/install/sabry/share/sabry/worlds/log/build_2026-02-10_21-14-57
[1.012s] -- Up-to-date: /home/vboxuser/workspaces/ros2_py_ws/install/sabry/share/sabry/worlds/log/build_2026-02-10_21-14-57/events.log
[1.012s] -- Up-to-date: /home/vboxuser/workspaces/ros2_py_ws/install/sabry/share/sabry/worlds/log/build_2026-02-10_21-14-57/logger_all.log
[1.012s] -- Up-to-date: /home/vboxuser/workspaces/ros2_py_ws/install/sabry/share/sabry/worlds/log/COLCON_IGNORE
[1.012s] -- Up-to-date: /home/vboxuser/workspaces/ros2_py_ws/install/sabry/share/sabry/worlds/log/build_2026-02-10_21-14-52
[1.012s] -- Up-to-date: /home/vboxuser/workspaces/ros2_py_ws/install/sabry/share/sabry/worlds/log/build_2026-02-10_21-14-52/events.log
[1.012s] -- Up-to-date: /home/vboxuser/workspaces/ros2_py_ws/install/sabry/share/sabry/worlds/log/build_2026-02-10_21-14-52/logger_all.log
[1.012s] -- Up-to-date: /home/vboxuser/workspaces/ros2_py_ws/install/sabry/share/sabry/worlds/log/latest
[1.012s] -- Up-to-date: /home/vboxuser/workspaces/ros2_py_ws/install/sabry/share/sabry/worlds/log/latest_build
[1.012s] -- Up-to-date: /home/vboxuser/workspaces/ros2_py_ws/install/sabry/share/sabry/worlds/tool_changer.sdf
[1.012s] -- Up-to-date: /home/vboxuser/workspaces/ros2_py_ws/install/sabry/share/sabry/worlds/build
[1.012s] -- Up-to-date: /home/vboxuser/workspaces/ros2_py_ws/install/sabry/share/sabry/worlds/build/COLCON_IGNORE
[1.014s] -- Up-to-date: /home/vboxuser/workspaces/ros2_py_ws/install/sabry/share/sabry/worlds/build/.built_by
[1.014s] -- Up-to-date: /home/vboxuser/workspaces/ros2_py_ws/install/sabry/share/ament_index/resource_index/package_run_dependencies/sabry
[1.014s] -- Up-to-date: /home/vboxuser/workspaces/ros2_py_ws/install/sabry/share/ament_index/resource_index/parent_prefix_path/sabry
[1.051s] -- Up-to-date: /home/vboxuser/workspaces/ros2_py_ws/install/sabry/share/sabry/environment/ament_prefix_path.sh
[1.051s] -- Up-to-date: /home/vboxuser/workspaces/ros2_py_ws/install/sabry/share/sabry/environment/ament_prefix_path.dsv
[1.051s] -- Up-to-date: /home/vboxuser/workspaces/ros2_py_ws/install/sabry/share/sabry/environment/path.sh
[1.051s] -- Up-to-date: /home/vboxuser/workspaces/ros2_py_ws/install/sabry/share/sabry/environment/path.dsv
[1.051s] -- Up-to-date: /home/vboxuser/workspaces/ros2_py_ws/install/sabry/share/sabry/local_setup.bash
[1.051s] -- Up-to-date: /home/vboxuser/workspaces/ros2_py_ws/install/sabry/share/sabry/local_setup.sh
[1.051s] -- Up-to-date: /home/vboxuser/workspaces/ros2_py_ws/install/sabry/share/sabry/local_setup.zsh
[1.051s] -- Up-to-date: /home/vboxuser/workspaces/ros2_py_ws/install/sabry/share/sabry/local_setup.dsv
[1.052s] -- Installing: /home/vboxuser/workspaces/ros2_py_ws/install/sabry/share/sabry/package.dsv
[1.052s] -- Up-to-date: /home/vboxuser/workspaces/ros2_py_ws/install/sabry/share/ament_index/resource_index/packages/sabry
[1.052s] -- Up-to-date: /home/vboxuser/workspaces/ros2_py_ws/install/sabry/share/sabry/cmake/sabryConfig.cmake
[1.052s] -- Up-to-date: /home/vboxuser/workspaces/ros2_py_ws/install/sabry/share/sabry/cmake/sabryConfig-version.cmake
[1.052s] -- Up-to-date: /home/vboxuser/workspaces/ros2_py_ws/install/sabry/share/sabry/package.xml
[1.052s] Invoked command in '/home/vboxuser/workspaces/ros2_py_ws/build/sabry' returned '0': CMAKE_PREFIX_PATH=${CMAKE_PREFIX_PATH}:/home/vboxuser/workspaces/ros2_py_ws/install/publisher:/opt/ros/humble /usr/bin/cmake --install /home/vboxuser/workspaces/ros2_py_ws/build/sabry
