running egg_info
creating ../../build/publisher/publisher.egg-info
writing ../../build/publisher/publisher.egg-info/PKG-INFO
writing dependency_links to ../../build/publisher/publisher.egg-info/dependency_links.txt
writing entry points to ../../build/publisher/publisher.egg-info/entry_points.txt
writing requirements to ../../build/publisher/publisher.egg-info/requires.txt
writing top-level names to ../../build/publisher/publisher.egg-info/top_level.txt
writing manifest file '../../build/publisher/publisher.egg-info/SOURCES.txt'
reading manifest file '../../build/publisher/publisher.egg-info/SOURCES.txt'
writing manifest file '../../build/publisher/publisher.egg-info/SOURCES.txt'
running build
running build_py
creating /home/vboxuser/workspaces/ros2_py_ws/build/publisher/build
creating /home/vboxuser/workspaces/ros2_py_ws/build/publisher/build/lib
creating /home/vboxuser/workspaces/ros2_py_ws/build/publisher/build/lib/publisher
copying publisher/pub.py -> /home/vboxuser/workspaces/ros2_py_ws/build/publisher/build/lib/publisher
copying publisher/pid_controller.py -> /home/vboxuser/workspaces/ros2_py_ws/build/publisher/build/lib/publisher
copying publisher/position_controller.py -> /home/vboxuser/workspaces/ros2_py_ws/build/publisher/build/lib/publisher
copying publisher/microros.py -> /home/vboxuser/workspaces/ros2_py_ws/build/publisher/build/lib/publisher
copying publisher/__init__.py -> /home/vboxuser/workspaces/ros2_py_ws/build/publisher/build/lib/publisher
running install
running install_lib
creating /home/vboxuser/workspaces/ros2_py_ws/install/publisher/lib/python3.10/site-packages/publisher
copying /home/vboxuser/workspaces/ros2_py_ws/build/publisher/build/lib/publisher/pub.py -> /home/vboxuser/workspaces/ros2_py_ws/install/publisher/lib/python3.10/site-packages/publisher
copying /home/vboxuser/workspaces/ros2_py_ws/build/publisher/build/lib/publisher/pid_controller.py -> /home/vboxuser/workspaces/ros2_py_ws/install/publisher/lib/python3.10/site-packages/publisher
copying /home/vboxuser/workspaces/ros2_py_ws/build/publisher/build/lib/publisher/position_controller.py -> /home/vboxuser/workspaces/ros2_py_ws/install/publisher/lib/python3.10/site-packages/publisher
copying /home/vboxuser/workspaces/ros2_py_ws/build/publisher/build/lib/publisher/microros.py -> /home/vboxuser/workspaces/ros2_py_ws/install/publisher/lib/python3.10/site-packages/publisher
copying /home/vboxuser/workspaces/ros2_py_ws/build/publisher/build/lib/publisher/__init__.py -> /home/vboxuser/workspaces/ros2_py_ws/install/publisher/lib/python3.10/site-packages/publisher
byte-compiling /home/vboxuser/workspaces/ros2_py_ws/install/publisher/lib/python3.10/site-packages/publisher/pub.py to pub.cpython-310.pyc
byte-compiling /home/vboxuser/workspaces/ros2_py_ws/install/publisher/lib/python3.10/site-packages/publisher/pid_controller.py to pid_controller.cpython-310.pyc
byte-compiling /home/vboxuser/workspaces/ros2_py_ws/install/publisher/lib/python3.10/site-packages/publisher/position_controller.py to position_controller.cpython-310.pyc
byte-compiling /home/vboxuser/workspaces/ros2_py_ws/install/publisher/lib/python3.10/site-packages/publisher/microros.py to microros.cpython-310.pyc
byte-compiling /home/vboxuser/workspaces/ros2_py_ws/install/publisher/lib/python3.10/site-packages/publisher/__init__.py to __init__.cpython-310.pyc
running install_data
creating /home/vboxuser/workspaces/ros2_py_ws/install/publisher/share/ament_index
creating /home/vboxuser/workspaces/ros2_py_ws/install/publisher/share/ament_index/resource_index
creating /home/vboxuser/workspaces/ros2_py_ws/install/publisher/share/ament_index/resource_index/packages
copying resource/publisher -> /home/vboxuser/workspaces/ros2_py_ws/install/publisher/share/ament_index/resource_index/packages
copying package.xml -> /home/vboxuser/workspaces/ros2_py_ws/install/publisher/share/publisher
running install_egg_info
Copying ../../build/publisher/publisher.egg-info to /home/vboxuser/workspaces/ros2_py_ws/install/publisher/lib/python3.10/site-packages/publisher-0.0.0-py3.10.egg-info
running install_scripts
Installing joint_state_to_microros script to /home/vboxuser/workspaces/ros2_py_ws/install/publisher/lib/publisher
Installing pid_stepper_controller script to /home/vboxuser/workspaces/ros2_py_ws/install/publisher/lib/publisher
Installing simple_publisher script to /home/vboxuser/workspaces/ros2_py_ws/install/publisher/lib/publisher
writing list of installed files to '/home/vboxuser/workspaces/ros2_py_ws/build/publisher/install.log'
