running egg_info
creating ../../../build/publisher/publisher.egg-info
writing ../../../build/publisher/publisher.egg-info/PKG-INFO
writing dependency_links to ../../../build/publisher/publisher.egg-info/dependency_links.txt
writing entry points to ../../../build/publisher/publisher.egg-info/entry_points.txt
writing requirements to ../../../build/publisher/publisher.egg-info/requires.txt
writing top-level names to ../../../build/publisher/publisher.egg-info/top_level.txt
writing manifest file '../../../build/publisher/publisher.egg-info/SOURCES.txt'
reading manifest file '../../../build/publisher/publisher.egg-info/SOURCES.txt'
writing manifest file '../../../build/publisher/publisher.egg-info/SOURCES.txt'
running build
running build_py
creating /home/vboxuser/workspaces/build/publisher/build
creating /home/vboxuser/workspaces/build/publisher/build/lib
creating /home/vboxuser/workspaces/build/publisher/build/lib/publisher
copying publisher/pub.py -> /home/vboxuser/workspaces/build/publisher/build/lib/publisher
copying publisher/__init__.py -> /home/vboxuser/workspaces/build/publisher/build/lib/publisher
running install
running install_lib
creating /home/vboxuser/workspaces/install/publisher/lib/python3.10/site-packages/publisher
copying /home/vboxuser/workspaces/build/publisher/build/lib/publisher/pub.py -> /home/vboxuser/workspaces/install/publisher/lib/python3.10/site-packages/publisher
copying /home/vboxuser/workspaces/build/publisher/build/lib/publisher/__init__.py -> /home/vboxuser/workspaces/install/publisher/lib/python3.10/site-packages/publisher
byte-compiling /home/vboxuser/workspaces/install/publisher/lib/python3.10/site-packages/publisher/pub.py to pub.cpython-310.pyc
byte-compiling /home/vboxuser/workspaces/install/publisher/lib/python3.10/site-packages/publisher/__init__.py to __init__.cpython-310.pyc
running install_data
creating /home/vboxuser/workspaces/install/publisher/share/ament_index
creating /home/vboxuser/workspaces/install/publisher/share/ament_index/resource_index
creating /home/vboxuser/workspaces/install/publisher/share/ament_index/resource_index/packages
copying resource/publisher -> /home/vboxuser/workspaces/install/publisher/share/ament_index/resource_index/packages
copying package.xml -> /home/vboxuser/workspaces/install/publisher/share/publisher
running install_egg_info
Copying ../../../build/publisher/publisher.egg-info to /home/vboxuser/workspaces/install/publisher/lib/python3.10/site-packages/publisher-0.0.0-py3.10.egg-info
running install_scripts
Installing simple_publisher script to /home/vboxuser/workspaces/install/publisher/lib/publisher
writing list of installed files to '/home/vboxuser/workspaces/build/publisher/install.log'
