[0.078s] Invoking command in '/home/vboxuser/workspaces/ros2_py_ws/build/micro_ros_msgs': CMAKE_PREFIX_PATH=${CMAKE_PREFIX_PATH}:/home/vboxuser/workspaces/ros2_py_ws/install/publisher:/opt/ros/humble /usr/bin/cmake --build /home/vboxuser/workspaces/ros2_py_ws/build/micro_ros_msgs -- -j5 -l5
[0.456s] [  2%] Built target micro_ros_msgs__cpp
[0.457s] [  2%] Built target ament_cmake_python_copy_micro_ros_msgs
[0.457s] [ 12%] Built target micro_ros_msgs__rosidl_typesupport_introspection_cpp
[0.787s] running egg_info
[0.787s] writing micro_ros_msgs.egg-info/PKG-INFO
[0.787s] writing dependency_links to micro_ros_msgs.egg-info/dependency_links.txt
[0.787s] writing top-level names to micro_ros_msgs.egg-info/top_level.txt
[0.787s] reading manifest file 'micro_ros_msgs.egg-info/SOURCES.txt'
[0.787s] writing manifest file 'micro_ros_msgs.egg-info/SOURCES.txt'
[0.881s] [ 12%] Built target ament_cmake_python_build_micro_ros_msgs_egg
[0.953s] [ 23%] Built target micro_ros_msgs__rosidl_typesupport_fastrtps_cpp
[1.094s] [ 34%] Built target micro_ros_msgs__rosidl_typesupport_cpp
[1.238s] [ 44%] Built target micro_ros_msgs__rosidl_generator_c
[1.339s] [ 55%] Built target micro_ros_msgs__rosidl_typesupport_fastrtps_c
[1.416s] [ 65%] Built target micro_ros_msgs__rosidl_typesupport_c
[1.597s] [ 76%] Built target micro_ros_msgs__rosidl_typesupport_introspection_c
[1.657s] [ 76%] Built target micro_ros_msgs
[1.695s] [ 78%] Built target micro_ros_msgs__py
[1.757s] [ 87%] Built target micro_ros_msgs__rosidl_generator_py
[1.838s] [ 91%] Built target micro_ros_msgs__rosidl_typesupport_fastrtps_c__pyext
[1.927s] [ 95%] Built target micro_ros_msgs__rosidl_typesupport_c__pyext
[2.006s] [100%] Built target micro_ros_msgs__rosidl_typesupport_introspection_c__pyext
[2.061s] Invoked command in '/home/vboxuser/workspaces/ros2_py_ws/build/micro_ros_msgs' returned '0': CMAKE_PREFIX_PATH=${CMAKE_PREFIX_PATH}:/home/vboxuser/workspaces/ros2_py_ws/install/publisher:/opt/ros/humble /usr/bin/cmake --build /home/vboxuser/workspaces/ros2_py_ws/build/micro_ros_msgs -- -j5 -l5
[2.163s] Invoking command in '/home/vboxuser/workspaces/ros2_py_ws/build/micro_ros_msgs': CMAKE_PREFIX_PATH=${CMAKE_PREFIX_PATH}:/home/vboxuser/workspaces/ros2_py_ws/install/publisher:/opt/ros/humble /usr/bin/cmake --install /home/vboxuser/workspaces/ros2_py_ws/build/micro_ros_msgs
[2.173s] -- Install configuration: ""
[2.173s] -- Up-to-date: /home/vboxuser/workspaces/ros2_py_ws/install/micro_ros_msgs/share/ament_index/resource_index/rosidl_interfaces/micro_ros_msgs
[2.174s] -- Up-to-date: /home/vboxuser/workspaces/ros2_py_ws/install/micro_ros_msgs/include/micro_ros_msgs/micro_ros_msgs
[2.174s] -- Up-to-date: /home/vboxuser/workspaces/ros2_py_ws/install/micro_ros_msgs/include/micro_ros_msgs/micro_ros_msgs/msg
[2.174s] -- Up-to-date: /home/vboxuser/workspaces/ros2_py_ws/install/micro_ros_msgs/include/micro_ros_msgs/micro_ros_msgs/msg/node.h
[2.174s] -- Up-to-date: /home/vboxuser/workspaces/ros2_py_ws/install/micro_ros_msgs/include/micro_ros_msgs/micro_ros_msgs/msg/detail
[2.175s] -- Up-to-date: /home/vboxuser/workspaces/ros2_py_ws/install/micro_ros_msgs/include/micro_ros_msgs/micro_ros_msgs/msg/detail/graph__functions.h
[2.175s] -- Up-to-date: /home/vboxuser/workspaces/ros2_py_ws/install/micro_ros_msgs/include/micro_ros_msgs/micro_ros_msgs/msg/detail/entity__functions.h
[2.175s] -- Up-to-date: /home/vboxuser/workspaces/ros2_py_ws/install/micro_ros_msgs/include/micro_ros_msgs/micro_ros_msgs/msg/detail/entity__functions.c
[2.175s] -- Up-to-date: /home/vboxuser/workspaces/ros2_py_ws/install/micro_ros_msgs/include/micro_ros_msgs/micro_ros_msgs/msg/detail/graph__struct.h
[2.176s] -- Up-to-date: /home/vboxuser/workspaces/ros2_py_ws/install/micro_ros_msgs/include/micro_ros_msgs/micro_ros_msgs/msg/detail/node__functions.h
[2.176s] -- Up-to-date: /home/vboxuser/workspaces/ros2_py_ws/install/micro_ros_msgs/include/micro_ros_msgs/micro_ros_msgs/msg/detail/node__struct.h
[2.176s] -- Up-to-date: /home/vboxuser/workspaces/ros2_py_ws/install/micro_ros_msgs/include/micro_ros_msgs/micro_ros_msgs/msg/detail/node__type_support.h
[2.176s] -- Up-to-date: /home/vboxuser/workspaces/ros2_py_ws/install/micro_ros_msgs/include/micro_ros_msgs/micro_ros_msgs/msg/detail/entity__struct.h
[2.176s] -- Up-to-date: /home/vboxuser/workspaces/ros2_py_ws/install/micro_ros_msgs/include/micro_ros_msgs/micro_ros_msgs/msg/detail/graph__type_support.h
[2.177s] -- Up-to-date: /home/vboxuser/workspaces/ros2_py_ws/install/micro_ros_msgs/include/micro_ros_msgs/micro_ros_msgs/msg/detail/entity__type_support.h
[2.177s] -- Up-to-date: /home/vboxuser/workspaces/ros2_py_ws/install/micro_ros_msgs/include/micro_ros_msgs/micro_ros_msgs/msg/detail/node__functions.c
[2.177s] -- Up-to-date: /home/vboxuser/workspaces/ros2_py_ws/install/micro_ros_msgs/include/micro_ros_msgs/micro_ros_msgs/msg/detail/graph__functions.c
[2.177s] -- Up-to-date: /home/vboxuser/workspaces/ros2_py_ws/install/micro_ros_msgs/include/micro_ros_msgs/micro_ros_msgs/msg/graph.h
[2.177s] -- Up-to-date: /home/vboxuser/workspaces/ros2_py_ws/install/micro_ros_msgs/include/micro_ros_msgs/micro_ros_msgs/msg/rosidl_generator_c__visibility_control.h
[2.178s] -- Up-to-date: /home/vboxuser/workspaces/ros2_py_ws/install/micro_ros_msgs/include/micro_ros_msgs/micro_ros_msgs/msg/entity.h
[2.178s] -- Up-to-date: /home/vboxuser/workspaces/ros2_py_ws/install/micro_ros_msgs/share/micro_ros_msgs/environment/library_path.sh
[2.178s] -- Up-to-date: /home/vboxuser/workspaces/ros2_py_ws/install/micro_ros_msgs/share/micro_ros_msgs/environment/library_path.dsv
[2.179s] -- Up-to-date: /home/vboxuser/workspaces/ros2_py_ws/install/micro_ros_msgs/lib/libmicro_ros_msgs__rosidl_generator_c.so
[2.179s] -- Up-to-date: /home/vboxuser/workspaces/ros2_py_ws/install/micro_ros_msgs/include/micro_ros_msgs/micro_ros_msgs
[2.179s] -- Up-to-date: /home/vboxuser/workspaces/ros2_py_ws/install/micro_ros_msgs/include/micro_ros_msgs/micro_ros_msgs/msg
[2.180s] -- Up-to-date: /home/vboxuser/workspaces/ros2_py_ws/install/micro_ros_msgs/include/micro_ros_msgs/micro_ros_msgs/msg/detail
[2.180s] -- Up-to-date: /home/vboxuser/workspaces/ros2_py_ws/install/micro_ros_msgs/include/micro_ros_msgs/micro_ros_msgs/msg/detail/entity__rosidl_typesupport_fastrtps_c.h
[2.180s] -- Up-to-date: /home/vboxuser/workspaces/ros2_py_ws/install/micro_ros_msgs/include/micro_ros_msgs/micro_ros_msgs/msg/detail/graph__rosidl_typesupport_fastrtps_c.h
[2.180s] -- Up-to-date: /home/vboxuser/workspaces/ros2_py_ws/install/micro_ros_msgs/include/micro_ros_msgs/micro_ros_msgs/msg/detail/node__rosidl_typesupport_fastrtps_c.h
[2.181s] -- Up-to-date: /home/vboxuser/workspaces/ros2_py_ws/install/micro_ros_msgs/include/micro_ros_msgs/micro_ros_msgs/msg/rosidl_typesupport_fastrtps_c__visibility_control.h
[2.181s] -- Up-to-date: /home/vboxuser/workspaces/ros2_py_ws/install/micro_ros_msgs/lib/libmicro_ros_msgs__rosidl_typesupport_fastrtps_c.so
[2.181s] -- Up-to-date: /home/vboxuser/workspaces/ros2_py_ws/install/micro_ros_msgs/include/micro_ros_msgs/micro_ros_msgs
[2.182s] -- Up-to-date: /home/vboxuser/workspaces/ros2_py_ws/install/micro_ros_msgs/include/micro_ros_msgs/micro_ros_msgs/msg
[2.182s] -- Up-to-date: /home/vboxuser/workspaces/ros2_py_ws/install/micro_ros_msgs/include/micro_ros_msgs/micro_ros_msgs/msg/detail
[2.182s] -- Up-to-date: /home/vboxuser/workspaces/ros2_py_ws/install/micro_ros_msgs/include/micro_ros_msgs/micro_ros_msgs/msg/detail/graph__rosidl_typesupport_introspection_c.h
[2.182s] -- Up-to-date: /home/vboxuser/workspaces/ros2_py_ws/install/micro_ros_msgs/include/micro_ros_msgs/micro_ros_msgs/msg/detail/entity__type_support.c
[2.183s] -- Up-to-date: /home/vboxuser/workspaces/ros2_py_ws/install/micro_ros_msgs/include/micro_ros_msgs/micro_ros_msgs/msg/detail/graph__type_support.c
[2.183s] -- Up-to-date: /home/vboxuser/workspaces/ros2_py_ws/install/micro_ros_msgs/include/micro_ros_msgs/micro_ros_msgs/msg/detail/node__type_support.c
[2.183s] -- Up-to-date: /home/vboxuser/workspaces/ros2_py_ws/install/micro_ros_msgs/include/micro_ros_msgs/micro_ros_msgs/msg/detail/entity__rosidl_typesupport_introspection_c.h
[2.183s] -- Up-to-date: /home/vboxuser/workspaces/ros2_py_ws/install/micro_ros_msgs/include/micro_ros_msgs/micro_ros_msgs/msg/detail/node__rosidl_typesupport_introspection_c.h
[2.183s] -- Up-to-date: /home/vboxuser/workspaces/ros2_py_ws/install/micro_ros_msgs/include/micro_ros_msgs/micro_ros_msgs/msg/rosidl_typesupport_introspection_c__visibility_control.h
[2.184s] -- Up-to-date: /home/vboxuser/workspaces/ros2_py_ws/install/micro_ros_msgs/lib/libmicro_ros_msgs__rosidl_typesupport_introspection_c.so
[2.184s] -- Up-to-date: /home/vboxuser/workspaces/ros2_py_ws/install/micro_ros_msgs/lib/libmicro_ros_msgs__rosidl_typesupport_c.so
[2.185s] -- Up-to-date: /home/vboxuser/workspaces/ros2_py_ws/install/micro_ros_msgs/include/micro_ros_msgs/micro_ros_msgs
[2.185s] -- Up-to-date: /home/vboxuser/workspaces/ros2_py_ws/install/micro_ros_msgs/include/micro_ros_msgs/micro_ros_msgs/msg
[2.185s] -- Up-to-date: /home/vboxuser/workspaces/ros2_py_ws/install/micro_ros_msgs/include/micro_ros_msgs/micro_ros_msgs/msg/detail
[2.185s] -- Up-to-date: /home/vboxuser/workspaces/ros2_py_ws/install/micro_ros_msgs/include/micro_ros_msgs/micro_ros_msgs/msg/detail/entity__struct.hpp
[2.186s] -- Up-to-date: /home/vboxuser/workspaces/ros2_py_ws/install/micro_ros_msgs/include/micro_ros_msgs/micro_ros_msgs/msg/detail/graph__struct.hpp
[2.186s] -- Up-to-date: /home/vboxuser/workspaces/ros2_py_ws/install/micro_ros_msgs/include/micro_ros_msgs/micro_ros_msgs/msg/detail/graph__type_support.hpp
[2.186s] -- Up-to-date: /home/vboxuser/workspaces/ros2_py_ws/install/micro_ros_msgs/include/micro_ros_msgs/micro_ros_msgs/msg/detail/graph__traits.hpp
[2.186s] -- Up-to-date: /home/vboxuser/workspaces/ros2_py_ws/install/micro_ros_msgs/include/micro_ros_msgs/micro_ros_msgs/msg/detail/entity__traits.hpp
[2.186s] -- Up-to-date: /home/vboxuser/workspaces/ros2_py_ws/install/micro_ros_msgs/include/micro_ros_msgs/micro_ros_msgs/msg/detail/node__traits.hpp
[2.187s] -- Up-to-date: /home/vboxuser/workspaces/ros2_py_ws/install/micro_ros_msgs/include/micro_ros_msgs/micro_ros_msgs/msg/detail/node__builder.hpp
[2.187s] -- Up-to-date: /home/vboxuser/workspaces/ros2_py_ws/install/micro_ros_msgs/include/micro_ros_msgs/micro_ros_msgs/msg/detail/graph__builder.hpp
[2.187s] -- Up-to-date: /home/vboxuser/workspaces/ros2_py_ws/install/micro_ros_msgs/include/micro_ros_msgs/micro_ros_msgs/msg/detail/entity__type_support.hpp
[2.187s] -- Up-to-date: /home/vboxuser/workspaces/ros2_py_ws/install/micro_ros_msgs/include/micro_ros_msgs/micro_ros_msgs/msg/detail/entity__builder.hpp
[2.187s] -- Up-to-date: /home/vboxuser/workspaces/ros2_py_ws/install/micro_ros_msgs/include/micro_ros_msgs/micro_ros_msgs/msg/detail/node__type_support.hpp
[2.187s] -- Up-to-date: /home/vboxuser/workspaces/ros2_py_ws/install/micro_ros_msgs/include/micro_ros_msgs/micro_ros_msgs/msg/detail/node__struct.hpp
[2.188s] -- Up-to-date: /home/vboxuser/workspaces/ros2_py_ws/install/micro_ros_msgs/include/micro_ros_msgs/micro_ros_msgs/msg/entity.hpp
[2.188s] -- Up-to-date: /home/vboxuser/workspaces/ros2_py_ws/install/micro_ros_msgs/include/micro_ros_msgs/micro_ros_msgs/msg/rosidl_generator_cpp__visibility_control.hpp
[2.188s] -- Up-to-date: /home/vboxuser/workspaces/ros2_py_ws/install/micro_ros_msgs/include/micro_ros_msgs/micro_ros_msgs/msg/graph.hpp
[2.188s] -- Up-to-date: /home/vboxuser/workspaces/ros2_py_ws/install/micro_ros_msgs/include/micro_ros_msgs/micro_ros_msgs/msg/node.hpp
[2.188s] -- Up-to-date: /home/vboxuser/workspaces/ros2_py_ws/install/micro_ros_msgs/include/micro_ros_msgs/micro_ros_msgs
[2.189s] -- Up-to-date: /home/vboxuser/workspaces/ros2_py_ws/install/micro_ros_msgs/include/micro_ros_msgs/micro_ros_msgs/msg
[2.189s] -- Up-to-date: /home/vboxuser/workspaces/ros2_py_ws/install/micro_ros_msgs/include/micro_ros_msgs/micro_ros_msgs/msg/detail
[2.189s] -- Up-to-date: /home/vboxuser/workspaces/ros2_py_ws/install/micro_ros_msgs/include/micro_ros_msgs/micro_ros_msgs/msg/detail/entity__rosidl_typesupport_fastrtps_cpp.hpp
[2.189s] -- Up-to-date: /home/vboxuser/workspaces/ros2_py_ws/install/micro_ros_msgs/include/micro_ros_msgs/micro_ros_msgs/msg/detail/dds_fastrtps
[2.189s] -- Up-to-date: /home/vboxuser/workspaces/ros2_py_ws/install/micro_ros_msgs/include/micro_ros_msgs/micro_ros_msgs/msg/detail/graph__rosidl_typesupport_fastrtps_cpp.hpp
[2.190s] -- Up-to-date: /home/vboxuser/workspaces/ros2_py_ws/install/micro_ros_msgs/include/micro_ros_msgs/micro_ros_msgs/msg/detail/node__rosidl_typesupport_fastrtps_cpp.hpp
[2.190s] -- Up-to-date: /home/vboxuser/workspaces/ros2_py_ws/install/micro_ros_msgs/include/micro_ros_msgs/micro_ros_msgs/msg/rosidl_typesupport_fastrtps_cpp__visibility_control.h
[2.190s] -- Up-to-date: /home/vboxuser/workspaces/ros2_py_ws/install/micro_ros_msgs/lib/libmicro_ros_msgs__rosidl_typesupport_fastrtps_cpp.so
[2.190s] -- Up-to-date: /home/vboxuser/workspaces/ros2_py_ws/install/micro_ros_msgs/include/micro_ros_msgs/micro_ros_msgs
[2.191s] -- Up-to-date: /home/vboxuser/workspaces/ros2_py_ws/install/micro_ros_msgs/include/micro_ros_msgs/micro_ros_msgs/msg
[2.191s] -- Up-to-date: /home/vboxuser/workspaces/ros2_py_ws/install/micro_ros_msgs/include/micro_ros_msgs/micro_ros_msgs/msg/detail
[2.191s] -- Up-to-date: /home/vboxuser/workspaces/ros2_py_ws/install/micro_ros_msgs/include/micro_ros_msgs/micro_ros_msgs/msg/detail/graph__rosidl_typesupport_introspection_cpp.hpp
[2.191s] -- Up-to-date: /home/vboxuser/workspaces/ros2_py_ws/install/micro_ros_msgs/include/micro_ros_msgs/micro_ros_msgs/msg/detail/node__rosidl_typesupport_introspection_cpp.hpp
[2.192s] -- Up-to-date: /home/vboxuser/workspaces/ros2_py_ws/install/micro_ros_msgs/include/micro_ros_msgs/micro_ros_msgs/msg/detail/entity__rosidl_typesupport_introspection_cpp.hpp
[2.192s] -- Up-to-date: /home/vboxuser/workspaces/ros2_py_ws/install/micro_ros_msgs/include/micro_ros_msgs/micro_ros_msgs/msg/detail/node__type_support.cpp
[2.193s] -- Up-to-date: /home/vboxuser/workspaces/ros2_py_ws/install/micro_ros_msgs/include/micro_ros_msgs/micro_ros_msgs/msg/detail/graph__type_support.cpp
[2.193s] -- Up-to-date: /home/vboxuser/workspaces/ros2_py_ws/install/micro_ros_msgs/include/micro_ros_msgs/micro_ros_msgs/msg/detail/entity__type_support.cpp
[2.193s] -- Up-to-date: /home/vboxuser/workspaces/ros2_py_ws/install/micro_ros_msgs/lib/libmicro_ros_msgs__rosidl_typesupport_introspection_cpp.so
[2.194s] -- Up-to-date: /home/vboxuser/workspaces/ros2_py_ws/install/micro_ros_msgs/lib/libmicro_ros_msgs__rosidl_typesupport_cpp.so
[2.194s] -- Up-to-date: /home/vboxuser/workspaces/ros2_py_ws/install/micro_ros_msgs/share/micro_ros_msgs/environment/pythonpath.sh
[2.194s] -- Up-to-date: /home/vboxuser/workspaces/ros2_py_ws/install/micro_ros_msgs/share/micro_ros_msgs/environment/pythonpath.dsv
[2.195s] -- Up-to-date: /home/vboxuser/workspaces/ros2_py_ws/install/micro_ros_msgs/local/lib/python3.10/dist-packages/micro_ros_msgs-3.0.1-py3.10.egg-info
[2.196s] -- Installing: /home/vboxuser/workspaces/ros2_py_ws/install/micro_ros_msgs/local/lib/python3.10/dist-packages/micro_ros_msgs-3.0.1-py3.10.egg-info/top_level.txt
[2.196s] -- Installing: /home/vboxuser/workspaces/ros2_py_ws/install/micro_ros_msgs/local/lib/python3.10/dist-packages/micro_ros_msgs-3.0.1-py3.10.egg-info/SOURCES.txt
[2.196s] -- Installing: /home/vboxuser/workspaces/ros2_py_ws/install/micro_ros_msgs/local/lib/python3.10/dist-packages/micro_ros_msgs-3.0.1-py3.10.egg-info/PKG-INFO
[2.197s] -- Installing: /home/vboxuser/workspaces/ros2_py_ws/install/micro_ros_msgs/local/lib/python3.10/dist-packages/micro_ros_msgs-3.0.1-py3.10.egg-info/dependency_links.txt
[2.198s] -- Up-to-date: /home/vboxuser/workspaces/ros2_py_ws/install/micro_ros_msgs/local/lib/python3.10/dist-packages/micro_ros_msgs
[2.198s] -- Up-to-date: /home/vboxuser/workspaces/ros2_py_ws/install/micro_ros_msgs/local/lib/python3.10/dist-packages/micro_ros_msgs/_micro_ros_msgs_s.ep.rosidl_typesupport_c.c
[2.198s] -- Up-to-date: /home/vboxuser/workspaces/ros2_py_ws/install/micro_ros_msgs/local/lib/python3.10/dist-packages/micro_ros_msgs/_micro_ros_msgs_s.ep.rosidl_typesupport_introspection_c.c
[2.199s] -- Up-to-date: /home/vboxuser/workspaces/ros2_py_ws/install/micro_ros_msgs/local/lib/python3.10/dist-packages/micro_ros_msgs/msg
[2.199s] -- Up-to-date: /home/vboxuser/workspaces/ros2_py_ws/install/micro_ros_msgs/local/lib/python3.10/dist-packages/micro_ros_msgs/msg/_entity.py
[2.200s] -- Up-to-date: /home/vboxuser/workspaces/ros2_py_ws/install/micro_ros_msgs/local/lib/python3.10/dist-packages/micro_ros_msgs/msg/_graph.py
[2.200s] -- Up-to-date: /home/vboxuser/workspaces/ros2_py_ws/install/micro_ros_msgs/local/lib/python3.10/dist-packages/micro_ros_msgs/msg/_entity_s.c
[2.201s] -- Up-to-date: /home/vboxuser/workspaces/ros2_py_ws/install/micro_ros_msgs/local/lib/python3.10/dist-packages/micro_ros_msgs/msg/__init__.py
[2.201s] -- Up-to-date: /home/vboxuser/workspaces/ros2_py_ws/install/micro_ros_msgs/local/lib/python3.10/dist-packages/micro_ros_msgs/msg/_node_s.c
[2.202s] -- Up-to-date: /home/vboxuser/workspaces/ros2_py_ws/install/micro_ros_msgs/local/lib/python3.10/dist-packages/micro_ros_msgs/msg/_graph_s.c
[2.202s] -- Up-to-date: /home/vboxuser/workspaces/ros2_py_ws/install/micro_ros_msgs/local/lib/python3.10/dist-packages/micro_ros_msgs/msg/_node.py
[2.202s] -- Up-to-date: /home/vboxuser/workspaces/ros2_py_ws/install/micro_ros_msgs/local/lib/python3.10/dist-packages/micro_ros_msgs/libmicro_ros_msgs__rosidl_generator_py.so
[2.202s] -- Up-to-date: /home/vboxuser/workspaces/ros2_py_ws/install/micro_ros_msgs/local/lib/python3.10/dist-packages/micro_ros_msgs/micro_ros_msgs_s__rosidl_typesupport_introspection_c.cpython-310-x86_64-linux-gnu.so
[2.203s] -- Up-to-date: /home/vboxuser/workspaces/ros2_py_ws/install/micro_ros_msgs/local/lib/python3.10/dist-packages/micro_ros_msgs/micro_ros_msgs_s__rosidl_typesupport_fastrtps_c.cpython-310-x86_64-linux-gnu.so
[2.204s] -- Up-to-date: /home/vboxuser/workspaces/ros2_py_ws/install/micro_ros_msgs/local/lib/python3.10/dist-packages/micro_ros_msgs/__init__.py
[2.204s] -- Up-to-date: /home/vboxuser/workspaces/ros2_py_ws/install/micro_ros_msgs/local/lib/python3.10/dist-packages/micro_ros_msgs/micro_ros_msgs_s__rosidl_typesupport_c.cpython-310-x86_64-linux-gnu.so
[2.204s] -- Up-to-date: /home/vboxuser/workspaces/ros2_py_ws/install/micro_ros_msgs/local/lib/python3.10/dist-packages/micro_ros_msgs/_micro_ros_msgs_s.ep.rosidl_typesupport_fastrtps_c.c
[2.274s] Listing '/home/vboxuser/workspaces/ros2_py_ws/install/micro_ros_msgs/local/lib/python3.10/dist-packages/micro_ros_msgs'...
[2.274s] Listing '/home/vboxuser/workspaces/ros2_py_ws/install/micro_ros_msgs/local/lib/python3.10/dist-packages/micro_ros_msgs/msg'...
[2.279s] -- Up-to-date: /home/vboxuser/workspaces/ros2_py_ws/install/micro_ros_msgs/local/lib/python3.10/dist-packages/micro_ros_msgs/micro_ros_msgs_s__rosidl_typesupport_fastrtps_c.cpython-310-x86_64-linux-gnu.so
[2.280s] -- Up-to-date: /home/vboxuser/workspaces/ros2_py_ws/install/micro_ros_msgs/local/lib/python3.10/dist-packages/micro_ros_msgs/micro_ros_msgs_s__rosidl_typesupport_introspection_c.cpython-310-x86_64-linux-gnu.so
[2.281s] -- Up-to-date: /home/vboxuser/workspaces/ros2_py_ws/install/micro_ros_msgs/local/lib/python3.10/dist-packages/micro_ros_msgs/micro_ros_msgs_s__rosidl_typesupport_c.cpython-310-x86_64-linux-gnu.so
[2.281s] -- Up-to-date: /home/vboxuser/workspaces/ros2_py_ws/install/micro_ros_msgs/lib/libmicro_ros_msgs__rosidl_generator_py.so
[2.282s] -- Up-to-date: /home/vboxuser/workspaces/ros2_py_ws/install/micro_ros_msgs/share/micro_ros_msgs/msg/Graph.idl
[2.282s] -- Up-to-date: /home/vboxuser/workspaces/ros2_py_ws/install/micro_ros_msgs/share/micro_ros_msgs/msg/Node.idl
[2.282s] -- Up-to-date: /home/vboxuser/workspaces/ros2_py_ws/install/micro_ros_msgs/share/micro_ros_msgs/msg/Entity.idl
[2.282s] -- Up-to-date: /home/vboxuser/workspaces/ros2_py_ws/install/micro_ros_msgs/share/micro_ros_msgs/msg/Graph.msg
[2.283s] -- Up-to-date: /home/vboxuser/workspaces/ros2_py_ws/install/micro_ros_msgs/share/micro_ros_msgs/msg/Node.msg
[2.283s] -- Up-to-date: /home/vboxuser/workspaces/ros2_py_ws/install/micro_ros_msgs/share/micro_ros_msgs/msg/Entity.msg
[2.283s] -- Up-to-date: /home/vboxuser/workspaces/ros2_py_ws/install/micro_ros_msgs/share/ament_index/resource_index/package_run_dependencies/micro_ros_msgs
[2.283s] -- Up-to-date: /home/vboxuser/workspaces/ros2_py_ws/install/micro_ros_msgs/share/ament_index/resource_index/parent_prefix_path/micro_ros_msgs
[2.284s] -- Up-to-date: /home/vboxuser/workspaces/ros2_py_ws/install/micro_ros_msgs/share/micro_ros_msgs/environment/ament_prefix_path.sh
[2.284s] -- Up-to-date: /home/vboxuser/workspaces/ros2_py_ws/install/micro_ros_msgs/share/micro_ros_msgs/environment/ament_prefix_path.dsv
[2.284s] -- Up-to-date: /home/vboxuser/workspaces/ros2_py_ws/install/micro_ros_msgs/share/micro_ros_msgs/environment/path.sh
[2.284s] -- Up-to-date: /home/vboxuser/workspaces/ros2_py_ws/install/micro_ros_msgs/share/micro_ros_msgs/environment/path.dsv
[2.285s] -- Up-to-date: /home/vboxuser/workspaces/ros2_py_ws/install/micro_ros_msgs/share/micro_ros_msgs/local_setup.bash
[2.285s] -- Up-to-date: /home/vboxuser/workspaces/ros2_py_ws/install/micro_ros_msgs/share/micro_ros_msgs/local_setup.sh
[2.285s] -- Up-to-date: /home/vboxuser/workspaces/ros2_py_ws/install/micro_ros_msgs/share/micro_ros_msgs/local_setup.zsh
[2.286s] -- Up-to-date: /home/vboxuser/workspaces/ros2_py_ws/install/micro_ros_msgs/share/micro_ros_msgs/local_setup.dsv
[2.286s] -- Installing: /home/vboxuser/workspaces/ros2_py_ws/install/micro_ros_msgs/share/micro_ros_msgs/package.dsv
[2.286s] -- Up-to-date: /home/vboxuser/workspaces/ros2_py_ws/install/micro_ros_msgs/share/ament_index/resource_index/packages/micro_ros_msgs
[2.286s] -- Up-to-date: /home/vboxuser/workspaces/ros2_py_ws/install/micro_ros_msgs/share/micro_ros_msgs/cmake/export_micro_ros_msgs__rosidl_generator_cExport.cmake
[2.286s] -- Up-to-date: /home/vboxuser/workspaces/ros2_py_ws/install/micro_ros_msgs/share/micro_ros_msgs/cmake/export_micro_ros_msgs__rosidl_generator_cExport-noconfig.cmake
[2.291s] -- Up-to-date: /home/vboxuser/workspaces/ros2_py_ws/install/micro_ros_msgs/share/micro_ros_msgs/cmake/export_micro_ros_msgs__rosidl_typesupport_fastrtps_cExport.cmake
[2.291s] -- Up-to-date: /home/vboxuser/workspaces/ros2_py_ws/install/micro_ros_msgs/share/micro_ros_msgs/cmake/export_micro_ros_msgs__rosidl_typesupport_fastrtps_cExport-noconfig.cmake
[2.293s] -- Up-to-date: /home/vboxuser/workspaces/ros2_py_ws/install/micro_ros_msgs/share/micro_ros_msgs/cmake/micro_ros_msgs__rosidl_typesupport_introspection_cExport.cmake
[2.293s] -- Up-to-date: /home/vboxuser/workspaces/ros2_py_ws/install/micro_ros_msgs/share/micro_ros_msgs/cmake/micro_ros_msgs__rosidl_typesupport_introspection_cExport-noconfig.cmake
[2.293s] -- Up-to-date: /home/vboxuser/workspaces/ros2_py_ws/install/micro_ros_msgs/share/micro_ros_msgs/cmake/micro_ros_msgs__rosidl_typesupport_cExport.cmake
[2.293s] -- Up-to-date: /home/vboxuser/workspaces/ros2_py_ws/install/micro_ros_msgs/share/micro_ros_msgs/cmake/micro_ros_msgs__rosidl_typesupport_cExport-noconfig.cmake
[2.294s] -- Up-to-date: /home/vboxuser/workspaces/ros2_py_ws/install/micro_ros_msgs/share/micro_ros_msgs/cmake/export_micro_ros_msgs__rosidl_generator_cppExport.cmake
[2.294s] -- Up-to-date: /home/vboxuser/workspaces/ros2_py_ws/install/micro_ros_msgs/share/micro_ros_msgs/cmake/export_micro_ros_msgs__rosidl_typesupport_fastrtps_cppExport.cmake
[2.294s] -- Up-to-date: /home/vboxuser/workspaces/ros2_py_ws/install/micro_ros_msgs/share/micro_ros_msgs/cmake/export_micro_ros_msgs__rosidl_typesupport_fastrtps_cppExport-noconfig.cmake
[2.295s] -- Up-to-date: /home/vboxuser/workspaces/ros2_py_ws/install/micro_ros_msgs/share/micro_ros_msgs/cmake/micro_ros_msgs__rosidl_typesupport_introspection_cppExport.cmake
[2.295s] -- Up-to-date: /home/vboxuser/workspaces/ros2_py_ws/install/micro_ros_msgs/share/micro_ros_msgs/cmake/micro_ros_msgs__rosidl_typesupport_introspection_cppExport-noconfig.cmake
[2.295s] -- Up-to-date: /home/vboxuser/workspaces/ros2_py_ws/install/micro_ros_msgs/share/micro_ros_msgs/cmake/micro_ros_msgs__rosidl_typesupport_cppExport.cmake
[2.296s] -- Up-to-date: /home/vboxuser/workspaces/ros2_py_ws/install/micro_ros_msgs/share/micro_ros_msgs/cmake/micro_ros_msgs__rosidl_typesupport_cppExport-noconfig.cmake
[2.296s] -- Up-to-date: /home/vboxuser/workspaces/ros2_py_ws/install/micro_ros_msgs/share/micro_ros_msgs/cmake/export_micro_ros_msgs__rosidl_generator_pyExport.cmake
[2.296s] -- Up-to-date: /home/vboxuser/workspaces/ros2_py_ws/install/micro_ros_msgs/share/micro_ros_msgs/cmake/export_micro_ros_msgs__rosidl_generator_pyExport-noconfig.cmake
[2.297s] -- Up-to-date: /home/vboxuser/workspaces/ros2_py_ws/install/micro_ros_msgs/share/micro_ros_msgs/cmake/rosidl_cmake-extras.cmake
[2.297s] -- Up-to-date: /home/vboxuser/workspaces/ros2_py_ws/install/micro_ros_msgs/share/micro_ros_msgs/cmake/ament_cmake_export_include_directories-extras.cmake
[2.297s] -- Up-to-date: /home/vboxuser/workspaces/ros2_py_ws/install/micro_ros_msgs/share/micro_ros_msgs/cmake/ament_cmake_export_libraries-extras.cmake
[2.297s] -- Up-to-date: /home/vboxuser/workspaces/ros2_py_ws/install/micro_ros_msgs/share/micro_ros_msgs/cmake/ament_cmake_export_targets-extras.cmake
[2.297s] -- Up-to-date: /home/vboxuser/workspaces/ros2_py_ws/install/micro_ros_msgs/share/micro_ros_msgs/cmake/rosidl_cmake_export_typesupport_targets-extras.cmake
[2.298s] -- Up-to-date: /home/vboxuser/workspaces/ros2_py_ws/install/micro_ros_msgs/share/micro_ros_msgs/cmake/ament_cmake_export_dependencies-extras.cmake
[2.298s] -- Up-to-date: /home/vboxuser/workspaces/ros2_py_ws/install/micro_ros_msgs/share/micro_ros_msgs/cmake/rosidl_cmake_export_typesupport_libraries-extras.cmake
[2.298s] -- Up-to-date: /home/vboxuser/workspaces/ros2_py_ws/install/micro_ros_msgs/share/micro_ros_msgs/cmake/micro_ros_msgsConfig.cmake
[2.298s] -- Up-to-date: /home/vboxuser/workspaces/ros2_py_ws/install/micro_ros_msgs/share/micro_ros_msgs/cmake/micro_ros_msgsConfig-version.cmake
[2.300s] -- Up-to-date: /home/vboxuser/workspaces/ros2_py_ws/install/micro_ros_msgs/share/micro_ros_msgs/package.xml
[2.313s] Invoked command in '/home/vboxuser/workspaces/ros2_py_ws/build/micro_ros_msgs' returned '0': CMAKE_PREFIX_PATH=${CMAKE_PREFIX_PATH}:/home/vboxuser/workspaces/ros2_py_ws/install/publisher:/opt/ros/humble /usr/bin/cmake --install /home/vboxuser/workspaces/ros2_py_ws/build/micro_ros_msgs
