[0.029s] Invoking command in '/home/vboxuser/workspaces/ros2_py_ws/build/sabry_moveit': CMAKE_PREFIX_PATH=/home/vboxuser/workspaces/ros2_py_ws/install/sabry:/home/vboxuser/workspaces/ros2_py_ws/install/udemy_ros2_pkg:/home/vboxuser/workspaces/ros2_py_ws/install/sabrydemo_moveit:/home/vboxuser/workspaces/ros2_py_ws/install/sabry_moveit:/home/vboxuser/workspaces/ros2_py_ws/install/sabry_hardware:/home/vboxuser/workspaces/ros2_py_ws/install/sabry_controller:/home/vboxuser/workspaces/ros2_py_ws/install/micro_ros_setup:/home/vboxuser/workspaces/ros2_py_ws/install/micro_ros_agent:/home/vboxuser/workspaces/ros2_py_ws/install/micro_ros_msgs:/home/vboxuser/workspaces/ros2_py_ws/install/publisher:/opt/ros/humble /usr/bin/cmake --build /home/vboxuser/workspaces/ros2_py_ws/build/sabry_moveit -- -j5 -l5
[0.189s] Invoked command in '/home/vboxuser/workspaces/ros2_py_ws/build/sabry_moveit' returned '0': CMAKE_PREFIX_PATH=/home/vboxuser/workspaces/ros2_py_ws/install/sabry:/home/vboxuser/workspaces/ros2_py_ws/install/udemy_ros2_pkg:/home/vboxuser/workspaces/ros2_py_ws/install/sabrydemo_moveit:/home/vboxuser/workspaces/ros2_py_ws/install/sabry_moveit:/home/vboxuser/workspaces/ros2_py_ws/install/sabry_hardware:/home/vboxuser/workspaces/ros2_py_ws/install/sabry_controller:/home/vboxuser/workspaces/ros2_py_ws/install/micro_ros_setup:/home/vboxuser/workspaces/ros2_py_ws/install/micro_ros_agent:/home/vboxuser/workspaces/ros2_py_ws/install/micro_ros_msgs:/home/vboxuser/workspaces/ros2_py_ws/install/publisher:/opt/ros/humble /usr/bin/cmake --build /home/vboxuser/workspaces/ros2_py_ws/build/sabry_moveit -- -j5 -l5
[0.191s] Invoking command in '/home/vboxuser/workspaces/ros2_py_ws/build/sabry_moveit': CMAKE_PREFIX_PATH=/home/vboxuser/workspaces/ros2_py_ws/install/sabry:/home/vboxuser/workspaces/ros2_py_ws/install/udemy_ros2_pkg:/home/vboxuser/workspaces/ros2_py_ws/install/sabrydemo_moveit:/home/vboxuser/workspaces/ros2_py_ws/install/sabry_moveit:/home/vboxuser/workspaces/ros2_py_ws/install/sabry_hardware:/home/vboxuser/workspaces/ros2_py_ws/install/sabry_controller:/home/vboxuser/workspaces/ros2_py_ws/install/micro_ros_setup:/home/vboxuser/workspaces/ros2_py_ws/install/micro_ros_agent:/home/vboxuser/workspaces/ros2_py_ws/install/micro_ros_msgs:/home/vboxuser/workspaces/ros2_py_ws/install/publisher:/opt/ros/humble /usr/bin/cmake --install /home/vboxuser/workspaces/ros2_py_ws/build/sabry_moveit
[0.211s] -- Install configuration: ""
[0.212s] -- Up-to-date: /home/vboxuser/workspaces/ros2_py_ws/install/sabry_moveit/share/ament_index/resource_index/package_run_dependencies/sabry_moveit
[0.212s] -- Up-to-date: /home/vboxuser/workspaces/ros2_py_ws/install/sabry_moveit/share/ament_index/resource_index/parent_prefix_path/sabry_moveit
[0.212s] -- Up-to-date: /home/vboxuser/workspaces/ros2_py_ws/install/sabry_moveit/share/sabry_moveit/environment/ament_prefix_path.sh
[0.212s] -- Up-to-date: /home/vboxuser/workspaces/ros2_py_ws/install/sabry_moveit/share/sabry_moveit/environment/ament_prefix_path.dsv
[0.212s] -- Up-to-date: /home/vboxuser/workspaces/ros2_py_ws/install/sabry_moveit/share/sabry_moveit/environment/path.sh
[0.212s] -- Up-to-date: /home/vboxuser/workspaces/ros2_py_ws/install/sabry_moveit/share/sabry_moveit/environment/path.dsv
[0.213s] -- Up-to-date: /home/vboxuser/workspaces/ros2_py_ws/install/sabry_moveit/share/sabry_moveit/local_setup.bash
[0.213s] -- Up-to-date: /home/vboxuser/workspaces/ros2_py_ws/install/sabry_moveit/share/sabry_moveit/local_setup.sh
[0.213s] -- Up-to-date: /home/vboxuser/workspaces/ros2_py_ws/install/sabry_moveit/share/sabry_moveit/local_setup.zsh
[0.213s] -- Up-to-date: /home/vboxuser/workspaces/ros2_py_ws/install/sabry_moveit/share/sabry_moveit/local_setup.dsv
[0.213s] -- Installing: /home/vboxuser/workspaces/ros2_py_ws/install/sabry_moveit/share/sabry_moveit/package.dsv
[0.213s] -- Up-to-date: /home/vboxuser/workspaces/ros2_py_ws/install/sabry_moveit/share/ament_index/resource_index/packages/sabry_moveit
[0.217s] -- Up-to-date: /home/vboxuser/workspaces/ros2_py_ws/install/sabry_moveit/share/sabry_moveit/cmake/sabry_moveitConfig.cmake
[0.217s] -- Up-to-date: /home/vboxuser/workspaces/ros2_py_ws/install/sabry_moveit/share/sabry_moveit/cmake/sabry_moveitConfig-version.cmake
[0.217s] -- Up-to-date: /home/vboxuser/workspaces/ros2_py_ws/install/sabry_moveit/share/sabry_moveit/package.xml
[0.217s] -- Up-to-date: /home/vboxuser/workspaces/ros2_py_ws/install/sabry_moveit/share/sabry_moveit/launch
[0.217s] -- Up-to-date: /home/vboxuser/workspaces/ros2_py_ws/install/sabry_moveit/share/sabry_moveit/launch/rsp.launch.py
[0.217s] -- Up-to-date: /home/vboxuser/workspaces/ros2_py_ws/install/sabry_moveit/share/sabry_moveit/launch/moveit_rviz.launch.py
[0.217s] -- Up-to-date: /home/vboxuser/workspaces/ros2_py_ws/install/sabry_moveit/share/sabry_moveit/launch/warehouse_db.launch.py
[0.217s] -- Up-to-date: /home/vboxuser/workspaces/ros2_py_ws/install/sabry_moveit/share/sabry_moveit/launch/moveit.launch.py
[0.217s] -- Up-to-date: /home/vboxuser/workspaces/ros2_py_ws/install/sabry_moveit/share/sabry_moveit/launch/spawn_controllers.launch.py
[0.217s] -- Up-to-date: /home/vboxuser/workspaces/ros2_py_ws/install/sabry_moveit/share/sabry_moveit/launch/demo.launch.py
[0.217s] -- Up-to-date: /home/vboxuser/workspaces/ros2_py_ws/install/sabry_moveit/share/sabry_moveit/launch/move_group.launch.py
[0.217s] -- Up-to-date: /home/vboxuser/workspaces/ros2_py_ws/install/sabry_moveit/share/sabry_moveit/launch/setup_assistant.launch.py
[0.218s] -- Up-to-date: /home/vboxuser/workspaces/ros2_py_ws/install/sabry_moveit/share/sabry_moveit/launch/static_virtual_joint_tfs.launch.py
[0.218s] -- Up-to-date: /home/vboxuser/workspaces/ros2_py_ws/install/sabry_moveit/share/sabry_moveit/config
[0.218s] -- Up-to-date: /home/vboxuser/workspaces/ros2_py_ws/install/sabry_moveit/share/sabry_moveit/config/initial_positions.yaml
[0.218s] -- Up-to-date: /home/vboxuser/workspaces/ros2_py_ws/install/sabry_moveit/share/sabry_moveit/config/sabry.urdf.xacro
[0.218s] -- Up-to-date: /home/vboxuser/workspaces/ros2_py_ws/install/sabry_moveit/share/sabry_moveit/config/sabry.ros2_control.xacro
[0.218s] -- Up-to-date: /home/vboxuser/workspaces/ros2_py_ws/install/sabry_moveit/share/sabry_moveit/config/joint_limits.yaml
[0.218s] -- Up-to-date: /home/vboxuser/workspaces/ros2_py_ws/install/sabry_moveit/share/sabry_moveit/config/moveit.rviz
[0.218s] -- Up-to-date: /home/vboxuser/workspaces/ros2_py_ws/install/sabry_moveit/share/sabry_moveit/config/pilz_cartesian_limits.yaml
[0.218s] -- Up-to-date: /home/vboxuser/workspaces/ros2_py_ws/install/sabry_moveit/share/sabry_moveit/config/sabry.srdf
[0.218s] -- Up-to-date: /home/vboxuser/workspaces/ros2_py_ws/install/sabry_moveit/share/sabry_moveit/config/ros2_controllers.yaml
[0.218s] -- Up-to-date: /home/vboxuser/workspaces/ros2_py_ws/install/sabry_moveit/share/sabry_moveit/config/moveit_controllers.yaml
[0.218s] -- Up-to-date: /home/vboxuser/workspaces/ros2_py_ws/install/sabry_moveit/share/sabry_moveit/config/sensors_3d.yaml
[0.218s] -- Up-to-date: /home/vboxuser/workspaces/ros2_py_ws/install/sabry_moveit/share/sabry_moveit/config/kinematics.yaml
[0.218s] -- Up-to-date: /home/vboxuser/workspaces/ros2_py_ws/install/sabry_moveit/share/sabry_moveit/.setup_assistant
[0.238s] Invoked command in '/home/vboxuser/workspaces/ros2_py_ws/build/sabry_moveit' returned '0': CMAKE_PREFIX_PATH=/home/vboxuser/workspaces/ros2_py_ws/install/sabry:/home/vboxuser/workspaces/ros2_py_ws/install/udemy_ros2_pkg:/home/vboxuser/workspaces/ros2_py_ws/install/sabrydemo_moveit:/home/vboxuser/workspaces/ros2_py_ws/install/sabry_moveit:/home/vboxuser/workspaces/ros2_py_ws/install/sabry_hardware:/home/vboxuser/workspaces/ros2_py_ws/install/sabry_controller:/home/vboxuser/workspaces/ros2_py_ws/install/micro_ros_setup:/home/vboxuser/workspaces/ros2_py_ws/install/micro_ros_agent:/home/vboxuser/workspaces/ros2_py_ws/install/micro_ros_msgs:/home/vboxuser/workspaces/ros2_py_ws/install/publisher:/opt/ros/humble /usr/bin/cmake --install /home/vboxuser/workspaces/ros2_py_ws/build/sabry_moveit
